[0.012s] Invoking command in '/home/mehmet/ros/build/ros_cpp': CMAKE_PREFIX_PATH=/opt/ros/humble /usr/bin/cmake --build /home/mehmet/ros/build/ros_cpp -- -j16 -l16
[0.066s] [35m[1mConsolidate compiler generated dependencies of target publisher[0m
[0.066s] [35m[1mConsolidate compiler generated dependencies of target subscriber[0m
[0.099s] [ 50%] Built target publisher
[0.100s] [100%] Built target subscriber
[0.108s] Invoked command in '/home/mehmet/ros/build/ros_cpp' returned '0': CMAKE_PREFIX_PATH=/opt/ros/humble /usr/bin/cmake --build /home/mehmet/ros/build/ros_cpp -- -j16 -l16
[0.109s] Invoking command in '/home/mehmet/ros/build/ros_cpp': CMAKE_PREFIX_PATH=/opt/ros/humble /usr/bin/cmake --install /home/mehmet/ros/build/ros_cpp
[0.114s] -- Install configuration: ""
[0.114s] -- Up-to-date: /home/mehmet/ros/install/ros_cpp/lib/ros_cpp/publisher
[0.115s] -- Up-to-date: /home/mehmet/ros/install/ros_cpp/lib/ros_cpp/subscriber
[0.115s] -- Up-to-date: /home/mehmet/ros/install/ros_cpp/share/ament_index/resource_index/package_run_dependencies/ros_cpp
[0.115s] -- Up-to-date: /home/mehmet/ros/install/ros_cpp/share/ament_index/resource_index/parent_prefix_path/ros_cpp
[0.115s] -- Up-to-date: /home/mehmet/ros/install/ros_cpp/share/ros_cpp/environment/ament_prefix_path.sh
[0.115s] -- Up-to-date: /home/mehmet/ros/install/ros_cpp/share/ros_cpp/environment/ament_prefix_path.dsv
[0.115s] -- Up-to-date: /home/mehmet/ros/install/ros_cpp/share/ros_cpp/environment/path.sh
[0.115s] -- Up-to-date: /home/mehmet/ros/install/ros_cpp/share/ros_cpp/environment/path.dsv
[0.116s] -- Up-to-date: /home/mehmet/ros/install/ros_cpp/share/ros_cpp/local_setup.bash
[0.116s] -- Up-to-date: /home/mehmet/ros/install/ros_cpp/share/ros_cpp/local_setup.sh
[0.116s] -- Up-to-date: /home/mehmet/ros/install/ros_cpp/share/ros_cpp/local_setup.zsh
[0.116s] -- Up-to-date: /home/mehmet/ros/install/ros_cpp/share/ros_cpp/local_setup.dsv
[0.116s] -- Installing: /home/mehmet/ros/install/ros_cpp/share/ros_cpp/package.dsv
[0.116s] -- Up-to-date: /home/mehmet/ros/install/ros_cpp/share/ament_index/resource_index/packages/ros_cpp
[0.116s] -- Up-to-date: /home/mehmet/ros/install/ros_cpp/share/ros_cpp/cmake/ros_cppConfig.cmake
[0.116s] -- Up-to-date: /home/mehmet/ros/install/ros_cpp/share/ros_cpp/cmake/ros_cppConfig-version.cmake
[0.116s] -- Up-to-date: /home/mehmet/ros/install/ros_cpp/share/ros_cpp/package.xml
[0.117s] Invoked command in '/home/mehmet/ros/build/ros_cpp' returned '0': CMAKE_PREFIX_PATH=/opt/ros/humble /usr/bin/cmake --install /home/mehmet/ros/build/ros_cpp
