[0.532s] Invoking command in '/home/mehmet/ros/src/ros_python': AMENT_PREFIX_PATH=/home/mehmet/ros/install/bot_msgs:${AMENT_PREFIX_PATH} CMAKE_PREFIX_PATH=/home/mehmet/ros/install/bot_msgs LD_LIBRARY_PATH=/home/mehmet/ros/install/bot_msgs/lib:${LD_LIBRARY_PATH} PYTHONPATH=/home/mehmet/ros/build/ros_python/prefix_override:/usr/lib/python3/dist-packages/colcon_core/task/python/colcon_distutils_commands:/home/mehmet/ros/install/ros_python/lib/python3.10/site-packages:/home/mehmet/ros/install/bot_msgs/local/lib/python3.10/dist-packages:${PYTHONPATH} /usr/bin/python3 -W ignore:setup.py install is deprecated -W ignore:easy_install command is deprecated setup.py egg_info --egg-base ../../build/ros_python build --build-base /home/mehmet/ros/build/ros_python/build install --record /home/mehmet/ros/build/ros_python/install.log --single-version-externally-managed install_data
[0.677s] running egg_info
[0.678s] creating ../../build/ros_python/ros_python.egg-info
[0.678s] writing ../../build/ros_python/ros_python.egg-info/PKG-INFO
[0.678s] writing dependency_links to ../../build/ros_python/ros_python.egg-info/dependency_links.txt
[0.678s] writing entry points to ../../build/ros_python/ros_python.egg-info/entry_points.txt
[0.678s] writing requirements to ../../build/ros_python/ros_python.egg-info/requires.txt
[0.678s] writing top-level names to ../../build/ros_python/ros_python.egg-info/top_level.txt
[0.678s] writing manifest file '../../build/ros_python/ros_python.egg-info/SOURCES.txt'
[0.679s] reading manifest file '../../build/ros_python/ros_python.egg-info/SOURCES.txt'
[0.680s] writing manifest file '../../build/ros_python/ros_python.egg-info/SOURCES.txt'
[0.680s] running build
[0.680s] running build_py
[0.680s] creating /home/mehmet/ros/build/ros_python/build
[0.680s] creating /home/mehmet/ros/build/ros_python/build/lib
[0.680s] creating /home/mehmet/ros/build/ros_python/build/lib/ros_python
[0.680s] copying ros_python/publisher.py -> /home/mehmet/ros/build/ros_python/build/lib/ros_python
[0.686s] copying ros_python/turtlesim_kinematics.py -> /home/mehmet/ros/build/ros_python/build/lib/ros_python
[0.687s] copying ros_python/tf_kinematics.py -> /home/mehmet/ros/build/ros_python/build/lib/ros_python
[0.687s] copying ros_python/parameter.py -> /home/mehmet/ros/build/ros_python/build/lib/ros_python
[0.687s] copying ros_python/service_client.py -> /home/mehmet/ros/build/ros_python/build/lib/ros_python
[0.688s] copying ros_python/__init__.py -> /home/mehmet/ros/build/ros_python/build/lib/ros_python
[0.688s] copying ros_python/service_server.py -> /home/mehmet/ros/build/ros_python/build/lib/ros_python
[0.688s] copying ros_python/subscriber.py -> /home/mehmet/ros/build/ros_python/build/lib/ros_python
[0.688s] running install
[0.688s] running install_lib
[0.689s] creating /home/mehmet/ros/install/ros_python/lib/python3.10/site-packages/ros_python
[0.689s] copying /home/mehmet/ros/build/ros_python/build/lib/ros_python/publisher.py -> /home/mehmet/ros/install/ros_python/lib/python3.10/site-packages/ros_python
[0.689s] copying /home/mehmet/ros/build/ros_python/build/lib/ros_python/turtlesim_kinematics.py -> /home/mehmet/ros/install/ros_python/lib/python3.10/site-packages/ros_python
[0.689s] copying /home/mehmet/ros/build/ros_python/build/lib/ros_python/tf_kinematics.py -> /home/mehmet/ros/install/ros_python/lib/python3.10/site-packages/ros_python
[0.689s] copying /home/mehmet/ros/build/ros_python/build/lib/ros_python/parameter.py -> /home/mehmet/ros/install/ros_python/lib/python3.10/site-packages/ros_python
[0.690s] copying /home/mehmet/ros/build/ros_python/build/lib/ros_python/service_client.py -> /home/mehmet/ros/install/ros_python/lib/python3.10/site-packages/ros_python
[0.690s] copying /home/mehmet/ros/build/ros_python/build/lib/ros_python/__init__.py -> /home/mehmet/ros/install/ros_python/lib/python3.10/site-packages/ros_python
[0.690s] copying /home/mehmet/ros/build/ros_python/build/lib/ros_python/service_server.py -> /home/mehmet/ros/install/ros_python/lib/python3.10/site-packages/ros_python
[0.690s] copying /home/mehmet/ros/build/ros_python/build/lib/ros_python/subscriber.py -> /home/mehmet/ros/install/ros_python/lib/python3.10/site-packages/ros_python
[0.690s] byte-compiling /home/mehmet/ros/install/ros_python/lib/python3.10/site-packages/ros_python/publisher.py to publisher.cpython-310.pyc
[0.690s] byte-compiling /home/mehmet/ros/install/ros_python/lib/python3.10/site-packages/ros_python/turtlesim_kinematics.py to turtlesim_kinematics.cpython-310.pyc
[0.690s] byte-compiling /home/mehmet/ros/install/ros_python/lib/python3.10/site-packages/ros_python/tf_kinematics.py to tf_kinematics.cpython-310.pyc
[0.691s] byte-compiling /home/mehmet/ros/install/ros_python/lib/python3.10/site-packages/ros_python/parameter.py to parameter.cpython-310.pyc
[0.691s] byte-compiling /home/mehmet/ros/install/ros_python/lib/python3.10/site-packages/ros_python/service_client.py to service_client.cpython-310.pyc
[0.691s] byte-compiling /home/mehmet/ros/install/ros_python/lib/python3.10/site-packages/ros_python/__init__.py to __init__.cpython-310.pyc
[0.691s] byte-compiling /home/mehmet/ros/install/ros_python/lib/python3.10/site-packages/ros_python/service_server.py to service_server.cpython-310.pyc
[0.691s] byte-compiling /home/mehmet/ros/install/ros_python/lib/python3.10/site-packages/ros_python/subscriber.py to subscriber.cpython-310.pyc
[0.692s] running install_data
[0.692s] creating /home/mehmet/ros/install/ros_python/share/ament_index
[0.692s] creating /home/mehmet/ros/install/ros_python/share/ament_index/resource_index
[0.692s] creating /home/mehmet/ros/install/ros_python/share/ament_index/resource_index/packages
[0.692s] copying resource/ros_python -> /home/mehmet/ros/install/ros_python/share/ament_index/resource_index/packages
[0.692s] copying package.xml -> /home/mehmet/ros/install/ros_python/share/ros_python
[0.692s] running install_egg_info
[0.693s] Copying ../../build/ros_python/ros_python.egg-info to /home/mehmet/ros/install/ros_python/lib/python3.10/site-packages/ros_python-0.0.0-py3.10.egg-info
[0.693s] running install_scripts
[0.707s] Installing parameter script to /home/mehmet/ros/install/ros_python/lib/ros_python
[0.707s] Installing publisher script to /home/mehmet/ros/install/ros_python/lib/ros_python
[0.707s] Installing service_client script to /home/mehmet/ros/install/ros_python/lib/ros_python
[0.707s] Installing service_server script to /home/mehmet/ros/install/ros_python/lib/ros_python
[0.707s] Installing subscriber script to /home/mehmet/ros/install/ros_python/lib/ros_python
[0.707s] Installing tf_kinematics script to /home/mehmet/ros/install/ros_python/lib/ros_python
[0.707s] Installing turtlesim_kinematics script to /home/mehmet/ros/install/ros_python/lib/ros_python
[0.707s] writing list of installed files to '/home/mehmet/ros/build/ros_python/install.log'
[0.724s] Invoked command in '/home/mehmet/ros/src/ros_python' returned '0': AMENT_PREFIX_PATH=/home/mehmet/ros/install/bot_msgs:${AMENT_PREFIX_PATH} CMAKE_PREFIX_PATH=/home/mehmet/ros/install/bot_msgs LD_LIBRARY_PATH=/home/mehmet/ros/install/bot_msgs/lib:${LD_LIBRARY_PATH} PYTHONPATH=/home/mehmet/ros/build/ros_python/prefix_override:/usr/lib/python3/dist-packages/colcon_core/task/python/colcon_distutils_commands:/home/mehmet/ros/install/ros_python/lib/python3.10/site-packages:/home/mehmet/ros/install/bot_msgs/local/lib/python3.10/dist-packages:${PYTHONPATH} /usr/bin/python3 -W ignore:setup.py install is deprecated -W ignore:easy_install command is deprecated setup.py egg_info --egg-base ../../build/ros_python build --build-base /home/mehmet/ros/build/ros_python/build install --record /home/mehmet/ros/build/ros_python/install.log --single-version-externally-managed install_data
