[0.011s] Invoking command in '/home/mehmet/ros/build/bot_msgs': CMAKE_PREFIX_PATH=/home/mehmet/Downloads/agriculture/install/virtual_maize_field:/opt/ros/humble /usr/bin/cmake /home/mehmet/ros/src/bot_msgs -DCMAKE_INSTALL_PREFIX=/home/mehmet/ros/install/bot_msgs
[0.047s] -- The C compiler identification is GNU 11.4.0
[0.082s] -- The CXX compiler identification is GNU 11.4.0
[0.086s] -- Detecting C compiler ABI info
[0.127s] -- Detecting C compiler ABI info - done
[0.132s] -- Check for working C compiler: /usr/bin/cc - skipped
[0.132s] -- Detecting C compile features
[0.132s] -- Detecting C compile features - done
[0.134s] -- Detecting CXX compiler ABI info
[0.183s] -- Detecting CXX compiler ABI info - done
[0.188s] -- Check for working CXX compiler: /usr/bin/c++ - skipped
[0.188s] -- Detecting CXX compile features
[0.188s] -- Detecting CXX compile features - done
[0.190s] -- Found ament_cmake: 1.3.12 (/opt/ros/humble/share/ament_cmake/cmake)
[0.289s] -- Found Python3: /usr/bin/python3 (found version "3.10.12") found components: Interpreter 
[0.349s] -- Found std_msgs: 4.9.0 (/opt/ros/humble/share/std_msgs/cmake)
[0.371s] -- Found rosidl_generator_c: 3.1.8 (/opt/ros/humble/share/rosidl_generator_c/cmake)
[0.374s] -- Found rosidl_adapter: 3.1.8 (/opt/ros/humble/share/rosidl_adapter/cmake)
[0.380s] -- Found rosidl_generator_cpp: 3.1.8 (/opt/ros/humble/share/rosidl_generator_cpp/cmake)
[0.387s] -- Using all available rosidl_typesupport_c: rosidl_typesupport_fastrtps_c;rosidl_typesupport_introspection_c
[0.398s] -- Using all available rosidl_typesupport_cpp: rosidl_typesupport_fastrtps_cpp;rosidl_typesupport_introspection_cpp
[0.414s] -- Found geometry_msgs: 4.9.0 (/opt/ros/humble/share/geometry_msgs/cmake)
[0.423s] -- Found rosidl_default_generators: 1.2.0 (/opt/ros/humble/share/rosidl_default_generators/cmake)
[0.625s] -- Found ament_cmake_ros: 0.10.0 (/opt/ros/humble/share/ament_cmake_ros/cmake)
[0.900s] -- Using all available rosidl_typesupport_c: rosidl_typesupport_fastrtps_c;rosidl_typesupport_introspection_c
[1.009s] -- Using all available rosidl_typesupport_cpp: rosidl_typesupport_fastrtps_cpp;rosidl_typesupport_introspection_cpp
[1.024s] -- Found PythonInterp: /usr/bin/python3 (found suitable version "3.10.12", minimum required is "3.6") 
[1.025s] -- Found python_cmake_module: 0.10.0 (/opt/ros/humble/share/python_cmake_module/cmake)
[1.045s] -- Found PythonLibs: /usr/lib/x86_64-linux-gnu/libpython3.10.so (found suitable version "3.10.12", minimum required is "3.5") 
[1.045s] -- Using PYTHON_EXECUTABLE: /usr/bin/python3
[1.045s] -- Using PYTHON_INCLUDE_DIRS: /usr/include/python3.10
[1.045s] -- Using PYTHON_LIBRARIES: /usr/lib/x86_64-linux-gnu/libpython3.10.so
[1.060s] -- Found PythonExtra: .so  
[1.098s] -- Found ament_lint_auto: 0.12.14 (/opt/ros/humble/share/ament_lint_auto/cmake)
[1.108s] -- Added test 'lint_cmake' to check CMake code style
[1.109s] -- Added test 'xmllint' to check XML markup files
[1.110s] -- Configuring done
[1.130s] -- Generating done
[1.137s] -- Build files have been written to: /home/mehmet/ros/build/bot_msgs
[1.143s] Invoked command in '/home/mehmet/ros/build/bot_msgs' returned '0': CMAKE_PREFIX_PATH=/home/mehmet/Downloads/agriculture/install/virtual_maize_field:/opt/ros/humble /usr/bin/cmake /home/mehmet/ros/src/bot_msgs -DCMAKE_INSTALL_PREFIX=/home/mehmet/ros/install/bot_msgs
[1.144s] Invoking command in '/home/mehmet/ros/build/bot_msgs': CMAKE_PREFIX_PATH=/home/mehmet/Downloads/agriculture/install/virtual_maize_field:/opt/ros/humble /usr/bin/cmake --build /home/mehmet/ros/build/bot_msgs -- -j16 -l16
[1.172s] [  2%] [34m[1mGenerating C code for ROS interfaces[0m
[1.178s] [  5%] [34m[1mGenerating C++ code for ROS interfaces[0m
[1.185s] [  5%] Built target ament_cmake_python_copy_bot_msgs
[1.359s] running egg_info
[1.360s] creating bot_msgs.egg-info
[1.360s] writing bot_msgs.egg-info/PKG-INFO
[1.360s] writing dependency_links to bot_msgs.egg-info/dependency_links.txt
[1.360s] writing top-level names to bot_msgs.egg-info/top_level.txt
[1.360s] writing manifest file 'bot_msgs.egg-info/SOURCES.txt'
[1.361s] reading manifest file 'bot_msgs.egg-info/SOURCES.txt'
[1.362s] writing manifest file 'bot_msgs.egg-info/SOURCES.txt'
[1.381s] [  5%] Built target ament_cmake_python_build_bot_msgs_egg
[1.432s] [  7%] [32mBuilding C object CMakeFiles/bot_msgs__rosidl_generator_c.dir/rosidl_generator_c/bot_msgs/srv/detail/add_two_ints__functions.c.o[0m
[1.433s] [  7%] Built target bot_msgs__cpp
[1.434s] [ 10%] [32mBuilding C object CMakeFiles/bot_msgs__rosidl_generator_c.dir/rosidl_generator_c/bot_msgs/srv/detail/get_transform__functions.c.o[0m
[1.440s] [ 15%] [34m[1mGenerating C++ type support for eProsima Fast-RTPS[0m
[1.440s] [ 15%] [34m[1mGenerating C++ type support dispatch for ROS interfaces[0m
[1.442s] [ 17%] [34m[1mGenerating C++ introspection for ROS interfaces[0m
[1.484s] [ 20%] [32m[1mLinking C shared library libbot_msgs__rosidl_generator_c.so[0m
[1.520s] [ 20%] Built target bot_msgs__rosidl_generator_c
[1.527s] [ 23%] [34m[1mGenerating C type support dispatch for ROS interfaces[0m
[1.528s] [ 25%] [34m[1mGenerating C type support for eProsima Fast-RTPS[0m
[1.529s] [ 28%] [34m[1mGenerating C introspection for ROS interfaces[0m
[1.694s] [ 30%] [32mBuilding CXX object CMakeFiles/bot_msgs__rosidl_typesupport_introspection_cpp.dir/rosidl_typesupport_introspection_cpp/bot_msgs/srv/detail/get_transform__type_support.cpp.o[0m
[1.696s] [ 33%] [32mBuilding CXX object CMakeFiles/bot_msgs__rosidl_typesupport_introspection_cpp.dir/rosidl_typesupport_introspection_cpp/bot_msgs/srv/detail/add_two_ints__type_support.cpp.o[0m
[1.709s] [ 35%] [32mBuilding CXX object CMakeFiles/bot_msgs__rosidl_typesupport_cpp.dir/rosidl_typesupport_cpp/bot_msgs/srv/add_two_ints__type_support.cpp.o[0m
[1.710s] [ 38%] [32mBuilding CXX object CMakeFiles/bot_msgs__rosidl_typesupport_cpp.dir/rosidl_typesupport_cpp/bot_msgs/srv/get_transform__type_support.cpp.o[0m
[1.779s] [ 41%] [32mBuilding CXX object CMakeFiles/bot_msgs__rosidl_typesupport_c.dir/rosidl_typesupport_c/bot_msgs/srv/add_two_ints__type_support.cpp.o[0m
[1.781s] [ 43%] [32mBuilding CXX object CMakeFiles/bot_msgs__rosidl_typesupport_c.dir/rosidl_typesupport_c/bot_msgs/srv/get_transform__type_support.cpp.o[0m
[1.821s] [ 46%] [32m[1mLinking CXX shared library libbot_msgs__rosidl_typesupport_c.so[0m
[1.821s] [ 48%] [32mBuilding CXX object CMakeFiles/bot_msgs__rosidl_typesupport_fastrtps_cpp.dir/rosidl_typesupport_fastrtps_cpp/bot_msgs/srv/detail/dds_fastrtps/add_two_ints__type_support.cpp.o[0m
[1.824s] [ 51%] [32mBuilding CXX object CMakeFiles/bot_msgs__rosidl_typesupport_fastrtps_cpp.dir/rosidl_typesupport_fastrtps_cpp/bot_msgs/srv/detail/dds_fastrtps/get_transform__type_support.cpp.o[0m
[1.870s] [ 51%] Built target bot_msgs__rosidl_typesupport_c
[1.875s] [ 53%] [32mBuilding CXX object CMakeFiles/bot_msgs__rosidl_typesupport_fastrtps_c.dir/rosidl_typesupport_fastrtps_c/bot_msgs/srv/detail/add_two_ints__type_support_c.cpp.o[0m
[1.878s] [ 56%] [32mBuilding CXX object CMakeFiles/bot_msgs__rosidl_typesupport_fastrtps_c.dir/rosidl_typesupport_fastrtps_c/bot_msgs/srv/detail/get_transform__type_support_c.cpp.o[0m
[1.951s] [ 61%] [32mBuilding C object CMakeFiles/bot_msgs__rosidl_typesupport_introspection_c.dir/rosidl_typesupport_introspection_c/bot_msgs/srv/detail/add_two_ints__type_support.c.o[0m
[1.951s] [ 61%] [32mBuilding C object CMakeFiles/bot_msgs__rosidl_typesupport_introspection_c.dir/rosidl_typesupport_introspection_c/bot_msgs/srv/detail/get_transform__type_support.c.o[0m
[1.993s] [ 64%] [32m[1mLinking C shared library libbot_msgs__rosidl_typesupport_introspection_c.so[0m
[2.019s] [ 64%] Built target bot_msgs__rosidl_typesupport_introspection_c
[2.022s] [ 66%] [32m[1mLinking CXX shared library libbot_msgs__rosidl_typesupport_introspection_cpp.so[0m
[2.048s] [ 69%] [32m[1mLinking CXX shared library libbot_msgs__rosidl_typesupport_cpp.so[0m
[2.074s] [ 69%] Built target bot_msgs__rosidl_typesupport_introspection_cpp
[2.089s] [ 69%] Built target bot_msgs__rosidl_typesupport_cpp
[2.204s] [ 71%] [32m[1mLinking CXX shared library libbot_msgs__rosidl_typesupport_fastrtps_c.so[0m
[2.210s] [ 74%] [32m[1mLinking CXX shared library libbot_msgs__rosidl_typesupport_fastrtps_cpp.so[0m
[2.254s] [ 74%] Built target bot_msgs__rosidl_typesupport_fastrtps_c
[2.263s] [ 74%] Built target bot_msgs__rosidl_typesupport_fastrtps_cpp
[2.278s] [ 74%] Built target bot_msgs
[2.293s] [ 76%] [34m[1mGenerating Python code for ROS interfaces[0m
[2.618s] [ 76%] Built target bot_msgs__py
[2.632s] [ 82%] [32mBuilding C object CMakeFiles/bot_msgs__rosidl_generator_py.dir/rosidl_generator_py/bot_msgs/srv/_add_two_ints_s.c.o[0m
[2.632s] [ 82%] [32mBuilding C object CMakeFiles/bot_msgs__rosidl_generator_py.dir/rosidl_generator_py/bot_msgs/srv/_get_transform_s.c.o[0m
[2.707s] [ 84%] [32m[1mLinking C shared library rosidl_generator_py/bot_msgs/libbot_msgs__rosidl_generator_py.so[0m
[2.742s] [ 84%] Built target bot_msgs__rosidl_generator_py
[2.756s] [ 87%] [32mBuilding C object CMakeFiles/bot_msgs__rosidl_typesupport_fastrtps_c__pyext.dir/rosidl_generator_py/bot_msgs/_bot_msgs_s.ep.rosidl_typesupport_fastrtps_c.c.o[0m
[2.757s] [ 92%] [32mBuilding C object CMakeFiles/bot_msgs__rosidl_typesupport_introspection_c__pyext.dir/rosidl_generator_py/bot_msgs/_bot_msgs_s.ep.rosidl_typesupport_introspection_c.c.o[0m
[2.757s] [ 92%] [32mBuilding C object CMakeFiles/bot_msgs__rosidl_typesupport_c__pyext.dir/rosidl_generator_py/bot_msgs/_bot_msgs_s.ep.rosidl_typesupport_c.c.o[0m
[2.833s] [ 94%] [32m[1mLinking C shared library rosidl_generator_py/bot_msgs/bot_msgs_s__rosidl_typesupport_fastrtps_c.cpython-310-x86_64-linux-gnu.so[0m
[2.836s] [ 97%] [32m[1mLinking C shared library rosidl_generator_py/bot_msgs/bot_msgs_s__rosidl_typesupport_c.cpython-310-x86_64-linux-gnu.so[0m
[2.838s] [100%] [32m[1mLinking C shared library rosidl_generator_py/bot_msgs/bot_msgs_s__rosidl_typesupport_introspection_c.cpython-310-x86_64-linux-gnu.so[0m
[2.865s] [100%] Built target bot_msgs__rosidl_typesupport_fastrtps_c__pyext
[2.868s] [100%] Built target bot_msgs__rosidl_typesupport_c__pyext
[2.869s] [100%] Built target bot_msgs__rosidl_typesupport_introspection_c__pyext
[2.879s] Invoked command in '/home/mehmet/ros/build/bot_msgs' returned '0': CMAKE_PREFIX_PATH=/home/mehmet/Downloads/agriculture/install/virtual_maize_field:/opt/ros/humble /usr/bin/cmake --build /home/mehmet/ros/build/bot_msgs -- -j16 -l16
[2.881s] Invoking command in '/home/mehmet/ros/build/bot_msgs': CMAKE_PREFIX_PATH=/home/mehmet/Downloads/agriculture/install/virtual_maize_field:/opt/ros/humble /usr/bin/cmake --install /home/mehmet/ros/build/bot_msgs
[2.888s] -- Install configuration: ""
[2.888s] -- Installing: /home/mehmet/ros/install/bot_msgs/share/ament_index/resource_index/rosidl_interfaces/bot_msgs
[2.888s] -- Installing: /home/mehmet/ros/install/bot_msgs/include/bot_msgs/bot_msgs
[2.888s] -- Installing: /home/mehmet/ros/install/bot_msgs/include/bot_msgs/bot_msgs/srv
[2.888s] -- Installing: /home/mehmet/ros/install/bot_msgs/include/bot_msgs/bot_msgs/srv/add_two_ints.h
[2.888s] -- Installing: /home/mehmet/ros/install/bot_msgs/include/bot_msgs/bot_msgs/srv/detail
[2.888s] -- Installing: /home/mehmet/ros/install/bot_msgs/include/bot_msgs/bot_msgs/srv/detail/get_transform__struct.h
[2.888s] -- Installing: /home/mehmet/ros/install/bot_msgs/include/bot_msgs/bot_msgs/srv/detail/add_two_ints__functions.h
[2.888s] -- Installing: /home/mehmet/ros/install/bot_msgs/include/bot_msgs/bot_msgs/srv/detail/get_transform__functions.h
[2.888s] -- Installing: /home/mehmet/ros/install/bot_msgs/include/bot_msgs/bot_msgs/srv/detail/get_transform__type_support.h
[2.888s] -- Installing: /home/mehmet/ros/install/bot_msgs/include/bot_msgs/bot_msgs/srv/detail/get_transform__functions.c
[2.888s] -- Installing: /home/mehmet/ros/install/bot_msgs/include/bot_msgs/bot_msgs/srv/detail/add_two_ints__type_support.h
[2.889s] -- Installing: /home/mehmet/ros/install/bot_msgs/include/bot_msgs/bot_msgs/srv/detail/add_two_ints__functions.c
[2.889s] -- Installing: /home/mehmet/ros/install/bot_msgs/include/bot_msgs/bot_msgs/srv/detail/add_two_ints__struct.h
[2.889s] -- Installing: /home/mehmet/ros/install/bot_msgs/include/bot_msgs/bot_msgs/srv/get_transform.h
[2.889s] -- Installing: /home/mehmet/ros/install/bot_msgs/include/bot_msgs/bot_msgs/msg
[2.889s] -- Installing: /home/mehmet/ros/install/bot_msgs/include/bot_msgs/bot_msgs/msg/rosidl_generator_c__visibility_control.h
[2.889s] -- Installing: /home/mehmet/ros/install/bot_msgs/share/bot_msgs/environment/library_path.sh
[2.889s] -- Installing: /home/mehmet/ros/install/bot_msgs/share/bot_msgs/environment/library_path.dsv
[2.889s] -- Installing: /home/mehmet/ros/install/bot_msgs/lib/libbot_msgs__rosidl_generator_c.so
[2.889s] -- Set runtime path of "/home/mehmet/ros/install/bot_msgs/lib/libbot_msgs__rosidl_generator_c.so" to ""
[2.889s] -- Up-to-date: /home/mehmet/ros/install/bot_msgs/include/bot_msgs/bot_msgs
[2.889s] -- Up-to-date: /home/mehmet/ros/install/bot_msgs/include/bot_msgs/bot_msgs/srv
[2.889s] -- Up-to-date: /home/mehmet/ros/install/bot_msgs/include/bot_msgs/bot_msgs/srv/detail
[2.889s] -- Installing: /home/mehmet/ros/install/bot_msgs/include/bot_msgs/bot_msgs/srv/detail/get_transform__rosidl_typesupport_fastrtps_c.h
[2.889s] -- Installing: /home/mehmet/ros/install/bot_msgs/include/bot_msgs/bot_msgs/srv/detail/add_two_ints__rosidl_typesupport_fastrtps_c.h
[2.889s] -- Up-to-date: /home/mehmet/ros/install/bot_msgs/include/bot_msgs/bot_msgs/msg
[2.890s] -- Installing: /home/mehmet/ros/install/bot_msgs/include/bot_msgs/bot_msgs/msg/rosidl_typesupport_fastrtps_c__visibility_control.h
[2.890s] -- Installing: /home/mehmet/ros/install/bot_msgs/lib/libbot_msgs__rosidl_typesupport_fastrtps_c.so
[2.890s] -- Set runtime path of "/home/mehmet/ros/install/bot_msgs/lib/libbot_msgs__rosidl_typesupport_fastrtps_c.so" to ""
[2.890s] -- Up-to-date: /home/mehmet/ros/install/bot_msgs/include/bot_msgs/bot_msgs
[2.890s] -- Up-to-date: /home/mehmet/ros/install/bot_msgs/include/bot_msgs/bot_msgs/srv
[2.890s] -- Up-to-date: /home/mehmet/ros/install/bot_msgs/include/bot_msgs/bot_msgs/srv/detail
[2.890s] -- Installing: /home/mehmet/ros/install/bot_msgs/include/bot_msgs/bot_msgs/srv/detail/get_transform__traits.hpp
[2.890s] -- Installing: /home/mehmet/ros/install/bot_msgs/include/bot_msgs/bot_msgs/srv/detail/get_transform__struct.hpp
[2.890s] -- Installing: /home/mehmet/ros/install/bot_msgs/include/bot_msgs/bot_msgs/srv/detail/add_two_ints__struct.hpp
[2.890s] -- Installing: /home/mehmet/ros/install/bot_msgs/include/bot_msgs/bot_msgs/srv/detail/add_two_ints__traits.hpp
[2.890s] -- Installing: /home/mehmet/ros/install/bot_msgs/include/bot_msgs/bot_msgs/srv/detail/add_two_ints__builder.hpp
[2.890s] -- Installing: /home/mehmet/ros/install/bot_msgs/include/bot_msgs/bot_msgs/srv/detail/get_transform__type_support.hpp
[2.890s] -- Installing: /home/mehmet/ros/install/bot_msgs/include/bot_msgs/bot_msgs/srv/detail/add_two_ints__type_support.hpp
[2.890s] -- Installing: /home/mehmet/ros/install/bot_msgs/include/bot_msgs/bot_msgs/srv/detail/get_transform__builder.hpp
[2.890s] -- Installing: /home/mehmet/ros/install/bot_msgs/include/bot_msgs/bot_msgs/srv/add_two_ints.hpp
[2.890s] -- Installing: /home/mehmet/ros/install/bot_msgs/include/bot_msgs/bot_msgs/srv/get_transform.hpp
[2.890s] -- Up-to-date: /home/mehmet/ros/install/bot_msgs/include/bot_msgs/bot_msgs/msg
[2.890s] -- Installing: /home/mehmet/ros/install/bot_msgs/include/bot_msgs/bot_msgs/msg/rosidl_generator_cpp__visibility_control.hpp
[2.890s] -- Up-to-date: /home/mehmet/ros/install/bot_msgs/include/bot_msgs/bot_msgs
[2.891s] -- Up-to-date: /home/mehmet/ros/install/bot_msgs/include/bot_msgs/bot_msgs/srv
[2.891s] -- Up-to-date: /home/mehmet/ros/install/bot_msgs/include/bot_msgs/bot_msgs/srv/detail
[2.891s] -- Installing: /home/mehmet/ros/install/bot_msgs/include/bot_msgs/bot_msgs/srv/detail/dds_fastrtps
[2.891s] -- Installing: /home/mehmet/ros/install/bot_msgs/include/bot_msgs/bot_msgs/srv/detail/add_two_ints__rosidl_typesupport_fastrtps_cpp.hpp
[2.891s] -- Installing: /home/mehmet/ros/install/bot_msgs/include/bot_msgs/bot_msgs/srv/detail/get_transform__rosidl_typesupport_fastrtps_cpp.hpp
[2.891s] -- Up-to-date: /home/mehmet/ros/install/bot_msgs/include/bot_msgs/bot_msgs/msg
[2.891s] -- Installing: /home/mehmet/ros/install/bot_msgs/include/bot_msgs/bot_msgs/msg/rosidl_typesupport_fastrtps_cpp__visibility_control.h
[2.891s] -- Installing: /home/mehmet/ros/install/bot_msgs/lib/libbot_msgs__rosidl_typesupport_fastrtps_cpp.so
[2.891s] -- Set runtime path of "/home/mehmet/ros/install/bot_msgs/lib/libbot_msgs__rosidl_typesupport_fastrtps_cpp.so" to ""
[2.891s] -- Up-to-date: /home/mehmet/ros/install/bot_msgs/include/bot_msgs/bot_msgs
[2.891s] -- Up-to-date: /home/mehmet/ros/install/bot_msgs/include/bot_msgs/bot_msgs/srv
[2.891s] -- Up-to-date: /home/mehmet/ros/install/bot_msgs/include/bot_msgs/bot_msgs/srv/detail
[2.891s] -- Installing: /home/mehmet/ros/install/bot_msgs/include/bot_msgs/bot_msgs/srv/detail/get_transform__rosidl_typesupport_introspection_c.h
[2.891s] -- Installing: /home/mehmet/ros/install/bot_msgs/include/bot_msgs/bot_msgs/srv/detail/add_two_ints__rosidl_typesupport_introspection_c.h
[2.891s] -- Installing: /home/mehmet/ros/install/bot_msgs/include/bot_msgs/bot_msgs/srv/detail/get_transform__type_support.c
[2.891s] -- Installing: /home/mehmet/ros/install/bot_msgs/include/bot_msgs/bot_msgs/srv/detail/add_two_ints__type_support.c
[2.891s] -- Up-to-date: /home/mehmet/ros/install/bot_msgs/include/bot_msgs/bot_msgs/msg
[2.891s] -- Installing: /home/mehmet/ros/install/bot_msgs/include/bot_msgs/bot_msgs/msg/rosidl_typesupport_introspection_c__visibility_control.h
[2.891s] -- Installing: /home/mehmet/ros/install/bot_msgs/lib/libbot_msgs__rosidl_typesupport_introspection_c.so
[2.891s] -- Set runtime path of "/home/mehmet/ros/install/bot_msgs/lib/libbot_msgs__rosidl_typesupport_introspection_c.so" to ""
[2.891s] -- Installing: /home/mehmet/ros/install/bot_msgs/lib/libbot_msgs__rosidl_typesupport_c.so
[2.891s] -- Set runtime path of "/home/mehmet/ros/install/bot_msgs/lib/libbot_msgs__rosidl_typesupport_c.so" to ""
[2.891s] -- Up-to-date: /home/mehmet/ros/install/bot_msgs/include/bot_msgs/bot_msgs
[2.891s] -- Up-to-date: /home/mehmet/ros/install/bot_msgs/include/bot_msgs/bot_msgs/srv
[2.891s] -- Up-to-date: /home/mehmet/ros/install/bot_msgs/include/bot_msgs/bot_msgs/srv/detail
[2.891s] -- Installing: /home/mehmet/ros/install/bot_msgs/include/bot_msgs/bot_msgs/srv/detail/add_two_ints__rosidl_typesupport_introspection_cpp.hpp
[2.891s] -- Installing: /home/mehmet/ros/install/bot_msgs/include/bot_msgs/bot_msgs/srv/detail/get_transform__type_support.cpp
[2.891s] -- Installing: /home/mehmet/ros/install/bot_msgs/include/bot_msgs/bot_msgs/srv/detail/add_two_ints__type_support.cpp
[2.891s] -- Installing: /home/mehmet/ros/install/bot_msgs/include/bot_msgs/bot_msgs/srv/detail/get_transform__rosidl_typesupport_introspection_cpp.hpp
[2.891s] -- Installing: /home/mehmet/ros/install/bot_msgs/lib/libbot_msgs__rosidl_typesupport_introspection_cpp.so
[2.891s] -- Set runtime path of "/home/mehmet/ros/install/bot_msgs/lib/libbot_msgs__rosidl_typesupport_introspection_cpp.so" to ""
[2.892s] -- Installing: /home/mehmet/ros/install/bot_msgs/lib/libbot_msgs__rosidl_typesupport_cpp.so
[2.892s] -- Set runtime path of "/home/mehmet/ros/install/bot_msgs/lib/libbot_msgs__rosidl_typesupport_cpp.so" to ""
[2.892s] -- Installing: /home/mehmet/ros/install/bot_msgs/share/bot_msgs/environment/pythonpath.sh
[2.892s] -- Installing: /home/mehmet/ros/install/bot_msgs/share/bot_msgs/environment/pythonpath.dsv
[2.892s] -- Installing: /home/mehmet/ros/install/bot_msgs/local/lib/python3.10/dist-packages/bot_msgs-0.0.0-py3.10.egg-info
[2.892s] -- Installing: /home/mehmet/ros/install/bot_msgs/local/lib/python3.10/dist-packages/bot_msgs-0.0.0-py3.10.egg-info/dependency_links.txt
[2.892s] -- Installing: /home/mehmet/ros/install/bot_msgs/local/lib/python3.10/dist-packages/bot_msgs-0.0.0-py3.10.egg-info/PKG-INFO
[2.892s] -- Installing: /home/mehmet/ros/install/bot_msgs/local/lib/python3.10/dist-packages/bot_msgs-0.0.0-py3.10.egg-info/SOURCES.txt
[2.892s] -- Installing: /home/mehmet/ros/install/bot_msgs/local/lib/python3.10/dist-packages/bot_msgs-0.0.0-py3.10.egg-info/top_level.txt
[2.892s] -- Installing: /home/mehmet/ros/install/bot_msgs/local/lib/python3.10/dist-packages/bot_msgs
[2.892s] -- Installing: /home/mehmet/ros/install/bot_msgs/local/lib/python3.10/dist-packages/bot_msgs/srv
[2.892s] -- Installing: /home/mehmet/ros/install/bot_msgs/local/lib/python3.10/dist-packages/bot_msgs/srv/_get_transform.py
[2.892s] -- Installing: /home/mehmet/ros/install/bot_msgs/local/lib/python3.10/dist-packages/bot_msgs/srv/__init__.py
[2.892s] -- Installing: /home/mehmet/ros/install/bot_msgs/local/lib/python3.10/dist-packages/bot_msgs/srv/_get_transform_s.c
[2.892s] -- Installing: /home/mehmet/ros/install/bot_msgs/local/lib/python3.10/dist-packages/bot_msgs/srv/_add_two_ints.py
[2.892s] -- Installing: /home/mehmet/ros/install/bot_msgs/local/lib/python3.10/dist-packages/bot_msgs/srv/_add_two_ints_s.c
[2.892s] -- Installing: /home/mehmet/ros/install/bot_msgs/local/lib/python3.10/dist-packages/bot_msgs/bot_msgs_s__rosidl_typesupport_introspection_c.cpython-310-x86_64-linux-gnu.so
[2.892s] -- Installing: /home/mehmet/ros/install/bot_msgs/local/lib/python3.10/dist-packages/bot_msgs/libbot_msgs__rosidl_generator_py.so
[2.892s] -- Installing: /home/mehmet/ros/install/bot_msgs/local/lib/python3.10/dist-packages/bot_msgs/__init__.py
[2.892s] -- Installing: /home/mehmet/ros/install/bot_msgs/local/lib/python3.10/dist-packages/bot_msgs/_bot_msgs_s.ep.rosidl_typesupport_c.c
[2.892s] -- Installing: /home/mehmet/ros/install/bot_msgs/local/lib/python3.10/dist-packages/bot_msgs/bot_msgs_s__rosidl_typesupport_c.cpython-310-x86_64-linux-gnu.so
[2.892s] -- Installing: /home/mehmet/ros/install/bot_msgs/local/lib/python3.10/dist-packages/bot_msgs/_bot_msgs_s.ep.rosidl_typesupport_introspection_c.c
[2.892s] -- Installing: /home/mehmet/ros/install/bot_msgs/local/lib/python3.10/dist-packages/bot_msgs/bot_msgs_s__rosidl_typesupport_fastrtps_c.cpython-310-x86_64-linux-gnu.so
[2.892s] -- Installing: /home/mehmet/ros/install/bot_msgs/local/lib/python3.10/dist-packages/bot_msgs/_bot_msgs_s.ep.rosidl_typesupport_fastrtps_c.c
[2.919s] Listing '/home/mehmet/ros/install/bot_msgs/local/lib/python3.10/dist-packages/bot_msgs'...
[2.919s] Compiling '/home/mehmet/ros/install/bot_msgs/local/lib/python3.10/dist-packages/bot_msgs/__init__.py'...
[2.919s] Listing '/home/mehmet/ros/install/bot_msgs/local/lib/python3.10/dist-packages/bot_msgs/srv'...
[2.919s] Compiling '/home/mehmet/ros/install/bot_msgs/local/lib/python3.10/dist-packages/bot_msgs/srv/__init__.py'...
[2.919s] Compiling '/home/mehmet/ros/install/bot_msgs/local/lib/python3.10/dist-packages/bot_msgs/srv/_add_two_ints.py'...
[2.919s] Compiling '/home/mehmet/ros/install/bot_msgs/local/lib/python3.10/dist-packages/bot_msgs/srv/_get_transform.py'...
[2.922s] -- Installing: /home/mehmet/ros/install/bot_msgs/local/lib/python3.10/dist-packages/bot_msgs/bot_msgs_s__rosidl_typesupport_fastrtps_c.cpython-310-x86_64-linux-gnu.so
[2.922s] -- Set runtime path of "/home/mehmet/ros/install/bot_msgs/local/lib/python3.10/dist-packages/bot_msgs/bot_msgs_s__rosidl_typesupport_fastrtps_c.cpython-310-x86_64-linux-gnu.so" to ""
[2.923s] -- Installing: /home/mehmet/ros/install/bot_msgs/local/lib/python3.10/dist-packages/bot_msgs/bot_msgs_s__rosidl_typesupport_introspection_c.cpython-310-x86_64-linux-gnu.so
[2.923s] -- Set runtime path of "/home/mehmet/ros/install/bot_msgs/local/lib/python3.10/dist-packages/bot_msgs/bot_msgs_s__rosidl_typesupport_introspection_c.cpython-310-x86_64-linux-gnu.so" to ""
[2.923s] -- Installing: /home/mehmet/ros/install/bot_msgs/local/lib/python3.10/dist-packages/bot_msgs/bot_msgs_s__rosidl_typesupport_c.cpython-310-x86_64-linux-gnu.so
[2.923s] -- Set runtime path of "/home/mehmet/ros/install/bot_msgs/local/lib/python3.10/dist-packages/bot_msgs/bot_msgs_s__rosidl_typesupport_c.cpython-310-x86_64-linux-gnu.so" to ""
[2.923s] -- Installing: /home/mehmet/ros/install/bot_msgs/lib/libbot_msgs__rosidl_generator_py.so
[2.923s] -- Set runtime path of "/home/mehmet/ros/install/bot_msgs/lib/libbot_msgs__rosidl_generator_py.so" to ""
[2.923s] -- Installing: /home/mehmet/ros/install/bot_msgs/share/bot_msgs/srv/AddTwoInts.idl
[2.923s] -- Installing: /home/mehmet/ros/install/bot_msgs/share/bot_msgs/srv/GetTransform.idl
[2.923s] -- Installing: /home/mehmet/ros/install/bot_msgs/share/bot_msgs/srv/AddTwoInts.srv
[2.923s] -- Installing: /home/mehmet/ros/install/bot_msgs/share/bot_msgs/srv/AddTwoInts_Request.msg
[2.923s] -- Installing: /home/mehmet/ros/install/bot_msgs/share/bot_msgs/srv/AddTwoInts_Response.msg
[2.923s] -- Installing: /home/mehmet/ros/install/bot_msgs/share/bot_msgs/srv/GetTransform.srv
[2.924s] -- Installing: /home/mehmet/ros/install/bot_msgs/share/bot_msgs/srv/GetTransform_Request.msg
[2.924s] -- Installing: /home/mehmet/ros/install/bot_msgs/share/bot_msgs/srv/GetTransform_Response.msg
[2.924s] -- Installing: /home/mehmet/ros/install/bot_msgs/share/ament_index/resource_index/package_run_dependencies/bot_msgs
[2.924s] -- Installing: /home/mehmet/ros/install/bot_msgs/share/ament_index/resource_index/parent_prefix_path/bot_msgs
[2.924s] -- Installing: /home/mehmet/ros/install/bot_msgs/share/bot_msgs/environment/ament_prefix_path.sh
[2.924s] -- Installing: /home/mehmet/ros/install/bot_msgs/share/bot_msgs/environment/ament_prefix_path.dsv
[2.924s] -- Installing: /home/mehmet/ros/install/bot_msgs/share/bot_msgs/environment/path.sh
[2.924s] -- Installing: /home/mehmet/ros/install/bot_msgs/share/bot_msgs/environment/path.dsv
[2.924s] -- Installing: /home/mehmet/ros/install/bot_msgs/share/bot_msgs/local_setup.bash
[2.924s] -- Installing: /home/mehmet/ros/install/bot_msgs/share/bot_msgs/local_setup.sh
[2.924s] -- Installing: /home/mehmet/ros/install/bot_msgs/share/bot_msgs/local_setup.zsh
[2.924s] -- Installing: /home/mehmet/ros/install/bot_msgs/share/bot_msgs/local_setup.dsv
[2.924s] -- Installing: /home/mehmet/ros/install/bot_msgs/share/bot_msgs/package.dsv
[2.924s] -- Installing: /home/mehmet/ros/install/bot_msgs/share/ament_index/resource_index/packages/bot_msgs
[2.924s] -- Installing: /home/mehmet/ros/install/bot_msgs/share/bot_msgs/cmake/export_bot_msgs__rosidl_generator_cExport.cmake
[2.925s] -- Installing: /home/mehmet/ros/install/bot_msgs/share/bot_msgs/cmake/export_bot_msgs__rosidl_generator_cExport-noconfig.cmake
[2.925s] -- Installing: /home/mehmet/ros/install/bot_msgs/share/bot_msgs/cmake/export_bot_msgs__rosidl_typesupport_fastrtps_cExport.cmake
[2.925s] -- Installing: /home/mehmet/ros/install/bot_msgs/share/bot_msgs/cmake/export_bot_msgs__rosidl_typesupport_fastrtps_cExport-noconfig.cmake
[2.925s] -- Installing: /home/mehmet/ros/install/bot_msgs/share/bot_msgs/cmake/export_bot_msgs__rosidl_generator_cppExport.cmake
[2.925s] -- Installing: /home/mehmet/ros/install/bot_msgs/share/bot_msgs/cmake/export_bot_msgs__rosidl_typesupport_fastrtps_cppExport.cmake
[2.925s] -- Installing: /home/mehmet/ros/install/bot_msgs/share/bot_msgs/cmake/export_bot_msgs__rosidl_typesupport_fastrtps_cppExport-noconfig.cmake
[2.925s] -- Installing: /home/mehmet/ros/install/bot_msgs/share/bot_msgs/cmake/bot_msgs__rosidl_typesupport_introspection_cExport.cmake
[2.925s] -- Installing: /home/mehmet/ros/install/bot_msgs/share/bot_msgs/cmake/bot_msgs__rosidl_typesupport_introspection_cExport-noconfig.cmake
[2.925s] -- Installing: /home/mehmet/ros/install/bot_msgs/share/bot_msgs/cmake/bot_msgs__rosidl_typesupport_cExport.cmake
[2.925s] -- Installing: /home/mehmet/ros/install/bot_msgs/share/bot_msgs/cmake/bot_msgs__rosidl_typesupport_cExport-noconfig.cmake
[2.925s] -- Installing: /home/mehmet/ros/install/bot_msgs/share/bot_msgs/cmake/bot_msgs__rosidl_typesupport_introspection_cppExport.cmake
[2.925s] -- Installing: /home/mehmet/ros/install/bot_msgs/share/bot_msgs/cmake/bot_msgs__rosidl_typesupport_introspection_cppExport-noconfig.cmake
[2.925s] -- Installing: /home/mehmet/ros/install/bot_msgs/share/bot_msgs/cmake/bot_msgs__rosidl_typesupport_cppExport.cmake
[2.925s] -- Installing: /home/mehmet/ros/install/bot_msgs/share/bot_msgs/cmake/bot_msgs__rosidl_typesupport_cppExport-noconfig.cmake
[2.925s] -- Installing: /home/mehmet/ros/install/bot_msgs/share/bot_msgs/cmake/export_bot_msgs__rosidl_generator_pyExport.cmake
[2.925s] -- Installing: /home/mehmet/ros/install/bot_msgs/share/bot_msgs/cmake/export_bot_msgs__rosidl_generator_pyExport-noconfig.cmake
[2.925s] -- Installing: /home/mehmet/ros/install/bot_msgs/share/bot_msgs/cmake/rosidl_cmake-extras.cmake
[2.925s] -- Installing: /home/mehmet/ros/install/bot_msgs/share/bot_msgs/cmake/ament_cmake_export_dependencies-extras.cmake
[2.925s] -- Installing: /home/mehmet/ros/install/bot_msgs/share/bot_msgs/cmake/ament_cmake_export_include_directories-extras.cmake
[2.925s] -- Installing: /home/mehmet/ros/install/bot_msgs/share/bot_msgs/cmake/ament_cmake_export_libraries-extras.cmake
[2.925s] -- Installing: /home/mehmet/ros/install/bot_msgs/share/bot_msgs/cmake/ament_cmake_export_targets-extras.cmake
[2.925s] -- Installing: /home/mehmet/ros/install/bot_msgs/share/bot_msgs/cmake/rosidl_cmake_export_typesupport_targets-extras.cmake
[2.925s] -- Installing: /home/mehmet/ros/install/bot_msgs/share/bot_msgs/cmake/rosidl_cmake_export_typesupport_libraries-extras.cmake
[2.926s] -- Installing: /home/mehmet/ros/install/bot_msgs/share/bot_msgs/cmake/bot_msgsConfig.cmake
[2.926s] -- Installing: /home/mehmet/ros/install/bot_msgs/share/bot_msgs/cmake/bot_msgsConfig-version.cmake
[2.926s] -- Installing: /home/mehmet/ros/install/bot_msgs/share/bot_msgs/package.xml
[2.928s] Invoked command in '/home/mehmet/ros/build/bot_msgs' returned '0': CMAKE_PREFIX_PATH=/home/mehmet/Downloads/agriculture/install/virtual_maize_field:/opt/ros/humble /usr/bin/cmake --install /home/mehmet/ros/build/bot_msgs
