[0.014s] Invoking command in '/home/mehmet/ros/build/bot_controller': CMAKE_PREFIX_PATH=/opt/ros/humble /usr/bin/cmake --build /home/mehmet/ros/build/bot_controller -- -j16 -l16
[0.047s] -- Found ament_cmake: 1.3.12 (/opt/ros/humble/share/ament_cmake/cmake)
[0.156s] -- Found rclpy: 3.3.19 (/opt/ros/humble/share/rclpy/cmake)
[0.156s] -- Found std_msgs: 4.9.0 (/opt/ros/humble/share/std_msgs/cmake)
[0.178s] -- Found rosidl_generator_c: 3.1.8 (/opt/ros/humble/share/rosidl_generator_c/cmake)
[0.180s] -- Found rosidl_adapter: 3.1.8 (/opt/ros/humble/share/rosidl_adapter/cmake)
[0.186s] -- Found rosidl_generator_cpp: 3.1.8 (/opt/ros/humble/share/rosidl_generator_cpp/cmake)
[0.194s] -- Using all available rosidl_typesupport_c: rosidl_typesupport_fastrtps_c;rosidl_typesupport_introspection_c
[0.204s] -- Using all available rosidl_typesupport_cpp: rosidl_typesupport_fastrtps_cpp;rosidl_typesupport_introspection_cpp
[0.222s] -- Found geometry_msgs: 4.9.0 (/opt/ros/humble/share/geometry_msgs/cmake)
[0.232s] -- Found sensor_msgs: 4.9.0 (/opt/ros/humble/share/sensor_msgs/cmake)
[0.285s] -- Found ament_lint_auto: 0.12.14 (/opt/ros/humble/share/ament_lint_auto/cmake)
[0.335s] -- Added test 'copyright' to check source files copyright and LICENSE
[0.337s] -- Added test 'flake8' to check Python code syntax and style conventions
[0.337s] -- Added test 'lint_cmake' to check CMake code style
[0.337s] -- Added test 'pep257' to check Python code against some of the docstring style conventions in PEP 257
[0.338s] -- Added test 'xmllint' to check XML markup files
[0.339s] -- Configuring done
[0.344s] -- Generating done
[0.346s] -- Build files have been written to: /home/mehmet/ros/build/bot_controller
[0.374s] Built target ament_cmake_python_copy_bot_controller
[0.520s] running egg_info
[0.521s] writing bot_controller.egg-info/PKG-INFO
[0.521s] writing dependency_links to bot_controller.egg-info/dependency_links.txt
[0.521s] writing top-level names to bot_controller.egg-info/top_level.txt
[0.522s] reading manifest file 'bot_controller.egg-info/SOURCES.txt'
[0.523s] writing manifest file 'bot_controller.egg-info/SOURCES.txt'
[0.541s] Built target ament_cmake_python_build_bot_controller_egg
[0.549s] Invoked command in '/home/mehmet/ros/build/bot_controller' returned '0': CMAKE_PREFIX_PATH=/opt/ros/humble /usr/bin/cmake --build /home/mehmet/ros/build/bot_controller -- -j16 -l16
[0.550s] Invoking command in '/home/mehmet/ros/build/bot_controller': CMAKE_PREFIX_PATH=/opt/ros/humble /usr/bin/cmake --install /home/mehmet/ros/build/bot_controller
[0.556s] -- Install configuration: ""
[0.556s] -- Up-to-date: /home/mehmet/ros/install/bot_controller/share/bot_controller/environment/pythonpath.sh
[0.556s] -- Installing: /home/mehmet/ros/install/bot_controller/share/bot_controller/environment/pythonpath.dsv
[0.556s] -- Up-to-date: /home/mehmet/ros/install/bot_controller/local/lib/python3.10/dist-packages/bot_controller-0.0.0-py3.10.egg-info
[0.556s] -- Installing: /home/mehmet/ros/install/bot_controller/local/lib/python3.10/dist-packages/bot_controller-0.0.0-py3.10.egg-info/dependency_links.txt
[0.556s] -- Installing: /home/mehmet/ros/install/bot_controller/local/lib/python3.10/dist-packages/bot_controller-0.0.0-py3.10.egg-info/PKG-INFO
[0.556s] -- Installing: /home/mehmet/ros/install/bot_controller/local/lib/python3.10/dist-packages/bot_controller-0.0.0-py3.10.egg-info/SOURCES.txt
[0.556s] -- Installing: /home/mehmet/ros/install/bot_controller/local/lib/python3.10/dist-packages/bot_controller-0.0.0-py3.10.egg-info/top_level.txt
[0.556s] -- Up-to-date: /home/mehmet/ros/install/bot_controller/local/lib/python3.10/dist-packages/bot_controller
[0.556s] -- Up-to-date: /home/mehmet/ros/install/bot_controller/local/lib/python3.10/dist-packages/bot_controller/simple_controller.py
[0.556s] -- Up-to-date: /home/mehmet/ros/install/bot_controller/local/lib/python3.10/dist-packages/bot_controller/__init__.py
[0.576s] Listing '/home/mehmet/ros/install/bot_controller/local/lib/python3.10/dist-packages/bot_controller'...
[0.578s] -- Up-to-date: /home/mehmet/ros/install/bot_controller/share/bot_controller/config
[0.579s] -- Up-to-date: /home/mehmet/ros/install/bot_controller/share/bot_controller/config/bot_controller.yaml
[0.579s] -- Up-to-date: /home/mehmet/ros/install/bot_controller/share/bot_controller/launch
[0.579s] -- Installing: /home/mehmet/ros/install/bot_controller/share/bot_controller/launch/controller.launch.py
[0.579s] -- Up-to-date: /home/mehmet/ros/install/bot_controller/lib/bot_controller/simple_controller.py
[0.579s] -- Up-to-date: /home/mehmet/ros/install/bot_controller/share/ament_index/resource_index/package_run_dependencies/bot_controller
[0.579s] -- Installing: /home/mehmet/ros/install/bot_controller/share/ament_index/resource_index/parent_prefix_path/bot_controller
[0.579s] -- Up-to-date: /home/mehmet/ros/install/bot_controller/share/bot_controller/environment/ament_prefix_path.sh
[0.579s] -- Installing: /home/mehmet/ros/install/bot_controller/share/bot_controller/environment/ament_prefix_path.dsv
[0.579s] -- Up-to-date: /home/mehmet/ros/install/bot_controller/share/bot_controller/environment/path.sh
[0.579s] -- Installing: /home/mehmet/ros/install/bot_controller/share/bot_controller/environment/path.dsv
[0.579s] -- Up-to-date: /home/mehmet/ros/install/bot_controller/share/bot_controller/local_setup.bash
[0.579s] -- Up-to-date: /home/mehmet/ros/install/bot_controller/share/bot_controller/local_setup.sh
[0.579s] -- Up-to-date: /home/mehmet/ros/install/bot_controller/share/bot_controller/local_setup.zsh
[0.579s] -- Installing: /home/mehmet/ros/install/bot_controller/share/bot_controller/local_setup.dsv
[0.580s] -- Installing: /home/mehmet/ros/install/bot_controller/share/bot_controller/package.dsv
[0.580s] -- Up-to-date: /home/mehmet/ros/install/bot_controller/share/ament_index/resource_index/packages/bot_controller
[0.580s] -- Up-to-date: /home/mehmet/ros/install/bot_controller/share/bot_controller/cmake/bot_controllerConfig.cmake
[0.580s] -- Up-to-date: /home/mehmet/ros/install/bot_controller/share/bot_controller/cmake/bot_controllerConfig-version.cmake
[0.580s] -- Installing: /home/mehmet/ros/install/bot_controller/share/bot_controller/package.xml
[0.581s] Invoked command in '/home/mehmet/ros/build/bot_controller' returned '0': CMAKE_PREFIX_PATH=/opt/ros/humble /usr/bin/cmake --install /home/mehmet/ros/build/bot_controller
