[0.009s] Invoking command in '/home/murtazam/ros2_ws/build/ros_cpp': CMAKE_PREFIX_PATH=${CMAKE_PREFIX_PATH}:/home/murtazam/ros2_ws/install/ros_python:/opt/ros/humble /usr/bin/cmake /home/murtazam/ros2_ws/src/ros_cpp -DCMAKE_INSTALL_PREFIX=/home/murtazam/ros2_ws/install/ros_cpp
[0.033s] -- The C compiler identification is GNU 11.4.0
[0.057s] -- The CXX compiler identification is GNU 11.4.0
[0.060s] -- Detecting C compiler ABI info
[0.094s] -- Detecting C compiler ABI info - done
[0.094s] -- Check for working C compiler: /usr/bin/cc - skipped
[0.094s] -- Detecting C compile features
[0.094s] -- Detecting C compile features - done
[0.094s] -- Detecting CXX compiler ABI info
[0.125s] -- Detecting CXX compiler ABI info - done
[0.128s] -- Check for working CXX compiler: /usr/bin/c++ - skipped
[0.129s] -- Detecting CXX compile features
[0.129s] -- Detecting CXX compile features - done
[0.133s] -- Found ament_cmake: 1.3.12 (/opt/ros/humble/share/ament_cmake/cmake)
[0.200s] -- Found Python3: /usr/bin/python3 (found version "3.10.12") found components: Interpreter 
[0.242s] -- Found rclcpp: 16.0.15 (/opt/ros/humble/share/rclcpp/cmake)
[0.273s] -- Found rosidl_generator_c: 3.1.7 (/opt/ros/humble/share/rosidl_generator_c/cmake)
[0.277s] -- Found rosidl_adapter: 3.1.7 (/opt/ros/humble/share/rosidl_adapter/cmake)
[0.284s] -- Found rosidl_generator_cpp: 3.1.7 (/opt/ros/humble/share/rosidl_generator_cpp/cmake)
[0.292s] -- Using all available rosidl_typesupport_c: rosidl_typesupport_fastrtps_c;rosidl_typesupport_introspection_c
[0.303s] -- Using all available rosidl_typesupport_cpp: rosidl_typesupport_fastrtps_cpp;rosidl_typesupport_introspection_cpp
[0.334s] -- Found rmw_implementation_cmake: 6.1.2 (/opt/ros/humble/share/rmw_implementation_cmake/cmake)
[0.336s] -- Found rmw_fastrtps_cpp: 6.2.8 (/opt/ros/humble/share/rmw_fastrtps_cpp/cmake)
[0.378s] -- Found OpenSSL: /usr/lib/aarch64-linux-gnu/libcrypto.so (found version "3.0.2")  
[0.393s] -- Found FastRTPS: /opt/ros/humble/include  
[0.415s] -- Using RMW implementation 'rmw_fastrtps_cpp' as default
[0.422s] -- Looking for pthread.h
[0.456s] -- Looking for pthread.h - found
[0.456s] -- Performing Test CMAKE_HAVE_LIBC_PTHREAD
[0.491s] -- Performing Test CMAKE_HAVE_LIBC_PTHREAD - Success
[0.491s] -- Found Threads: TRUE  
[0.528s] -- Found ament_lint_auto: 0.12.14 (/opt/ros/humble/share/ament_lint_auto/cmake)
[0.570s] -- Added test 'copyright' to check source files copyright and LICENSE
[0.571s] -- Added test 'cppcheck' to perform static code analysis on C / C++ code
[0.571s] -- Configured cppcheck include dirs: 
[0.571s] -- Configured cppcheck exclude dirs and/or files: 
[0.572s] -- Added test 'cpplint' to check C / C++ code against the Google style
[0.572s] -- Configured cpplint exclude dirs and/or files: 
[0.572s] -- Added test 'lint_cmake' to check CMake code style
[0.572s] -- Added test 'uncrustify' to check C / C++ code style
[0.572s] -- Configured uncrustify additional arguments: 
[0.572s] -- Added test 'xmllint' to check XML markup files
[0.573s] -- Configuring done
[0.578s] -- Generating done
[0.581s] -- Build files have been written to: /home/murtazam/ros2_ws/build/ros_cpp
[0.586s] Invoked command in '/home/murtazam/ros2_ws/build/ros_cpp' returned '0': CMAKE_PREFIX_PATH=${CMAKE_PREFIX_PATH}:/home/murtazam/ros2_ws/install/ros_python:/opt/ros/humble /usr/bin/cmake /home/murtazam/ros2_ws/src/ros_cpp -DCMAKE_INSTALL_PREFIX=/home/murtazam/ros2_ws/install/ros_cpp
[0.586s] Invoking command in '/home/murtazam/ros2_ws/build/ros_cpp': CMAKE_PREFIX_PATH=${CMAKE_PREFIX_PATH}:/home/murtazam/ros2_ws/install/ros_python:/opt/ros/humble /usr/bin/cmake --build /home/murtazam/ros2_ws/build/ros_cpp -- -j5 -l5
[0.607s] [ 25%] [32mBuilding CXX object CMakeFiles/subscriber.dir/src/subscriber.cpp.o[0m
[0.610s] [ 50%] [32mBuilding CXX object CMakeFiles/publisher.dir/src/publisher.cpp.o[0m
[2.515s] [ 75%] [32m[1mLinking CXX executable publisher[0m
[2.602s] [ 75%] Built target publisher
[3.847s] [100%] [32m[1mLinking CXX executable subscriber[0m
[4.015s] [100%] Built target subscriber
[4.019s] Invoked command in '/home/murtazam/ros2_ws/build/ros_cpp' returned '0': CMAKE_PREFIX_PATH=${CMAKE_PREFIX_PATH}:/home/murtazam/ros2_ws/install/ros_python:/opt/ros/humble /usr/bin/cmake --build /home/murtazam/ros2_ws/build/ros_cpp -- -j5 -l5
[4.020s] Invoking command in '/home/murtazam/ros2_ws/build/ros_cpp': CMAKE_PREFIX_PATH=${CMAKE_PREFIX_PATH}:/home/murtazam/ros2_ws/install/ros_python:/opt/ros/humble /usr/bin/cmake --install /home/murtazam/ros2_ws/build/ros_cpp
[4.022s] -- Install configuration: ""
[4.022s] -- Installing: /home/murtazam/ros2_ws/install/ros_cpp/lib/ros_cpp/publisher
[4.023s] -- Set runtime path of "/home/murtazam/ros2_ws/install/ros_cpp/lib/ros_cpp/publisher" to ""
[4.023s] -- Installing: /home/murtazam/ros2_ws/install/ros_cpp/lib/ros_cpp/subscriber
[4.024s] -- Set runtime path of "/home/murtazam/ros2_ws/install/ros_cpp/lib/ros_cpp/subscriber" to ""
[4.024s] -- Installing: /home/murtazam/ros2_ws/install/ros_cpp/share/ament_index/resource_index/package_run_dependencies/ros_cpp
[4.025s] -- Installing: /home/murtazam/ros2_ws/install/ros_cpp/share/ament_index/resource_index/parent_prefix_path/ros_cpp
[4.025s] -- Installing: /home/murtazam/ros2_ws/install/ros_cpp/share/ros_cpp/environment/ament_prefix_path.sh
[4.025s] -- Installing: /home/murtazam/ros2_ws/install/ros_cpp/share/ros_cpp/environment/ament_prefix_path.dsv
[4.025s] -- Installing: /home/murtazam/ros2_ws/install/ros_cpp/share/ros_cpp/environment/path.sh
[4.025s] -- Installing: /home/murtazam/ros2_ws/install/ros_cpp/share/ros_cpp/environment/path.dsv
[4.025s] -- Installing: /home/murtazam/ros2_ws/install/ros_cpp/share/ros_cpp/local_setup.bash
[4.025s] -- Installing: /home/murtazam/ros2_ws/install/ros_cpp/share/ros_cpp/local_setup.sh
[4.025s] -- Installing: /home/murtazam/ros2_ws/install/ros_cpp/share/ros_cpp/local_setup.zsh
[4.025s] -- Installing: /home/murtazam/ros2_ws/install/ros_cpp/share/ros_cpp/local_setup.dsv
[4.025s] -- Installing: /home/murtazam/ros2_ws/install/ros_cpp/share/ros_cpp/package.dsv
[4.025s] -- Installing: /home/murtazam/ros2_ws/install/ros_cpp/share/ament_index/resource_index/packages/ros_cpp
[4.025s] -- Installing: /home/murtazam/ros2_ws/install/ros_cpp/share/ros_cpp/cmake/ros_cppConfig.cmake
[4.025s] -- Installing: /home/murtazam/ros2_ws/install/ros_cpp/share/ros_cpp/cmake/ros_cppConfig-version.cmake
[4.025s] -- Installing: /home/murtazam/ros2_ws/install/ros_cpp/share/ros_cpp/package.xml
[4.026s] Invoked command in '/home/murtazam/ros2_ws/build/ros_cpp' returned '0': CMAKE_PREFIX_PATH=${CMAKE_PREFIX_PATH}:/home/murtazam/ros2_ws/install/ros_python:/opt/ros/humble /usr/bin/cmake --install /home/murtazam/ros2_ws/build/ros_cpp
