[0.011s] Invoking command in '/home/mehmet/ros/build/ros_cpp': CMAKE_PREFIX_PATH=${CMAKE_PREFIX_PATH}:/home/mehmet/ros/install/ros_python:/opt/ros/humble /usr/bin/cmake --build /home/mehmet/ros/build/ros_cpp -- -j16 -l16
[0.024s] -- Found ament_cmake: 1.3.12 (/opt/ros/humble/share/ament_cmake/cmake)
[0.096s] -- Override CMake install command with custom implementation using symlinks instead of copying resources
[0.102s] -- Found rclcpp: 16.0.15 (/opt/ros/humble/share/rclcpp/cmake)
[0.122s] -- Found rosidl_generator_c: 3.1.7 (/opt/ros/humble/share/rosidl_generator_c/cmake)
[0.123s] -- Found rosidl_adapter: 3.1.7 (/opt/ros/humble/share/rosidl_adapter/cmake)
[0.127s] -- Found rosidl_generator_cpp: 3.1.7 (/opt/ros/humble/share/rosidl_generator_cpp/cmake)
[0.134s] -- Using all available rosidl_typesupport_c: rosidl_typesupport_fastrtps_c;rosidl_typesupport_introspection_c
[0.141s] -- Using all available rosidl_typesupport_cpp: rosidl_typesupport_fastrtps_cpp;rosidl_typesupport_introspection_cpp
[0.161s] -- Found rmw_implementation_cmake: 6.1.2 (/opt/ros/humble/share/rmw_implementation_cmake/cmake)
[0.162s] -- Found rmw_fastrtps_cpp: 6.2.9 (/opt/ros/humble/share/rmw_fastrtps_cpp/cmake)
[0.229s] -- Using RMW implementation 'rmw_fastrtps_cpp' as default
[0.256s] -- Found ament_lint_auto: 0.12.14 (/opt/ros/humble/share/ament_lint_auto/cmake)
[0.295s] -- Added test 'copyright' to check source files copyright and LICENSE
[0.295s] -- Added test 'cppcheck' to perform static code analysis on C / C++ code
[0.295s] -- Configured cppcheck include dirs: 
[0.295s] -- Configured cppcheck exclude dirs and/or files: 
[0.295s] -- Added test 'cpplint' to check C / C++ code against the Google style
[0.295s] -- Configured cpplint exclude dirs and/or files: 
[0.295s] -- Added test 'lint_cmake' to check CMake code style
[0.296s] -- Added test 'uncrustify' to check C / C++ code style
[0.296s] -- Configured uncrustify additional arguments: 
[0.296s] -- Added test 'xmllint' to check XML markup files
[0.296s] -- Configuring done
[0.302s] -- Generating done
[0.304s] -- Build files have been written to: /home/mehmet/ros/build/ros_cpp
[0.323s] [35m[1mConsolidate compiler generated dependencies of target publisher[0m
[0.324s] [35m[1mConsolidate compiler generated dependencies of target subscriber[0m
[0.334s] [ 50%] Built target subscriber
[0.334s] [100%] Built target publisher
[0.342s] Invoked command in '/home/mehmet/ros/build/ros_cpp' returned '0': CMAKE_PREFIX_PATH=${CMAKE_PREFIX_PATH}:/home/mehmet/ros/install/ros_python:/opt/ros/humble /usr/bin/cmake --build /home/mehmet/ros/build/ros_cpp -- -j16 -l16
[0.343s] Invoking command in '/home/mehmet/ros/build/ros_cpp': CMAKE_PREFIX_PATH=${CMAKE_PREFIX_PATH}:/home/mehmet/ros/install/ros_python:/opt/ros/humble /usr/bin/cmake --install /home/mehmet/ros/build/ros_cpp
[0.349s] -- Install configuration: ""
[0.349s] -- Execute custom install script
[0.349s] -- Up-to-date symlink: /home/mehmet/ros/install/ros_cpp/lib/ros_cpp/publisher
[0.349s] -- Up-to-date symlink: /home/mehmet/ros/install/ros_cpp/lib/ros_cpp/subscriber
[0.349s] -- Up-to-date symlink: /home/mehmet/ros/install/ros_cpp/share/ament_index/resource_index/package_run_dependencies/ros_cpp
[0.349s] -- Up-to-date symlink: /home/mehmet/ros/install/ros_cpp/share/ament_index/resource_index/parent_prefix_path/ros_cpp
[0.349s] -- Up-to-date symlink: /home/mehmet/ros/install/ros_cpp/share/ros_cpp/environment/ament_prefix_path.sh
[0.349s] -- Up-to-date symlink: /home/mehmet/ros/install/ros_cpp/share/ros_cpp/environment/ament_prefix_path.dsv
[0.349s] -- Up-to-date symlink: /home/mehmet/ros/install/ros_cpp/share/ros_cpp/environment/path.sh
[0.349s] -- Up-to-date symlink: /home/mehmet/ros/install/ros_cpp/share/ros_cpp/environment/path.dsv
[0.349s] -- Up-to-date symlink: /home/mehmet/ros/install/ros_cpp/share/ros_cpp/local_setup.bash
[0.349s] -- Up-to-date symlink: /home/mehmet/ros/install/ros_cpp/share/ros_cpp/local_setup.sh
[0.350s] -- Up-to-date symlink: /home/mehmet/ros/install/ros_cpp/share/ros_cpp/local_setup.zsh
[0.350s] -- Up-to-date symlink: /home/mehmet/ros/install/ros_cpp/share/ros_cpp/local_setup.dsv
[0.350s] -- Symlinking: /home/mehmet/ros/install/ros_cpp/share/ros_cpp/package.dsv
[0.356s] -- Up-to-date symlink: /home/mehmet/ros/install/ros_cpp/share/ament_index/resource_index/packages/ros_cpp
[0.356s] -- Up-to-date symlink: /home/mehmet/ros/install/ros_cpp/share/ros_cpp/cmake/ros_cppConfig.cmake
[0.356s] -- Up-to-date symlink: /home/mehmet/ros/install/ros_cpp/share/ros_cpp/cmake/ros_cppConfig-version.cmake
[0.356s] -- Up-to-date symlink: /home/mehmet/ros/install/ros_cpp/share/ros_cpp/package.xml
[0.357s] Invoked command in '/home/mehmet/ros/build/ros_cpp' returned '0': CMAKE_PREFIX_PATH=${CMAKE_PREFIX_PATH}:/home/mehmet/ros/install/ros_python:/opt/ros/humble /usr/bin/cmake --install /home/mehmet/ros/build/ros_cpp
