[0.000000] (-) TimerEvent: {}
[0.000326] (-) JobUnselected: {'identifier': 'ros_cpp'}
[0.000341] (-) JobUnselected: {'identifier': 'ros_python'}
[0.000357] (bot_description) JobQueued: {'identifier': 'bot_description', 'dependencies': OrderedDict()}
[0.000366] (bot_description) JobStarted: {'identifier': 'bot_description'}
[0.003294] (bot_description) JobProgress: {'identifier': 'bot_description', 'progress': 'cmake'}
[0.003577] (bot_description) Command: {'cmd': ['/usr/bin/cmake', '/home/murtazam/ros2_ws/src/bot_description', '-DCMAKE_INSTALL_PREFIX=/home/murtazam/ros2_ws/install/bot_description'], 'cwd': '/home/murtazam/ros2_ws/build/bot_description', 'env': OrderedDict([('GJS_DEBUG_TOPICS', 'JS ERROR;JS LOG'), ('USER', 'murtazam'), ('XDG_SESSION_TYPE', 'wayland'), ('SHLVL', '1'), ('LD_LIBRARY_PATH', '/opt/ros/humble/opt/rviz_ogre_vendor/lib:/opt/ros/humble/lib/aarch64-linux-gnu:/opt/ros/humble/lib'), ('HOME', '/home/murtazam'), ('DESKTOP_SESSION', 'ubuntu'), ('GIO_LAUNCHED_DESKTOP_FILE', '/usr/share/applications/terminator.desktop'), ('ROS_PYTHON_VERSION', '3'), ('GNOME_SHELL_SESSION_MODE', 'ubuntu'), ('GTK_MODULES', 'gail:atk-bridge'), ('MANAGERPID', '1383'), ('SYSTEMD_EXEC_PID', '1492'), ('DBUS_SESSION_BUS_ADDRESS', 'unix:path=/run/user/1000/bus'), ('COLORTERM', 'truecolor'), ('TERMINATOR_DBUS_NAME', 'net.tenshu.Terminator25ef4b219e3b005583550f2b0f9f990c3'), ('GIO_LAUNCHED_DESKTOP_FILE_PID', '4357'), ('IM_CONFIG_PHASE', '1'), ('WAYLAND_DISPLAY', 'wayland-0'), ('COLCON_PREFIX_PATH', '/home/murtazam/ros2_ws/install'), ('ROS_DISTRO', 'humble'), ('LOGNAME', 'murtazam'), ('JOURNAL_STREAM', '8:26481'), ('_', '/usr/bin/colcon'), ('ROS_VERSION', '2'), ('XDG_SESSION_CLASS', 'user'), ('USERNAME', 'murtazam'), ('TERM', 'xterm-256color'), ('GNOME_DESKTOP_SESSION_ID', 'this-is-deprecated'), ('ROS_LOCALHOST_ONLY', '0'), ('PATH', '/opt/ros/humble/bin:/usr/local/sbin:/usr/local/bin:/usr/sbin:/usr/bin:/sbin:/bin:/usr/games:/usr/local/games:/snap/bin:/snap/bin'), ('SESSION_MANAGER', 'local/ubuntu-ros:@/tmp/.ICE-unix/1470,unix/ubuntu-ros:/tmp/.ICE-unix/1470'), ('INVOCATION_ID', '384fef180a9f4fe49658b68bfd104f19'), ('XDG_MENU_PREFIX', 'gnome-'), ('GNOME_SETUP_DISPLAY', ':1'), ('XDG_RUNTIME_DIR', '/run/user/1000'), ('DISPLAY', ':0'), ('TERMINATOR_DBUS_PATH', '/net/tenshu/Terminator2'), ('LANG', 'en_US.UTF-8'), ('XDG_CURRENT_DESKTOP', 'ubuntu:GNOME'), ('IBUS_DISABLE_SNOOPER', '1'), ('XMODIFIERS', '@im=ibus'), ('XDG_SESSION_DESKTOP', 'ubuntu'), ('XAUTHORITY', '/run/user/1000/.mutter-Xwaylandauth.JIL2E3'), ('SSH_AGENT_LAUNCHER', 'gnome-keyring'), ('SSH_AUTH_SOCK', '/run/user/1000/keyring/ssh'), ('AMENT_PREFIX_PATH', '/home/murtazam/ros2_ws/install/ros_python:/home/murtazam/ros2_ws/install/ros_cpp:/home/murtazam/ros2_ws/install/bot_description:/opt/ros/humble'), ('SHELL', '/bin/bash'), ('TERMINATOR_UUID', 'urn:uuid:5b4c43df-0fce-4382-8979-5efd863375c5'), ('QT_ACCESSIBILITY', '1'), ('GDMSESSION', 'ubuntu'), ('GJS_DEBUG_OUTPUT', 'stderr'), ('QT_IM_MODULE', 'ibus'), ('PWD', '/home/murtazam/ros2_ws/build/bot_description'), ('LC_ALL', 'en_US.UTF-8'), ('XDG_CONFIG_DIRS', '/etc/xdg/xdg-ubuntu:/etc/xdg'), ('XDG_DATA_DIRS', '/usr/share/ubuntu:/usr/local/share/:/usr/share/:/var/lib/snapd/desktop'), ('PYTHONPATH', '/home/murtazam/ros2_ws/install/ros_python/lib/python3.10/site-packages:/opt/ros/humble/lib/python3.10/site-packages:/opt/ros/humble/local/lib/python3.10/dist-packages'), ('COLCON', '1'), ('VTE_VERSION', '6800'), ('CMAKE_PREFIX_PATH', '/home/murtazam/ros2_ws/install/ros_cpp:/home/murtazam/ros2_ws/install/bot_description:/home/murtazam/ros2_ws/install/ros_python:/opt/ros/humble')]), 'shell': False}
[0.031475] (bot_description) StdoutLine: {'line': b'-- The C compiler identification is GNU 11.4.0\n'}
[0.055779] (bot_description) StdoutLine: {'line': b'-- The CXX compiler identification is GNU 11.4.0\n'}
[0.058772] (bot_description) StdoutLine: {'line': b'-- Detecting C compiler ABI info\n'}
[0.085242] (bot_description) StdoutLine: {'line': b'-- Detecting C compiler ABI info - done\n'}
[0.088645] (bot_description) StdoutLine: {'line': b'-- Check for working C compiler: /usr/bin/cc - skipped\n'}
[0.088799] (bot_description) StdoutLine: {'line': b'-- Detecting C compile features\n'}
[0.089021] (bot_description) StdoutLine: {'line': b'-- Detecting C compile features - done\n'}
[0.090601] (bot_description) StdoutLine: {'line': b'-- Detecting CXX compiler ABI info\n'}
[0.099865] (-) TimerEvent: {}
[0.121732] (bot_description) StdoutLine: {'line': b'-- Detecting CXX compiler ABI info - done\n'}
[0.125142] (bot_description) StdoutLine: {'line': b'-- Check for working CXX compiler: /usr/bin/c++ - skipped\n'}
[0.125324] (bot_description) StdoutLine: {'line': b'-- Detecting CXX compile features\n'}
[0.125579] (bot_description) StdoutLine: {'line': b'-- Detecting CXX compile features - done\n'}
[0.127069] (bot_description) StdoutLine: {'line': b'-- Found ament_cmake: 1.3.12 (/opt/ros/humble/share/ament_cmake/cmake)\n'}
[0.187773] (bot_description) StdoutLine: {'line': b'-- Found Python3: /usr/bin/python3 (found version "3.10.12") found components: Interpreter \n'}
[0.199940] (-) TimerEvent: {}
[0.224420] (bot_description) StdoutLine: {'line': b'-- Found ament_lint_auto: 0.12.14 (/opt/ros/humble/share/ament_lint_auto/cmake)\n'}
[0.257015] (bot_description) StdoutLine: {'line': b"-- Added test 'flake8' to check Python code syntax and style conventions\n"}
[0.257321] (bot_description) StdoutLine: {'line': b"-- Added test 'lint_cmake' to check CMake code style\n"}
[0.257554] (bot_description) StdoutLine: {'line': b"-- Added test 'pep257' to check Python code against some of the docstring style conventions in PEP 257\n"}
[0.258094] (bot_description) StdoutLine: {'line': b"-- Added test 'xmllint' to check XML markup files\n"}
[0.258595] (bot_description) StdoutLine: {'line': b'-- Configuring done\n'}
[0.259769] (bot_description) StdoutLine: {'line': b'-- Generating done\n'}
[0.260535] (bot_description) StdoutLine: {'line': b'-- Build files have been written to: /home/murtazam/ros2_ws/build/bot_description\n'}
[0.263272] (bot_description) CommandEnded: {'returncode': 0}
[0.263457] (bot_description) JobProgress: {'identifier': 'bot_description', 'progress': 'build'}
[0.263475] (bot_description) Command: {'cmd': ['/usr/bin/cmake', '--build', '/home/murtazam/ros2_ws/build/bot_description', '--', '-j5', '-l5'], 'cwd': '/home/murtazam/ros2_ws/build/bot_description', 'env': OrderedDict([('GJS_DEBUG_TOPICS', 'JS ERROR;JS LOG'), ('USER', 'murtazam'), ('XDG_SESSION_TYPE', 'wayland'), ('SHLVL', '1'), ('LD_LIBRARY_PATH', '/opt/ros/humble/opt/rviz_ogre_vendor/lib:/opt/ros/humble/lib/aarch64-linux-gnu:/opt/ros/humble/lib'), ('HOME', '/home/murtazam'), ('DESKTOP_SESSION', 'ubuntu'), ('GIO_LAUNCHED_DESKTOP_FILE', '/usr/share/applications/terminator.desktop'), ('ROS_PYTHON_VERSION', '3'), ('GNOME_SHELL_SESSION_MODE', 'ubuntu'), ('GTK_MODULES', 'gail:atk-bridge'), ('MANAGERPID', '1383'), ('SYSTEMD_EXEC_PID', '1492'), ('DBUS_SESSION_BUS_ADDRESS', 'unix:path=/run/user/1000/bus'), ('COLORTERM', 'truecolor'), ('TERMINATOR_DBUS_NAME', 'net.tenshu.Terminator25ef4b219e3b005583550f2b0f9f990c3'), ('GIO_LAUNCHED_DESKTOP_FILE_PID', '4357'), ('IM_CONFIG_PHASE', '1'), ('WAYLAND_DISPLAY', 'wayland-0'), ('COLCON_PREFIX_PATH', '/home/murtazam/ros2_ws/install'), ('ROS_DISTRO', 'humble'), ('LOGNAME', 'murtazam'), ('JOURNAL_STREAM', '8:26481'), ('_', '/usr/bin/colcon'), ('ROS_VERSION', '2'), ('XDG_SESSION_CLASS', 'user'), ('USERNAME', 'murtazam'), ('TERM', 'xterm-256color'), ('GNOME_DESKTOP_SESSION_ID', 'this-is-deprecated'), ('ROS_LOCALHOST_ONLY', '0'), ('PATH', '/opt/ros/humble/bin:/usr/local/sbin:/usr/local/bin:/usr/sbin:/usr/bin:/sbin:/bin:/usr/games:/usr/local/games:/snap/bin:/snap/bin'), ('SESSION_MANAGER', 'local/ubuntu-ros:@/tmp/.ICE-unix/1470,unix/ubuntu-ros:/tmp/.ICE-unix/1470'), ('INVOCATION_ID', '384fef180a9f4fe49658b68bfd104f19'), ('XDG_MENU_PREFIX', 'gnome-'), ('GNOME_SETUP_DISPLAY', ':1'), ('XDG_RUNTIME_DIR', '/run/user/1000'), ('DISPLAY', ':0'), ('TERMINATOR_DBUS_PATH', '/net/tenshu/Terminator2'), ('LANG', 'en_US.UTF-8'), ('XDG_CURRENT_DESKTOP', 'ubuntu:GNOME'), ('IBUS_DISABLE_SNOOPER', '1'), ('XMODIFIERS', '@im=ibus'), ('XDG_SESSION_DESKTOP', 'ubuntu'), ('XAUTHORITY', '/run/user/1000/.mutter-Xwaylandauth.JIL2E3'), ('SSH_AGENT_LAUNCHER', 'gnome-keyring'), ('SSH_AUTH_SOCK', '/run/user/1000/keyring/ssh'), ('AMENT_PREFIX_PATH', '/home/murtazam/ros2_ws/install/ros_python:/home/murtazam/ros2_ws/install/ros_cpp:/home/murtazam/ros2_ws/install/bot_description:/opt/ros/humble'), ('SHELL', '/bin/bash'), ('TERMINATOR_UUID', 'urn:uuid:5b4c43df-0fce-4382-8979-5efd863375c5'), ('QT_ACCESSIBILITY', '1'), ('GDMSESSION', 'ubuntu'), ('GJS_DEBUG_OUTPUT', 'stderr'), ('QT_IM_MODULE', 'ibus'), ('PWD', '/home/murtazam/ros2_ws/build/bot_description'), ('LC_ALL', 'en_US.UTF-8'), ('XDG_CONFIG_DIRS', '/etc/xdg/xdg-ubuntu:/etc/xdg'), ('XDG_DATA_DIRS', '/usr/share/ubuntu:/usr/local/share/:/usr/share/:/var/lib/snapd/desktop'), ('PYTHONPATH', '/home/murtazam/ros2_ws/install/ros_python/lib/python3.10/site-packages:/opt/ros/humble/lib/python3.10/site-packages:/opt/ros/humble/local/lib/python3.10/dist-packages'), ('COLCON', '1'), ('VTE_VERSION', '6800'), ('CMAKE_PREFIX_PATH', '/home/murtazam/ros2_ws/install/ros_cpp:/home/murtazam/ros2_ws/install/bot_description:/home/murtazam/ros2_ws/install/ros_python:/opt/ros/humble')]), 'shell': False}
[0.277078] (bot_description) CommandEnded: {'returncode': 0}
[0.277627] (bot_description) JobProgress: {'identifier': 'bot_description', 'progress': 'install'}
[0.280665] (bot_description) Command: {'cmd': ['/usr/bin/cmake', '--install', '/home/murtazam/ros2_ws/build/bot_description'], 'cwd': '/home/murtazam/ros2_ws/build/bot_description', 'env': OrderedDict([('GJS_DEBUG_TOPICS', 'JS ERROR;JS LOG'), ('USER', 'murtazam'), ('XDG_SESSION_TYPE', 'wayland'), ('SHLVL', '1'), ('LD_LIBRARY_PATH', '/opt/ros/humble/opt/rviz_ogre_vendor/lib:/opt/ros/humble/lib/aarch64-linux-gnu:/opt/ros/humble/lib'), ('HOME', '/home/murtazam'), ('DESKTOP_SESSION', 'ubuntu'), ('GIO_LAUNCHED_DESKTOP_FILE', '/usr/share/applications/terminator.desktop'), ('ROS_PYTHON_VERSION', '3'), ('GNOME_SHELL_SESSION_MODE', 'ubuntu'), ('GTK_MODULES', 'gail:atk-bridge'), ('MANAGERPID', '1383'), ('SYSTEMD_EXEC_PID', '1492'), ('DBUS_SESSION_BUS_ADDRESS', 'unix:path=/run/user/1000/bus'), ('COLORTERM', 'truecolor'), ('TERMINATOR_DBUS_NAME', 'net.tenshu.Terminator25ef4b219e3b005583550f2b0f9f990c3'), ('GIO_LAUNCHED_DESKTOP_FILE_PID', '4357'), ('IM_CONFIG_PHASE', '1'), ('WAYLAND_DISPLAY', 'wayland-0'), ('COLCON_PREFIX_PATH', '/home/murtazam/ros2_ws/install'), ('ROS_DISTRO', 'humble'), ('LOGNAME', 'murtazam'), ('JOURNAL_STREAM', '8:26481'), ('_', '/usr/bin/colcon'), ('ROS_VERSION', '2'), ('XDG_SESSION_CLASS', 'user'), ('USERNAME', 'murtazam'), ('TERM', 'xterm-256color'), ('GNOME_DESKTOP_SESSION_ID', 'this-is-deprecated'), ('ROS_LOCALHOST_ONLY', '0'), ('PATH', '/opt/ros/humble/bin:/usr/local/sbin:/usr/local/bin:/usr/sbin:/usr/bin:/sbin:/bin:/usr/games:/usr/local/games:/snap/bin:/snap/bin'), ('SESSION_MANAGER', 'local/ubuntu-ros:@/tmp/.ICE-unix/1470,unix/ubuntu-ros:/tmp/.ICE-unix/1470'), ('INVOCATION_ID', '384fef180a9f4fe49658b68bfd104f19'), ('XDG_MENU_PREFIX', 'gnome-'), ('GNOME_SETUP_DISPLAY', ':1'), ('XDG_RUNTIME_DIR', '/run/user/1000'), ('DISPLAY', ':0'), ('TERMINATOR_DBUS_PATH', '/net/tenshu/Terminator2'), ('LANG', 'en_US.UTF-8'), ('XDG_CURRENT_DESKTOP', 'ubuntu:GNOME'), ('IBUS_DISABLE_SNOOPER', '1'), ('XMODIFIERS', '@im=ibus'), ('XDG_SESSION_DESKTOP', 'ubuntu'), ('XAUTHORITY', '/run/user/1000/.mutter-Xwaylandauth.JIL2E3'), ('SSH_AGENT_LAUNCHER', 'gnome-keyring'), ('SSH_AUTH_SOCK', '/run/user/1000/keyring/ssh'), ('AMENT_PREFIX_PATH', '/home/murtazam/ros2_ws/install/ros_python:/home/murtazam/ros2_ws/install/ros_cpp:/home/murtazam/ros2_ws/install/bot_description:/opt/ros/humble'), ('SHELL', '/bin/bash'), ('TERMINATOR_UUID', 'urn:uuid:5b4c43df-0fce-4382-8979-5efd863375c5'), ('QT_ACCESSIBILITY', '1'), ('GDMSESSION', 'ubuntu'), ('GJS_DEBUG_OUTPUT', 'stderr'), ('QT_IM_MODULE', 'ibus'), ('PWD', '/home/murtazam/ros2_ws/build/bot_description'), ('LC_ALL', 'en_US.UTF-8'), ('XDG_CONFIG_DIRS', '/etc/xdg/xdg-ubuntu:/etc/xdg'), ('XDG_DATA_DIRS', '/usr/share/ubuntu:/usr/local/share/:/usr/share/:/var/lib/snapd/desktop'), ('PYTHONPATH', '/home/murtazam/ros2_ws/install/ros_python/lib/python3.10/site-packages:/opt/ros/humble/lib/python3.10/site-packages:/opt/ros/humble/local/lib/python3.10/dist-packages'), ('COLCON', '1'), ('VTE_VERSION', '6800'), ('CMAKE_PREFIX_PATH', '/home/murtazam/ros2_ws/install/ros_cpp:/home/murtazam/ros2_ws/install/bot_description:/home/murtazam/ros2_ws/install/ros_python:/opt/ros/humble')]), 'shell': False}
[0.283078] (bot_description) StdoutLine: {'line': b'-- Install configuration: ""\n'}
[0.283204] (bot_description) StdoutLine: {'line': b'-- Installing: /home/murtazam/ros2_ws/install/bot_description/share/bot_description/meshes\n'}
[0.283244] (bot_description) StdoutLine: {'line': b'-- Installing: /home/murtazam/ros2_ws/install/bot_description/share/bot_description/meshes/caster_front_link.STL\n'}
[0.283580] (bot_description) StdoutLine: {'line': b'-- Installing: /home/murtazam/ros2_ws/install/bot_description/share/bot_description/meshes/wheel_right_link.STL\n'}
[0.284347] (bot_description) StdoutLine: {'line': b'-- Installing: /home/murtazam/ros2_ws/install/bot_description/share/bot_description/meshes/imu_link.STL\n'}
[0.284536] (bot_description) StdoutLine: {'line': b'-- Installing: /home/murtazam/ros2_ws/install/bot_description/share/bot_description/meshes/wheel_left_link.STL\n'}
[0.285336] (bot_description) StdoutLine: {'line': b'-- Installing: /home/murtazam/ros2_ws/install/bot_description/share/bot_description/meshes/base_link.STL\n'}
[0.293598] (bot_description) StdoutLine: {'line': b'-- Installing: /home/murtazam/ros2_ws/install/bot_description/share/bot_description/meshes/caster_rear_link.STL\n'}
[0.293838] (bot_description) StdoutLine: {'line': b'-- Installing: /home/murtazam/ros2_ws/install/bot_description/share/bot_description/urdf\n'}
[0.293898] (bot_description) StdoutLine: {'line': b'-- Installing: /home/murtazam/ros2_ws/install/bot_description/share/bot_description/urdf/bot.xacro\n'}
[0.293959] (bot_description) StdoutLine: {'line': b'-- Installing: /home/murtazam/ros2_ws/install/bot_description/share/bot_description/urdf/bot.urdf\n'}
[0.294045] (bot_description) StdoutLine: {'line': b'-- Installing: /home/murtazam/ros2_ws/install/bot_description/share/bot_description/rviz_model\n'}
[0.294075] (bot_description) StdoutLine: {'line': b'-- Installing: /home/murtazam/ros2_ws/install/bot_description/share/bot_description/rviz_model/display.rviz\n'}
[0.294216] (bot_description) StdoutLine: {'line': b'-- Installing: /home/murtazam/ros2_ws/install/bot_description/share/bot_description/launch\n'}
[0.294271] (bot_description) StdoutLine: {'line': b'-- Installing: /home/murtazam/ros2_ws/install/bot_description/share/bot_description/launch/display.launch.py\n'}
[0.294354] (bot_description) StdoutLine: {'line': b'-- Installing: /home/murtazam/ros2_ws/install/bot_description/share/ament_index/resource_index/package_run_dependencies/bot_description\n'}
[0.294461] (bot_description) StdoutLine: {'line': b'-- Installing: /home/murtazam/ros2_ws/install/bot_description/share/ament_index/resource_index/parent_prefix_path/bot_description\n'}
[0.294630] (bot_description) StdoutLine: {'line': b'-- Installing: /home/murtazam/ros2_ws/install/bot_description/share/bot_description/environment/ament_prefix_path.sh\n'}
[0.294683] (bot_description) StdoutLine: {'line': b'-- Installing: /home/murtazam/ros2_ws/install/bot_description/share/bot_description/environment/ament_prefix_path.dsv\n'}
[0.294718] (bot_description) StdoutLine: {'line': b'-- Installing: /home/murtazam/ros2_ws/install/bot_description/share/bot_description/environment/path.sh\n'}
[0.294791] (bot_description) StdoutLine: {'line': b'-- Installing: /home/murtazam/ros2_ws/install/bot_description/share/bot_description/environment/path.dsv\n'}
[0.294829] (bot_description) StdoutLine: {'line': b'-- Installing: /home/murtazam/ros2_ws/install/bot_description/share/bot_description/local_setup.bash\n'}
[0.294858] (bot_description) StdoutLine: {'line': b'-- Installing: /home/murtazam/ros2_ws/install/bot_description/share/bot_description/local_setup.sh\n'}
[0.294934] (bot_description) StdoutLine: {'line': b'-- Installing: /home/murtazam/ros2_ws/install/bot_description/share/bot_description/local_setup.zsh\n'}
[0.294967] (bot_description) StdoutLine: {'line': b'-- Installing: /home/murtazam/ros2_ws/install/bot_description/share/bot_description/local_setup.dsv\n'}
[0.295043] (bot_description) StdoutLine: {'line': b'-- Installing: /home/murtazam/ros2_ws/install/bot_description/share/bot_description/package.dsv\n'}
[0.295079] (bot_description) StdoutLine: {'line': b'-- Installing: /home/murtazam/ros2_ws/install/bot_description/share/ament_index/resource_index/packages/bot_description\n'}
[0.295175] (bot_description) StdoutLine: {'line': b'-- Installing: /home/murtazam/ros2_ws/install/bot_description/share/bot_description/cmake/bot_descriptionConfig.cmake\n'}
[0.295212] (bot_description) StdoutLine: {'line': b'-- Installing: /home/murtazam/ros2_ws/install/bot_description/share/bot_description/cmake/bot_descriptionConfig-version.cmake\n'}
[0.295302] (bot_description) StdoutLine: {'line': b'-- Installing: /home/murtazam/ros2_ws/install/bot_description/share/bot_description/package.xml\n'}
[0.296091] (bot_description) CommandEnded: {'returncode': 0}
[0.300083] (-) TimerEvent: {}
[0.302903] (bot_description) JobEnded: {'identifier': 'bot_description', 'rc': 0}
[0.303326] (-) EventReactorShutdown: {}
