/home/mehmet/ros/install/ros_python/lib/python3.10/site-packages/ros_python/publisher.py
/home/mehmet/ros/install/ros_python/lib/python3.10/site-packages/ros_python/parameter.py
/home/mehmet/ros/install/ros_python/lib/python3.10/site-packages/ros_python/__init__.py
/home/mehmet/ros/install/ros_python/lib/python3.10/site-packages/ros_python/subscriber.py
/home/mehmet/ros/install/ros_python/lib/python3.10/site-packages/ros_python/__pycache__/publisher.cpython-310.pyc
/home/mehmet/ros/install/ros_python/lib/python3.10/site-packages/ros_python/__pycache__/parameter.cpython-310.pyc
/home/mehmet/ros/install/ros_python/lib/python3.10/site-packages/ros_python/__pycache__/__init__.cpython-310.pyc
/home/mehmet/ros/install/ros_python/lib/python3.10/site-packages/ros_python/__pycache__/subscriber.cpython-310.pyc
/home/mehmet/ros/install/ros_python/share/ament_index/resource_index/packages/ros_python
/home/mehmet/ros/install/ros_python/share/ros_python/package.xml
/home/mehmet/ros/install/ros_python/lib/python3.10/site-packages/ros_python-0.0.0-py3.10.egg-info/entry_points.txt
/home/mehmet/ros/install/ros_python/lib/python3.10/site-packages/ros_python-0.0.0-py3.10.egg-info/requires.txt
/home/mehmet/ros/install/ros_python/lib/python3.10/site-packages/ros_python-0.0.0-py3.10.egg-info/dependency_links.txt
/home/mehmet/ros/install/ros_python/lib/python3.10/site-packages/ros_python-0.0.0-py3.10.egg-info/zip-safe
/home/mehmet/ros/install/ros_python/lib/python3.10/site-packages/ros_python-0.0.0-py3.10.egg-info/PKG-INFO
/home/mehmet/ros/install/ros_python/lib/python3.10/site-packages/ros_python-0.0.0-py3.10.egg-info/SOURCES.txt
/home/mehmet/ros/install/ros_python/lib/python3.10/site-packages/ros_python-0.0.0-py3.10.egg-info/top_level.txt
/home/mehmet/ros/install/ros_python/lib/ros_python/parameter
/home/mehmet/ros/install/ros_python/lib/ros_python/publisher
/home/mehmet/ros/install/ros_python/lib/ros_python/subscriber
