[0.012s] Invoking command in '/home/mehmet/ros/build/bot_controller': CMAKE_PREFIX_PATH=${CMAKE_PREFIX_PATH}:/home/mehmet/ros/install/ros_python:/opt/ros/humble /usr/bin/cmake --build /home/mehmet/ros/build/bot_controller -- -j16 -l16
[0.146s] Invoked command in '/home/mehmet/ros/build/bot_controller' returned '0': CMAKE_PREFIX_PATH=${CMAKE_PREFIX_PATH}:/home/mehmet/ros/install/ros_python:/opt/ros/humble /usr/bin/cmake --build /home/mehmet/ros/build/bot_controller -- -j16 -l16
[0.154s] Invoking command in '/home/mehmet/ros/build/bot_controller': CMAKE_PREFIX_PATH=${CMAKE_PREFIX_PATH}:/home/mehmet/ros/install/ros_python:/opt/ros/humble /usr/bin/cmake --install /home/mehmet/ros/build/bot_controller
[0.159s] -- Install configuration: ""
[0.160s] -- Up-to-date: /home/mehmet/ros/install/bot_controller/share/bot_controller/config
[0.160s] -- Up-to-date: /home/mehmet/ros/install/bot_controller/share/bot_controller/config/bot_controller.yaml
[0.160s] -- Up-to-date: /home/mehmet/ros/install/bot_controller/share/bot_controller/launch
[0.160s] -- Installing: /home/mehmet/ros/install/bot_controller/share/bot_controller/launch/controller.launch.py
[0.160s] -- Up-to-date: /home/mehmet/ros/install/bot_controller/share/ament_index/resource_index/package_run_dependencies/bot_controller
[0.160s] -- Up-to-date: /home/mehmet/ros/install/bot_controller/share/ament_index/resource_index/parent_prefix_path/bot_controller
[0.160s] -- Up-to-date: /home/mehmet/ros/install/bot_controller/share/bot_controller/environment/ament_prefix_path.sh
[0.160s] -- Up-to-date: /home/mehmet/ros/install/bot_controller/share/bot_controller/environment/ament_prefix_path.dsv
[0.160s] -- Up-to-date: /home/mehmet/ros/install/bot_controller/share/bot_controller/environment/path.sh
[0.160s] -- Up-to-date: /home/mehmet/ros/install/bot_controller/share/bot_controller/environment/path.dsv
[0.160s] -- Up-to-date: /home/mehmet/ros/install/bot_controller/share/bot_controller/local_setup.bash
[0.160s] -- Up-to-date: /home/mehmet/ros/install/bot_controller/share/bot_controller/local_setup.sh
[0.160s] -- Up-to-date: /home/mehmet/ros/install/bot_controller/share/bot_controller/local_setup.zsh
[0.160s] -- Up-to-date: /home/mehmet/ros/install/bot_controller/share/bot_controller/local_setup.dsv
[0.160s] -- Up-to-date: /home/mehmet/ros/install/bot_controller/share/bot_controller/package.dsv
[0.160s] -- Up-to-date: /home/mehmet/ros/install/bot_controller/share/ament_index/resource_index/packages/bot_controller
[0.160s] -- Up-to-date: /home/mehmet/ros/install/bot_controller/share/bot_controller/cmake/bot_controllerConfig.cmake
[0.160s] -- Up-to-date: /home/mehmet/ros/install/bot_controller/share/bot_controller/cmake/bot_controllerConfig-version.cmake
[0.161s] -- Up-to-date: /home/mehmet/ros/install/bot_controller/share/bot_controller/package.xml
[0.166s] Invoked command in '/home/mehmet/ros/build/bot_controller' returned '0': CMAKE_PREFIX_PATH=${CMAKE_PREFIX_PATH}:/home/mehmet/ros/install/ros_python:/opt/ros/humble /usr/bin/cmake --install /home/mehmet/ros/build/bot_controller
