[0.007s] Invoking command in '/home/murtazam/ros2_ws/build/ros_c': /usr/bin/cmake --build /home/murtazam/ros2_ws/build/ros_c -- -j5 -l5
[0.101s] Invoked command in '/home/murtazam/ros2_ws/build/ros_c' returned '0': /usr/bin/cmake --build /home/murtazam/ros2_ws/build/ros_c -- -j5 -l5
[0.105s] Invoking command in '/home/murtazam/ros2_ws/build/ros_c': /usr/bin/cmake --install /home/murtazam/ros2_ws/build/ros_c
[0.107s] -- Install configuration: ""
[0.107s] -- Up-to-date: /home/murtazam/ros2_ws/install/ros_c/share/ament_index/resource_index/package_run_dependencies/ros_c
[0.107s] -- Up-to-date: /home/murtazam/ros2_ws/install/ros_c/share/ament_index/resource_index/parent_prefix_path/ros_c
[0.107s] -- Up-to-date: /home/murtazam/ros2_ws/install/ros_c/share/ros_c/environment/ament_prefix_path.sh
[0.107s] -- Up-to-date: /home/murtazam/ros2_ws/install/ros_c/share/ros_c/environment/ament_prefix_path.dsv
[0.107s] -- Up-to-date: /home/murtazam/ros2_ws/install/ros_c/share/ros_c/environment/path.sh
[0.107s] -- Up-to-date: /home/murtazam/ros2_ws/install/ros_c/share/ros_c/environment/path.dsv
[0.107s] -- Up-to-date: /home/murtazam/ros2_ws/install/ros_c/share/ros_c/local_setup.bash
[0.107s] -- Up-to-date: /home/murtazam/ros2_ws/install/ros_c/share/ros_c/local_setup.sh
[0.107s] -- Up-to-date: /home/murtazam/ros2_ws/install/ros_c/share/ros_c/local_setup.zsh
[0.107s] -- Up-to-date: /home/murtazam/ros2_ws/install/ros_c/share/ros_c/local_setup.dsv
[0.107s] -- Installing: /home/murtazam/ros2_ws/install/ros_c/share/ros_c/package.dsv
[0.108s] -- Up-to-date: /home/murtazam/ros2_ws/install/ros_c/share/ament_index/resource_index/packages/ros_c
[0.108s] -- Up-to-date: /home/murtazam/ros2_ws/install/ros_c/share/ros_c/cmake/ros_cConfig.cmake
[0.108s] -- Up-to-date: /home/murtazam/ros2_ws/install/ros_c/share/ros_c/cmake/ros_cConfig-version.cmake
[0.108s] -- Up-to-date: /home/murtazam/ros2_ws/install/ros_c/share/ros_c/package.xml
[0.109s] Invoked command in '/home/murtazam/ros2_ws/build/ros_c' returned '0': /usr/bin/cmake --install /home/murtazam/ros2_ws/build/ros_c
