[0.007s] Invoking command in '/home/murtazam/ros2_ws/build/ros_c': CMAKE_PREFIX_PATH=/opt/ros/humble /usr/bin/cmake /home/murtazam/ros2_ws/src/ros_c -DCMAKE_INSTALL_PREFIX=/home/murtazam/ros2_ws/install/ros_c
[0.083s] -- The C compiler identification is GNU 11.4.0
[0.144s] -- The CXX compiler identification is GNU 11.4.0
[0.151s] -- Detecting C compiler ABI info
[0.183s] -- Detecting C compiler ABI info - done
[0.186s] -- Check for working C compiler: /usr/bin/cc - skipped
[0.187s] -- Detecting C compile features
[0.187s] -- Detecting C compile features - done
[0.189s] -- Detecting CXX compiler ABI info
[0.222s] -- Detecting CXX compiler ABI info - done
[0.226s] -- Check for working CXX compiler: /usr/bin/c++ - skipped
[0.226s] -- Detecting CXX compile features
[0.227s] -- Detecting CXX compile features - done
[0.235s] -- Found ament_cmake: 1.3.12 (/opt/ros/humble/share/ament_cmake/cmake)
[0.305s] -- Found Python3: /usr/bin/python3 (found version "3.10.12") found components: Interpreter 
[0.363s] -- Found ament_lint_auto: 0.12.14 (/opt/ros/humble/share/ament_lint_auto/cmake)
[0.402s] -- Added test 'lint_cmake' to check CMake code style
[0.403s] -- Added test 'xmllint' to check XML markup files
[0.404s] -- Configuring done
[0.405s] -- Generating done
[0.405s] -- Build files have been written to: /home/murtazam/ros2_ws/build/ros_c
[0.407s] Invoked command in '/home/murtazam/ros2_ws/build/ros_c' returned '0': CMAKE_PREFIX_PATH=/opt/ros/humble /usr/bin/cmake /home/murtazam/ros2_ws/src/ros_c -DCMAKE_INSTALL_PREFIX=/home/murtazam/ros2_ws/install/ros_c
[0.408s] Invoking command in '/home/murtazam/ros2_ws/build/ros_c': CMAKE_PREFIX_PATH=/opt/ros/humble /usr/bin/cmake --build /home/murtazam/ros2_ws/build/ros_c -- -j5 -l5
[0.422s] Invoked command in '/home/murtazam/ros2_ws/build/ros_c' returned '0': CMAKE_PREFIX_PATH=/opt/ros/humble /usr/bin/cmake --build /home/murtazam/ros2_ws/build/ros_c -- -j5 -l5
[0.426s] Invoking command in '/home/murtazam/ros2_ws/build/ros_c': CMAKE_PREFIX_PATH=/opt/ros/humble /usr/bin/cmake --install /home/murtazam/ros2_ws/build/ros_c
[0.429s] -- Install configuration: ""
[0.429s] -- Installing: /home/murtazam/ros2_ws/install/ros_c/share/ament_index/resource_index/package_run_dependencies/ros_c
[0.429s] -- Installing: /home/murtazam/ros2_ws/install/ros_c/share/ament_index/resource_index/parent_prefix_path/ros_c
[0.429s] -- Installing: /home/murtazam/ros2_ws/install/ros_c/share/ros_c/environment/ament_prefix_path.sh
[0.429s] -- Installing: /home/murtazam/ros2_ws/install/ros_c/share/ros_c/environment/ament_prefix_path.dsv
[0.429s] -- Installing: /home/murtazam/ros2_ws/install/ros_c/share/ros_c/environment/path.sh
[0.429s] -- Installing: /home/murtazam/ros2_ws/install/ros_c/share/ros_c/environment/path.dsv
[0.429s] -- Installing: /home/murtazam/ros2_ws/install/ros_c/share/ros_c/local_setup.bash
[0.429s] -- Installing: /home/murtazam/ros2_ws/install/ros_c/share/ros_c/local_setup.sh
[0.429s] -- Installing: /home/murtazam/ros2_ws/install/ros_c/share/ros_c/local_setup.zsh
[0.429s] -- Installing: /home/murtazam/ros2_ws/install/ros_c/share/ros_c/local_setup.dsv
[0.429s] -- Installing: /home/murtazam/ros2_ws/install/ros_c/share/ros_c/package.dsv
[0.430s] -- Installing: /home/murtazam/ros2_ws/install/ros_c/share/ament_index/resource_index/packages/ros_c
[0.430s] -- Installing: /home/murtazam/ros2_ws/install/ros_c/share/ros_c/cmake/ros_cConfig.cmake
[0.430s] -- Installing: /home/murtazam/ros2_ws/install/ros_c/share/ros_c/cmake/ros_cConfig-version.cmake
[0.430s] -- Installing: /home/murtazam/ros2_ws/install/ros_c/share/ros_c/package.xml
[0.431s] Invoked command in '/home/murtazam/ros2_ws/build/ros_c' returned '0': CMAKE_PREFIX_PATH=/opt/ros/humble /usr/bin/cmake --install /home/murtazam/ros2_ws/build/ros_c
