[0.046s] DEBUG:colcon:Command line arguments: ['/usr/bin/colcon', 'build']
[0.046s] DEBUG:colcon:Parsed command line arguments: Namespace(log_base=None, log_level=None, verb_name='build', build_base='build', install_base='install', merge_install=False, symlink_install=False, test_result_base=None, continue_on_error=False, executor='parallel', parallel_workers=5, event_handlers=None, ignore_user_meta=False, metas=['./colcon.meta'], base_paths=['.'], packages_ignore=None, packages_ignore_regex=None, paths=None, packages_up_to=None, packages_up_to_regex=None, packages_above=None, packages_above_and_dependencies=None, packages_above_depth=None, packages_select_by_dep=None, packages_skip_by_dep=None, packages_skip_up_to=None, packages_select_build_failed=False, packages_skip_build_finished=False, packages_select_test_failures=False, packages_skip_test_passed=False, packages_select=None, packages_skip=None, packages_select_regex=None, packages_skip_regex=None, packages_start=None, packages_end=None, allow_overriding=[], cmake_args=None, cmake_target=None, cmake_target_skip_unavailable=False, cmake_clean_cache=False, cmake_clean_first=False, cmake_force_configure=False, ament_cmake_args=None, catkin_cmake_args=None, catkin_skip_building_tests=False, mixin_files=None, mixin=None, verb_parser=<colcon_mixin.mixin.mixin_argument.MixinArgumentDecorator object at 0xffff9b46ab00>, verb_extension=<colcon_core.verb.build.BuildVerb object at 0xffff9b60b790>, main=<bound method BuildVerb.main of <colcon_core.verb.build.BuildVerb object at 0xffff9b60b790>>, mixin_verb=('build',))
[0.114s] Level 1:colcon.colcon_core.package_discovery:discover_packages(colcon_meta) check parameters
[0.114s] Level 1:colcon.colcon_core.package_discovery:discover_packages(recursive) check parameters
[0.114s] Level 1:colcon.colcon_core.package_discovery:discover_packages(ignore) check parameters
[0.114s] Level 1:colcon.colcon_core.package_discovery:discover_packages(path) check parameters
[0.114s] Level 1:colcon.colcon_core.package_discovery:discover_packages(colcon_meta) discover
[0.114s] Level 1:colcon.colcon_core.package_discovery:discover_packages(recursive) discover
[0.114s] INFO:colcon.colcon_core.package_discovery:Crawling recursively for packages in '/home/murtazam/ros2_ws'
[0.114s] Level 1:colcon.colcon_core.package_identification:_identify(.) by extensions ['ignore', 'ignore_ament_install']
[0.114s] Level 1:colcon.colcon_core.package_identification:_identify(.) by extension 'ignore'
[0.114s] Level 1:colcon.colcon_core.package_identification:_identify(.) by extension 'ignore_ament_install'
[0.114s] Level 1:colcon.colcon_core.package_identification:_identify(.) by extensions ['colcon_pkg']
[0.114s] Level 1:colcon.colcon_core.package_identification:_identify(.) by extension 'colcon_pkg'
[0.114s] Level 1:colcon.colcon_core.package_identification:_identify(.) by extensions ['colcon_meta']
[0.114s] Level 1:colcon.colcon_core.package_identification:_identify(.) by extension 'colcon_meta'
[0.114s] Level 1:colcon.colcon_core.package_identification:_identify(.) by extensions ['ros']
[0.114s] Level 1:colcon.colcon_core.package_identification:_identify(.) by extension 'ros'
[0.119s] Level 1:colcon.colcon_core.package_identification:_identify(.) by extensions ['cmake', 'python']
[0.119s] Level 1:colcon.colcon_core.package_identification:_identify(.) by extension 'cmake'
[0.119s] Level 1:colcon.colcon_core.package_identification:_identify(.) by extension 'python'
[0.119s] Level 1:colcon.colcon_core.package_identification:_identify(.) by extensions ['python_setup_py']
[0.119s] Level 1:colcon.colcon_core.package_identification:_identify(.) by extension 'python_setup_py'
[0.119s] Level 1:colcon.colcon_core.package_identification:_identify(build) by extensions ['ignore', 'ignore_ament_install']
[0.119s] Level 1:colcon.colcon_core.package_identification:_identify(build) by extension 'ignore'
[0.119s] Level 1:colcon.colcon_core.package_identification:_identify(build) ignored
[0.119s] Level 1:colcon.colcon_core.package_identification:_identify(install) by extensions ['ignore', 'ignore_ament_install']
[0.119s] Level 1:colcon.colcon_core.package_identification:_identify(install) by extension 'ignore'
[0.119s] Level 1:colcon.colcon_core.package_identification:_identify(install) ignored
[0.119s] Level 1:colcon.colcon_core.package_identification:_identify(log) by extensions ['ignore', 'ignore_ament_install']
[0.119s] Level 1:colcon.colcon_core.package_identification:_identify(log) by extension 'ignore'
[0.119s] Level 1:colcon.colcon_core.package_identification:_identify(log) ignored
[0.120s] Level 1:colcon.colcon_core.package_identification:_identify(src) by extensions ['ignore', 'ignore_ament_install']
[0.120s] Level 1:colcon.colcon_core.package_identification:_identify(src) by extension 'ignore'
[0.120s] Level 1:colcon.colcon_core.package_identification:_identify(src) by extension 'ignore_ament_install'
[0.120s] Level 1:colcon.colcon_core.package_identification:_identify(src) by extensions ['colcon_pkg']
[0.120s] Level 1:colcon.colcon_core.package_identification:_identify(src) by extension 'colcon_pkg'
[0.120s] Level 1:colcon.colcon_core.package_identification:_identify(src) by extensions ['colcon_meta']
[0.120s] Level 1:colcon.colcon_core.package_identification:_identify(src) by extension 'colcon_meta'
[0.120s] Level 1:colcon.colcon_core.package_identification:_identify(src) by extensions ['ros']
[0.120s] Level 1:colcon.colcon_core.package_identification:_identify(src) by extension 'ros'
[0.120s] Level 1:colcon.colcon_core.package_identification:_identify(src) by extensions ['cmake', 'python']
[0.120s] Level 1:colcon.colcon_core.package_identification:_identify(src) by extension 'cmake'
[0.120s] Level 1:colcon.colcon_core.package_identification:_identify(src) by extension 'python'
[0.120s] Level 1:colcon.colcon_core.package_identification:_identify(src) by extensions ['python_setup_py']
[0.120s] Level 1:colcon.colcon_core.package_identification:_identify(src) by extension 'python_setup_py'
[0.120s] Level 1:colcon.colcon_core.package_identification:_identify(src/bot_description) by extensions ['ignore', 'ignore_ament_install']
[0.120s] Level 1:colcon.colcon_core.package_identification:_identify(src/bot_description) by extension 'ignore'
[0.120s] Level 1:colcon.colcon_core.package_identification:_identify(src/bot_description) by extension 'ignore_ament_install'
[0.120s] Level 1:colcon.colcon_core.package_identification:_identify(src/bot_description) by extensions ['colcon_pkg']
[0.120s] Level 1:colcon.colcon_core.package_identification:_identify(src/bot_description) by extension 'colcon_pkg'
[0.120s] Level 1:colcon.colcon_core.package_identification:_identify(src/bot_description) by extensions ['colcon_meta']
[0.120s] Level 1:colcon.colcon_core.package_identification:_identify(src/bot_description) by extension 'colcon_meta'
[0.120s] Level 1:colcon.colcon_core.package_identification:_identify(src/bot_description) by extensions ['ros']
[0.120s] Level 1:colcon.colcon_core.package_identification:_identify(src/bot_description) by extension 'ros'
[0.125s] DEBUG:colcon.colcon_core.package_identification:Package 'src/bot_description' with type 'ros.ament_cmake' and name 'bot_description'
[0.125s] Level 1:colcon.colcon_core.package_identification:_identify(src/ros_cpp) by extensions ['ignore', 'ignore_ament_install']
[0.125s] Level 1:colcon.colcon_core.package_identification:_identify(src/ros_cpp) by extension 'ignore'
[0.125s] Level 1:colcon.colcon_core.package_identification:_identify(src/ros_cpp) by extension 'ignore_ament_install'
[0.125s] Level 1:colcon.colcon_core.package_identification:_identify(src/ros_cpp) by extensions ['colcon_pkg']
[0.125s] Level 1:colcon.colcon_core.package_identification:_identify(src/ros_cpp) by extension 'colcon_pkg'
[0.125s] Level 1:colcon.colcon_core.package_identification:_identify(src/ros_cpp) by extensions ['colcon_meta']
[0.125s] Level 1:colcon.colcon_core.package_identification:_identify(src/ros_cpp) by extension 'colcon_meta'
[0.125s] Level 1:colcon.colcon_core.package_identification:_identify(src/ros_cpp) by extensions ['ros']
[0.125s] Level 1:colcon.colcon_core.package_identification:_identify(src/ros_cpp) by extension 'ros'
[0.125s] DEBUG:colcon.colcon_core.package_identification:Package 'src/ros_cpp' with type 'ros.ament_cmake' and name 'ros_cpp'
[0.125s] Level 1:colcon.colcon_core.package_identification:_identify(src/ros_python) by extensions ['ignore', 'ignore_ament_install']
[0.126s] Level 1:colcon.colcon_core.package_identification:_identify(src/ros_python) by extension 'ignore'
[0.126s] Level 1:colcon.colcon_core.package_identification:_identify(src/ros_python) by extension 'ignore_ament_install'
[0.126s] Level 1:colcon.colcon_core.package_identification:_identify(src/ros_python) by extensions ['colcon_pkg']
[0.126s] Level 1:colcon.colcon_core.package_identification:_identify(src/ros_python) by extension 'colcon_pkg'
[0.126s] Level 1:colcon.colcon_core.package_identification:_identify(src/ros_python) by extensions ['colcon_meta']
[0.126s] Level 1:colcon.colcon_core.package_identification:_identify(src/ros_python) by extension 'colcon_meta'
[0.126s] Level 1:colcon.colcon_core.package_identification:_identify(src/ros_python) by extensions ['ros']
[0.126s] Level 1:colcon.colcon_core.package_identification:_identify(src/ros_python) by extension 'ros'
[0.126s] DEBUG:colcon.colcon_core.package_identification:Package 'src/ros_python' with type 'ros.ament_python' and name 'ros_python'
[0.126s] Level 1:colcon.colcon_core.package_discovery:discover_packages(recursive) using defaults
[0.126s] Level 1:colcon.colcon_core.package_discovery:discover_packages(ignore) discover
[0.126s] Level 1:colcon.colcon_core.package_discovery:discover_packages(ignore) using defaults
[0.126s] Level 1:colcon.colcon_core.package_discovery:discover_packages(path) discover
[0.126s] Level 1:colcon.colcon_core.package_discovery:discover_packages(path) using defaults
[0.134s] Level 1:colcon.colcon_core.package_discovery:discover_packages(prefix_path) check parameters
[0.134s] Level 1:colcon.colcon_core.package_discovery:discover_packages(prefix_path) discover
[0.135s] DEBUG:colcon.colcon_installed_package_information.package_discovery:Found 3 installed packages in /home/murtazam/ros2_ws/install
[0.136s] DEBUG:colcon.colcon_installed_package_information.package_discovery:Found 359 installed packages in /opt/ros/humble
[0.136s] Level 1:colcon.colcon_core.package_discovery:discover_packages(prefix_path) using defaults
[0.156s] Level 5:colcon.colcon_core.verb:set package 'bot_description' build argument 'cmake_args' from command line to 'None'
[0.156s] Level 5:colcon.colcon_core.verb:set package 'bot_description' build argument 'cmake_target' from command line to 'None'
[0.156s] Level 5:colcon.colcon_core.verb:set package 'bot_description' build argument 'cmake_target_skip_unavailable' from command line to 'False'
[0.156s] Level 5:colcon.colcon_core.verb:set package 'bot_description' build argument 'cmake_clean_cache' from command line to 'False'
[0.156s] Level 5:colcon.colcon_core.verb:set package 'bot_description' build argument 'cmake_clean_first' from command line to 'False'
[0.156s] Level 5:colcon.colcon_core.verb:set package 'bot_description' build argument 'cmake_force_configure' from command line to 'False'
[0.156s] Level 5:colcon.colcon_core.verb:set package 'bot_description' build argument 'ament_cmake_args' from command line to 'None'
[0.156s] Level 5:colcon.colcon_core.verb:set package 'bot_description' build argument 'catkin_cmake_args' from command line to 'None'
[0.156s] Level 5:colcon.colcon_core.verb:set package 'bot_description' build argument 'catkin_skip_building_tests' from command line to 'False'
[0.156s] DEBUG:colcon.colcon_core.verb:Building package 'bot_description' with the following arguments: {'ament_cmake_args': None, 'build_base': '/home/murtazam/ros2_ws/build/bot_description', 'catkin_cmake_args': None, 'catkin_skip_building_tests': False, 'cmake_args': None, 'cmake_clean_cache': False, 'cmake_clean_first': False, 'cmake_force_configure': False, 'cmake_target': None, 'cmake_target_skip_unavailable': False, 'install_base': '/home/murtazam/ros2_ws/install/bot_description', 'merge_install': False, 'path': '/home/murtazam/ros2_ws/src/bot_description', 'symlink_install': False, 'test_result_base': None}
[0.156s] Level 5:colcon.colcon_core.verb:set package 'ros_cpp' build argument 'cmake_args' from command line to 'None'
[0.156s] Level 5:colcon.colcon_core.verb:set package 'ros_cpp' build argument 'cmake_target' from command line to 'None'
[0.156s] Level 5:colcon.colcon_core.verb:set package 'ros_cpp' build argument 'cmake_target_skip_unavailable' from command line to 'False'
[0.156s] Level 5:colcon.colcon_core.verb:set package 'ros_cpp' build argument 'cmake_clean_cache' from command line to 'False'
[0.156s] Level 5:colcon.colcon_core.verb:set package 'ros_cpp' build argument 'cmake_clean_first' from command line to 'False'
[0.156s] Level 5:colcon.colcon_core.verb:set package 'ros_cpp' build argument 'cmake_force_configure' from command line to 'False'
[0.156s] Level 5:colcon.colcon_core.verb:set package 'ros_cpp' build argument 'ament_cmake_args' from command line to 'None'
[0.156s] Level 5:colcon.colcon_core.verb:set package 'ros_cpp' build argument 'catkin_cmake_args' from command line to 'None'
[0.156s] Level 5:colcon.colcon_core.verb:set package 'ros_cpp' build argument 'catkin_skip_building_tests' from command line to 'False'
[0.156s] DEBUG:colcon.colcon_core.verb:Building package 'ros_cpp' with the following arguments: {'ament_cmake_args': None, 'build_base': '/home/murtazam/ros2_ws/build/ros_cpp', 'catkin_cmake_args': None, 'catkin_skip_building_tests': False, 'cmake_args': None, 'cmake_clean_cache': False, 'cmake_clean_first': False, 'cmake_force_configure': False, 'cmake_target': None, 'cmake_target_skip_unavailable': False, 'install_base': '/home/murtazam/ros2_ws/install/ros_cpp', 'merge_install': False, 'path': '/home/murtazam/ros2_ws/src/ros_cpp', 'symlink_install': False, 'test_result_base': None}
[0.156s] Level 5:colcon.colcon_core.verb:set package 'ros_python' build argument 'cmake_args' from command line to 'None'
[0.156s] Level 5:colcon.colcon_core.verb:set package 'ros_python' build argument 'cmake_target' from command line to 'None'
[0.156s] Level 5:colcon.colcon_core.verb:set package 'ros_python' build argument 'cmake_target_skip_unavailable' from command line to 'False'
[0.156s] Level 5:colcon.colcon_core.verb:set package 'ros_python' build argument 'cmake_clean_cache' from command line to 'False'
[0.156s] Level 5:colcon.colcon_core.verb:set package 'ros_python' build argument 'cmake_clean_first' from command line to 'False'
[0.156s] Level 5:colcon.colcon_core.verb:set package 'ros_python' build argument 'cmake_force_configure' from command line to 'False'
[0.156s] Level 5:colcon.colcon_core.verb:set package 'ros_python' build argument 'ament_cmake_args' from command line to 'None'
[0.156s] Level 5:colcon.colcon_core.verb:set package 'ros_python' build argument 'catkin_cmake_args' from command line to 'None'
[0.156s] Level 5:colcon.colcon_core.verb:set package 'ros_python' build argument 'catkin_skip_building_tests' from command line to 'False'
[0.156s] DEBUG:colcon.colcon_core.verb:Building package 'ros_python' with the following arguments: {'ament_cmake_args': None, 'build_base': '/home/murtazam/ros2_ws/build/ros_python', 'catkin_cmake_args': None, 'catkin_skip_building_tests': False, 'cmake_args': None, 'cmake_clean_cache': False, 'cmake_clean_first': False, 'cmake_force_configure': False, 'cmake_target': None, 'cmake_target_skip_unavailable': False, 'install_base': '/home/murtazam/ros2_ws/install/ros_python', 'merge_install': False, 'path': '/home/murtazam/ros2_ws/src/ros_python', 'symlink_install': False, 'test_result_base': None}
[0.156s] INFO:colcon.colcon_core.executor:Executing jobs using 'parallel' executor
[0.157s] DEBUG:colcon.colcon_parallel_executor.executor.parallel:run_until_complete
[0.157s] INFO:colcon.colcon_ros.task.ament_cmake.build:Building ROS package in '/home/murtazam/ros2_ws/src/bot_description' with build type 'ament_cmake'
[0.157s] INFO:colcon.colcon_cmake.task.cmake.build:Building CMake package in '/home/murtazam/ros2_ws/src/bot_description'
[0.158s] INFO:colcon.colcon_core.plugin_system:Skipping extension 'colcon_core.shell.bat': Not used on non-Windows systems
[0.158s] INFO:colcon.colcon_core.shell:Skip shell extension 'powershell' for command environment: Not usable outside of PowerShell
[0.158s] DEBUG:colcon.colcon_core.shell:Skip shell extension 'dsv' for command environment
[0.160s] INFO:colcon.colcon_ros.task.ament_cmake.build:Building ROS package in '/home/murtazam/ros2_ws/src/ros_cpp' with build type 'ament_cmake'
[0.160s] INFO:colcon.colcon_cmake.task.cmake.build:Building CMake package in '/home/murtazam/ros2_ws/src/ros_cpp'
[0.160s] INFO:colcon.colcon_core.shell:Skip shell extension 'powershell' for command environment: Not usable outside of PowerShell
[0.160s] DEBUG:colcon.colcon_core.shell:Skip shell extension 'dsv' for command environment
[0.161s] INFO:colcon.colcon_ros.task.ament_python.build:Building ROS package in '/home/murtazam/ros2_ws/src/ros_python' with build type 'ament_python'
[0.162s] Level 1:colcon.colcon_core.shell:create_environment_hook('ros_python', 'ament_prefix_path')
[0.162s] INFO:colcon.colcon_core.shell:Creating environment hook '/home/murtazam/ros2_ws/install/ros_python/share/ros_python/hook/ament_prefix_path.ps1'
[0.162s] INFO:colcon.colcon_core.shell:Creating environment descriptor '/home/murtazam/ros2_ws/install/ros_python/share/ros_python/hook/ament_prefix_path.dsv'
[0.162s] INFO:colcon.colcon_core.shell:Creating environment hook '/home/murtazam/ros2_ws/install/ros_python/share/ros_python/hook/ament_prefix_path.sh'
[0.163s] INFO:colcon.colcon_core.shell:Skip shell extension 'powershell' for command environment: Not usable outside of PowerShell
[0.163s] DEBUG:colcon.colcon_core.shell:Skip shell extension 'dsv' for command environment
[0.167s] DEBUG:colcon.colcon_core.event_handler.log_command:Invoking command in '/home/murtazam/ros2_ws/build/bot_description': CMAKE_PREFIX_PATH=${CMAKE_PREFIX_PATH}:/home/murtazam/ros2_ws/install/ros_python:/opt/ros/humble /usr/bin/cmake --build /home/murtazam/ros2_ws/build/bot_description -- -j5 -l5
[0.168s] DEBUG:colcon.colcon_core.event_handler.log_command:Invoking command in '/home/murtazam/ros2_ws/build/ros_cpp': CMAKE_PREFIX_PATH=${CMAKE_PREFIX_PATH}:/home/murtazam/ros2_ws/install/ros_python:/opt/ros/humble /usr/bin/cmake --build /home/murtazam/ros2_ws/build/ros_cpp -- -j5 -l5
[0.274s] INFO:colcon.colcon_core.task.python.build:Building Python package in '/home/murtazam/ros2_ws/src/ros_python'
[0.274s] INFO:colcon.colcon_core.shell:Skip shell extension 'powershell' for command environment: Not usable outside of PowerShell
[0.274s] DEBUG:colcon.colcon_core.shell:Skip shell extension 'dsv' for command environment
[0.280s] DEBUG:colcon.colcon_core.event_handler.log_command:Invoked command in '/home/murtazam/ros2_ws/build/ros_cpp' returned '0': CMAKE_PREFIX_PATH=${CMAKE_PREFIX_PATH}:/home/murtazam/ros2_ws/install/ros_python:/opt/ros/humble /usr/bin/cmake --build /home/murtazam/ros2_ws/build/ros_cpp -- -j5 -l5
[0.284s] DEBUG:colcon.colcon_core.event_handler.log_command:Invoking command in '/home/murtazam/ros2_ws/build/ros_cpp': CMAKE_PREFIX_PATH=${CMAKE_PREFIX_PATH}:/home/murtazam/ros2_ws/install/ros_python:/opt/ros/humble /usr/bin/cmake --install /home/murtazam/ros2_ws/build/ros_cpp
[0.284s] DEBUG:colcon.colcon_core.event_handler.log_command:Invoked command in '/home/murtazam/ros2_ws/build/bot_description' returned '0': CMAKE_PREFIX_PATH=${CMAKE_PREFIX_PATH}:/home/murtazam/ros2_ws/install/ros_python:/opt/ros/humble /usr/bin/cmake --build /home/murtazam/ros2_ws/build/bot_description -- -j5 -l5
[0.285s] DEBUG:colcon.colcon_core.event_handler.log_command:Invoking command in '/home/murtazam/ros2_ws/build/bot_description': CMAKE_PREFIX_PATH=${CMAKE_PREFIX_PATH}:/home/murtazam/ros2_ws/install/ros_python:/opt/ros/humble /usr/bin/cmake --install /home/murtazam/ros2_ws/build/bot_description
[0.293s] Level 1:colcon.colcon_core.environment:create_environment_scripts_only(bot_description)
[0.293s] DEBUG:colcon.colcon_core.event_handler.log_command:Invoked command in '/home/murtazam/ros2_ws/build/bot_description' returned '0': CMAKE_PREFIX_PATH=${CMAKE_PREFIX_PATH}:/home/murtazam/ros2_ws/install/ros_python:/opt/ros/humble /usr/bin/cmake --install /home/murtazam/ros2_ws/build/bot_description
[0.294s] Level 1:colcon.colcon_core.environment:checking '/home/murtazam/ros2_ws/install/bot_description' for CMake module files
[0.294s] Level 1:colcon.colcon_core.environment:checking '/home/murtazam/ros2_ws/install/bot_description' for CMake config files
[0.294s] Level 1:colcon.colcon_core.shell:create_environment_hook('bot_description', 'cmake_prefix_path')
[0.294s] INFO:colcon.colcon_core.shell:Creating environment hook '/home/murtazam/ros2_ws/install/bot_description/share/bot_description/hook/cmake_prefix_path.ps1'
[0.294s] INFO:colcon.colcon_core.shell:Creating environment descriptor '/home/murtazam/ros2_ws/install/bot_description/share/bot_description/hook/cmake_prefix_path.dsv'
[0.295s] INFO:colcon.colcon_core.shell:Creating environment hook '/home/murtazam/ros2_ws/install/bot_description/share/bot_description/hook/cmake_prefix_path.sh'
[0.295s] Level 1:colcon.colcon_core.environment:checking '/home/murtazam/ros2_ws/install/bot_description/bin'
[0.295s] Level 1:colcon.colcon_core.environment:checking '/home/murtazam/ros2_ws/install/bot_description/lib/pkgconfig/bot_description.pc'
[0.295s] Level 1:colcon.colcon_core.environment:checking '/home/murtazam/ros2_ws/install/bot_description/lib/python3.10/site-packages'
[0.295s] Level 1:colcon.colcon_core.environment:checking '/home/murtazam/ros2_ws/install/bot_description/bin'
[0.295s] INFO:colcon.colcon_core.shell:Creating package script '/home/murtazam/ros2_ws/install/bot_description/share/bot_description/package.ps1'
[0.296s] INFO:colcon.colcon_core.shell:Creating package descriptor '/home/murtazam/ros2_ws/install/bot_description/share/bot_description/package.dsv'
[0.296s] INFO:colcon.colcon_core.shell:Creating package script '/home/murtazam/ros2_ws/install/bot_description/share/bot_description/package.sh'
[0.297s] INFO:colcon.colcon_core.shell:Creating package script '/home/murtazam/ros2_ws/install/bot_description/share/bot_description/package.bash'
[0.297s] INFO:colcon.colcon_core.shell:Creating package script '/home/murtazam/ros2_ws/install/bot_description/share/bot_description/package.zsh'
[0.297s] Level 1:colcon.colcon_core.environment:create_file_with_runtime_dependencies(/home/murtazam/ros2_ws/install/bot_description/share/colcon-core/packages/bot_description)
[0.298s] Level 1:colcon.colcon_core.environment:create_environment_scripts_only(bot_description)
[0.298s] Level 1:colcon.colcon_core.environment:checking '/home/murtazam/ros2_ws/install/bot_description' for CMake module files
[0.298s] Level 1:colcon.colcon_core.environment:checking '/home/murtazam/ros2_ws/install/bot_description' for CMake config files
[0.298s] Level 1:colcon.colcon_core.shell:create_environment_hook('bot_description', 'cmake_prefix_path')
[0.298s] INFO:colcon.colcon_core.shell:Creating environment hook '/home/murtazam/ros2_ws/install/bot_description/share/bot_description/hook/cmake_prefix_path.ps1'
[0.298s] INFO:colcon.colcon_core.shell:Creating environment descriptor '/home/murtazam/ros2_ws/install/bot_description/share/bot_description/hook/cmake_prefix_path.dsv'
[0.298s] INFO:colcon.colcon_core.shell:Creating environment hook '/home/murtazam/ros2_ws/install/bot_description/share/bot_description/hook/cmake_prefix_path.sh'
[0.299s] Level 1:colcon.colcon_core.environment:checking '/home/murtazam/ros2_ws/install/bot_description/bin'
[0.299s] Level 1:colcon.colcon_core.environment:checking '/home/murtazam/ros2_ws/install/bot_description/lib/pkgconfig/bot_description.pc'
[0.299s] Level 1:colcon.colcon_core.environment:checking '/home/murtazam/ros2_ws/install/bot_description/lib/python3.10/site-packages'
[0.299s] Level 1:colcon.colcon_core.environment:checking '/home/murtazam/ros2_ws/install/bot_description/bin'
[0.299s] INFO:colcon.colcon_core.shell:Creating package script '/home/murtazam/ros2_ws/install/bot_description/share/bot_description/package.ps1'
[0.300s] INFO:colcon.colcon_core.shell:Creating package descriptor '/home/murtazam/ros2_ws/install/bot_description/share/bot_description/package.dsv'
[0.300s] INFO:colcon.colcon_core.shell:Creating package script '/home/murtazam/ros2_ws/install/bot_description/share/bot_description/package.sh'
[0.300s] INFO:colcon.colcon_core.shell:Creating package script '/home/murtazam/ros2_ws/install/bot_description/share/bot_description/package.bash'
[0.300s] INFO:colcon.colcon_core.shell:Creating package script '/home/murtazam/ros2_ws/install/bot_description/share/bot_description/package.zsh'
[0.301s] Level 1:colcon.colcon_core.environment:create_file_with_runtime_dependencies(/home/murtazam/ros2_ws/install/bot_description/share/colcon-core/packages/bot_description)
[0.301s] Level 1:colcon.colcon_core.environment:create_environment_scripts_only(ros_cpp)
[0.301s] Level 1:colcon.colcon_core.environment:checking '/home/murtazam/ros2_ws/install/ros_cpp' for CMake module files
[0.302s] DEBUG:colcon.colcon_core.event_handler.log_command:Invoked command in '/home/murtazam/ros2_ws/build/ros_cpp' returned '0': CMAKE_PREFIX_PATH=${CMAKE_PREFIX_PATH}:/home/murtazam/ros2_ws/install/ros_python:/opt/ros/humble /usr/bin/cmake --install /home/murtazam/ros2_ws/build/ros_cpp
[0.302s] Level 1:colcon.colcon_core.environment:checking '/home/murtazam/ros2_ws/install/ros_cpp' for CMake config files
[0.302s] Level 1:colcon.colcon_core.shell:create_environment_hook('ros_cpp', 'cmake_prefix_path')
[0.302s] INFO:colcon.colcon_core.shell:Creating environment hook '/home/murtazam/ros2_ws/install/ros_cpp/share/ros_cpp/hook/cmake_prefix_path.ps1'
[0.302s] INFO:colcon.colcon_core.shell:Creating environment descriptor '/home/murtazam/ros2_ws/install/ros_cpp/share/ros_cpp/hook/cmake_prefix_path.dsv'
[0.302s] INFO:colcon.colcon_core.shell:Creating environment hook '/home/murtazam/ros2_ws/install/ros_cpp/share/ros_cpp/hook/cmake_prefix_path.sh'
[0.303s] Level 1:colcon.colcon_core.environment:checking '/home/murtazam/ros2_ws/install/ros_cpp/lib'
[0.303s] Level 1:colcon.colcon_core.environment:checking '/home/murtazam/ros2_ws/install/ros_cpp/bin'
[0.303s] Level 1:colcon.colcon_core.environment:checking '/home/murtazam/ros2_ws/install/ros_cpp/lib/pkgconfig/ros_cpp.pc'
[0.303s] Level 1:colcon.colcon_core.environment:checking '/home/murtazam/ros2_ws/install/ros_cpp/lib/python3.10/site-packages'
[0.303s] Level 1:colcon.colcon_core.environment:checking '/home/murtazam/ros2_ws/install/ros_cpp/bin'
[0.303s] INFO:colcon.colcon_core.shell:Creating package script '/home/murtazam/ros2_ws/install/ros_cpp/share/ros_cpp/package.ps1'
[0.303s] INFO:colcon.colcon_core.shell:Creating package descriptor '/home/murtazam/ros2_ws/install/ros_cpp/share/ros_cpp/package.dsv'
[0.304s] INFO:colcon.colcon_core.shell:Creating package script '/home/murtazam/ros2_ws/install/ros_cpp/share/ros_cpp/package.sh'
[0.304s] INFO:colcon.colcon_core.shell:Creating package script '/home/murtazam/ros2_ws/install/ros_cpp/share/ros_cpp/package.bash'
[0.304s] INFO:colcon.colcon_core.shell:Creating package script '/home/murtazam/ros2_ws/install/ros_cpp/share/ros_cpp/package.zsh'
[0.304s] Level 1:colcon.colcon_core.environment:create_file_with_runtime_dependencies(/home/murtazam/ros2_ws/install/ros_cpp/share/colcon-core/packages/ros_cpp)
[0.304s] Level 1:colcon.colcon_core.environment:create_environment_scripts_only(ros_cpp)
[0.305s] Level 1:colcon.colcon_core.environment:checking '/home/murtazam/ros2_ws/install/ros_cpp' for CMake module files
[0.305s] Level 1:colcon.colcon_core.environment:checking '/home/murtazam/ros2_ws/install/ros_cpp' for CMake config files
[0.305s] Level 1:colcon.colcon_core.shell:create_environment_hook('ros_cpp', 'cmake_prefix_path')
[0.305s] INFO:colcon.colcon_core.shell:Creating environment hook '/home/murtazam/ros2_ws/install/ros_cpp/share/ros_cpp/hook/cmake_prefix_path.ps1'
[0.305s] INFO:colcon.colcon_core.shell:Creating environment descriptor '/home/murtazam/ros2_ws/install/ros_cpp/share/ros_cpp/hook/cmake_prefix_path.dsv'
[0.305s] INFO:colcon.colcon_core.shell:Creating environment hook '/home/murtazam/ros2_ws/install/ros_cpp/share/ros_cpp/hook/cmake_prefix_path.sh'
[0.305s] Level 1:colcon.colcon_core.environment:checking '/home/murtazam/ros2_ws/install/ros_cpp/lib'
[0.305s] Level 1:colcon.colcon_core.environment:checking '/home/murtazam/ros2_ws/install/ros_cpp/bin'
[0.305s] Level 1:colcon.colcon_core.environment:checking '/home/murtazam/ros2_ws/install/ros_cpp/lib/pkgconfig/ros_cpp.pc'
[0.306s] Level 1:colcon.colcon_core.environment:checking '/home/murtazam/ros2_ws/install/ros_cpp/lib/python3.10/site-packages'
[0.306s] Level 1:colcon.colcon_core.environment:checking '/home/murtazam/ros2_ws/install/ros_cpp/bin'
[0.306s] INFO:colcon.colcon_core.shell:Creating package script '/home/murtazam/ros2_ws/install/ros_cpp/share/ros_cpp/package.ps1'
[0.306s] INFO:colcon.colcon_core.shell:Creating package descriptor '/home/murtazam/ros2_ws/install/ros_cpp/share/ros_cpp/package.dsv'
[0.306s] INFO:colcon.colcon_core.shell:Creating package script '/home/murtazam/ros2_ws/install/ros_cpp/share/ros_cpp/package.sh'
[0.306s] INFO:colcon.colcon_core.shell:Creating package script '/home/murtazam/ros2_ws/install/ros_cpp/share/ros_cpp/package.bash'
[0.307s] INFO:colcon.colcon_core.shell:Creating package script '/home/murtazam/ros2_ws/install/ros_cpp/share/ros_cpp/package.zsh'
[0.307s] Level 1:colcon.colcon_core.environment:create_file_with_runtime_dependencies(/home/murtazam/ros2_ws/install/ros_cpp/share/colcon-core/packages/ros_cpp)
[0.427s] DEBUG:colcon.colcon_core.event_handler.log_command:Invoking command in '/home/murtazam/ros2_ws/src/ros_python': PYTHONPATH=/home/murtazam/ros2_ws/build/ros_python/prefix_override:/usr/lib/python3/dist-packages/colcon_core/task/python/colcon_distutils_commands:/home/murtazam/ros2_ws/install/ros_python/lib/python3.10/site-packages:${PYTHONPATH} /usr/bin/python3 -W ignore:setup.py install is deprecated -W ignore:easy_install command is deprecated setup.py egg_info --egg-base ../../build/ros_python build --build-base /home/murtazam/ros2_ws/build/ros_python/build install --record /home/murtazam/ros2_ws/build/ros_python/install.log --single-version-externally-managed install_data
[0.546s] Level 1:colcon.colcon_core.environment:checking '/home/murtazam/ros2_ws/install/ros_python' for CMake module files
[0.547s] Level 1:colcon.colcon_core.environment:checking '/home/murtazam/ros2_ws/install/ros_python' for CMake config files
[0.547s] DEBUG:colcon.colcon_core.event_handler.log_command:Invoked command in '/home/murtazam/ros2_ws/src/ros_python' returned '0': PYTHONPATH=/home/murtazam/ros2_ws/build/ros_python/prefix_override:/usr/lib/python3/dist-packages/colcon_core/task/python/colcon_distutils_commands:/home/murtazam/ros2_ws/install/ros_python/lib/python3.10/site-packages:${PYTHONPATH} /usr/bin/python3 -W ignore:setup.py install is deprecated -W ignore:easy_install command is deprecated setup.py egg_info --egg-base ../../build/ros_python build --build-base /home/murtazam/ros2_ws/build/ros_python/build install --record /home/murtazam/ros2_ws/build/ros_python/install.log --single-version-externally-managed install_data
[0.547s] Level 1:colcon.colcon_core.environment:checking '/home/murtazam/ros2_ws/install/ros_python/lib'
[0.547s] Level 1:colcon.colcon_core.environment:checking '/home/murtazam/ros2_ws/install/ros_python/bin'
[0.547s] Level 1:colcon.colcon_core.environment:checking '/home/murtazam/ros2_ws/install/ros_python/lib/pkgconfig/ros_python.pc'
[0.547s] Level 1:colcon.colcon_core.environment:checking '/home/murtazam/ros2_ws/install/ros_python/lib/python3.10/site-packages'
[0.547s] Level 1:colcon.colcon_core.shell:create_environment_hook('ros_python', 'pythonpath')
[0.548s] INFO:colcon.colcon_core.shell:Creating environment hook '/home/murtazam/ros2_ws/install/ros_python/share/ros_python/hook/pythonpath.ps1'
[0.548s] INFO:colcon.colcon_core.shell:Creating environment descriptor '/home/murtazam/ros2_ws/install/ros_python/share/ros_python/hook/pythonpath.dsv'
[0.548s] INFO:colcon.colcon_core.shell:Creating environment hook '/home/murtazam/ros2_ws/install/ros_python/share/ros_python/hook/pythonpath.sh'
[0.548s] Level 1:colcon.colcon_core.environment:checking '/home/murtazam/ros2_ws/install/ros_python/bin'
[0.549s] Level 1:colcon.colcon_core.environment:create_environment_scripts_only(ros_python)
[0.549s] INFO:colcon.colcon_core.shell:Creating package script '/home/murtazam/ros2_ws/install/ros_python/share/ros_python/package.ps1'
[0.549s] INFO:colcon.colcon_core.shell:Creating package descriptor '/home/murtazam/ros2_ws/install/ros_python/share/ros_python/package.dsv'
[0.549s] INFO:colcon.colcon_core.shell:Creating package script '/home/murtazam/ros2_ws/install/ros_python/share/ros_python/package.sh'
[0.549s] INFO:colcon.colcon_core.shell:Creating package script '/home/murtazam/ros2_ws/install/ros_python/share/ros_python/package.bash'
[0.549s] INFO:colcon.colcon_core.shell:Creating package script '/home/murtazam/ros2_ws/install/ros_python/share/ros_python/package.zsh'
[0.550s] Level 1:colcon.colcon_core.environment:create_file_with_runtime_dependencies(/home/murtazam/ros2_ws/install/ros_python/share/colcon-core/packages/ros_python)
[0.550s] DEBUG:colcon.colcon_parallel_executor.executor.parallel:closing loop
[0.550s] DEBUG:colcon.colcon_parallel_executor.executor.parallel:loop closed
[0.550s] DEBUG:colcon.colcon_parallel_executor.executor.parallel:run_until_complete finished with '0'
[0.550s] DEBUG:colcon.colcon_core.event_reactor:joining thread
[0.553s] INFO:colcon.colcon_core.plugin_system:Skipping extension 'colcon_notification.desktop_notification.terminal_notifier': Not used on non-Darwin systems
[0.553s] INFO:colcon.colcon_core.plugin_system:Skipping extension 'colcon_notification.desktop_notification.win32': Not used on non-Windows systems
[0.553s] INFO:colcon.colcon_notification.desktop_notification:Sending desktop notification using 'notify2'
[0.557s] DEBUG:colcon.colcon_core.event_reactor:joined thread
[0.557s] INFO:colcon.colcon_core.shell:Creating prefix script '/home/murtazam/ros2_ws/install/local_setup.ps1'
[0.558s] INFO:colcon.colcon_core.shell:Creating prefix util module '/home/murtazam/ros2_ws/install/_local_setup_util_ps1.py'
[0.558s] INFO:colcon.colcon_core.shell:Creating prefix chain script '/home/murtazam/ros2_ws/install/setup.ps1'
[0.559s] INFO:colcon.colcon_core.shell:Creating prefix script '/home/murtazam/ros2_ws/install/local_setup.sh'
[0.559s] INFO:colcon.colcon_core.shell:Creating prefix util module '/home/murtazam/ros2_ws/install/_local_setup_util_sh.py'
[0.559s] INFO:colcon.colcon_core.shell:Creating prefix chain script '/home/murtazam/ros2_ws/install/setup.sh'
[0.560s] INFO:colcon.colcon_core.shell:Creating prefix script '/home/murtazam/ros2_ws/install/local_setup.bash'
[0.560s] INFO:colcon.colcon_core.shell:Creating prefix chain script '/home/murtazam/ros2_ws/install/setup.bash'
[0.561s] INFO:colcon.colcon_core.shell:Creating prefix script '/home/murtazam/ros2_ws/install/local_setup.zsh'
[0.561s] INFO:colcon.colcon_core.shell:Creating prefix chain script '/home/murtazam/ros2_ws/install/setup.zsh'
