[0.005s] Invoking command in '/home/mehmet/ros/build/bot_msgs': CMAKE_PREFIX_PATH=/opt/ros/humble /usr/bin/cmake /home/mehmet/ros/src/bot_msgs -DCMAKE_INSTALL_PREFIX=/home/mehmet/ros/install/bot_msgs
[0.041s] -- The C compiler identification is GNU 11.4.0
[0.076s] -- The CXX compiler identification is GNU 11.4.0
[0.080s] -- Detecting C compiler ABI info
[0.124s] -- Detecting C compiler ABI info - done
[0.128s] -- Check for working C compiler: /usr/bin/cc - skipped
[0.128s] -- Detecting C compile features
[0.129s] -- Detecting C compile features - done
[0.131s] -- Detecting CXX compiler ABI info
[0.186s] -- Detecting CXX compiler ABI info - done
[0.190s] -- Check for working CXX compiler: /usr/bin/c++ - skipped
[0.190s] -- Detecting CXX compile features
[0.190s] -- Detecting CXX compile features - done
[0.192s] -- Found ament_cmake: 1.3.12 (/opt/ros/humble/share/ament_cmake/cmake)
[0.287s] -- Found Python3: /usr/bin/python3 (found version "3.10.12") found components: Interpreter 
[0.339s] -- Found std_msgs: 4.9.0 (/opt/ros/humble/share/std_msgs/cmake)
[0.364s] -- Found rosidl_generator_c: 3.1.8 (/opt/ros/humble/share/rosidl_generator_c/cmake)
[0.367s] -- Found rosidl_adapter: 3.1.8 (/opt/ros/humble/share/rosidl_adapter/cmake)
[0.373s] -- Found rosidl_generator_cpp: 3.1.8 (/opt/ros/humble/share/rosidl_generator_cpp/cmake)
[0.381s] -- Using all available rosidl_typesupport_c: rosidl_typesupport_fastrtps_c;rosidl_typesupport_introspection_c
[0.391s] -- Using all available rosidl_typesupport_cpp: rosidl_typesupport_fastrtps_cpp;rosidl_typesupport_introspection_cpp
[0.408s] -- Found rosidl_default_generators: 1.2.0 (/opt/ros/humble/share/rosidl_default_generators/cmake)
[0.573s] -- Found ament_cmake_ros: 0.10.0 (/opt/ros/humble/share/ament_cmake_ros/cmake)
[0.753s] -- Using all available rosidl_typesupport_c: rosidl_typesupport_fastrtps_c;rosidl_typesupport_introspection_c
[0.829s] -- Using all available rosidl_typesupport_cpp: rosidl_typesupport_fastrtps_cpp;rosidl_typesupport_introspection_cpp
[0.844s] -- Found PythonInterp: /usr/bin/python3 (found suitable version "3.10.12", minimum required is "3.6") 
[0.845s] -- Found python_cmake_module: 0.10.0 (/opt/ros/humble/share/python_cmake_module/cmake)
[0.861s] -- Found PythonLibs: /usr/lib/x86_64-linux-gnu/libpython3.10.so (found suitable version "3.10.12", minimum required is "3.5") 
[0.861s] -- Using PYTHON_EXECUTABLE: /usr/bin/python3
[0.861s] -- Using PYTHON_INCLUDE_DIRS: /usr/include/python3.10
[0.861s] -- Using PYTHON_LIBRARIES: /usr/lib/x86_64-linux-gnu/libpython3.10.so
[0.873s] -- Found PythonExtra: .so  
[0.892s] -- Found ament_lint_auto: 0.12.14 (/opt/ros/humble/share/ament_lint_auto/cmake)
[0.902s] -- Added test 'lint_cmake' to check CMake code style
[0.902s] -- Added test 'xmllint' to check XML markup files
[0.904s] -- Configuring done
[0.916s] -- Generating done
[0.921s] -- Build files have been written to: /home/mehmet/ros/build/bot_msgs
[0.925s] Invoked command in '/home/mehmet/ros/build/bot_msgs' returned '0': CMAKE_PREFIX_PATH=/opt/ros/humble /usr/bin/cmake /home/mehmet/ros/src/bot_msgs -DCMAKE_INSTALL_PREFIX=/home/mehmet/ros/install/bot_msgs
[0.926s] Invoking command in '/home/mehmet/ros/build/bot_msgs': CMAKE_PREFIX_PATH=/opt/ros/humble /usr/bin/cmake --build /home/mehmet/ros/build/bot_msgs -- -j16 -l16
[0.951s] [  3%] [34m[1mGenerating C code for ROS interfaces[0m
[0.957s] [  6%] [34m[1mGenerating C++ code for ROS interfaces[0m
[0.960s] [  6%] Built target ament_cmake_python_copy_bot_msgs
[1.093s] running egg_info
[1.093s] creating bot_msgs.egg-info
[1.093s] writing bot_msgs.egg-info/PKG-INFO
[1.093s] writing dependency_links to bot_msgs.egg-info/dependency_links.txt
[1.093s] writing top-level names to bot_msgs.egg-info/top_level.txt
[1.093s] writing manifest file 'bot_msgs.egg-info/SOURCES.txt'
[1.094s] reading manifest file 'bot_msgs.egg-info/SOURCES.txt'
[1.094s] writing manifest file 'bot_msgs.egg-info/SOURCES.txt'
[1.112s] [  6%] Built target ament_cmake_python_build_bot_msgs_egg
[1.118s] [  9%] [32mBuilding C object CMakeFiles/bot_msgs__rosidl_generator_c.dir/rosidl_generator_c/bot_msgs/srv/detail/add_two_ints__functions.c.o[0m
[1.121s] [  9%] Built target bot_msgs__cpp
[1.127s] [ 19%] [34m[1mGenerating C++ type support for eProsima Fast-RTPS[0m
[1.127s] [ 19%] [34m[1mGenerating C++ type support dispatch for ROS interfaces[0m
[1.127s] [ 19%] [34m[1mGenerating C++ introspection for ROS interfaces[0m
[1.167s] [ 22%] [32m[1mLinking C shared library libbot_msgs__rosidl_generator_c.so[0m
[1.194s] [ 22%] Built target bot_msgs__rosidl_generator_c
[1.200s] [ 25%] [34m[1mGenerating C type support dispatch for ROS interfaces[0m
[1.202s] [ 32%] [34m[1mGenerating C type support for eProsima Fast-RTPS[0m
[1.202s] [ 32%] [34m[1mGenerating C introspection for ROS interfaces[0m
[1.286s] [ 35%] [32mBuilding CXX object CMakeFiles/bot_msgs__rosidl_typesupport_cpp.dir/rosidl_typesupport_cpp/bot_msgs/srv/add_two_ints__type_support.cpp.o[0m
[1.309s] [ 38%] [32mBuilding CXX object CMakeFiles/bot_msgs__rosidl_typesupport_introspection_cpp.dir/rosidl_typesupport_introspection_cpp/bot_msgs/srv/detail/add_two_ints__type_support.cpp.o[0m
[1.312s] [ 41%] [32mBuilding CXX object CMakeFiles/bot_msgs__rosidl_typesupport_fastrtps_cpp.dir/rosidl_typesupport_fastrtps_cpp/bot_msgs/srv/detail/dds_fastrtps/add_two_ints__type_support.cpp.o[0m
[1.373s] [ 45%] [32mBuilding CXX object CMakeFiles/bot_msgs__rosidl_typesupport_c.dir/rosidl_typesupport_c/bot_msgs/srv/add_two_ints__type_support.cpp.o[0m
[1.398s] [ 48%] [32mBuilding C object CMakeFiles/bot_msgs__rosidl_typesupport_introspection_c.dir/rosidl_typesupport_introspection_c/bot_msgs/srv/detail/add_two_ints__type_support.c.o[0m
[1.400s] [ 51%] [32m[1mLinking CXX shared library libbot_msgs__rosidl_typesupport_c.so[0m
[1.406s] [ 54%] [32mBuilding CXX object CMakeFiles/bot_msgs__rosidl_typesupport_fastrtps_c.dir/rosidl_typesupport_fastrtps_c/bot_msgs/srv/detail/add_two_ints__type_support_c.cpp.o[0m
[1.425s] [ 58%] [32m[1mLinking C shared library libbot_msgs__rosidl_typesupport_introspection_c.so[0m
[1.432s] [ 58%] Built target bot_msgs__rosidl_typesupport_c
[1.449s] [ 58%] Built target bot_msgs__rosidl_typesupport_introspection_c
[1.479s] [ 61%] [32m[1mLinking CXX shared library libbot_msgs__rosidl_typesupport_cpp.so[0m
[1.507s] [ 61%] Built target bot_msgs__rosidl_typesupport_cpp
[1.545s] [ 64%] [32m[1mLinking CXX shared library libbot_msgs__rosidl_typesupport_introspection_cpp.so[0m
[1.561s] [ 67%] [32m[1mLinking CXX shared library libbot_msgs__rosidl_typesupport_fastrtps_cpp.so[0m
[1.573s] [ 67%] Built target bot_msgs__rosidl_typesupport_introspection_cpp
[1.602s] [ 70%] [32m[1mLinking CXX shared library libbot_msgs__rosidl_typesupport_fastrtps_c.so[0m
[1.608s] [ 70%] Built target bot_msgs__rosidl_typesupport_fastrtps_cpp
[1.650s] [ 70%] Built target bot_msgs__rosidl_typesupport_fastrtps_c
[1.662s] [ 70%] Built target bot_msgs
[1.674s] [ 74%] [34m[1mGenerating Python code for ROS interfaces[0m
[1.872s] [ 74%] Built target bot_msgs__py
[1.885s] [ 77%] [32mBuilding C object CMakeFiles/bot_msgs__rosidl_generator_py.dir/rosidl_generator_py/bot_msgs/srv/_add_two_ints_s.c.o[0m
[1.962s] [ 80%] [32m[1mLinking C shared library rosidl_generator_py/bot_msgs/libbot_msgs__rosidl_generator_py.so[0m
[1.990s] [ 80%] Built target bot_msgs__rosidl_generator_py
[2.001s] [ 83%] [32mBuilding C object CMakeFiles/bot_msgs__rosidl_typesupport_c__pyext.dir/rosidl_generator_py/bot_msgs/_bot_msgs_s.ep.rosidl_typesupport_c.c.o[0m
[2.002s] [ 87%] [32mBuilding C object CMakeFiles/bot_msgs__rosidl_typesupport_introspection_c__pyext.dir/rosidl_generator_py/bot_msgs/_bot_msgs_s.ep.rosidl_typesupport_introspection_c.c.o[0m
[2.003s] [ 90%] [32mBuilding C object CMakeFiles/bot_msgs__rosidl_typesupport_fastrtps_c__pyext.dir/rosidl_generator_py/bot_msgs/_bot_msgs_s.ep.rosidl_typesupport_fastrtps_c.c.o[0m
[2.056s] [ 93%] [32m[1mLinking C shared library rosidl_generator_py/bot_msgs/bot_msgs_s__rosidl_typesupport_c.cpython-310-x86_64-linux-gnu.so[0m
[2.058s] [ 96%] [32m[1mLinking C shared library rosidl_generator_py/bot_msgs/bot_msgs_s__rosidl_typesupport_fastrtps_c.cpython-310-x86_64-linux-gnu.so[0m
[2.058s] [100%] [32m[1mLinking C shared library rosidl_generator_py/bot_msgs/bot_msgs_s__rosidl_typesupport_introspection_c.cpython-310-x86_64-linux-gnu.so[0m
[2.075s] [100%] Built target bot_msgs__rosidl_typesupport_c__pyext
[2.079s] [100%] Built target bot_msgs__rosidl_typesupport_fastrtps_c__pyext
[2.080s] [100%] Built target bot_msgs__rosidl_typesupport_introspection_c__pyext
[2.087s] Invoked command in '/home/mehmet/ros/build/bot_msgs' returned '0': CMAKE_PREFIX_PATH=/opt/ros/humble /usr/bin/cmake --build /home/mehmet/ros/build/bot_msgs -- -j16 -l16
[2.093s] Invoking command in '/home/mehmet/ros/build/bot_msgs': CMAKE_PREFIX_PATH=/opt/ros/humble /usr/bin/cmake --install /home/mehmet/ros/build/bot_msgs
[2.097s] -- Install configuration: ""
[2.097s] -- Installing: /home/mehmet/ros/install/bot_msgs/share/ament_index/resource_index/rosidl_interfaces/bot_msgs
[2.097s] -- Installing: /home/mehmet/ros/install/bot_msgs/include/bot_msgs/bot_msgs
[2.097s] -- Installing: /home/mehmet/ros/install/bot_msgs/include/bot_msgs/bot_msgs/srv
[2.097s] -- Installing: /home/mehmet/ros/install/bot_msgs/include/bot_msgs/bot_msgs/srv/add_two_ints.h
[2.097s] -- Installing: /home/mehmet/ros/install/bot_msgs/include/bot_msgs/bot_msgs/srv/detail
[2.098s] -- Installing: /home/mehmet/ros/install/bot_msgs/include/bot_msgs/bot_msgs/srv/detail/add_two_ints__functions.h
[2.098s] -- Installing: /home/mehmet/ros/install/bot_msgs/include/bot_msgs/bot_msgs/srv/detail/add_two_ints__type_support.h
[2.098s] -- Installing: /home/mehmet/ros/install/bot_msgs/include/bot_msgs/bot_msgs/srv/detail/add_two_ints__functions.c
[2.098s] -- Installing: /home/mehmet/ros/install/bot_msgs/include/bot_msgs/bot_msgs/srv/detail/add_two_ints__struct.h
[2.098s] -- Installing: /home/mehmet/ros/install/bot_msgs/include/bot_msgs/bot_msgs/msg
[2.098s] -- Installing: /home/mehmet/ros/install/bot_msgs/include/bot_msgs/bot_msgs/msg/rosidl_generator_c__visibility_control.h
[2.098s] -- Installing: /home/mehmet/ros/install/bot_msgs/share/bot_msgs/environment/library_path.sh
[2.098s] -- Installing: /home/mehmet/ros/install/bot_msgs/share/bot_msgs/environment/library_path.dsv
[2.098s] -- Installing: /home/mehmet/ros/install/bot_msgs/lib/libbot_msgs__rosidl_generator_c.so
[2.098s] -- Set runtime path of "/home/mehmet/ros/install/bot_msgs/lib/libbot_msgs__rosidl_generator_c.so" to ""
[2.098s] -- Up-to-date: /home/mehmet/ros/install/bot_msgs/include/bot_msgs/bot_msgs
[2.098s] -- Up-to-date: /home/mehmet/ros/install/bot_msgs/include/bot_msgs/bot_msgs/srv
[2.098s] -- Up-to-date: /home/mehmet/ros/install/bot_msgs/include/bot_msgs/bot_msgs/srv/detail
[2.098s] -- Installing: /home/mehmet/ros/install/bot_msgs/include/bot_msgs/bot_msgs/srv/detail/add_two_ints__rosidl_typesupport_fastrtps_c.h
[2.098s] -- Up-to-date: /home/mehmet/ros/install/bot_msgs/include/bot_msgs/bot_msgs/msg
[2.098s] -- Installing: /home/mehmet/ros/install/bot_msgs/include/bot_msgs/bot_msgs/msg/rosidl_typesupport_fastrtps_c__visibility_control.h
[2.098s] -- Installing: /home/mehmet/ros/install/bot_msgs/lib/libbot_msgs__rosidl_typesupport_fastrtps_c.so
[2.098s] -- Set runtime path of "/home/mehmet/ros/install/bot_msgs/lib/libbot_msgs__rosidl_typesupport_fastrtps_c.so" to ""
[2.098s] -- Up-to-date: /home/mehmet/ros/install/bot_msgs/include/bot_msgs/bot_msgs
[2.098s] -- Up-to-date: /home/mehmet/ros/install/bot_msgs/include/bot_msgs/bot_msgs/srv
[2.098s] -- Up-to-date: /home/mehmet/ros/install/bot_msgs/include/bot_msgs/bot_msgs/srv/detail
[2.098s] -- Installing: /home/mehmet/ros/install/bot_msgs/include/bot_msgs/bot_msgs/srv/detail/add_two_ints__struct.hpp
[2.098s] -- Installing: /home/mehmet/ros/install/bot_msgs/include/bot_msgs/bot_msgs/srv/detail/add_two_ints__traits.hpp
[2.099s] -- Installing: /home/mehmet/ros/install/bot_msgs/include/bot_msgs/bot_msgs/srv/detail/add_two_ints__builder.hpp
[2.099s] -- Installing: /home/mehmet/ros/install/bot_msgs/include/bot_msgs/bot_msgs/srv/detail/add_two_ints__type_support.hpp
[2.099s] -- Installing: /home/mehmet/ros/install/bot_msgs/include/bot_msgs/bot_msgs/srv/add_two_ints.hpp
[2.099s] -- Up-to-date: /home/mehmet/ros/install/bot_msgs/include/bot_msgs/bot_msgs/msg
[2.099s] -- Installing: /home/mehmet/ros/install/bot_msgs/include/bot_msgs/bot_msgs/msg/rosidl_generator_cpp__visibility_control.hpp
[2.099s] -- Up-to-date: /home/mehmet/ros/install/bot_msgs/include/bot_msgs/bot_msgs
[2.099s] -- Up-to-date: /home/mehmet/ros/install/bot_msgs/include/bot_msgs/bot_msgs/srv
[2.099s] -- Up-to-date: /home/mehmet/ros/install/bot_msgs/include/bot_msgs/bot_msgs/srv/detail
[2.099s] -- Installing: /home/mehmet/ros/install/bot_msgs/include/bot_msgs/bot_msgs/srv/detail/dds_fastrtps
[2.099s] -- Installing: /home/mehmet/ros/install/bot_msgs/include/bot_msgs/bot_msgs/srv/detail/add_two_ints__rosidl_typesupport_fastrtps_cpp.hpp
[2.099s] -- Up-to-date: /home/mehmet/ros/install/bot_msgs/include/bot_msgs/bot_msgs/msg
[2.099s] -- Installing: /home/mehmet/ros/install/bot_msgs/include/bot_msgs/bot_msgs/msg/rosidl_typesupport_fastrtps_cpp__visibility_control.h
[2.099s] -- Installing: /home/mehmet/ros/install/bot_msgs/lib/libbot_msgs__rosidl_typesupport_fastrtps_cpp.so
[2.099s] -- Set runtime path of "/home/mehmet/ros/install/bot_msgs/lib/libbot_msgs__rosidl_typesupport_fastrtps_cpp.so" to ""
[2.099s] -- Up-to-date: /home/mehmet/ros/install/bot_msgs/include/bot_msgs/bot_msgs
[2.099s] -- Up-to-date: /home/mehmet/ros/install/bot_msgs/include/bot_msgs/bot_msgs/srv
[2.099s] -- Up-to-date: /home/mehmet/ros/install/bot_msgs/include/bot_msgs/bot_msgs/srv/detail
[2.099s] -- Installing: /home/mehmet/ros/install/bot_msgs/include/bot_msgs/bot_msgs/srv/detail/add_two_ints__rosidl_typesupport_introspection_c.h
[2.099s] -- Installing: /home/mehmet/ros/install/bot_msgs/include/bot_msgs/bot_msgs/srv/detail/add_two_ints__type_support.c
[2.099s] -- Up-to-date: /home/mehmet/ros/install/bot_msgs/include/bot_msgs/bot_msgs/msg
[2.099s] -- Installing: /home/mehmet/ros/install/bot_msgs/include/bot_msgs/bot_msgs/msg/rosidl_typesupport_introspection_c__visibility_control.h
[2.099s] -- Installing: /home/mehmet/ros/install/bot_msgs/lib/libbot_msgs__rosidl_typesupport_introspection_c.so
[2.099s] -- Set runtime path of "/home/mehmet/ros/install/bot_msgs/lib/libbot_msgs__rosidl_typesupport_introspection_c.so" to ""
[2.099s] -- Installing: /home/mehmet/ros/install/bot_msgs/lib/libbot_msgs__rosidl_typesupport_c.so
[2.099s] -- Set runtime path of "/home/mehmet/ros/install/bot_msgs/lib/libbot_msgs__rosidl_typesupport_c.so" to ""
[2.099s] -- Up-to-date: /home/mehmet/ros/install/bot_msgs/include/bot_msgs/bot_msgs
[2.099s] -- Up-to-date: /home/mehmet/ros/install/bot_msgs/include/bot_msgs/bot_msgs/srv
[2.100s] -- Up-to-date: /home/mehmet/ros/install/bot_msgs/include/bot_msgs/bot_msgs/srv/detail
[2.100s] -- Installing: /home/mehmet/ros/install/bot_msgs/include/bot_msgs/bot_msgs/srv/detail/add_two_ints__rosidl_typesupport_introspection_cpp.hpp
[2.100s] -- Installing: /home/mehmet/ros/install/bot_msgs/include/bot_msgs/bot_msgs/srv/detail/add_two_ints__type_support.cpp
[2.100s] -- Installing: /home/mehmet/ros/install/bot_msgs/lib/libbot_msgs__rosidl_typesupport_introspection_cpp.so
[2.100s] -- Set runtime path of "/home/mehmet/ros/install/bot_msgs/lib/libbot_msgs__rosidl_typesupport_introspection_cpp.so" to ""
[2.100s] -- Installing: /home/mehmet/ros/install/bot_msgs/lib/libbot_msgs__rosidl_typesupport_cpp.so
[2.100s] -- Set runtime path of "/home/mehmet/ros/install/bot_msgs/lib/libbot_msgs__rosidl_typesupport_cpp.so" to ""
[2.100s] -- Installing: /home/mehmet/ros/install/bot_msgs/share/bot_msgs/environment/pythonpath.sh
[2.100s] -- Installing: /home/mehmet/ros/install/bot_msgs/share/bot_msgs/environment/pythonpath.dsv
[2.100s] -- Installing: /home/mehmet/ros/install/bot_msgs/local/lib/python3.10/dist-packages/bot_msgs-0.0.0-py3.10.egg-info
[2.100s] -- Installing: /home/mehmet/ros/install/bot_msgs/local/lib/python3.10/dist-packages/bot_msgs-0.0.0-py3.10.egg-info/dependency_links.txt
[2.100s] -- Installing: /home/mehmet/ros/install/bot_msgs/local/lib/python3.10/dist-packages/bot_msgs-0.0.0-py3.10.egg-info/PKG-INFO
[2.100s] -- Installing: /home/mehmet/ros/install/bot_msgs/local/lib/python3.10/dist-packages/bot_msgs-0.0.0-py3.10.egg-info/SOURCES.txt
[2.100s] -- Installing: /home/mehmet/ros/install/bot_msgs/local/lib/python3.10/dist-packages/bot_msgs-0.0.0-py3.10.egg-info/top_level.txt
[2.100s] -- Installing: /home/mehmet/ros/install/bot_msgs/local/lib/python3.10/dist-packages/bot_msgs
[2.100s] -- Installing: /home/mehmet/ros/install/bot_msgs/local/lib/python3.10/dist-packages/bot_msgs/srv
[2.100s] -- Installing: /home/mehmet/ros/install/bot_msgs/local/lib/python3.10/dist-packages/bot_msgs/srv/__init__.py
[2.101s] -- Installing: /home/mehmet/ros/install/bot_msgs/local/lib/python3.10/dist-packages/bot_msgs/srv/_add_two_ints.py
[2.101s] -- Installing: /home/mehmet/ros/install/bot_msgs/local/lib/python3.10/dist-packages/bot_msgs/srv/_add_two_ints_s.c
[2.101s] -- Installing: /home/mehmet/ros/install/bot_msgs/local/lib/python3.10/dist-packages/bot_msgs/bot_msgs_s__rosidl_typesupport_introspection_c.cpython-310-x86_64-linux-gnu.so
[2.101s] -- Installing: /home/mehmet/ros/install/bot_msgs/local/lib/python3.10/dist-packages/bot_msgs/libbot_msgs__rosidl_generator_py.so
[2.101s] -- Installing: /home/mehmet/ros/install/bot_msgs/local/lib/python3.10/dist-packages/bot_msgs/__init__.py
[2.101s] -- Installing: /home/mehmet/ros/install/bot_msgs/local/lib/python3.10/dist-packages/bot_msgs/_bot_msgs_s.ep.rosidl_typesupport_c.c
[2.101s] -- Installing: /home/mehmet/ros/install/bot_msgs/local/lib/python3.10/dist-packages/bot_msgs/bot_msgs_s__rosidl_typesupport_c.cpython-310-x86_64-linux-gnu.so
[2.101s] -- Installing: /home/mehmet/ros/install/bot_msgs/local/lib/python3.10/dist-packages/bot_msgs/_bot_msgs_s.ep.rosidl_typesupport_introspection_c.c
[2.101s] -- Installing: /home/mehmet/ros/install/bot_msgs/local/lib/python3.10/dist-packages/bot_msgs/bot_msgs_s__rosidl_typesupport_fastrtps_c.cpython-310-x86_64-linux-gnu.so
[2.101s] -- Installing: /home/mehmet/ros/install/bot_msgs/local/lib/python3.10/dist-packages/bot_msgs/_bot_msgs_s.ep.rosidl_typesupport_fastrtps_c.c
[2.122s] Listing '/home/mehmet/ros/install/bot_msgs/local/lib/python3.10/dist-packages/bot_msgs'...
[2.122s] Compiling '/home/mehmet/ros/install/bot_msgs/local/lib/python3.10/dist-packages/bot_msgs/__init__.py'...
[2.122s] Listing '/home/mehmet/ros/install/bot_msgs/local/lib/python3.10/dist-packages/bot_msgs/srv'...
[2.122s] Compiling '/home/mehmet/ros/install/bot_msgs/local/lib/python3.10/dist-packages/bot_msgs/srv/__init__.py'...
[2.122s] Compiling '/home/mehmet/ros/install/bot_msgs/local/lib/python3.10/dist-packages/bot_msgs/srv/_add_two_ints.py'...
[2.124s] -- Installing: /home/mehmet/ros/install/bot_msgs/local/lib/python3.10/dist-packages/bot_msgs/bot_msgs_s__rosidl_typesupport_fastrtps_c.cpython-310-x86_64-linux-gnu.so
[2.124s] -- Set runtime path of "/home/mehmet/ros/install/bot_msgs/local/lib/python3.10/dist-packages/bot_msgs/bot_msgs_s__rosidl_typesupport_fastrtps_c.cpython-310-x86_64-linux-gnu.so" to ""
[2.124s] -- Installing: /home/mehmet/ros/install/bot_msgs/local/lib/python3.10/dist-packages/bot_msgs/bot_msgs_s__rosidl_typesupport_introspection_c.cpython-310-x86_64-linux-gnu.so
[2.125s] -- Set runtime path of "/home/mehmet/ros/install/bot_msgs/local/lib/python3.10/dist-packages/bot_msgs/bot_msgs_s__rosidl_typesupport_introspection_c.cpython-310-x86_64-linux-gnu.so" to ""
[2.125s] -- Installing: /home/mehmet/ros/install/bot_msgs/local/lib/python3.10/dist-packages/bot_msgs/bot_msgs_s__rosidl_typesupport_c.cpython-310-x86_64-linux-gnu.so
[2.125s] -- Set runtime path of "/home/mehmet/ros/install/bot_msgs/local/lib/python3.10/dist-packages/bot_msgs/bot_msgs_s__rosidl_typesupport_c.cpython-310-x86_64-linux-gnu.so" to ""
[2.125s] -- Installing: /home/mehmet/ros/install/bot_msgs/lib/libbot_msgs__rosidl_generator_py.so
[2.125s] -- Set runtime path of "/home/mehmet/ros/install/bot_msgs/lib/libbot_msgs__rosidl_generator_py.so" to ""
[2.125s] -- Installing: /home/mehmet/ros/install/bot_msgs/share/bot_msgs/srv/AddTwoInts.idl
[2.125s] -- Installing: /home/mehmet/ros/install/bot_msgs/share/bot_msgs/srv/AddTwoInts.srv
[2.125s] -- Installing: /home/mehmet/ros/install/bot_msgs/share/bot_msgs/srv/AddTwoInts_Request.msg
[2.125s] -- Installing: /home/mehmet/ros/install/bot_msgs/share/bot_msgs/srv/AddTwoInts_Response.msg
[2.125s] -- Installing: /home/mehmet/ros/install/bot_msgs/share/ament_index/resource_index/package_run_dependencies/bot_msgs
[2.125s] -- Installing: /home/mehmet/ros/install/bot_msgs/share/ament_index/resource_index/parent_prefix_path/bot_msgs
[2.125s] -- Installing: /home/mehmet/ros/install/bot_msgs/share/bot_msgs/environment/ament_prefix_path.sh
[2.126s] -- Installing: /home/mehmet/ros/install/bot_msgs/share/bot_msgs/environment/ament_prefix_path.dsv
[2.126s] -- Installing: /home/mehmet/ros/install/bot_msgs/share/bot_msgs/environment/path.sh
[2.126s] -- Installing: /home/mehmet/ros/install/bot_msgs/share/bot_msgs/environment/path.dsv
[2.126s] -- Installing: /home/mehmet/ros/install/bot_msgs/share/bot_msgs/local_setup.bash
[2.126s] -- Installing: /home/mehmet/ros/install/bot_msgs/share/bot_msgs/local_setup.sh
[2.126s] -- Installing: /home/mehmet/ros/install/bot_msgs/share/bot_msgs/local_setup.zsh
[2.126s] -- Installing: /home/mehmet/ros/install/bot_msgs/share/bot_msgs/local_setup.dsv
[2.126s] -- Installing: /home/mehmet/ros/install/bot_msgs/share/bot_msgs/package.dsv
[2.126s] -- Installing: /home/mehmet/ros/install/bot_msgs/share/ament_index/resource_index/packages/bot_msgs
[2.126s] -- Installing: /home/mehmet/ros/install/bot_msgs/share/bot_msgs/cmake/export_bot_msgs__rosidl_generator_cExport.cmake
[2.126s] -- Installing: /home/mehmet/ros/install/bot_msgs/share/bot_msgs/cmake/export_bot_msgs__rosidl_generator_cExport-noconfig.cmake
[2.126s] -- Installing: /home/mehmet/ros/install/bot_msgs/share/bot_msgs/cmake/export_bot_msgs__rosidl_typesupport_fastrtps_cExport.cmake
[2.126s] -- Installing: /home/mehmet/ros/install/bot_msgs/share/bot_msgs/cmake/export_bot_msgs__rosidl_typesupport_fastrtps_cExport-noconfig.cmake
[2.126s] -- Installing: /home/mehmet/ros/install/bot_msgs/share/bot_msgs/cmake/export_bot_msgs__rosidl_generator_cppExport.cmake
[2.127s] -- Installing: /home/mehmet/ros/install/bot_msgs/share/bot_msgs/cmake/export_bot_msgs__rosidl_typesupport_fastrtps_cppExport.cmake
[2.127s] -- Installing: /home/mehmet/ros/install/bot_msgs/share/bot_msgs/cmake/export_bot_msgs__rosidl_typesupport_fastrtps_cppExport-noconfig.cmake
[2.127s] -- Installing: /home/mehmet/ros/install/bot_msgs/share/bot_msgs/cmake/bot_msgs__rosidl_typesupport_introspection_cExport.cmake
[2.127s] -- Installing: /home/mehmet/ros/install/bot_msgs/share/bot_msgs/cmake/bot_msgs__rosidl_typesupport_introspection_cExport-noconfig.cmake
[2.127s] -- Installing: /home/mehmet/ros/install/bot_msgs/share/bot_msgs/cmake/bot_msgs__rosidl_typesupport_cExport.cmake
[2.127s] -- Installing: /home/mehmet/ros/install/bot_msgs/share/bot_msgs/cmake/bot_msgs__rosidl_typesupport_cExport-noconfig.cmake
[2.127s] -- Installing: /home/mehmet/ros/install/bot_msgs/share/bot_msgs/cmake/bot_msgs__rosidl_typesupport_introspection_cppExport.cmake
[2.127s] -- Installing: /home/mehmet/ros/install/bot_msgs/share/bot_msgs/cmake/bot_msgs__rosidl_typesupport_introspection_cppExport-noconfig.cmake
[2.127s] -- Installing: /home/mehmet/ros/install/bot_msgs/share/bot_msgs/cmake/bot_msgs__rosidl_typesupport_cppExport.cmake
[2.127s] -- Installing: /home/mehmet/ros/install/bot_msgs/share/bot_msgs/cmake/bot_msgs__rosidl_typesupport_cppExport-noconfig.cmake
[2.127s] -- Installing: /home/mehmet/ros/install/bot_msgs/share/bot_msgs/cmake/export_bot_msgs__rosidl_generator_pyExport.cmake
[2.127s] -- Installing: /home/mehmet/ros/install/bot_msgs/share/bot_msgs/cmake/export_bot_msgs__rosidl_generator_pyExport-noconfig.cmake
[2.127s] -- Installing: /home/mehmet/ros/install/bot_msgs/share/bot_msgs/cmake/rosidl_cmake-extras.cmake
[2.127s] -- Installing: /home/mehmet/ros/install/bot_msgs/share/bot_msgs/cmake/ament_cmake_export_include_directories-extras.cmake
[2.127s] -- Installing: /home/mehmet/ros/install/bot_msgs/share/bot_msgs/cmake/ament_cmake_export_libraries-extras.cmake
[2.127s] -- Installing: /home/mehmet/ros/install/bot_msgs/share/bot_msgs/cmake/ament_cmake_export_targets-extras.cmake
[2.128s] -- Installing: /home/mehmet/ros/install/bot_msgs/share/bot_msgs/cmake/rosidl_cmake_export_typesupport_targets-extras.cmake
[2.128s] -- Installing: /home/mehmet/ros/install/bot_msgs/share/bot_msgs/cmake/ament_cmake_export_dependencies-extras.cmake
[2.128s] -- Installing: /home/mehmet/ros/install/bot_msgs/share/bot_msgs/cmake/rosidl_cmake_export_typesupport_libraries-extras.cmake
[2.128s] -- Installing: /home/mehmet/ros/install/bot_msgs/share/bot_msgs/cmake/bot_msgsConfig.cmake
[2.128s] -- Installing: /home/mehmet/ros/install/bot_msgs/share/bot_msgs/cmake/bot_msgsConfig-version.cmake
[2.128s] -- Installing: /home/mehmet/ros/install/bot_msgs/share/bot_msgs/package.xml
[2.129s] Invoked command in '/home/mehmet/ros/build/bot_msgs' returned '0': CMAKE_PREFIX_PATH=/opt/ros/humble /usr/bin/cmake --install /home/mehmet/ros/build/bot_msgs
