running egg_info
writing ../../build/ros_python/ros_python.egg-info/PKG-INFO
writing dependency_links to ../../build/ros_python/ros_python.egg-info/dependency_links.txt
writing entry points to ../../build/ros_python/ros_python.egg-info/entry_points.txt
writing requirements to ../../build/ros_python/ros_python.egg-info/requires.txt
writing top-level names to ../../build/ros_python/ros_python.egg-info/top_level.txt
reading manifest file '../../build/ros_python/ros_python.egg-info/SOURCES.txt'
writing manifest file '../../build/ros_python/ros_python.egg-info/SOURCES.txt'
running build
running build_py
copying ros_python/turtlesim.py -> /home/mehmet/ros/build/ros_python/build/lib/ros_python
running install
running install_lib
copying /home/mehmet/ros/build/ros_python/build/lib/ros_python/turtlesim.py -> /home/mehmet/ros/install/ros_python/lib/python3.10/site-packages/ros_python
byte-compiling /home/mehmet/ros/install/ros_python/lib/python3.10/site-packages/ros_python/turtlesim.py to turtlesim.cpython-310.pyc
running install_data
copying package.xml -> /home/mehmet/ros/install/ros_python/share/ros_python
running install_egg_info
removing '/home/mehmet/ros/install/ros_python/lib/python3.10/site-packages/ros_python-0.0.0-py3.10.egg-info' (and everything under it)
Copying ../../build/ros_python/ros_python.egg-info to /home/mehmet/ros/install/ros_python/lib/python3.10/site-packages/ros_python-0.0.0-py3.10.egg-info
running install_scripts
Installing parameter = ros_python.parameter:mainturtle_sim_kinematics script to /home/mehmet/ros/install/ros_python/lib/ros_python
Installing publisher script to /home/mehmet/ros/install/ros_python/lib/ros_python
Installing subscriber script to /home/mehmet/ros/install/ros_python/lib/ros_python
writing list of installed files to '/home/mehmet/ros/build/ros_python/install.log'
