[0.016s] Invoking command in '/home/mehmet/ros/build/bot_description': CMAKE_PREFIX_PATH=/opt/ros/humble /usr/bin/cmake /home/mehmet/ros/src/bot_description -DCMAKE_INSTALL_PREFIX=/home/mehmet/ros/install/bot_description
[0.072s] -- The C compiler identification is GNU 11.4.0
[0.133s] -- The CXX compiler identification is GNU 11.4.0
[0.142s] -- Detecting C compiler ABI info
[0.218s] -- Detecting C compiler ABI info - done
[0.227s] -- Check for working C compiler: /usr/bin/cc - skipped
[0.227s] -- Detecting C compile features
[0.228s] -- Detecting C compile features - done
[0.231s] -- Detecting CXX compiler ABI info
[0.320s] -- Detecting CXX compiler ABI info - done
[0.329s] -- Check for working CXX compiler: /usr/bin/c++ - skipped
[0.329s] -- Detecting CXX compile features
[0.330s] -- Detecting CXX compile features - done
[0.332s] -- Found ament_cmake: 1.3.12 (/opt/ros/humble/share/ament_cmake/cmake)
[0.522s] -- Found Python3: /usr/bin/python3 (found version "3.10.12") found components: Interpreter 
[0.647s] -- Found ament_lint_auto: 0.12.14 (/opt/ros/humble/share/ament_lint_auto/cmake)
[0.752s] -- Added test 'flake8' to check Python code syntax and style conventions
[0.753s] -- Added test 'lint_cmake' to check CMake code style
[0.753s] -- Added test 'pep257' to check Python code against some of the docstring style conventions in PEP 257
[0.755s] -- Added test 'xmllint' to check XML markup files
[0.757s] -- Configuring done
[0.759s] -- Generating done
[0.761s] -- Build files have been written to: /home/mehmet/ros/build/bot_description
[0.767s] Invoked command in '/home/mehmet/ros/build/bot_description' returned '0': CMAKE_PREFIX_PATH=/opt/ros/humble /usr/bin/cmake /home/mehmet/ros/src/bot_description -DCMAKE_INSTALL_PREFIX=/home/mehmet/ros/install/bot_description
[0.770s] Invoking command in '/home/mehmet/ros/build/bot_description': CMAKE_PREFIX_PATH=/opt/ros/humble /usr/bin/cmake --build /home/mehmet/ros/build/bot_description -- -j16 -l16
[0.819s] Invoked command in '/home/mehmet/ros/build/bot_description' returned '0': CMAKE_PREFIX_PATH=/opt/ros/humble /usr/bin/cmake --build /home/mehmet/ros/build/bot_description -- -j16 -l16
[0.832s] Invoking command in '/home/mehmet/ros/build/bot_description': CMAKE_PREFIX_PATH=/opt/ros/humble /usr/bin/cmake --install /home/mehmet/ros/build/bot_description
[0.842s] -- Install configuration: ""
[0.842s] -- Installing: /home/mehmet/ros/install/bot_description/share/bot_description/meshes
[0.842s] -- Installing: /home/mehmet/ros/install/bot_description/share/bot_description/meshes/can.STL
[0.843s] -- Installing: /home/mehmet/ros/install/bot_description/share/bot_description/meshes/base_link.STL
[0.858s] -- Installing: /home/mehmet/ros/install/bot_description/share/bot_description/meshes/imu_link.STL
[0.858s] -- Installing: /home/mehmet/ros/install/bot_description/share/bot_description/meshes/wheel_left_link.STL
[0.859s] -- Installing: /home/mehmet/ros/install/bot_description/share/bot_description/meshes/caster_front_link.STL
[0.860s] -- Installing: /home/mehmet/ros/install/bot_description/share/bot_description/meshes/caster_rear_link.STL
[0.860s] -- Installing: /home/mehmet/ros/install/bot_description/share/bot_description/meshes/wheel_right_link.STL
[0.861s] -- Installing: /home/mehmet/ros/install/bot_description/share/bot_description/urdf
[0.861s] -- Installing: /home/mehmet/ros/install/bot_description/share/bot_description/urdf/bot.xacro
[0.861s] -- Installing: /home/mehmet/ros/install/bot_description/share/bot_description/urdf/bot.urdf
[0.862s] -- Installing: /home/mehmet/ros/install/bot_description/share/bot_description/urdf/bot_control.xacro
[0.862s] -- Installing: /home/mehmet/ros/install/bot_description/share/bot_description/urdf/bot_gazebo.xacro
[0.862s] -- Installing: /home/mehmet/ros/install/bot_description/share/bot_description/rviz_model
[0.862s] -- Installing: /home/mehmet/ros/install/bot_description/share/bot_description/rviz_model/display.rviz
[0.862s] -- Installing: /home/mehmet/ros/install/bot_description/share/bot_description/launch
[0.862s] -- Installing: /home/mehmet/ros/install/bot_description/share/bot_description/launch/gazebo.launch.py
[0.862s] -- Installing: /home/mehmet/ros/install/bot_description/share/bot_description/launch/display.launch.py
[0.862s] -- Installing: /home/mehmet/ros/install/bot_description/share/ament_index/resource_index/package_run_dependencies/bot_description
[0.862s] -- Installing: /home/mehmet/ros/install/bot_description/share/ament_index/resource_index/parent_prefix_path/bot_description
[0.862s] -- Installing: /home/mehmet/ros/install/bot_description/share/bot_description/environment/ament_prefix_path.sh
[0.862s] -- Installing: /home/mehmet/ros/install/bot_description/share/bot_description/environment/ament_prefix_path.dsv
[0.863s] -- Installing: /home/mehmet/ros/install/bot_description/share/bot_description/environment/path.sh
[0.863s] -- Installing: /home/mehmet/ros/install/bot_description/share/bot_description/environment/path.dsv
[0.863s] -- Installing: /home/mehmet/ros/install/bot_description/share/bot_description/local_setup.bash
[0.863s] -- Installing: /home/mehmet/ros/install/bot_description/share/bot_description/local_setup.sh
[0.863s] -- Installing: /home/mehmet/ros/install/bot_description/share/bot_description/local_setup.zsh
[0.863s] -- Installing: /home/mehmet/ros/install/bot_description/share/bot_description/local_setup.dsv
[0.863s] -- Installing: /home/mehmet/ros/install/bot_description/share/bot_description/package.dsv
[0.863s] -- Installing: /home/mehmet/ros/install/bot_description/share/ament_index/resource_index/packages/bot_description
[0.863s] -- Installing: /home/mehmet/ros/install/bot_description/share/bot_description/cmake/bot_descriptionConfig.cmake
[0.863s] -- Installing: /home/mehmet/ros/install/bot_description/share/bot_description/cmake/bot_descriptionConfig-version.cmake
[0.864s] -- Installing: /home/mehmet/ros/install/bot_description/share/bot_description/package.xml
[0.866s] Invoked command in '/home/mehmet/ros/build/bot_description' returned '0': CMAKE_PREFIX_PATH=/opt/ros/humble /usr/bin/cmake --install /home/mehmet/ros/build/bot_description
