running develop
running egg_info
creating ros_python.egg-info
writing ros_python.egg-info/PKG-INFO
writing dependency_links to ros_python.egg-info/dependency_links.txt
writing entry points to ros_python.egg-info/entry_points.txt
writing requirements to ros_python.egg-info/requires.txt
writing top-level names to ros_python.egg-info/top_level.txt
writing manifest file 'ros_python.egg-info/SOURCES.txt'
reading manifest file 'ros_python.egg-info/SOURCES.txt'
writing manifest file 'ros_python.egg-info/SOURCES.txt'
running build_ext
Creating /home/mehmet/ros/install/ros_python/lib/python3.10/site-packages/ros-python.egg-link (link to .)
Installing parameter script to /home/mehmet/ros/install/ros_python/lib/ros_python
Installing publisher script to /home/mehmet/ros/install/ros_python/lib/ros_python
Installing subscriber script to /home/mehmet/ros/install/ros_python/lib/ros_python

Installed /home/mehmet/ros/build/ros_python
running symlink_data
creating /home/mehmet/ros/install/ros_python/share/ament_index
creating /home/mehmet/ros/install/ros_python/share/ament_index/resource_index
creating /home/mehmet/ros/install/ros_python/share/ament_index/resource_index/packages
symbolically linking /home/mehmet/ros/build/ros_python/resource/ros_python -> /home/mehmet/ros/install/ros_python/share/ament_index/resource_index/packages
symbolically linking /home/mehmet/ros/build/ros_python/package.xml -> /home/mehmet/ros/install/ros_python/share/ros_python
