[0.344s] Invoking command in '/home/mehmet/ros/build/ros_python': PYTHONPATH=/home/mehmet/ros/build/ros_python/prefix_override:/usr/lib/python3/dist-packages/colcon_core/task/python/colcon_distutils_commands:/home/mehmet/ros/install/ros_python/lib/python3.10/site-packages:${PYTHONPATH} /usr/bin/python3 -W ignore:setup.py install is deprecated -W ignore:easy_install command is deprecated setup.py develop --editable --build-directory /home/mehmet/ros/build/ros_python/build --no-deps symlink_data
[0.478s] running develop
[0.547s] running egg_info
[0.547s] creating ros_python.egg-info
[0.547s] writing ros_python.egg-info/PKG-INFO
[0.548s] writing dependency_links to ros_python.egg-info/dependency_links.txt
[0.548s] writing entry points to ros_python.egg-info/entry_points.txt
[0.548s] writing requirements to ros_python.egg-info/requires.txt
[0.548s] writing top-level names to ros_python.egg-info/top_level.txt
[0.548s] writing manifest file 'ros_python.egg-info/SOURCES.txt'
[0.549s] reading manifest file 'ros_python.egg-info/SOURCES.txt'
[0.549s] writing manifest file 'ros_python.egg-info/SOURCES.txt'
[0.550s] running build_ext
[0.550s] Creating /home/mehmet/ros/install/ros_python/lib/python3.10/site-packages/ros-python.egg-link (link to .)
[0.550s] Installing parameter script to /home/mehmet/ros/install/ros_python/lib/ros_python
[0.550s] Installing publisher script to /home/mehmet/ros/install/ros_python/lib/ros_python
[0.550s] Installing subscriber script to /home/mehmet/ros/install/ros_python/lib/ros_python
[0.550s] 
[0.550s] Installed /home/mehmet/ros/build/ros_python
[0.551s] running symlink_data
[0.551s] creating /home/mehmet/ros/install/ros_python/share/ament_index
[0.551s] creating /home/mehmet/ros/install/ros_python/share/ament_index/resource_index
[0.551s] creating /home/mehmet/ros/install/ros_python/share/ament_index/resource_index/packages
[0.551s] symbolically linking /home/mehmet/ros/build/ros_python/resource/ros_python -> /home/mehmet/ros/install/ros_python/share/ament_index/resource_index/packages
[0.551s] symbolically linking /home/mehmet/ros/build/ros_python/package.xml -> /home/mehmet/ros/install/ros_python/share/ros_python
[0.567s] Invoked command in '/home/mehmet/ros/build/ros_python' returned '0': PYTHONPATH=/home/mehmet/ros/build/ros_python/prefix_override:/usr/lib/python3/dist-packages/colcon_core/task/python/colcon_distutils_commands:/home/mehmet/ros/install/ros_python/lib/python3.10/site-packages:${PYTHONPATH} /usr/bin/python3 -W ignore:setup.py install is deprecated -W ignore:easy_install command is deprecated setup.py develop --editable --build-directory /home/mehmet/ros/build/ros_python/build --no-deps symlink_data
