[0.010s] Invoking command in '/home/mehmet/ros/build/controller': CMAKE_PREFIX_PATH=${CMAKE_PREFIX_PATH}:/home/mehmet/ros/install/ros_python:/opt/ros/humble /usr/bin/cmake --build /home/mehmet/ros/build/controller -- -j16 -l16
[0.148s] Invoked command in '/home/mehmet/ros/build/controller' returned '0': CMAKE_PREFIX_PATH=${CMAKE_PREFIX_PATH}:/home/mehmet/ros/install/ros_python:/opt/ros/humble /usr/bin/cmake --build /home/mehmet/ros/build/controller -- -j16 -l16
[0.149s] Invoking command in '/home/mehmet/ros/build/controller': CMAKE_PREFIX_PATH=${CMAKE_PREFIX_PATH}:/home/mehmet/ros/install/ros_python:/opt/ros/humble /usr/bin/cmake --install /home/mehmet/ros/build/controller
[0.153s] -- Install configuration: ""
[0.153s] -- Execute custom install script
[0.153s] -- Up-to-date symlink: /home/mehmet/ros/install/controller/share/ament_index/resource_index/package_run_dependencies/controller
[0.153s] -- Up-to-date symlink: /home/mehmet/ros/install/controller/share/ament_index/resource_index/parent_prefix_path/controller
[0.154s] -- Up-to-date symlink: /home/mehmet/ros/install/controller/share/controller/environment/ament_prefix_path.sh
[0.154s] -- Up-to-date symlink: /home/mehmet/ros/install/controller/share/controller/environment/ament_prefix_path.dsv
[0.154s] -- Up-to-date symlink: /home/mehmet/ros/install/controller/share/controller/environment/path.sh
[0.154s] -- Up-to-date symlink: /home/mehmet/ros/install/controller/share/controller/environment/path.dsv
[0.155s] -- Up-to-date symlink: /home/mehmet/ros/install/controller/share/controller/local_setup.bash
[0.155s] -- Up-to-date symlink: /home/mehmet/ros/install/controller/share/controller/local_setup.sh
[0.155s] -- Up-to-date symlink: /home/mehmet/ros/install/controller/share/controller/local_setup.zsh
[0.155s] -- Up-to-date symlink: /home/mehmet/ros/install/controller/share/controller/local_setup.dsv
[0.155s] -- Symlinking: /home/mehmet/ros/install/controller/share/controller/package.dsv
[0.159s] -- Up-to-date symlink: /home/mehmet/ros/install/controller/share/ament_index/resource_index/packages/controller
[0.159s] -- Up-to-date symlink: /home/mehmet/ros/install/controller/share/controller/cmake/controllerConfig.cmake
[0.159s] -- Up-to-date symlink: /home/mehmet/ros/install/controller/share/controller/cmake/controllerConfig-version.cmake
[0.159s] -- Up-to-date symlink: /home/mehmet/ros/install/controller/share/controller/package.xml
[0.160s] Invoked command in '/home/mehmet/ros/build/controller' returned '0': CMAKE_PREFIX_PATH=${CMAKE_PREFIX_PATH}:/home/mehmet/ros/install/ros_python:/opt/ros/humble /usr/bin/cmake --install /home/mehmet/ros/build/controller
