[0.339s] Invoking command in '/home/murtazam/ros2_ws/src/ros_python': PYTHONPATH=/home/murtazam/ros2_ws/build/ros_python/prefix_override:/usr/lib/python3/dist-packages/colcon_core/task/python/colcon_distutils_commands:/home/murtazam/ros2_ws/install/ros_python/lib/python3.10/site-packages:${PYTHONPATH} /usr/bin/python3 -W ignore:setup.py install is deprecated -W ignore:easy_install command is deprecated setup.py egg_info --egg-base ../../build/ros_python build --build-base /home/murtazam/ros2_ws/build/ros_python/build install --record /home/murtazam/ros2_ws/build/ros_python/install.log --single-version-externally-managed install_data
[0.442s] running egg_info
[0.442s] creating ../../build/ros_python/ros_python.egg-info
[0.442s] writing ../../build/ros_python/ros_python.egg-info/PKG-INFO
[0.442s] writing dependency_links to ../../build/ros_python/ros_python.egg-info/dependency_links.txt
[0.442s] writing entry points to ../../build/ros_python/ros_python.egg-info/entry_points.txt
[0.442s] writing requirements to ../../build/ros_python/ros_python.egg-info/requires.txt
[0.442s] writing top-level names to ../../build/ros_python/ros_python.egg-info/top_level.txt
[0.442s] writing manifest file '../../build/ros_python/ros_python.egg-info/SOURCES.txt'
[0.443s] reading manifest file '../../build/ros_python/ros_python.egg-info/SOURCES.txt'
[0.443s] writing manifest file '../../build/ros_python/ros_python.egg-info/SOURCES.txt'
[0.443s] running build
[0.443s] running build_py
[0.443s] creating /home/murtazam/ros2_ws/build/ros_python/build
[0.444s] creating /home/murtazam/ros2_ws/build/ros_python/build/lib
[0.444s] creating /home/murtazam/ros2_ws/build/ros_python/build/lib/ros_python
[0.444s] copying ros_python/__init__.py -> /home/murtazam/ros2_ws/build/ros_python/build/lib/ros_python
[0.444s] running install
[0.444s] running install_lib
[0.444s] creating /home/murtazam/ros2_ws/install/ros_python/lib/python3.10/site-packages/ros_python
[0.444s] copying /home/murtazam/ros2_ws/build/ros_python/build/lib/ros_python/__init__.py -> /home/murtazam/ros2_ws/install/ros_python/lib/python3.10/site-packages/ros_python
[0.444s] byte-compiling /home/murtazam/ros2_ws/install/ros_python/lib/python3.10/site-packages/ros_python/__init__.py to __init__.cpython-310.pyc
[0.444s] running install_data
[0.444s] creating /home/murtazam/ros2_ws/install/ros_python/share/ament_index
[0.444s] creating /home/murtazam/ros2_ws/install/ros_python/share/ament_index/resource_index
[0.445s] creating /home/murtazam/ros2_ws/install/ros_python/share/ament_index/resource_index/packages
[0.445s] copying resource/ros_python -> /home/murtazam/ros2_ws/install/ros_python/share/ament_index/resource_index/packages
[0.445s] copying package.xml -> /home/murtazam/ros2_ws/install/ros_python/share/ros_python
[0.445s] running install_egg_info
[0.445s] Copying ../../build/ros_python/ros_python.egg-info to /home/murtazam/ros2_ws/install/ros_python/lib/python3.10/site-packages/ros_python-0.0.0-py3.10.egg-info
[0.446s] running install_scripts
[0.455s] writing list of installed files to '/home/murtazam/ros2_ws/build/ros_python/install.log'
[0.467s] Invoked command in '/home/murtazam/ros2_ws/src/ros_python' returned '0': PYTHONPATH=/home/murtazam/ros2_ws/build/ros_python/prefix_override:/usr/lib/python3/dist-packages/colcon_core/task/python/colcon_distutils_commands:/home/murtazam/ros2_ws/install/ros_python/lib/python3.10/site-packages:${PYTHONPATH} /usr/bin/python3 -W ignore:setup.py install is deprecated -W ignore:easy_install command is deprecated setup.py egg_info --egg-base ../../build/ros_python build --build-base /home/murtazam/ros2_ws/build/ros_python/build install --record /home/murtazam/ros2_ws/build/ros_python/install.log --single-version-externally-managed install_data
