[0.327s] Invoking command in '/home/murtazam/ros2_ws/src/ros_python': PYTHONPATH=/home/murtazam/ros2_ws/build/ros_python/prefix_override:/usr/lib/python3/dist-packages/colcon_core/task/python/colcon_distutils_commands:/home/murtazam/ros2_ws/install/ros_python/lib/python3.10/site-packages:${PYTHONPATH} /usr/bin/python3 -W ignore:setup.py install is deprecated -W ignore:easy_install command is deprecated setup.py egg_info --egg-base ../../build/ros_python build --build-base /home/murtazam/ros2_ws/build/ros_python/build install --record /home/murtazam/ros2_ws/build/ros_python/install.log --single-version-externally-managed install_data
[0.427s] running egg_info
[0.427s] writing ../../build/ros_python/ros_python.egg-info/PKG-INFO
[0.427s] writing dependency_links to ../../build/ros_python/ros_python.egg-info/dependency_links.txt
[0.428s] writing entry points to ../../build/ros_python/ros_python.egg-info/entry_points.txt
[0.428s] writing requirements to ../../build/ros_python/ros_python.egg-info/requires.txt
[0.428s] writing top-level names to ../../build/ros_python/ros_python.egg-info/top_level.txt
[0.429s] reading manifest file '../../build/ros_python/ros_python.egg-info/SOURCES.txt'
[0.429s] writing manifest file '../../build/ros_python/ros_python.egg-info/SOURCES.txt'
[0.429s] running build
[0.429s] running build_py
[0.429s] running install
[0.430s] running install_lib
[0.430s] running install_data
[0.430s] running install_egg_info
[0.431s] removing '/home/murtazam/ros2_ws/install/ros_python/lib/python3.10/site-packages/ros_python-0.0.0-py3.10.egg-info' (and everything under it)
[0.431s] Copying ../../build/ros_python/ros_python.egg-info to /home/murtazam/ros2_ws/install/ros_python/lib/python3.10/site-packages/ros_python-0.0.0-py3.10.egg-info
[0.434s] running install_scripts
[0.442s] Installing parameter script to /home/murtazam/ros2_ws/install/ros_python/lib/ros_python
[0.443s] Installing publisher script to /home/murtazam/ros2_ws/install/ros_python/lib/ros_python
[0.443s] Installing subscriber script to /home/murtazam/ros2_ws/install/ros_python/lib/ros_python
[0.443s] writing list of installed files to '/home/murtazam/ros2_ws/build/ros_python/install.log'
[0.454s] Invoked command in '/home/murtazam/ros2_ws/src/ros_python' returned '0': PYTHONPATH=/home/murtazam/ros2_ws/build/ros_python/prefix_override:/usr/lib/python3/dist-packages/colcon_core/task/python/colcon_distutils_commands:/home/murtazam/ros2_ws/install/ros_python/lib/python3.10/site-packages:${PYTHONPATH} /usr/bin/python3 -W ignore:setup.py install is deprecated -W ignore:easy_install command is deprecated setup.py egg_info --egg-base ../../build/ros_python build --build-base /home/murtazam/ros2_ws/build/ros_python/build install --record /home/murtazam/ros2_ws/build/ros_python/install.log --single-version-externally-managed install_data
