-- Found ament_cmake: 1.3.12 (/opt/ros/humble/share/ament_cmake/cmake)
-- Found ament_lint_auto: 0.12.14 (/opt/ros/humble/share/ament_lint_auto/cmake)
-- Added test 'copyright' to check source files copyright and LICENSE
-- Added test 'flake8' to check Python code syntax and style conventions
-- Added test 'lint_cmake' to check CMake code style
-- Added test 'pep257' to check Python code against some of the docstring style conventions in PEP 257
-- Added test 'xmllint' to check XML markup files
-- Configuring done
-- Generating done
-- Build files have been written to: /home/mehmet/ros/build/bot_controller
Built target ament_cmake_python_copy_bot_controller
running egg_info
creating bot_controller.egg-info
writing bot_controller.egg-info/PKG-INFO
writing dependency_links to bot_controller.egg-info/dependency_links.txt
writing top-level names to bot_controller.egg-info/top_level.txt
writing manifest file 'bot_controller.egg-info/SOURCES.txt'
reading manifest file 'bot_controller.egg-info/SOURCES.txt'
writing manifest file 'bot_controller.egg-info/SOURCES.txt'
Built target ament_cmake_python_build_bot_controller_egg
-- Install configuration: ""
-- Installing: /home/mehmet/ros/install/bot_controller/share/bot_controller/environment/pythonpath.sh
-- Installing: /home/mehmet/ros/install/bot_controller/share/bot_controller/environment/pythonpath.dsv
-- Installing: /home/mehmet/ros/install/bot_controller/local/lib/python3.10/dist-packages/bot_controller-0.0.0-py3.10.egg-info
-- Installing: /home/mehmet/ros/install/bot_controller/local/lib/python3.10/dist-packages/bot_controller-0.0.0-py3.10.egg-info/dependency_links.txt
-- Installing: /home/mehmet/ros/install/bot_controller/local/lib/python3.10/dist-packages/bot_controller-0.0.0-py3.10.egg-info/PKG-INFO
-- Installing: /home/mehmet/ros/install/bot_controller/local/lib/python3.10/dist-packages/bot_controller-0.0.0-py3.10.egg-info/SOURCES.txt
-- Installing: /home/mehmet/ros/install/bot_controller/local/lib/python3.10/dist-packages/bot_controller-0.0.0-py3.10.egg-info/top_level.txt
-- Installing: /home/mehmet/ros/install/bot_controller/local/lib/python3.10/dist-packages/bot_controller
-- Installing: /home/mehmet/ros/install/bot_controller/local/lib/python3.10/dist-packages/bot_controller/simple_controller.py
-- Installing: /home/mehmet/ros/install/bot_controller/local/lib/python3.10/dist-packages/bot_controller/__init__.py
Listing '/home/mehmet/ros/install/bot_controller/local/lib/python3.10/dist-packages/bot_controller'...
Compiling '/home/mehmet/ros/install/bot_controller/local/lib/python3.10/dist-packages/bot_controller/__init__.py'...
Compiling '/home/mehmet/ros/install/bot_controller/local/lib/python3.10/dist-packages/bot_controller/simple_controller.py'...
-- Up-to-date: /home/mehmet/ros/install/bot_controller/share/bot_controller/config
-- Up-to-date: /home/mehmet/ros/install/bot_controller/share/bot_controller/config/bot_controller.yaml
-- Up-to-date: /home/mehmet/ros/install/bot_controller/share/bot_controller/launch
-- Up-to-date: /home/mehmet/ros/install/bot_controller/share/bot_controller/launch/controller.launch.py
-- Installing: /home/mehmet/ros/install/bot_controller/lib/bot_controller/simple_controller.py
-- Up-to-date: /home/mehmet/ros/install/bot_controller/share/ament_index/resource_index/package_run_dependencies/bot_controller
-- Installing: /home/mehmet/ros/install/bot_controller/share/ament_index/resource_index/parent_prefix_path/bot_controller
-- Up-to-date: /home/mehmet/ros/install/bot_controller/share/bot_controller/environment/ament_prefix_path.sh
-- Installing: /home/mehmet/ros/install/bot_controller/share/bot_controller/environment/ament_prefix_path.dsv
-- Up-to-date: /home/mehmet/ros/install/bot_controller/share/bot_controller/environment/path.sh
-- Installing: /home/mehmet/ros/install/bot_controller/share/bot_controller/environment/path.dsv
-- Up-to-date: /home/mehmet/ros/install/bot_controller/share/bot_controller/local_setup.bash
-- Installing: /home/mehmet/ros/install/bot_controller/share/bot_controller/local_setup.sh
-- Up-to-date: /home/mehmet/ros/install/bot_controller/share/bot_controller/local_setup.zsh
-- Installing: /home/mehmet/ros/install/bot_controller/share/bot_controller/local_setup.dsv
-- Installing: /home/mehmet/ros/install/bot_controller/share/bot_controller/package.dsv
-- Up-to-date: /home/mehmet/ros/install/bot_controller/share/ament_index/resource_index/packages/bot_controller
-- Up-to-date: /home/mehmet/ros/install/bot_controller/share/bot_controller/cmake/bot_controllerConfig.cmake
-- Up-to-date: /home/mehmet/ros/install/bot_controller/share/bot_controller/cmake/bot_controllerConfig-version.cmake
-- Up-to-date: /home/mehmet/ros/install/bot_controller/share/bot_controller/package.xml
