[0.000000] (-) TimerEvent: {}
[0.000102] (bot_description) JobQueued: {'identifier': 'bot_description', 'dependencies': OrderedDict()}
[0.000165] (ros_cpp) JobQueued: {'identifier': 'ros_cpp', 'dependencies': OrderedDict()}
[0.000202] (ros_python) JobQueued: {'identifier': 'ros_python', 'dependencies': OrderedDict()}
[0.000213] (bot_description) JobStarted: {'identifier': 'bot_description'}
[0.002677] (ros_cpp) JobStarted: {'identifier': 'ros_cpp'}
[0.004835] (ros_python) JobStarted: {'identifier': 'ros_python'}
[0.007896] (bot_description) JobProgress: {'identifier': 'bot_description', 'progress': 'cmake'}
[0.008472] (bot_description) JobProgress: {'identifier': 'bot_description', 'progress': 'build'}
[0.008496] (bot_description) Command: {'cmd': ['/usr/bin/cmake', '--build', '/home/murtazam/ros2_ws/build/bot_description', '--', '-j5', '-l5'], 'cwd': '/home/murtazam/ros2_ws/build/bot_description', 'env': OrderedDict([('GJS_DEBUG_TOPICS', 'JS ERROR;JS LOG'), ('USER', 'murtazam'), ('XDG_SESSION_TYPE', 'wayland'), ('SHLVL', '1'), ('LD_LIBRARY_PATH', '/opt/ros/humble/opt/rviz_ogre_vendor/lib:/opt/ros/humble/lib/aarch64-linux-gnu:/opt/ros/humble/lib'), ('HOME', '/home/murtazam'), ('OLDPWD', '/home/murtazam'), ('DESKTOP_SESSION', 'ubuntu'), ('GIO_LAUNCHED_DESKTOP_FILE', '/usr/share/applications/terminator.desktop'), ('ROS_PYTHON_VERSION', '3'), ('GNOME_SHELL_SESSION_MODE', 'ubuntu'), ('GTK_MODULES', 'gail:atk-bridge'), ('MANAGERPID', '1383'), ('SYSTEMD_EXEC_PID', '1492'), ('DBUS_SESSION_BUS_ADDRESS', 'unix:path=/run/user/1000/bus'), ('COLORTERM', 'truecolor'), ('TERMINATOR_DBUS_NAME', 'net.tenshu.Terminator25ef4b219e3b005583550f2b0f9f990c3'), ('GIO_LAUNCHED_DESKTOP_FILE_PID', '4357'), ('IM_CONFIG_PHASE', '1'), ('WAYLAND_DISPLAY', 'wayland-0'), ('COLCON_PREFIX_PATH', '/home/murtazam/ros2_ws/install'), ('ROS_DISTRO', 'humble'), ('LOGNAME', 'murtazam'), ('JOURNAL_STREAM', '8:26481'), ('_', '/usr/bin/colcon'), ('ROS_VERSION', '2'), ('XDG_SESSION_CLASS', 'user'), ('USERNAME', 'murtazam'), ('TERM', 'xterm-256color'), ('GNOME_DESKTOP_SESSION_ID', 'this-is-deprecated'), ('ROS_LOCALHOST_ONLY', '0'), ('PATH', '/opt/ros/humble/bin:/usr/local/sbin:/usr/local/bin:/usr/sbin:/usr/bin:/sbin:/bin:/usr/games:/usr/local/games:/snap/bin:/snap/bin'), ('SESSION_MANAGER', 'local/ubuntu-ros:@/tmp/.ICE-unix/1470,unix/ubuntu-ros:/tmp/.ICE-unix/1470'), ('INVOCATION_ID', '384fef180a9f4fe49658b68bfd104f19'), ('XDG_MENU_PREFIX', 'gnome-'), ('GNOME_SETUP_DISPLAY', ':1'), ('XDG_RUNTIME_DIR', '/run/user/1000'), ('DISPLAY', ':0'), ('TERMINATOR_DBUS_PATH', '/net/tenshu/Terminator2'), ('LANG', 'en_US.UTF-8'), ('XDG_CURRENT_DESKTOP', 'ubuntu:GNOME'), ('IBUS_DISABLE_SNOOPER', '1'), ('XMODIFIERS', '@im=ibus'), ('XDG_SESSION_DESKTOP', 'ubuntu'), ('XAUTHORITY', '/run/user/1000/.mutter-Xwaylandauth.JIL2E3'), ('SSH_AGENT_LAUNCHER', 'gnome-keyring'), ('SSH_AUTH_SOCK', '/run/user/1000/keyring/ssh'), ('AMENT_PREFIX_PATH', '/home/murtazam/ros2_ws/install/ros_python:/home/murtazam/ros2_ws/install/ros_cpp:/home/murtazam/ros2_ws/install/bot_description:/opt/ros/humble'), ('SHELL', '/bin/bash'), ('TERMINATOR_UUID', 'urn:uuid:6e4d4559-fd30-4530-ad17-99cdfb0a3215'), ('QT_ACCESSIBILITY', '1'), ('GDMSESSION', 'ubuntu'), ('GJS_DEBUG_OUTPUT', 'stderr'), ('QT_IM_MODULE', 'ibus'), ('PWD', '/home/murtazam/ros2_ws/build/bot_description'), ('LC_ALL', 'en_US.UTF-8'), ('XDG_CONFIG_DIRS', '/etc/xdg/xdg-ubuntu:/etc/xdg'), ('XDG_DATA_DIRS', '/usr/share/ubuntu:/usr/local/share/:/usr/share/:/var/lib/snapd/desktop'), ('PYTHONPATH', '/home/murtazam/ros2_ws/install/ros_python/lib/python3.10/site-packages:/opt/ros/humble/lib/python3.10/site-packages:/opt/ros/humble/local/lib/python3.10/dist-packages'), ('COLCON', '1'), ('VTE_VERSION', '6800'), ('CMAKE_PREFIX_PATH', '/home/murtazam/ros2_ws/install/ros_cpp:/home/murtazam/ros2_ws/install/bot_description:/home/murtazam/ros2_ws/install/ros_python:/opt/ros/humble')]), 'shell': False}
[0.009792] (ros_cpp) JobProgress: {'identifier': 'ros_cpp', 'progress': 'cmake'}
[0.010692] (ros_cpp) JobProgress: {'identifier': 'ros_cpp', 'progress': 'build'}
[0.010750] (ros_cpp) Command: {'cmd': ['/usr/bin/cmake', '--build', '/home/murtazam/ros2_ws/build/ros_cpp', '--', '-j5', '-l5'], 'cwd': '/home/murtazam/ros2_ws/build/ros_cpp', 'env': OrderedDict([('GJS_DEBUG_TOPICS', 'JS ERROR;JS LOG'), ('USER', 'murtazam'), ('XDG_SESSION_TYPE', 'wayland'), ('SHLVL', '1'), ('LD_LIBRARY_PATH', '/opt/ros/humble/opt/rviz_ogre_vendor/lib:/opt/ros/humble/lib/aarch64-linux-gnu:/opt/ros/humble/lib'), ('HOME', '/home/murtazam'), ('OLDPWD', '/home/murtazam'), ('DESKTOP_SESSION', 'ubuntu'), ('GIO_LAUNCHED_DESKTOP_FILE', '/usr/share/applications/terminator.desktop'), ('ROS_PYTHON_VERSION', '3'), ('GNOME_SHELL_SESSION_MODE', 'ubuntu'), ('GTK_MODULES', 'gail:atk-bridge'), ('MANAGERPID', '1383'), ('SYSTEMD_EXEC_PID', '1492'), ('DBUS_SESSION_BUS_ADDRESS', 'unix:path=/run/user/1000/bus'), ('COLORTERM', 'truecolor'), ('TERMINATOR_DBUS_NAME', 'net.tenshu.Terminator25ef4b219e3b005583550f2b0f9f990c3'), ('GIO_LAUNCHED_DESKTOP_FILE_PID', '4357'), ('IM_CONFIG_PHASE', '1'), ('WAYLAND_DISPLAY', 'wayland-0'), ('COLCON_PREFIX_PATH', '/home/murtazam/ros2_ws/install'), ('ROS_DISTRO', 'humble'), ('LOGNAME', 'murtazam'), ('JOURNAL_STREAM', '8:26481'), ('_', '/usr/bin/colcon'), ('ROS_VERSION', '2'), ('XDG_SESSION_CLASS', 'user'), ('USERNAME', 'murtazam'), ('TERM', 'xterm-256color'), ('GNOME_DESKTOP_SESSION_ID', 'this-is-deprecated'), ('ROS_LOCALHOST_ONLY', '0'), ('PATH', '/opt/ros/humble/bin:/usr/local/sbin:/usr/local/bin:/usr/sbin:/usr/bin:/sbin:/bin:/usr/games:/usr/local/games:/snap/bin:/snap/bin'), ('SESSION_MANAGER', 'local/ubuntu-ros:@/tmp/.ICE-unix/1470,unix/ubuntu-ros:/tmp/.ICE-unix/1470'), ('INVOCATION_ID', '384fef180a9f4fe49658b68bfd104f19'), ('XDG_MENU_PREFIX', 'gnome-'), ('GNOME_SETUP_DISPLAY', ':1'), ('XDG_RUNTIME_DIR', '/run/user/1000'), ('DISPLAY', ':0'), ('TERMINATOR_DBUS_PATH', '/net/tenshu/Terminator2'), ('LANG', 'en_US.UTF-8'), ('XDG_CURRENT_DESKTOP', 'ubuntu:GNOME'), ('IBUS_DISABLE_SNOOPER', '1'), ('XMODIFIERS', '@im=ibus'), ('XDG_SESSION_DESKTOP', 'ubuntu'), ('XAUTHORITY', '/run/user/1000/.mutter-Xwaylandauth.JIL2E3'), ('SSH_AGENT_LAUNCHER', 'gnome-keyring'), ('SSH_AUTH_SOCK', '/run/user/1000/keyring/ssh'), ('AMENT_PREFIX_PATH', '/home/murtazam/ros2_ws/install/ros_python:/home/murtazam/ros2_ws/install/ros_cpp:/home/murtazam/ros2_ws/install/bot_description:/opt/ros/humble'), ('SHELL', '/bin/bash'), ('TERMINATOR_UUID', 'urn:uuid:6e4d4559-fd30-4530-ad17-99cdfb0a3215'), ('QT_ACCESSIBILITY', '1'), ('GDMSESSION', 'ubuntu'), ('GJS_DEBUG_OUTPUT', 'stderr'), ('QT_IM_MODULE', 'ibus'), ('PWD', '/home/murtazam/ros2_ws/build/ros_cpp'), ('LC_ALL', 'en_US.UTF-8'), ('XDG_CONFIG_DIRS', '/etc/xdg/xdg-ubuntu:/etc/xdg'), ('XDG_DATA_DIRS', '/usr/share/ubuntu:/usr/local/share/:/usr/share/:/var/lib/snapd/desktop'), ('PYTHONPATH', '/home/murtazam/ros2_ws/install/ros_python/lib/python3.10/site-packages:/opt/ros/humble/lib/python3.10/site-packages:/opt/ros/humble/local/lib/python3.10/dist-packages'), ('COLCON', '1'), ('VTE_VERSION', '6800'), ('CMAKE_PREFIX_PATH', '/home/murtazam/ros2_ws/install/ros_cpp:/home/murtazam/ros2_ws/install/bot_description:/home/murtazam/ros2_ws/install/ros_python:/opt/ros/humble')]), 'shell': False}
[0.031880] (ros_cpp) StdoutLine: {'line': b'[100%] Built target subscriber\n'}
[0.031978] (ros_cpp) StdoutLine: {'line': b'[100%] Built target publisher\n'}
[0.099404] (-) TimerEvent: {}
[0.119958] (bot_description) CommandEnded: {'returncode': 0}
[0.120229] (bot_description) JobProgress: {'identifier': 'bot_description', 'progress': 'install'}
[0.123432] (bot_description) Command: {'cmd': ['/usr/bin/cmake', '--install', '/home/murtazam/ros2_ws/build/bot_description'], 'cwd': '/home/murtazam/ros2_ws/build/bot_description', 'env': OrderedDict([('GJS_DEBUG_TOPICS', 'JS ERROR;JS LOG'), ('USER', 'murtazam'), ('XDG_SESSION_TYPE', 'wayland'), ('SHLVL', '1'), ('LD_LIBRARY_PATH', '/opt/ros/humble/opt/rviz_ogre_vendor/lib:/opt/ros/humble/lib/aarch64-linux-gnu:/opt/ros/humble/lib'), ('HOME', '/home/murtazam'), ('OLDPWD', '/home/murtazam'), ('DESKTOP_SESSION', 'ubuntu'), ('GIO_LAUNCHED_DESKTOP_FILE', '/usr/share/applications/terminator.desktop'), ('ROS_PYTHON_VERSION', '3'), ('GNOME_SHELL_SESSION_MODE', 'ubuntu'), ('GTK_MODULES', 'gail:atk-bridge'), ('MANAGERPID', '1383'), ('SYSTEMD_EXEC_PID', '1492'), ('DBUS_SESSION_BUS_ADDRESS', 'unix:path=/run/user/1000/bus'), ('COLORTERM', 'truecolor'), ('TERMINATOR_DBUS_NAME', 'net.tenshu.Terminator25ef4b219e3b005583550f2b0f9f990c3'), ('GIO_LAUNCHED_DESKTOP_FILE_PID', '4357'), ('IM_CONFIG_PHASE', '1'), ('WAYLAND_DISPLAY', 'wayland-0'), ('COLCON_PREFIX_PATH', '/home/murtazam/ros2_ws/install'), ('ROS_DISTRO', 'humble'), ('LOGNAME', 'murtazam'), ('JOURNAL_STREAM', '8:26481'), ('_', '/usr/bin/colcon'), ('ROS_VERSION', '2'), ('XDG_SESSION_CLASS', 'user'), ('USERNAME', 'murtazam'), ('TERM', 'xterm-256color'), ('GNOME_DESKTOP_SESSION_ID', 'this-is-deprecated'), ('ROS_LOCALHOST_ONLY', '0'), ('PATH', '/opt/ros/humble/bin:/usr/local/sbin:/usr/local/bin:/usr/sbin:/usr/bin:/sbin:/bin:/usr/games:/usr/local/games:/snap/bin:/snap/bin'), ('SESSION_MANAGER', 'local/ubuntu-ros:@/tmp/.ICE-unix/1470,unix/ubuntu-ros:/tmp/.ICE-unix/1470'), ('INVOCATION_ID', '384fef180a9f4fe49658b68bfd104f19'), ('XDG_MENU_PREFIX', 'gnome-'), ('GNOME_SETUP_DISPLAY', ':1'), ('XDG_RUNTIME_DIR', '/run/user/1000'), ('DISPLAY', ':0'), ('TERMINATOR_DBUS_PATH', '/net/tenshu/Terminator2'), ('LANG', 'en_US.UTF-8'), ('XDG_CURRENT_DESKTOP', 'ubuntu:GNOME'), ('IBUS_DISABLE_SNOOPER', '1'), ('XMODIFIERS', '@im=ibus'), ('XDG_SESSION_DESKTOP', 'ubuntu'), ('XAUTHORITY', '/run/user/1000/.mutter-Xwaylandauth.JIL2E3'), ('SSH_AGENT_LAUNCHER', 'gnome-keyring'), ('SSH_AUTH_SOCK', '/run/user/1000/keyring/ssh'), ('AMENT_PREFIX_PATH', '/home/murtazam/ros2_ws/install/ros_python:/home/murtazam/ros2_ws/install/ros_cpp:/home/murtazam/ros2_ws/install/bot_description:/opt/ros/humble'), ('SHELL', '/bin/bash'), ('TERMINATOR_UUID', 'urn:uuid:6e4d4559-fd30-4530-ad17-99cdfb0a3215'), ('QT_ACCESSIBILITY', '1'), ('GDMSESSION', 'ubuntu'), ('GJS_DEBUG_OUTPUT', 'stderr'), ('QT_IM_MODULE', 'ibus'), ('PWD', '/home/murtazam/ros2_ws/build/bot_description'), ('LC_ALL', 'en_US.UTF-8'), ('XDG_CONFIG_DIRS', '/etc/xdg/xdg-ubuntu:/etc/xdg'), ('XDG_DATA_DIRS', '/usr/share/ubuntu:/usr/local/share/:/usr/share/:/var/lib/snapd/desktop'), ('PYTHONPATH', '/home/murtazam/ros2_ws/install/ros_python/lib/python3.10/site-packages:/opt/ros/humble/lib/python3.10/site-packages:/opt/ros/humble/local/lib/python3.10/dist-packages'), ('COLCON', '1'), ('VTE_VERSION', '6800'), ('CMAKE_PREFIX_PATH', '/home/murtazam/ros2_ws/install/ros_cpp:/home/murtazam/ros2_ws/install/bot_description:/home/murtazam/ros2_ws/install/ros_python:/opt/ros/humble')]), 'shell': False}
[0.123675] (ros_cpp) CommandEnded: {'returncode': 0}
[0.124127] (ros_cpp) JobProgress: {'identifier': 'ros_cpp', 'progress': 'install'}
[0.124757] (ros_cpp) Command: {'cmd': ['/usr/bin/cmake', '--install', '/home/murtazam/ros2_ws/build/ros_cpp'], 'cwd': '/home/murtazam/ros2_ws/build/ros_cpp', 'env': OrderedDict([('GJS_DEBUG_TOPICS', 'JS ERROR;JS LOG'), ('USER', 'murtazam'), ('XDG_SESSION_TYPE', 'wayland'), ('SHLVL', '1'), ('LD_LIBRARY_PATH', '/opt/ros/humble/opt/rviz_ogre_vendor/lib:/opt/ros/humble/lib/aarch64-linux-gnu:/opt/ros/humble/lib'), ('HOME', '/home/murtazam'), ('OLDPWD', '/home/murtazam'), ('DESKTOP_SESSION', 'ubuntu'), ('GIO_LAUNCHED_DESKTOP_FILE', '/usr/share/applications/terminator.desktop'), ('ROS_PYTHON_VERSION', '3'), ('GNOME_SHELL_SESSION_MODE', 'ubuntu'), ('GTK_MODULES', 'gail:atk-bridge'), ('MANAGERPID', '1383'), ('SYSTEMD_EXEC_PID', '1492'), ('DBUS_SESSION_BUS_ADDRESS', 'unix:path=/run/user/1000/bus'), ('COLORTERM', 'truecolor'), ('TERMINATOR_DBUS_NAME', 'net.tenshu.Terminator25ef4b219e3b005583550f2b0f9f990c3'), ('GIO_LAUNCHED_DESKTOP_FILE_PID', '4357'), ('IM_CONFIG_PHASE', '1'), ('WAYLAND_DISPLAY', 'wayland-0'), ('COLCON_PREFIX_PATH', '/home/murtazam/ros2_ws/install'), ('ROS_DISTRO', 'humble'), ('LOGNAME', 'murtazam'), ('JOURNAL_STREAM', '8:26481'), ('_', '/usr/bin/colcon'), ('ROS_VERSION', '2'), ('XDG_SESSION_CLASS', 'user'), ('USERNAME', 'murtazam'), ('TERM', 'xterm-256color'), ('GNOME_DESKTOP_SESSION_ID', 'this-is-deprecated'), ('ROS_LOCALHOST_ONLY', '0'), ('PATH', '/opt/ros/humble/bin:/usr/local/sbin:/usr/local/bin:/usr/sbin:/usr/bin:/sbin:/bin:/usr/games:/usr/local/games:/snap/bin:/snap/bin'), ('SESSION_MANAGER', 'local/ubuntu-ros:@/tmp/.ICE-unix/1470,unix/ubuntu-ros:/tmp/.ICE-unix/1470'), ('INVOCATION_ID', '384fef180a9f4fe49658b68bfd104f19'), ('XDG_MENU_PREFIX', 'gnome-'), ('GNOME_SETUP_DISPLAY', ':1'), ('XDG_RUNTIME_DIR', '/run/user/1000'), ('DISPLAY', ':0'), ('TERMINATOR_DBUS_PATH', '/net/tenshu/Terminator2'), ('LANG', 'en_US.UTF-8'), ('XDG_CURRENT_DESKTOP', 'ubuntu:GNOME'), ('IBUS_DISABLE_SNOOPER', '1'), ('XMODIFIERS', '@im=ibus'), ('XDG_SESSION_DESKTOP', 'ubuntu'), ('XAUTHORITY', '/run/user/1000/.mutter-Xwaylandauth.JIL2E3'), ('SSH_AGENT_LAUNCHER', 'gnome-keyring'), ('SSH_AUTH_SOCK', '/run/user/1000/keyring/ssh'), ('AMENT_PREFIX_PATH', '/home/murtazam/ros2_ws/install/ros_python:/home/murtazam/ros2_ws/install/ros_cpp:/home/murtazam/ros2_ws/install/bot_description:/opt/ros/humble'), ('SHELL', '/bin/bash'), ('TERMINATOR_UUID', 'urn:uuid:6e4d4559-fd30-4530-ad17-99cdfb0a3215'), ('QT_ACCESSIBILITY', '1'), ('GDMSESSION', 'ubuntu'), ('GJS_DEBUG_OUTPUT', 'stderr'), ('QT_IM_MODULE', 'ibus'), ('PWD', '/home/murtazam/ros2_ws/build/ros_cpp'), ('LC_ALL', 'en_US.UTF-8'), ('XDG_CONFIG_DIRS', '/etc/xdg/xdg-ubuntu:/etc/xdg'), ('XDG_DATA_DIRS', '/usr/share/ubuntu:/usr/local/share/:/usr/share/:/var/lib/snapd/desktop'), ('PYTHONPATH', '/home/murtazam/ros2_ws/install/ros_python/lib/python3.10/site-packages:/opt/ros/humble/lib/python3.10/site-packages:/opt/ros/humble/local/lib/python3.10/dist-packages'), ('COLCON', '1'), ('VTE_VERSION', '6800'), ('CMAKE_PREFIX_PATH', '/home/murtazam/ros2_ws/install/ros_cpp:/home/murtazam/ros2_ws/install/bot_description:/home/murtazam/ros2_ws/install/ros_python:/opt/ros/humble')]), 'shell': False}
[0.127246] (bot_description) StdoutLine: {'line': b'-- Install configuration: ""\n'}
[0.127393] (bot_description) StdoutLine: {'line': b'-- Up-to-date: /home/murtazam/ros2_ws/install/bot_description/share/bot_description/meshes\n'}
[0.127455] (bot_description) StdoutLine: {'line': b'-- Up-to-date: /home/murtazam/ros2_ws/install/bot_description/share/bot_description/meshes/caster_front_link.STL\n'}
[0.128053] (bot_description) StdoutLine: {'line': b'-- Up-to-date: /home/murtazam/ros2_ws/install/bot_description/share/bot_description/meshes/wheel_right_link.STL\n'}
[0.128101] (bot_description) StdoutLine: {'line': b'-- Up-to-date: /home/murtazam/ros2_ws/install/bot_description/share/bot_description/meshes/imu_link.STL\n'}
[0.128128] (bot_description) StdoutLine: {'line': b'-- Up-to-date: /home/murtazam/ros2_ws/install/bot_description/share/bot_description/meshes/wheel_left_link.STL\n'}
[0.128151] (bot_description) StdoutLine: {'line': b'-- Up-to-date: /home/murtazam/ros2_ws/install/bot_description/share/bot_description/meshes/base_link.STL\n'}
[0.128173] (bot_description) StdoutLine: {'line': b'-- Up-to-date: /home/murtazam/ros2_ws/install/bot_description/share/bot_description/meshes/caster_rear_link.STL\n'}
[0.128195] (bot_description) StdoutLine: {'line': b'-- Up-to-date: /home/murtazam/ros2_ws/install/bot_description/share/bot_description/urdf\n'}
[0.128217] (bot_description) StdoutLine: {'line': b'-- Up-to-date: /home/murtazam/ros2_ws/install/bot_description/share/bot_description/urdf/bot.xacro\n'}
[0.128240] (bot_description) StdoutLine: {'line': b'-- Up-to-date: /home/murtazam/ros2_ws/install/bot_description/share/bot_description/urdf/bot.urdf\n'}
[0.128263] (bot_description) StdoutLine: {'line': b'-- Up-to-date: /home/murtazam/ros2_ws/install/bot_description/share/ament_index/resource_index/package_run_dependencies/bot_description\n'}
[0.128291] (bot_description) StdoutLine: {'line': b'-- Up-to-date: /home/murtazam/ros2_ws/install/bot_description/share/ament_index/resource_index/parent_prefix_path/bot_description\n'}
[0.128313] (bot_description) StdoutLine: {'line': b'-- Up-to-date: /home/murtazam/ros2_ws/install/bot_description/share/bot_description/environment/ament_prefix_path.sh\n'}
[0.128341] (bot_description) StdoutLine: {'line': b'-- Up-to-date: /home/murtazam/ros2_ws/install/bot_description/share/bot_description/environment/ament_prefix_path.dsv\n'}
[0.128376] (bot_description) StdoutLine: {'line': b'-- Up-to-date: /home/murtazam/ros2_ws/install/bot_description/share/bot_description/environment/path.sh\n'}
[0.128403] (bot_description) StdoutLine: {'line': b'-- Up-to-date: /home/murtazam/ros2_ws/install/bot_description/share/bot_description/environment/path.dsv\n'}
[0.128481] (bot_description) StdoutLine: {'line': b'-- Up-to-date: /home/murtazam/ros2_ws/install/bot_description/share/bot_description/local_setup.bash\n'}
[0.128514] (bot_description) StdoutLine: {'line': b'-- Up-to-date: /home/murtazam/ros2_ws/install/bot_description/share/bot_description/local_setup.sh\n'}
[0.129489] (bot_description) StdoutLine: {'line': b'-- Up-to-date: /home/murtazam/ros2_ws/install/bot_description/share/bot_description/local_setup.zsh\n'}
[0.129691] (bot_description) StdoutLine: {'line': b'-- Up-to-date: /home/murtazam/ros2_ws/install/bot_description/share/bot_description/local_setup.dsv\n'}
[0.129722] (bot_description) StdoutLine: {'line': b'-- Installing: /home/murtazam/ros2_ws/install/bot_description/share/bot_description/package.dsv\n'}
[0.129758] (bot_description) StdoutLine: {'line': b'-- Up-to-date: /home/murtazam/ros2_ws/install/bot_description/share/ament_index/resource_index/packages/bot_description\n'}
[0.129792] (bot_description) StdoutLine: {'line': b'-- Up-to-date: /home/murtazam/ros2_ws/install/bot_description/share/bot_description/cmake/bot_descriptionConfig.cmake\n'}
[0.129860] (bot_description) StdoutLine: {'line': b'-- Up-to-date: /home/murtazam/ros2_ws/install/bot_description/share/bot_description/cmake/bot_descriptionConfig-version.cmake\n'}
[0.129895] (bot_description) StdoutLine: {'line': b'-- Up-to-date: /home/murtazam/ros2_ws/install/bot_description/share/bot_description/package.xml\n'}
[0.129997] (ros_cpp) StdoutLine: {'line': b'-- Install configuration: ""\n'}
[0.130039] (ros_cpp) StdoutLine: {'line': b'-- Up-to-date: /home/murtazam/ros2_ws/install/ros_cpp/lib/ros_cpp/publisher\n'}
[0.130108] (ros_cpp) StdoutLine: {'line': b'-- Up-to-date: /home/murtazam/ros2_ws/install/ros_cpp/lib/ros_cpp/subscriber\n'}
[0.130174] (ros_cpp) StdoutLine: {'line': b'-- Up-to-date: /home/murtazam/ros2_ws/install/ros_cpp/share/ament_index/resource_index/package_run_dependencies/ros_cpp\n'}
[0.130208] (ros_cpp) StdoutLine: {'line': b'-- Up-to-date: /home/murtazam/ros2_ws/install/ros_cpp/share/ament_index/resource_index/parent_prefix_path/ros_cpp\n'}
[0.130340] (ros_cpp) StdoutLine: {'line': b'-- Up-to-date: /home/murtazam/ros2_ws/install/ros_cpp/share/ros_cpp/environment/ament_prefix_path.sh\n'}
[0.130543] (ros_cpp) StdoutLine: {'line': b'-- Up-to-date: /home/murtazam/ros2_ws/install/ros_cpp/share/ros_cpp/environment/ament_prefix_path.dsv\n'}
[0.130577] (ros_cpp) StdoutLine: {'line': b'-- Up-to-date: /home/murtazam/ros2_ws/install/ros_cpp/share/ros_cpp/environment/path.sh\n'}
[0.130610] (ros_cpp) StdoutLine: {'line': b'-- Up-to-date: /home/murtazam/ros2_ws/install/ros_cpp/share/ros_cpp/environment/path.dsv\n'}
[0.130643] (ros_cpp) StdoutLine: {'line': b'-- Up-to-date: /home/murtazam/ros2_ws/install/ros_cpp/share/ros_cpp/local_setup.bash\n'}
[0.130681] (ros_cpp) StdoutLine: {'line': b'-- Up-to-date: /home/murtazam/ros2_ws/install/ros_cpp/share/ros_cpp/local_setup.sh\n'}
[0.130781] (ros_cpp) StdoutLine: {'line': b'-- Up-to-date: /home/murtazam/ros2_ws/install/ros_cpp/share/ros_cpp/local_setup.zsh\n'}
[0.130838] (ros_cpp) StdoutLine: {'line': b'-- Up-to-date: /home/murtazam/ros2_ws/install/ros_cpp/share/ros_cpp/local_setup.dsv\n'}
[0.131860] (ros_cpp) StdoutLine: {'line': b'-- Installing: /home/murtazam/ros2_ws/install/ros_cpp/share/ros_cpp/package.dsv\n'}
[0.131924] (ros_cpp) StdoutLine: {'line': b'-- Up-to-date: /home/murtazam/ros2_ws/install/ros_cpp/share/ament_index/resource_index/packages/ros_cpp\n'}
[0.131954] (ros_cpp) StdoutLine: {'line': b'-- Up-to-date: /home/murtazam/ros2_ws/install/ros_cpp/share/ros_cpp/cmake/ros_cppConfig.cmake\n'}
[0.131979] (ros_cpp) StdoutLine: {'line': b'-- Up-to-date: /home/murtazam/ros2_ws/install/ros_cpp/share/ros_cpp/cmake/ros_cppConfig-version.cmake\n'}
[0.132006] (ros_cpp) StdoutLine: {'line': b'-- Up-to-date: /home/murtazam/ros2_ws/install/ros_cpp/share/ros_cpp/package.xml\n'}
[0.132031] (bot_description) CommandEnded: {'returncode': 0}
[0.138833] (bot_description) JobEnded: {'identifier': 'bot_description', 'rc': 0}
[0.139434] (ros_cpp) CommandEnded: {'returncode': 0}
[0.144823] (ros_cpp) JobEnded: {'identifier': 'ros_cpp', 'rc': 0}
[0.199498] (-) TimerEvent: {}
[0.272735] (ros_python) Command: {'cmd': ['/usr/bin/python3', '-W', 'ignore:setup.py install is deprecated', '-W', 'ignore:easy_install command is deprecated', 'setup.py', 'egg_info', '--egg-base', '../../build/ros_python', 'build', '--build-base', '/home/murtazam/ros2_ws/build/ros_python/build', 'install', '--record', '/home/murtazam/ros2_ws/build/ros_python/install.log', '--single-version-externally-managed', 'install_data'], 'cwd': '/home/murtazam/ros2_ws/src/ros_python', 'env': {'GJS_DEBUG_TOPICS': 'JS ERROR;JS LOG', 'USER': 'murtazam', 'XDG_SESSION_TYPE': 'wayland', 'SHLVL': '1', 'LD_LIBRARY_PATH': '/opt/ros/humble/opt/rviz_ogre_vendor/lib:/opt/ros/humble/lib/aarch64-linux-gnu:/opt/ros/humble/lib', 'HOME': '/home/murtazam', 'OLDPWD': '/home/murtazam', 'DESKTOP_SESSION': 'ubuntu', 'GIO_LAUNCHED_DESKTOP_FILE': '/usr/share/applications/terminator.desktop', 'ROS_PYTHON_VERSION': '3', 'GNOME_SHELL_SESSION_MODE': 'ubuntu', 'GTK_MODULES': 'gail:atk-bridge', 'MANAGERPID': '1383', 'SYSTEMD_EXEC_PID': '1492', 'DBUS_SESSION_BUS_ADDRESS': 'unix:path=/run/user/1000/bus', 'COLORTERM': 'truecolor', 'TERMINATOR_DBUS_NAME': 'net.tenshu.Terminator25ef4b219e3b005583550f2b0f9f990c3', 'GIO_LAUNCHED_DESKTOP_FILE_PID': '4357', 'IM_CONFIG_PHASE': '1', 'WAYLAND_DISPLAY': 'wayland-0', 'COLCON_PREFIX_PATH': '/home/murtazam/ros2_ws/install', 'ROS_DISTRO': 'humble', 'LOGNAME': 'murtazam', 'JOURNAL_STREAM': '8:26481', '_': '/usr/bin/colcon', 'ROS_VERSION': '2', 'XDG_SESSION_CLASS': 'user', 'USERNAME': 'murtazam', 'TERM': 'xterm-256color', 'GNOME_DESKTOP_SESSION_ID': 'this-is-deprecated', 'ROS_LOCALHOST_ONLY': '0', 'PATH': '/opt/ros/humble/bin:/usr/local/sbin:/usr/local/bin:/usr/sbin:/usr/bin:/sbin:/bin:/usr/games:/usr/local/games:/snap/bin:/snap/bin', 'SESSION_MANAGER': 'local/ubuntu-ros:@/tmp/.ICE-unix/1470,unix/ubuntu-ros:/tmp/.ICE-unix/1470', 'INVOCATION_ID': '384fef180a9f4fe49658b68bfd104f19', 'XDG_MENU_PREFIX': 'gnome-', 'GNOME_SETUP_DISPLAY': ':1', 'XDG_RUNTIME_DIR': '/run/user/1000', 'DISPLAY': ':0', 'TERMINATOR_DBUS_PATH': '/net/tenshu/Terminator2', 'LANG': 'en_US.UTF-8', 'XDG_CURRENT_DESKTOP': 'ubuntu:GNOME', 'IBUS_DISABLE_SNOOPER': '1', 'XMODIFIERS': '@im=ibus', 'XDG_SESSION_DESKTOP': 'ubuntu', 'XAUTHORITY': '/run/user/1000/.mutter-Xwaylandauth.JIL2E3', 'SSH_AGENT_LAUNCHER': 'gnome-keyring', 'SSH_AUTH_SOCK': '/run/user/1000/keyring/ssh', 'AMENT_PREFIX_PATH': '/home/murtazam/ros2_ws/install/ros_python:/home/murtazam/ros2_ws/install/ros_cpp:/home/murtazam/ros2_ws/install/bot_description:/opt/ros/humble', 'SHELL': '/bin/bash', 'TERMINATOR_UUID': 'urn:uuid:6e4d4559-fd30-4530-ad17-99cdfb0a3215', 'QT_ACCESSIBILITY': '1', 'GDMSESSION': 'ubuntu', 'GJS_DEBUG_OUTPUT': 'stderr', 'QT_IM_MODULE': 'ibus', 'PWD': '/home/murtazam/ros2_ws/build/ros_python', 'LC_ALL': 'en_US.UTF-8', 'XDG_CONFIG_DIRS': '/etc/xdg/xdg-ubuntu:/etc/xdg', 'XDG_DATA_DIRS': '/usr/share/ubuntu:/usr/local/share/:/usr/share/:/var/lib/snapd/desktop', 'PYTHONPATH': '/home/murtazam/ros2_ws/build/ros_python/prefix_override:/usr/lib/python3/dist-packages/colcon_core/task/python/colcon_distutils_commands:/home/murtazam/ros2_ws/install/ros_python/lib/python3.10/site-packages:/home/murtazam/ros2_ws/install/ros_python/lib/python3.10/site-packages:/opt/ros/humble/lib/python3.10/site-packages:/opt/ros/humble/local/lib/python3.10/dist-packages', 'COLCON': '1', 'VTE_VERSION': '6800', 'CMAKE_PREFIX_PATH': '/home/murtazam/ros2_ws/install/ros_cpp:/home/murtazam/ros2_ws/install/bot_description'}, 'shell': False}
[0.299585] (-) TimerEvent: {}
[0.368490] (ros_python) StdoutLine: {'line': b'running egg_info\n'}
[0.368732] (ros_python) StdoutLine: {'line': b'writing ../../build/ros_python/ros_python.egg-info/PKG-INFO\n'}
[0.368972] (ros_python) StdoutLine: {'line': b'writing dependency_links to ../../build/ros_python/ros_python.egg-info/dependency_links.txt\n'}
[0.369131] (ros_python) StdoutLine: {'line': b'writing entry points to ../../build/ros_python/ros_python.egg-info/entry_points.txt\n'}
[0.369267] (ros_python) StdoutLine: {'line': b'writing requirements to ../../build/ros_python/ros_python.egg-info/requires.txt\n'}
[0.369319] (ros_python) StdoutLine: {'line': b'writing top-level names to ../../build/ros_python/ros_python.egg-info/top_level.txt\n'}
[0.370003] (ros_python) StdoutLine: {'line': b"reading manifest file '../../build/ros_python/ros_python.egg-info/SOURCES.txt'\n"}
[0.370498] (ros_python) StdoutLine: {'line': b"writing manifest file '../../build/ros_python/ros_python.egg-info/SOURCES.txt'\n"}
[0.370552] (ros_python) StdoutLine: {'line': b'running build\n'}
[0.370618] (ros_python) StdoutLine: {'line': b'running build_py\n'}
[0.370647] (ros_python) StdoutLine: {'line': b'copying ros_python/parameter.py -> /home/murtazam/ros2_ws/build/ros_python/build/lib/ros_python\n'}
[0.370727] (ros_python) StdoutLine: {'line': b'running install\n'}
[0.370865] (ros_python) StdoutLine: {'line': b'running install_lib\n'}
[0.371124] (ros_python) StdoutLine: {'line': b'copying /home/murtazam/ros2_ws/build/ros_python/build/lib/ros_python/parameter.py -> /home/murtazam/ros2_ws/install/ros_python/lib/python3.10/site-packages/ros_python\n'}
[0.371345] (ros_python) StdoutLine: {'line': b'byte-compiling /home/murtazam/ros2_ws/install/ros_python/lib/python3.10/site-packages/ros_python/parameter.py to parameter.cpython-310.pyc\n'}
[0.371613] (ros_python) StdoutLine: {'line': b'running install_data\n'}
[0.371715] (ros_python) StdoutLine: {'line': b'running install_egg_info\n'}
[0.372503] (ros_python) StdoutLine: {'line': b"removing '/home/murtazam/ros2_ws/install/ros_python/lib/python3.10/site-packages/ros_python-0.0.0-py3.10.egg-info' (and everything under it)\n"}
[0.372610] (ros_python) StdoutLine: {'line': b'Copying ../../build/ros_python/ros_python.egg-info to /home/murtazam/ros2_ws/install/ros_python/lib/python3.10/site-packages/ros_python-0.0.0-py3.10.egg-info\n'}
[0.372870] (ros_python) StdoutLine: {'line': b'running install_scripts\n'}
[0.380750] (ros_python) StdoutLine: {'line': b'Installing parameter script to /home/murtazam/ros2_ws/install/ros_python/lib/ros_python\n'}
[0.380969] (ros_python) StdoutLine: {'line': b'Installing publisher script to /home/murtazam/ros2_ws/install/ros_python/lib/ros_python\n'}
[0.381021] (ros_python) StdoutLine: {'line': b'Installing subscriber script to /home/murtazam/ros2_ws/install/ros_python/lib/ros_python\n'}
[0.381218] (ros_python) StdoutLine: {'line': b"writing list of installed files to '/home/murtazam/ros2_ws/build/ros_python/install.log'\n"}
[0.391954] (ros_python) CommandEnded: {'returncode': 0}
[0.395961] (ros_python) JobEnded: {'identifier': 'ros_python', 'rc': 0}
[0.396161] (-) EventReactorShutdown: {}
