[0.079s] DEBUG:colcon:Command line arguments: ['/usr/bin/colcon', 'build']
[0.079s] DEBUG:colcon:Parsed command line arguments: Namespace(log_base=None, log_level=None, verb_name='build', build_base='build', install_base='install', merge_install=False, symlink_install=False, test_result_base=None, continue_on_error=False, executor='parallel', parallel_workers=16, event_handlers=None, ignore_user_meta=False, metas=['./colcon.meta'], base_paths=['.'], packages_ignore=None, packages_ignore_regex=None, paths=None, packages_up_to=None, packages_up_to_regex=None, packages_above=None, packages_above_and_dependencies=None, packages_above_depth=None, packages_select_by_dep=None, packages_skip_by_dep=None, packages_skip_up_to=None, packages_select_build_failed=False, packages_skip_build_finished=False, packages_select_test_failures=False, packages_skip_test_passed=False, packages_select=None, packages_skip=None, packages_select_regex=None, packages_skip_regex=None, packages_start=None, packages_end=None, allow_overriding=[], cmake_args=None, cmake_target=None, cmake_target_skip_unavailable=False, cmake_clean_cache=False, cmake_clean_first=False, cmake_force_configure=False, ament_cmake_args=None, catkin_cmake_args=None, catkin_skip_building_tests=False, mixin_files=None, mixin=None, verb_parser=<colcon_mixin.mixin.mixin_argument.MixinArgumentDecorator object at 0x776b6ff5a680>, verb_extension=<colcon_core.verb.build.BuildVerb object at 0x776b700dbb80>, main=<bound method BuildVerb.main of <colcon_core.verb.build.BuildVerb object at 0x776b700dbb80>>, mixin_verb=('build',))
[0.234s] Level 1:colcon.colcon_core.package_discovery:discover_packages(colcon_meta) check parameters
[0.234s] Level 1:colcon.colcon_core.package_discovery:discover_packages(recursive) check parameters
[0.234s] Level 1:colcon.colcon_core.package_discovery:discover_packages(ignore) check parameters
[0.234s] Level 1:colcon.colcon_core.package_discovery:discover_packages(path) check parameters
[0.234s] Level 1:colcon.colcon_core.package_discovery:discover_packages(colcon_meta) discover
[0.234s] Level 1:colcon.colcon_core.package_discovery:discover_packages(recursive) discover
[0.234s] INFO:colcon.colcon_core.package_discovery:Crawling recursively for packages in '/home/mehmet/ros'
[0.234s] Level 1:colcon.colcon_core.package_identification:_identify(.) by extensions ['ignore', 'ignore_ament_install']
[0.234s] Level 1:colcon.colcon_core.package_identification:_identify(.) by extension 'ignore'
[0.234s] Level 1:colcon.colcon_core.package_identification:_identify(.) by extension 'ignore_ament_install'
[0.234s] Level 1:colcon.colcon_core.package_identification:_identify(.) by extensions ['colcon_pkg']
[0.234s] Level 1:colcon.colcon_core.package_identification:_identify(.) by extension 'colcon_pkg'
[0.234s] Level 1:colcon.colcon_core.package_identification:_identify(.) by extensions ['colcon_meta']
[0.234s] Level 1:colcon.colcon_core.package_identification:_identify(.) by extension 'colcon_meta'
[0.235s] Level 1:colcon.colcon_core.package_identification:_identify(.) by extensions ['ros']
[0.235s] Level 1:colcon.colcon_core.package_identification:_identify(.) by extension 'ros'
[0.241s] Level 1:colcon.colcon_core.package_identification:_identify(.) by extensions ['cmake', 'python']
[0.241s] Level 1:colcon.colcon_core.package_identification:_identify(.) by extension 'cmake'
[0.241s] Level 1:colcon.colcon_core.package_identification:_identify(.) by extension 'python'
[0.241s] Level 1:colcon.colcon_core.package_identification:_identify(.) by extensions ['python_setup_py']
[0.241s] Level 1:colcon.colcon_core.package_identification:_identify(.) by extension 'python_setup_py'
[0.241s] Level 1:colcon.colcon_core.package_identification:_identify(build) by extensions ['ignore', 'ignore_ament_install']
[0.241s] Level 1:colcon.colcon_core.package_identification:_identify(build) by extension 'ignore'
[0.241s] Level 1:colcon.colcon_core.package_identification:_identify(build) ignored
[0.242s] Level 1:colcon.colcon_core.package_identification:_identify(install) by extensions ['ignore', 'ignore_ament_install']
[0.242s] Level 1:colcon.colcon_core.package_identification:_identify(install) by extension 'ignore'
[0.242s] Level 1:colcon.colcon_core.package_identification:_identify(install) ignored
[0.242s] Level 1:colcon.colcon_core.package_identification:_identify(log) by extensions ['ignore', 'ignore_ament_install']
[0.242s] Level 1:colcon.colcon_core.package_identification:_identify(log) by extension 'ignore'
[0.242s] Level 1:colcon.colcon_core.package_identification:_identify(log) ignored
[0.242s] Level 1:colcon.colcon_core.package_identification:_identify(src) by extensions ['ignore', 'ignore_ament_install']
[0.242s] Level 1:colcon.colcon_core.package_identification:_identify(src) by extension 'ignore'
[0.242s] Level 1:colcon.colcon_core.package_identification:_identify(src) by extension 'ignore_ament_install'
[0.242s] Level 1:colcon.colcon_core.package_identification:_identify(src) by extensions ['colcon_pkg']
[0.242s] Level 1:colcon.colcon_core.package_identification:_identify(src) by extension 'colcon_pkg'
[0.242s] Level 1:colcon.colcon_core.package_identification:_identify(src) by extensions ['colcon_meta']
[0.242s] Level 1:colcon.colcon_core.package_identification:_identify(src) by extension 'colcon_meta'
[0.242s] Level 1:colcon.colcon_core.package_identification:_identify(src) by extensions ['ros']
[0.242s] Level 1:colcon.colcon_core.package_identification:_identify(src) by extension 'ros'
[0.242s] Level 1:colcon.colcon_core.package_identification:_identify(src) by extensions ['cmake', 'python']
[0.242s] Level 1:colcon.colcon_core.package_identification:_identify(src) by extension 'cmake'
[0.242s] Level 1:colcon.colcon_core.package_identification:_identify(src) by extension 'python'
[0.242s] Level 1:colcon.colcon_core.package_identification:_identify(src) by extensions ['python_setup_py']
[0.242s] Level 1:colcon.colcon_core.package_identification:_identify(src) by extension 'python_setup_py'
[0.242s] Level 1:colcon.colcon_core.package_identification:_identify(src/bot_controller) by extensions ['ignore', 'ignore_ament_install']
[0.242s] Level 1:colcon.colcon_core.package_identification:_identify(src/bot_controller) by extension 'ignore'
[0.242s] Level 1:colcon.colcon_core.package_identification:_identify(src/bot_controller) by extension 'ignore_ament_install'
[0.242s] Level 1:colcon.colcon_core.package_identification:_identify(src/bot_controller) by extensions ['colcon_pkg']
[0.242s] Level 1:colcon.colcon_core.package_identification:_identify(src/bot_controller) by extension 'colcon_pkg'
[0.242s] Level 1:colcon.colcon_core.package_identification:_identify(src/bot_controller) by extensions ['colcon_meta']
[0.242s] Level 1:colcon.colcon_core.package_identification:_identify(src/bot_controller) by extension 'colcon_meta'
[0.242s] Level 1:colcon.colcon_core.package_identification:_identify(src/bot_controller) by extensions ['ros']
[0.242s] Level 1:colcon.colcon_core.package_identification:_identify(src/bot_controller) by extension 'ros'
[0.244s] DEBUG:colcon.colcon_core.package_identification:Package 'src/bot_controller' with type 'ros.ament_cmake' and name 'bot_controller'
[0.244s] Level 1:colcon.colcon_core.package_identification:_identify(src/bot_description) by extensions ['ignore', 'ignore_ament_install']
[0.244s] Level 1:colcon.colcon_core.package_identification:_identify(src/bot_description) by extension 'ignore'
[0.244s] Level 1:colcon.colcon_core.package_identification:_identify(src/bot_description) by extension 'ignore_ament_install'
[0.244s] Level 1:colcon.colcon_core.package_identification:_identify(src/bot_description) by extensions ['colcon_pkg']
[0.244s] Level 1:colcon.colcon_core.package_identification:_identify(src/bot_description) by extension 'colcon_pkg'
[0.244s] Level 1:colcon.colcon_core.package_identification:_identify(src/bot_description) by extensions ['colcon_meta']
[0.245s] Level 1:colcon.colcon_core.package_identification:_identify(src/bot_description) by extension 'colcon_meta'
[0.245s] Level 1:colcon.colcon_core.package_identification:_identify(src/bot_description) by extensions ['ros']
[0.245s] Level 1:colcon.colcon_core.package_identification:_identify(src/bot_description) by extension 'ros'
[0.245s] DEBUG:colcon.colcon_core.package_identification:Package 'src/bot_description' with type 'ros.ament_cmake' and name 'bot_description'
[0.245s] Level 1:colcon.colcon_core.package_identification:_identify(src/bot_msgs) by extensions ['ignore', 'ignore_ament_install']
[0.245s] Level 1:colcon.colcon_core.package_identification:_identify(src/bot_msgs) by extension 'ignore'
[0.245s] Level 1:colcon.colcon_core.package_identification:_identify(src/bot_msgs) by extension 'ignore_ament_install'
[0.245s] Level 1:colcon.colcon_core.package_identification:_identify(src/bot_msgs) by extensions ['colcon_pkg']
[0.245s] Level 1:colcon.colcon_core.package_identification:_identify(src/bot_msgs) by extension 'colcon_pkg'
[0.245s] Level 1:colcon.colcon_core.package_identification:_identify(src/bot_msgs) by extensions ['colcon_meta']
[0.245s] Level 1:colcon.colcon_core.package_identification:_identify(src/bot_msgs) by extension 'colcon_meta'
[0.245s] Level 1:colcon.colcon_core.package_identification:_identify(src/bot_msgs) by extensions ['ros']
[0.245s] Level 1:colcon.colcon_core.package_identification:_identify(src/bot_msgs) by extension 'ros'
[0.246s] DEBUG:colcon.colcon_core.package_identification:Package 'src/bot_msgs' with type 'ros.ament_cmake' and name 'bot_msgs'
[0.246s] Level 1:colcon.colcon_core.package_identification:_identify(src/ros_cpp) by extensions ['ignore', 'ignore_ament_install']
[0.246s] Level 1:colcon.colcon_core.package_identification:_identify(src/ros_cpp) by extension 'ignore'
[0.246s] Level 1:colcon.colcon_core.package_identification:_identify(src/ros_cpp) by extension 'ignore_ament_install'
[0.246s] Level 1:colcon.colcon_core.package_identification:_identify(src/ros_cpp) by extensions ['colcon_pkg']
[0.246s] Level 1:colcon.colcon_core.package_identification:_identify(src/ros_cpp) by extension 'colcon_pkg'
[0.246s] Level 1:colcon.colcon_core.package_identification:_identify(src/ros_cpp) by extensions ['colcon_meta']
[0.246s] Level 1:colcon.colcon_core.package_identification:_identify(src/ros_cpp) by extension 'colcon_meta'
[0.246s] Level 1:colcon.colcon_core.package_identification:_identify(src/ros_cpp) by extensions ['ros']
[0.246s] Level 1:colcon.colcon_core.package_identification:_identify(src/ros_cpp) by extension 'ros'
[0.247s] DEBUG:colcon.colcon_core.package_identification:Package 'src/ros_cpp' with type 'ros.ament_cmake' and name 'ros_cpp'
[0.247s] Level 1:colcon.colcon_core.package_identification:_identify(src/ros_python) by extensions ['ignore', 'ignore_ament_install']
[0.247s] Level 1:colcon.colcon_core.package_identification:_identify(src/ros_python) by extension 'ignore'
[0.247s] Level 1:colcon.colcon_core.package_identification:_identify(src/ros_python) by extension 'ignore_ament_install'
[0.247s] Level 1:colcon.colcon_core.package_identification:_identify(src/ros_python) by extensions ['colcon_pkg']
[0.247s] Level 1:colcon.colcon_core.package_identification:_identify(src/ros_python) by extension 'colcon_pkg'
[0.247s] Level 1:colcon.colcon_core.package_identification:_identify(src/ros_python) by extensions ['colcon_meta']
[0.247s] Level 1:colcon.colcon_core.package_identification:_identify(src/ros_python) by extension 'colcon_meta'
[0.247s] Level 1:colcon.colcon_core.package_identification:_identify(src/ros_python) by extensions ['ros']
[0.247s] Level 1:colcon.colcon_core.package_identification:_identify(src/ros_python) by extension 'ros'
[0.247s] DEBUG:colcon.colcon_core.package_identification:Package 'src/ros_python' with type 'ros.ament_python' and name 'ros_python'
[0.247s] Level 1:colcon.colcon_core.package_discovery:discover_packages(recursive) using defaults
[0.248s] Level 1:colcon.colcon_core.package_discovery:discover_packages(ignore) discover
[0.248s] Level 1:colcon.colcon_core.package_discovery:discover_packages(ignore) using defaults
[0.248s] Level 1:colcon.colcon_core.package_discovery:discover_packages(path) discover
[0.248s] Level 1:colcon.colcon_core.package_discovery:discover_packages(path) using defaults
[0.270s] Level 1:colcon.colcon_core.package_discovery:discover_packages(prefix_path) check parameters
[0.270s] Level 1:colcon.colcon_core.package_discovery:discover_packages(prefix_path) discover
[0.272s] DEBUG:colcon.colcon_installed_package_information.package_discovery:Found 386 installed packages in /opt/ros/humble
[0.273s] Level 1:colcon.colcon_core.package_discovery:discover_packages(prefix_path) using defaults
[0.305s] Level 5:colcon.colcon_core.verb:set package 'bot_controller' build argument 'cmake_args' from command line to 'None'
[0.305s] Level 5:colcon.colcon_core.verb:set package 'bot_controller' build argument 'cmake_target' from command line to 'None'
[0.305s] Level 5:colcon.colcon_core.verb:set package 'bot_controller' build argument 'cmake_target_skip_unavailable' from command line to 'False'
[0.305s] Level 5:colcon.colcon_core.verb:set package 'bot_controller' build argument 'cmake_clean_cache' from command line to 'False'
[0.305s] Level 5:colcon.colcon_core.verb:set package 'bot_controller' build argument 'cmake_clean_first' from command line to 'False'
[0.305s] Level 5:colcon.colcon_core.verb:set package 'bot_controller' build argument 'cmake_force_configure' from command line to 'False'
[0.305s] Level 5:colcon.colcon_core.verb:set package 'bot_controller' build argument 'ament_cmake_args' from command line to 'None'
[0.305s] Level 5:colcon.colcon_core.verb:set package 'bot_controller' build argument 'catkin_cmake_args' from command line to 'None'
[0.305s] Level 5:colcon.colcon_core.verb:set package 'bot_controller' build argument 'catkin_skip_building_tests' from command line to 'False'
[0.305s] DEBUG:colcon.colcon_core.verb:Building package 'bot_controller' with the following arguments: {'ament_cmake_args': None, 'build_base': '/home/mehmet/ros/build/bot_controller', 'catkin_cmake_args': None, 'catkin_skip_building_tests': False, 'cmake_args': None, 'cmake_clean_cache': False, 'cmake_clean_first': False, 'cmake_force_configure': False, 'cmake_target': None, 'cmake_target_skip_unavailable': False, 'install_base': '/home/mehmet/ros/install/bot_controller', 'merge_install': False, 'path': '/home/mehmet/ros/src/bot_controller', 'symlink_install': False, 'test_result_base': None}
[0.305s] Level 5:colcon.colcon_core.verb:set package 'bot_description' build argument 'cmake_args' from command line to 'None'
[0.305s] Level 5:colcon.colcon_core.verb:set package 'bot_description' build argument 'cmake_target' from command line to 'None'
[0.305s] Level 5:colcon.colcon_core.verb:set package 'bot_description' build argument 'cmake_target_skip_unavailable' from command line to 'False'
[0.305s] Level 5:colcon.colcon_core.verb:set package 'bot_description' build argument 'cmake_clean_cache' from command line to 'False'
[0.305s] Level 5:colcon.colcon_core.verb:set package 'bot_description' build argument 'cmake_clean_first' from command line to 'False'
[0.305s] Level 5:colcon.colcon_core.verb:set package 'bot_description' build argument 'cmake_force_configure' from command line to 'False'
[0.305s] Level 5:colcon.colcon_core.verb:set package 'bot_description' build argument 'ament_cmake_args' from command line to 'None'
[0.305s] Level 5:colcon.colcon_core.verb:set package 'bot_description' build argument 'catkin_cmake_args' from command line to 'None'
[0.305s] Level 5:colcon.colcon_core.verb:set package 'bot_description' build argument 'catkin_skip_building_tests' from command line to 'False'
[0.305s] DEBUG:colcon.colcon_core.verb:Building package 'bot_description' with the following arguments: {'ament_cmake_args': None, 'build_base': '/home/mehmet/ros/build/bot_description', 'catkin_cmake_args': None, 'catkin_skip_building_tests': False, 'cmake_args': None, 'cmake_clean_cache': False, 'cmake_clean_first': False, 'cmake_force_configure': False, 'cmake_target': None, 'cmake_target_skip_unavailable': False, 'install_base': '/home/mehmet/ros/install/bot_description', 'merge_install': False, 'path': '/home/mehmet/ros/src/bot_description', 'symlink_install': False, 'test_result_base': None}
[0.305s] Level 5:colcon.colcon_core.verb:set package 'bot_msgs' build argument 'cmake_args' from command line to 'None'
[0.305s] Level 5:colcon.colcon_core.verb:set package 'bot_msgs' build argument 'cmake_target' from command line to 'None'
[0.305s] Level 5:colcon.colcon_core.verb:set package 'bot_msgs' build argument 'cmake_target_skip_unavailable' from command line to 'False'
[0.305s] Level 5:colcon.colcon_core.verb:set package 'bot_msgs' build argument 'cmake_clean_cache' from command line to 'False'
[0.305s] Level 5:colcon.colcon_core.verb:set package 'bot_msgs' build argument 'cmake_clean_first' from command line to 'False'
[0.305s] Level 5:colcon.colcon_core.verb:set package 'bot_msgs' build argument 'cmake_force_configure' from command line to 'False'
[0.305s] Level 5:colcon.colcon_core.verb:set package 'bot_msgs' build argument 'ament_cmake_args' from command line to 'None'
[0.305s] Level 5:colcon.colcon_core.verb:set package 'bot_msgs' build argument 'catkin_cmake_args' from command line to 'None'
[0.305s] Level 5:colcon.colcon_core.verb:set package 'bot_msgs' build argument 'catkin_skip_building_tests' from command line to 'False'
[0.305s] DEBUG:colcon.colcon_core.verb:Building package 'bot_msgs' with the following arguments: {'ament_cmake_args': None, 'build_base': '/home/mehmet/ros/build/bot_msgs', 'catkin_cmake_args': None, 'catkin_skip_building_tests': False, 'cmake_args': None, 'cmake_clean_cache': False, 'cmake_clean_first': False, 'cmake_force_configure': False, 'cmake_target': None, 'cmake_target_skip_unavailable': False, 'install_base': '/home/mehmet/ros/install/bot_msgs', 'merge_install': False, 'path': '/home/mehmet/ros/src/bot_msgs', 'symlink_install': False, 'test_result_base': None}
[0.306s] Level 5:colcon.colcon_core.verb:set package 'ros_cpp' build argument 'cmake_args' from command line to 'None'
[0.306s] Level 5:colcon.colcon_core.verb:set package 'ros_cpp' build argument 'cmake_target' from command line to 'None'
[0.306s] Level 5:colcon.colcon_core.verb:set package 'ros_cpp' build argument 'cmake_target_skip_unavailable' from command line to 'False'
[0.306s] Level 5:colcon.colcon_core.verb:set package 'ros_cpp' build argument 'cmake_clean_cache' from command line to 'False'
[0.306s] Level 5:colcon.colcon_core.verb:set package 'ros_cpp' build argument 'cmake_clean_first' from command line to 'False'
[0.306s] Level 5:colcon.colcon_core.verb:set package 'ros_cpp' build argument 'cmake_force_configure' from command line to 'False'
[0.306s] Level 5:colcon.colcon_core.verb:set package 'ros_cpp' build argument 'ament_cmake_args' from command line to 'None'
[0.306s] Level 5:colcon.colcon_core.verb:set package 'ros_cpp' build argument 'catkin_cmake_args' from command line to 'None'
[0.306s] Level 5:colcon.colcon_core.verb:set package 'ros_cpp' build argument 'catkin_skip_building_tests' from command line to 'False'
[0.306s] DEBUG:colcon.colcon_core.verb:Building package 'ros_cpp' with the following arguments: {'ament_cmake_args': None, 'build_base': '/home/mehmet/ros/build/ros_cpp', 'catkin_cmake_args': None, 'catkin_skip_building_tests': False, 'cmake_args': None, 'cmake_clean_cache': False, 'cmake_clean_first': False, 'cmake_force_configure': False, 'cmake_target': None, 'cmake_target_skip_unavailable': False, 'install_base': '/home/mehmet/ros/install/ros_cpp', 'merge_install': False, 'path': '/home/mehmet/ros/src/ros_cpp', 'symlink_install': False, 'test_result_base': None}
[0.306s] Level 5:colcon.colcon_core.verb:set package 'ros_python' build argument 'cmake_args' from command line to 'None'
[0.306s] Level 5:colcon.colcon_core.verb:set package 'ros_python' build argument 'cmake_target' from command line to 'None'
[0.306s] Level 5:colcon.colcon_core.verb:set package 'ros_python' build argument 'cmake_target_skip_unavailable' from command line to 'False'
[0.306s] Level 5:colcon.colcon_core.verb:set package 'ros_python' build argument 'cmake_clean_cache' from command line to 'False'
[0.306s] Level 5:colcon.colcon_core.verb:set package 'ros_python' build argument 'cmake_clean_first' from command line to 'False'
[0.306s] Level 5:colcon.colcon_core.verb:set package 'ros_python' build argument 'cmake_force_configure' from command line to 'False'
[0.306s] Level 5:colcon.colcon_core.verb:set package 'ros_python' build argument 'ament_cmake_args' from command line to 'None'
[0.306s] Level 5:colcon.colcon_core.verb:set package 'ros_python' build argument 'catkin_cmake_args' from command line to 'None'
[0.306s] Level 5:colcon.colcon_core.verb:set package 'ros_python' build argument 'catkin_skip_building_tests' from command line to 'False'
[0.306s] DEBUG:colcon.colcon_core.verb:Building package 'ros_python' with the following arguments: {'ament_cmake_args': None, 'build_base': '/home/mehmet/ros/build/ros_python', 'catkin_cmake_args': None, 'catkin_skip_building_tests': False, 'cmake_args': None, 'cmake_clean_cache': False, 'cmake_clean_first': False, 'cmake_force_configure': False, 'cmake_target': None, 'cmake_target_skip_unavailable': False, 'install_base': '/home/mehmet/ros/install/ros_python', 'merge_install': False, 'path': '/home/mehmet/ros/src/ros_python', 'symlink_install': False, 'test_result_base': None}
[0.306s] INFO:colcon.colcon_core.executor:Executing jobs using 'parallel' executor
[0.307s] DEBUG:colcon.colcon_parallel_executor.executor.parallel:run_until_complete
[0.307s] INFO:colcon.colcon_ros.task.ament_cmake.build:Building ROS package in '/home/mehmet/ros/src/bot_msgs' with build type 'ament_cmake'
[0.307s] INFO:colcon.colcon_cmake.task.cmake.build:Building CMake package in '/home/mehmet/ros/src/bot_msgs'
[0.310s] INFO:colcon.colcon_core.plugin_system:Skipping extension 'colcon_core.shell.bat': Not used on non-Windows systems
[0.310s] INFO:colcon.colcon_core.shell:Skip shell extension 'powershell' for command environment: Not usable outside of PowerShell
[0.310s] DEBUG:colcon.colcon_core.shell:Skip shell extension 'dsv' for command environment
[0.312s] INFO:colcon.colcon_ros.task.ament_cmake.build:Building ROS package in '/home/mehmet/ros/src/bot_controller' with build type 'ament_cmake'
[0.312s] INFO:colcon.colcon_cmake.task.cmake.build:Building CMake package in '/home/mehmet/ros/src/bot_controller'
[0.312s] INFO:colcon.colcon_core.shell:Skip shell extension 'powershell' for command environment: Not usable outside of PowerShell
[0.312s] DEBUG:colcon.colcon_core.shell:Skip shell extension 'dsv' for command environment
[0.314s] INFO:colcon.colcon_ros.task.ament_cmake.build:Building ROS package in '/home/mehmet/ros/src/bot_description' with build type 'ament_cmake'
[0.314s] INFO:colcon.colcon_cmake.task.cmake.build:Building CMake package in '/home/mehmet/ros/src/bot_description'
[0.315s] INFO:colcon.colcon_core.shell:Skip shell extension 'powershell' for command environment: Not usable outside of PowerShell
[0.315s] DEBUG:colcon.colcon_core.shell:Skip shell extension 'dsv' for command environment
[0.317s] INFO:colcon.colcon_ros.task.ament_cmake.build:Building ROS package in '/home/mehmet/ros/src/ros_cpp' with build type 'ament_cmake'
[0.317s] INFO:colcon.colcon_cmake.task.cmake.build:Building CMake package in '/home/mehmet/ros/src/ros_cpp'
[0.317s] INFO:colcon.colcon_core.shell:Skip shell extension 'powershell' for command environment: Not usable outside of PowerShell
[0.317s] DEBUG:colcon.colcon_core.shell:Skip shell extension 'dsv' for command environment
[0.322s] DEBUG:colcon.colcon_core.event_handler.log_command:Invoking command in '/home/mehmet/ros/build/bot_msgs': CMAKE_PREFIX_PATH=/opt/ros/humble /usr/bin/cmake --build /home/mehmet/ros/build/bot_msgs -- -j16 -l16
[0.324s] DEBUG:colcon.colcon_core.event_handler.log_command:Invoking command in '/home/mehmet/ros/build/bot_controller': CMAKE_PREFIX_PATH=/opt/ros/humble /usr/bin/cmake --build /home/mehmet/ros/build/bot_controller -- -j16 -l16
[0.326s] DEBUG:colcon.colcon_core.event_handler.log_command:Invoking command in '/home/mehmet/ros/build/bot_description': CMAKE_PREFIX_PATH=/opt/ros/humble /usr/bin/cmake --build /home/mehmet/ros/build/bot_description -- -j16 -l16
[0.329s] DEBUG:colcon.colcon_core.event_handler.log_command:Invoking command in '/home/mehmet/ros/build/ros_cpp': CMAKE_PREFIX_PATH=/opt/ros/humble /usr/bin/cmake --build /home/mehmet/ros/build/ros_cpp -- -j16 -l16
[0.359s] DEBUG:colcon.colcon_core.event_handler.log_command:Invoked command in '/home/mehmet/ros/build/bot_description' returned '0': CMAKE_PREFIX_PATH=/opt/ros/humble /usr/bin/cmake --build /home/mehmet/ros/build/bot_description -- -j16 -l16
[0.367s] DEBUG:colcon.colcon_core.event_handler.log_command:Invoking command in '/home/mehmet/ros/build/bot_description': CMAKE_PREFIX_PATH=/opt/ros/humble /usr/bin/cmake --install /home/mehmet/ros/build/bot_description
[0.374s] Level 1:colcon.colcon_core.environment:create_environment_scripts_only(bot_description)
[0.375s] DEBUG:colcon.colcon_core.event_handler.log_command:Invoked command in '/home/mehmet/ros/build/bot_description' returned '0': CMAKE_PREFIX_PATH=/opt/ros/humble /usr/bin/cmake --install /home/mehmet/ros/build/bot_description
[0.377s] Level 1:colcon.colcon_core.environment:checking '/home/mehmet/ros/install/bot_description' for CMake module files
[0.378s] Level 1:colcon.colcon_core.environment:checking '/home/mehmet/ros/install/bot_description' for CMake config files
[0.378s] Level 1:colcon.colcon_core.shell:create_environment_hook('bot_description', 'cmake_prefix_path')
[0.378s] INFO:colcon.colcon_core.shell:Creating environment hook '/home/mehmet/ros/install/bot_description/share/bot_description/hook/cmake_prefix_path.ps1'
[0.379s] INFO:colcon.colcon_core.shell:Creating environment descriptor '/home/mehmet/ros/install/bot_description/share/bot_description/hook/cmake_prefix_path.dsv'
[0.379s] INFO:colcon.colcon_core.shell:Creating environment hook '/home/mehmet/ros/install/bot_description/share/bot_description/hook/cmake_prefix_path.sh'
[0.381s] Level 1:colcon.colcon_core.environment:checking '/home/mehmet/ros/install/bot_description/bin'
[0.381s] Level 1:colcon.colcon_core.environment:checking '/home/mehmet/ros/install/bot_description/lib/pkgconfig/bot_description.pc'
[0.381s] Level 1:colcon.colcon_core.environment:checking '/home/mehmet/ros/install/bot_description/lib/python3.10/site-packages'
[0.382s] Level 1:colcon.colcon_core.environment:checking '/home/mehmet/ros/install/bot_description/bin'
[0.382s] INFO:colcon.colcon_core.shell:Creating package script '/home/mehmet/ros/install/bot_description/share/bot_description/package.ps1'
[0.383s] INFO:colcon.colcon_core.shell:Creating package descriptor '/home/mehmet/ros/install/bot_description/share/bot_description/package.dsv'
[0.384s] INFO:colcon.colcon_core.shell:Creating package script '/home/mehmet/ros/install/bot_description/share/bot_description/package.sh'
[0.386s] INFO:colcon.colcon_core.shell:Creating package script '/home/mehmet/ros/install/bot_description/share/bot_description/package.bash'
[0.387s] INFO:colcon.colcon_core.shell:Creating package script '/home/mehmet/ros/install/bot_description/share/bot_description/package.zsh'
[0.388s] Level 1:colcon.colcon_core.environment:create_file_with_runtime_dependencies(/home/mehmet/ros/install/bot_description/share/colcon-core/packages/bot_description)
[0.389s] Level 1:colcon.colcon_core.environment:create_environment_scripts_only(bot_description)
[0.389s] Level 1:colcon.colcon_core.environment:checking '/home/mehmet/ros/install/bot_description' for CMake module files
[0.390s] Level 1:colcon.colcon_core.environment:checking '/home/mehmet/ros/install/bot_description' for CMake config files
[0.390s] Level 1:colcon.colcon_core.shell:create_environment_hook('bot_description', 'cmake_prefix_path')
[0.390s] INFO:colcon.colcon_core.shell:Creating environment hook '/home/mehmet/ros/install/bot_description/share/bot_description/hook/cmake_prefix_path.ps1'
[0.391s] INFO:colcon.colcon_core.shell:Creating environment descriptor '/home/mehmet/ros/install/bot_description/share/bot_description/hook/cmake_prefix_path.dsv'
[0.391s] INFO:colcon.colcon_core.shell:Creating environment hook '/home/mehmet/ros/install/bot_description/share/bot_description/hook/cmake_prefix_path.sh'
[0.392s] Level 1:colcon.colcon_core.environment:checking '/home/mehmet/ros/install/bot_description/bin'
[0.392s] Level 1:colcon.colcon_core.environment:checking '/home/mehmet/ros/install/bot_description/lib/pkgconfig/bot_description.pc'
[0.392s] Level 1:colcon.colcon_core.environment:checking '/home/mehmet/ros/install/bot_description/lib/python3.10/site-packages'
[0.392s] Level 1:colcon.colcon_core.environment:checking '/home/mehmet/ros/install/bot_description/bin'
[0.392s] INFO:colcon.colcon_core.shell:Creating package script '/home/mehmet/ros/install/bot_description/share/bot_description/package.ps1'
[0.393s] INFO:colcon.colcon_core.shell:Creating package descriptor '/home/mehmet/ros/install/bot_description/share/bot_description/package.dsv'
[0.393s] INFO:colcon.colcon_core.shell:Creating package script '/home/mehmet/ros/install/bot_description/share/bot_description/package.sh'
[0.394s] INFO:colcon.colcon_core.shell:Creating package script '/home/mehmet/ros/install/bot_description/share/bot_description/package.bash'
[0.394s] INFO:colcon.colcon_core.shell:Creating package script '/home/mehmet/ros/install/bot_description/share/bot_description/package.zsh'
[0.395s] Level 1:colcon.colcon_core.environment:create_file_with_runtime_dependencies(/home/mehmet/ros/install/bot_description/share/colcon-core/packages/bot_description)
[0.401s] DEBUG:colcon.colcon_core.event_handler.log_command:Invoked command in '/home/mehmet/ros/build/ros_cpp' returned '0': CMAKE_PREFIX_PATH=/opt/ros/humble /usr/bin/cmake --build /home/mehmet/ros/build/ros_cpp -- -j16 -l16
[0.403s] DEBUG:colcon.colcon_core.event_handler.log_command:Invoking command in '/home/mehmet/ros/build/ros_cpp': CMAKE_PREFIX_PATH=/opt/ros/humble /usr/bin/cmake --install /home/mehmet/ros/build/ros_cpp
[0.415s] Level 1:colcon.colcon_core.environment:create_environment_scripts_only(ros_cpp)
[0.415s] Level 1:colcon.colcon_core.environment:checking '/home/mehmet/ros/install/ros_cpp' for CMake module files
[0.415s] DEBUG:colcon.colcon_core.event_handler.log_command:Invoked command in '/home/mehmet/ros/build/ros_cpp' returned '0': CMAKE_PREFIX_PATH=/opt/ros/humble /usr/bin/cmake --install /home/mehmet/ros/build/ros_cpp
[0.416s] Level 1:colcon.colcon_core.environment:checking '/home/mehmet/ros/install/ros_cpp' for CMake config files
[0.416s] Level 1:colcon.colcon_core.shell:create_environment_hook('ros_cpp', 'cmake_prefix_path')
[0.416s] INFO:colcon.colcon_core.shell:Creating environment hook '/home/mehmet/ros/install/ros_cpp/share/ros_cpp/hook/cmake_prefix_path.ps1'
[0.416s] INFO:colcon.colcon_core.shell:Creating environment descriptor '/home/mehmet/ros/install/ros_cpp/share/ros_cpp/hook/cmake_prefix_path.dsv'
[0.417s] INFO:colcon.colcon_core.shell:Creating environment hook '/home/mehmet/ros/install/ros_cpp/share/ros_cpp/hook/cmake_prefix_path.sh'
[0.417s] Level 1:colcon.colcon_core.environment:checking '/home/mehmet/ros/install/ros_cpp/lib'
[0.417s] Level 1:colcon.colcon_core.environment:checking '/home/mehmet/ros/install/ros_cpp/bin'
[0.417s] Level 1:colcon.colcon_core.environment:checking '/home/mehmet/ros/install/ros_cpp/lib/pkgconfig/ros_cpp.pc'
[0.417s] Level 1:colcon.colcon_core.environment:checking '/home/mehmet/ros/install/ros_cpp/lib/python3.10/site-packages'
[0.418s] Level 1:colcon.colcon_core.environment:checking '/home/mehmet/ros/install/ros_cpp/bin'
[0.418s] INFO:colcon.colcon_core.shell:Creating package script '/home/mehmet/ros/install/ros_cpp/share/ros_cpp/package.ps1'
[0.418s] INFO:colcon.colcon_core.shell:Creating package descriptor '/home/mehmet/ros/install/ros_cpp/share/ros_cpp/package.dsv'
[0.419s] INFO:colcon.colcon_core.shell:Creating package script '/home/mehmet/ros/install/ros_cpp/share/ros_cpp/package.sh'
[0.419s] INFO:colcon.colcon_core.shell:Creating package script '/home/mehmet/ros/install/ros_cpp/share/ros_cpp/package.bash'
[0.419s] INFO:colcon.colcon_core.shell:Creating package script '/home/mehmet/ros/install/ros_cpp/share/ros_cpp/package.zsh'
[0.419s] Level 1:colcon.colcon_core.environment:create_file_with_runtime_dependencies(/home/mehmet/ros/install/ros_cpp/share/colcon-core/packages/ros_cpp)
[0.420s] Level 1:colcon.colcon_core.environment:create_environment_scripts_only(ros_cpp)
[0.420s] Level 1:colcon.colcon_core.environment:checking '/home/mehmet/ros/install/ros_cpp' for CMake module files
[0.420s] Level 1:colcon.colcon_core.environment:checking '/home/mehmet/ros/install/ros_cpp' for CMake config files
[0.420s] Level 1:colcon.colcon_core.shell:create_environment_hook('ros_cpp', 'cmake_prefix_path')
[0.421s] INFO:colcon.colcon_core.shell:Creating environment hook '/home/mehmet/ros/install/ros_cpp/share/ros_cpp/hook/cmake_prefix_path.ps1'
[0.421s] INFO:colcon.colcon_core.shell:Creating environment descriptor '/home/mehmet/ros/install/ros_cpp/share/ros_cpp/hook/cmake_prefix_path.dsv'
[0.421s] INFO:colcon.colcon_core.shell:Creating environment hook '/home/mehmet/ros/install/ros_cpp/share/ros_cpp/hook/cmake_prefix_path.sh'
[0.421s] Level 1:colcon.colcon_core.environment:checking '/home/mehmet/ros/install/ros_cpp/lib'
[0.421s] Level 1:colcon.colcon_core.environment:checking '/home/mehmet/ros/install/ros_cpp/bin'
[0.421s] Level 1:colcon.colcon_core.environment:checking '/home/mehmet/ros/install/ros_cpp/lib/pkgconfig/ros_cpp.pc'
[0.422s] Level 1:colcon.colcon_core.environment:checking '/home/mehmet/ros/install/ros_cpp/lib/python3.10/site-packages'
[0.422s] Level 1:colcon.colcon_core.environment:checking '/home/mehmet/ros/install/ros_cpp/bin'
[0.422s] INFO:colcon.colcon_core.shell:Creating package script '/home/mehmet/ros/install/ros_cpp/share/ros_cpp/package.ps1'
[0.422s] INFO:colcon.colcon_core.shell:Creating package descriptor '/home/mehmet/ros/install/ros_cpp/share/ros_cpp/package.dsv'
[0.423s] INFO:colcon.colcon_core.shell:Creating package script '/home/mehmet/ros/install/ros_cpp/share/ros_cpp/package.sh'
[0.423s] INFO:colcon.colcon_core.shell:Creating package script '/home/mehmet/ros/install/ros_cpp/share/ros_cpp/package.bash'
[0.423s] INFO:colcon.colcon_core.shell:Creating package script '/home/mehmet/ros/install/ros_cpp/share/ros_cpp/package.zsh'
[0.423s] Level 1:colcon.colcon_core.environment:create_file_with_runtime_dependencies(/home/mehmet/ros/install/ros_cpp/share/colcon-core/packages/ros_cpp)
[0.567s] DEBUG:colcon.colcon_core.event_handler.log_command:Invoked command in '/home/mehmet/ros/build/bot_msgs' returned '0': CMAKE_PREFIX_PATH=/opt/ros/humble /usr/bin/cmake --build /home/mehmet/ros/build/bot_msgs -- -j16 -l16
[0.568s] DEBUG:colcon.colcon_core.event_handler.log_command:Invoking command in '/home/mehmet/ros/build/bot_msgs': CMAKE_PREFIX_PATH=/opt/ros/humble /usr/bin/cmake --install /home/mehmet/ros/build/bot_msgs
[0.569s] DEBUG:colcon.colcon_core.event_handler.log_command:Invoked command in '/home/mehmet/ros/build/bot_controller' returned '0': CMAKE_PREFIX_PATH=/opt/ros/humble /usr/bin/cmake --build /home/mehmet/ros/build/bot_controller -- -j16 -l16
[0.570s] DEBUG:colcon.colcon_core.event_handler.log_command:Invoking command in '/home/mehmet/ros/build/bot_controller': CMAKE_PREFIX_PATH=/opt/ros/humble /usr/bin/cmake --install /home/mehmet/ros/build/bot_controller
[0.606s] Level 1:colcon.colcon_core.environment:create_environment_scripts_only(bot_controller)
[0.606s] Level 1:colcon.colcon_core.environment:checking '/home/mehmet/ros/install/bot_controller' for CMake module files
[0.606s] DEBUG:colcon.colcon_core.event_handler.log_command:Invoked command in '/home/mehmet/ros/build/bot_controller' returned '0': CMAKE_PREFIX_PATH=/opt/ros/humble /usr/bin/cmake --install /home/mehmet/ros/build/bot_controller
[0.607s] Level 1:colcon.colcon_core.environment:checking '/home/mehmet/ros/install/bot_controller' for CMake config files
[0.607s] Level 1:colcon.colcon_core.shell:create_environment_hook('bot_controller', 'cmake_prefix_path')
[0.608s] INFO:colcon.colcon_core.shell:Creating environment hook '/home/mehmet/ros/install/bot_controller/share/bot_controller/hook/cmake_prefix_path.ps1'
[0.608s] INFO:colcon.colcon_core.shell:Creating environment descriptor '/home/mehmet/ros/install/bot_controller/share/bot_controller/hook/cmake_prefix_path.dsv'
[0.608s] INFO:colcon.colcon_core.shell:Creating environment hook '/home/mehmet/ros/install/bot_controller/share/bot_controller/hook/cmake_prefix_path.sh'
[0.608s] Level 1:colcon.colcon_core.environment:checking '/home/mehmet/ros/install/bot_controller/lib'
[0.608s] Level 1:colcon.colcon_core.environment:checking '/home/mehmet/ros/install/bot_controller/bin'
[0.608s] Level 1:colcon.colcon_core.environment:checking '/home/mehmet/ros/install/bot_controller/lib/pkgconfig/bot_controller.pc'
[0.609s] Level 1:colcon.colcon_core.environment:checking '/home/mehmet/ros/install/bot_controller/lib/python3.10/site-packages'
[0.609s] Level 1:colcon.colcon_core.environment:checking '/home/mehmet/ros/install/bot_controller/bin'
[0.609s] INFO:colcon.colcon_core.shell:Creating package script '/home/mehmet/ros/install/bot_controller/share/bot_controller/package.ps1'
[0.609s] INFO:colcon.colcon_core.shell:Creating package descriptor '/home/mehmet/ros/install/bot_controller/share/bot_controller/package.dsv'
[0.609s] INFO:colcon.colcon_core.shell:Creating package script '/home/mehmet/ros/install/bot_controller/share/bot_controller/package.sh'
[0.610s] INFO:colcon.colcon_core.shell:Creating package script '/home/mehmet/ros/install/bot_controller/share/bot_controller/package.bash'
[0.610s] INFO:colcon.colcon_core.shell:Creating package script '/home/mehmet/ros/install/bot_controller/share/bot_controller/package.zsh'
[0.610s] Level 1:colcon.colcon_core.environment:create_file_with_runtime_dependencies(/home/mehmet/ros/install/bot_controller/share/colcon-core/packages/bot_controller)
[0.610s] Level 1:colcon.colcon_core.environment:create_environment_scripts_only(bot_controller)
[0.610s] Level 1:colcon.colcon_core.environment:checking '/home/mehmet/ros/install/bot_controller' for CMake module files
[0.611s] Level 1:colcon.colcon_core.environment:checking '/home/mehmet/ros/install/bot_controller' for CMake config files
[0.611s] Level 1:colcon.colcon_core.shell:create_environment_hook('bot_controller', 'cmake_prefix_path')
[0.611s] INFO:colcon.colcon_core.shell:Creating environment hook '/home/mehmet/ros/install/bot_controller/share/bot_controller/hook/cmake_prefix_path.ps1'
[0.611s] INFO:colcon.colcon_core.shell:Creating environment descriptor '/home/mehmet/ros/install/bot_controller/share/bot_controller/hook/cmake_prefix_path.dsv'
[0.611s] INFO:colcon.colcon_core.shell:Creating environment hook '/home/mehmet/ros/install/bot_controller/share/bot_controller/hook/cmake_prefix_path.sh'
[0.612s] Level 1:colcon.colcon_core.environment:checking '/home/mehmet/ros/install/bot_controller/lib'
[0.612s] Level 1:colcon.colcon_core.environment:checking '/home/mehmet/ros/install/bot_controller/bin'
[0.612s] Level 1:colcon.colcon_core.environment:checking '/home/mehmet/ros/install/bot_controller/lib/pkgconfig/bot_controller.pc'
[0.612s] Level 1:colcon.colcon_core.environment:checking '/home/mehmet/ros/install/bot_controller/lib/python3.10/site-packages'
[0.612s] Level 1:colcon.colcon_core.environment:checking '/home/mehmet/ros/install/bot_controller/bin'
[0.612s] INFO:colcon.colcon_core.shell:Creating package script '/home/mehmet/ros/install/bot_controller/share/bot_controller/package.ps1'
[0.612s] INFO:colcon.colcon_core.shell:Creating package descriptor '/home/mehmet/ros/install/bot_controller/share/bot_controller/package.dsv'
[0.613s] INFO:colcon.colcon_core.shell:Creating package script '/home/mehmet/ros/install/bot_controller/share/bot_controller/package.sh'
[0.613s] INFO:colcon.colcon_core.shell:Creating package script '/home/mehmet/ros/install/bot_controller/share/bot_controller/package.bash'
[0.613s] INFO:colcon.colcon_core.shell:Creating package script '/home/mehmet/ros/install/bot_controller/share/bot_controller/package.zsh'
[0.613s] Level 1:colcon.colcon_core.environment:create_file_with_runtime_dependencies(/home/mehmet/ros/install/bot_controller/share/colcon-core/packages/bot_controller)
[0.614s] Level 1:colcon.colcon_core.environment:create_environment_scripts_only(bot_msgs)
[0.614s] Level 1:colcon.colcon_core.environment:checking '/home/mehmet/ros/install/bot_msgs' for CMake module files
[0.614s] DEBUG:colcon.colcon_core.event_handler.log_command:Invoked command in '/home/mehmet/ros/build/bot_msgs' returned '0': CMAKE_PREFIX_PATH=/opt/ros/humble /usr/bin/cmake --install /home/mehmet/ros/build/bot_msgs
[0.615s] Level 1:colcon.colcon_core.environment:checking '/home/mehmet/ros/install/bot_msgs' for CMake config files
[0.615s] Level 1:colcon.colcon_core.shell:create_environment_hook('bot_msgs', 'cmake_prefix_path')
[0.615s] INFO:colcon.colcon_core.shell:Creating environment hook '/home/mehmet/ros/install/bot_msgs/share/bot_msgs/hook/cmake_prefix_path.ps1'
[0.615s] INFO:colcon.colcon_core.shell:Creating environment descriptor '/home/mehmet/ros/install/bot_msgs/share/bot_msgs/hook/cmake_prefix_path.dsv'
[0.615s] INFO:colcon.colcon_core.shell:Creating environment hook '/home/mehmet/ros/install/bot_msgs/share/bot_msgs/hook/cmake_prefix_path.sh'
[0.616s] Level 1:colcon.colcon_core.environment:checking '/home/mehmet/ros/install/bot_msgs/lib'
[0.616s] Level 1:colcon.colcon_core.shell:create_environment_hook('bot_msgs', 'ld_library_path_lib')
[0.616s] INFO:colcon.colcon_core.shell:Creating environment hook '/home/mehmet/ros/install/bot_msgs/share/bot_msgs/hook/ld_library_path_lib.ps1'
[0.616s] INFO:colcon.colcon_core.shell:Creating environment descriptor '/home/mehmet/ros/install/bot_msgs/share/bot_msgs/hook/ld_library_path_lib.dsv'
[0.616s] INFO:colcon.colcon_core.shell:Creating environment hook '/home/mehmet/ros/install/bot_msgs/share/bot_msgs/hook/ld_library_path_lib.sh'
[0.616s] Level 1:colcon.colcon_core.environment:checking '/home/mehmet/ros/install/bot_msgs/bin'
[0.616s] Level 1:colcon.colcon_core.environment:checking '/home/mehmet/ros/install/bot_msgs/lib/pkgconfig/bot_msgs.pc'
[0.617s] Level 1:colcon.colcon_core.environment:checking '/home/mehmet/ros/install/bot_msgs/lib/python3.10/site-packages'
[0.617s] Level 1:colcon.colcon_core.environment:checking '/home/mehmet/ros/install/bot_msgs/bin'
[0.617s] INFO:colcon.colcon_core.shell:Creating package script '/home/mehmet/ros/install/bot_msgs/share/bot_msgs/package.ps1'
[0.617s] INFO:colcon.colcon_core.shell:Creating package descriptor '/home/mehmet/ros/install/bot_msgs/share/bot_msgs/package.dsv'
[0.617s] INFO:colcon.colcon_core.shell:Creating package script '/home/mehmet/ros/install/bot_msgs/share/bot_msgs/package.sh'
[0.618s] INFO:colcon.colcon_core.shell:Creating package script '/home/mehmet/ros/install/bot_msgs/share/bot_msgs/package.bash'
[0.618s] INFO:colcon.colcon_core.shell:Creating package script '/home/mehmet/ros/install/bot_msgs/share/bot_msgs/package.zsh'
[0.618s] Level 1:colcon.colcon_core.environment:create_file_with_runtime_dependencies(/home/mehmet/ros/install/bot_msgs/share/colcon-core/packages/bot_msgs)
[0.618s] Level 1:colcon.colcon_core.environment:create_environment_scripts_only(bot_msgs)
[0.618s] Level 1:colcon.colcon_core.environment:checking '/home/mehmet/ros/install/bot_msgs' for CMake module files
[0.619s] Level 1:colcon.colcon_core.environment:checking '/home/mehmet/ros/install/bot_msgs' for CMake config files
[0.619s] Level 1:colcon.colcon_core.shell:create_environment_hook('bot_msgs', 'cmake_prefix_path')
[0.619s] INFO:colcon.colcon_core.shell:Creating environment hook '/home/mehmet/ros/install/bot_msgs/share/bot_msgs/hook/cmake_prefix_path.ps1'
[0.619s] INFO:colcon.colcon_core.shell:Creating environment descriptor '/home/mehmet/ros/install/bot_msgs/share/bot_msgs/hook/cmake_prefix_path.dsv'
[0.620s] INFO:colcon.colcon_core.shell:Creating environment hook '/home/mehmet/ros/install/bot_msgs/share/bot_msgs/hook/cmake_prefix_path.sh'
[0.620s] Level 1:colcon.colcon_core.environment:checking '/home/mehmet/ros/install/bot_msgs/lib'
[0.620s] Level 1:colcon.colcon_core.shell:create_environment_hook('bot_msgs', 'ld_library_path_lib')
[0.620s] INFO:colcon.colcon_core.shell:Creating environment hook '/home/mehmet/ros/install/bot_msgs/share/bot_msgs/hook/ld_library_path_lib.ps1'
[0.620s] INFO:colcon.colcon_core.shell:Creating environment descriptor '/home/mehmet/ros/install/bot_msgs/share/bot_msgs/hook/ld_library_path_lib.dsv'
[0.621s] INFO:colcon.colcon_core.shell:Creating environment hook '/home/mehmet/ros/install/bot_msgs/share/bot_msgs/hook/ld_library_path_lib.sh'
[0.621s] Level 1:colcon.colcon_core.environment:checking '/home/mehmet/ros/install/bot_msgs/bin'
[0.621s] Level 1:colcon.colcon_core.environment:checking '/home/mehmet/ros/install/bot_msgs/lib/pkgconfig/bot_msgs.pc'
[0.621s] Level 1:colcon.colcon_core.environment:checking '/home/mehmet/ros/install/bot_msgs/lib/python3.10/site-packages'
[0.621s] Level 1:colcon.colcon_core.environment:checking '/home/mehmet/ros/install/bot_msgs/bin'
[0.621s] INFO:colcon.colcon_core.shell:Creating package script '/home/mehmet/ros/install/bot_msgs/share/bot_msgs/package.ps1'
[0.622s] INFO:colcon.colcon_core.shell:Creating package descriptor '/home/mehmet/ros/install/bot_msgs/share/bot_msgs/package.dsv'
[0.622s] INFO:colcon.colcon_core.shell:Creating package script '/home/mehmet/ros/install/bot_msgs/share/bot_msgs/package.sh'
[0.622s] INFO:colcon.colcon_core.shell:Creating package script '/home/mehmet/ros/install/bot_msgs/share/bot_msgs/package.bash'
[0.622s] INFO:colcon.colcon_core.shell:Creating package script '/home/mehmet/ros/install/bot_msgs/share/bot_msgs/package.zsh'
[0.622s] Level 1:colcon.colcon_core.environment:create_file_with_runtime_dependencies(/home/mehmet/ros/install/bot_msgs/share/colcon-core/packages/bot_msgs)
[0.623s] INFO:colcon.colcon_ros.task.ament_python.build:Building ROS package in '/home/mehmet/ros/src/ros_python' with build type 'ament_python'
[0.623s] Level 1:colcon.colcon_core.shell:create_environment_hook('ros_python', 'ament_prefix_path')
[0.623s] INFO:colcon.colcon_core.shell:Creating environment hook '/home/mehmet/ros/install/ros_python/share/ros_python/hook/ament_prefix_path.ps1'
[0.623s] INFO:colcon.colcon_core.shell:Creating environment descriptor '/home/mehmet/ros/install/ros_python/share/ros_python/hook/ament_prefix_path.dsv'
[0.623s] INFO:colcon.colcon_core.shell:Creating environment hook '/home/mehmet/ros/install/ros_python/share/ros_python/hook/ament_prefix_path.sh'
[0.624s] INFO:colcon.colcon_core.shell:Skip shell extension 'powershell' for command environment: Not usable outside of PowerShell
[0.624s] DEBUG:colcon.colcon_core.shell:Skip shell extension 'dsv' for command environment
[0.782s] INFO:colcon.colcon_core.task.python.build:Building Python package in '/home/mehmet/ros/src/ros_python'
[0.782s] INFO:colcon.colcon_core.shell:Skip shell extension 'powershell' for command environment: Not usable outside of PowerShell
[0.782s] DEBUG:colcon.colcon_core.shell:Skip shell extension 'dsv' for command environment
[1.084s] DEBUG:colcon.colcon_core.event_handler.log_command:Invoking command in '/home/mehmet/ros/src/ros_python': AMENT_PREFIX_PATH=/home/mehmet/ros/install/bot_msgs:${AMENT_PREFIX_PATH} CMAKE_PREFIX_PATH=/home/mehmet/ros/install/bot_msgs LD_LIBRARY_PATH=/home/mehmet/ros/install/bot_msgs/lib:${LD_LIBRARY_PATH} PYTHONPATH=/home/mehmet/ros/build/ros_python/prefix_override:/usr/lib/python3/dist-packages/colcon_core/task/python/colcon_distutils_commands:/home/mehmet/ros/install/ros_python/lib/python3.10/site-packages:/home/mehmet/ros/install/bot_msgs/local/lib/python3.10/dist-packages:${PYTHONPATH} /usr/bin/python3 -W ignore:setup.py install is deprecated -W ignore:easy_install command is deprecated setup.py egg_info --egg-base ../../build/ros_python build --build-base /home/mehmet/ros/build/ros_python/build install --record /home/mehmet/ros/build/ros_python/install.log --single-version-externally-managed install_data
[1.262s] Level 1:colcon.colcon_core.environment:checking '/home/mehmet/ros/install/ros_python' for CMake module files
[1.262s] DEBUG:colcon.colcon_core.event_handler.log_command:Invoked command in '/home/mehmet/ros/src/ros_python' returned '0': AMENT_PREFIX_PATH=/home/mehmet/ros/install/bot_msgs:${AMENT_PREFIX_PATH} CMAKE_PREFIX_PATH=/home/mehmet/ros/install/bot_msgs LD_LIBRARY_PATH=/home/mehmet/ros/install/bot_msgs/lib:${LD_LIBRARY_PATH} PYTHONPATH=/home/mehmet/ros/build/ros_python/prefix_override:/usr/lib/python3/dist-packages/colcon_core/task/python/colcon_distutils_commands:/home/mehmet/ros/install/ros_python/lib/python3.10/site-packages:/home/mehmet/ros/install/bot_msgs/local/lib/python3.10/dist-packages:${PYTHONPATH} /usr/bin/python3 -W ignore:setup.py install is deprecated -W ignore:easy_install command is deprecated setup.py egg_info --egg-base ../../build/ros_python build --build-base /home/mehmet/ros/build/ros_python/build install --record /home/mehmet/ros/build/ros_python/install.log --single-version-externally-managed install_data
[1.263s] Level 1:colcon.colcon_core.environment:checking '/home/mehmet/ros/install/ros_python' for CMake config files
[1.263s] Level 1:colcon.colcon_core.environment:checking '/home/mehmet/ros/install/ros_python/lib'
[1.263s] Level 1:colcon.colcon_core.environment:checking '/home/mehmet/ros/install/ros_python/bin'
[1.263s] Level 1:colcon.colcon_core.environment:checking '/home/mehmet/ros/install/ros_python/lib/pkgconfig/ros_python.pc'
[1.263s] Level 1:colcon.colcon_core.environment:checking '/home/mehmet/ros/install/ros_python/lib/python3.10/site-packages'
[1.263s] Level 1:colcon.colcon_core.shell:create_environment_hook('ros_python', 'pythonpath')
[1.263s] INFO:colcon.colcon_core.shell:Creating environment hook '/home/mehmet/ros/install/ros_python/share/ros_python/hook/pythonpath.ps1'
[1.264s] INFO:colcon.colcon_core.shell:Creating environment descriptor '/home/mehmet/ros/install/ros_python/share/ros_python/hook/pythonpath.dsv'
[1.264s] INFO:colcon.colcon_core.shell:Creating environment hook '/home/mehmet/ros/install/ros_python/share/ros_python/hook/pythonpath.sh'
[1.264s] Level 1:colcon.colcon_core.environment:checking '/home/mehmet/ros/install/ros_python/bin'
[1.264s] Level 1:colcon.colcon_core.environment:create_environment_scripts_only(ros_python)
[1.264s] INFO:colcon.colcon_core.shell:Creating package script '/home/mehmet/ros/install/ros_python/share/ros_python/package.ps1'
[1.265s] INFO:colcon.colcon_core.shell:Creating package descriptor '/home/mehmet/ros/install/ros_python/share/ros_python/package.dsv'
[1.265s] INFO:colcon.colcon_core.shell:Creating package script '/home/mehmet/ros/install/ros_python/share/ros_python/package.sh'
[1.265s] INFO:colcon.colcon_core.shell:Creating package script '/home/mehmet/ros/install/ros_python/share/ros_python/package.bash'
[1.265s] INFO:colcon.colcon_core.shell:Creating package script '/home/mehmet/ros/install/ros_python/share/ros_python/package.zsh'
[1.265s] Level 1:colcon.colcon_core.environment:create_file_with_runtime_dependencies(/home/mehmet/ros/install/ros_python/share/colcon-core/packages/ros_python)
[1.265s] DEBUG:colcon.colcon_parallel_executor.executor.parallel:closing loop
[1.266s] DEBUG:colcon.colcon_parallel_executor.executor.parallel:loop closed
[1.266s] DEBUG:colcon.colcon_parallel_executor.executor.parallel:run_until_complete finished with '0'
[1.266s] DEBUG:colcon.colcon_core.event_reactor:joining thread
[1.270s] INFO:colcon.colcon_core.plugin_system:Skipping extension 'colcon_notification.desktop_notification.terminal_notifier': Not used on non-Darwin systems
[1.270s] INFO:colcon.colcon_core.plugin_system:Skipping extension 'colcon_notification.desktop_notification.win32': Not used on non-Windows systems
[1.270s] INFO:colcon.colcon_notification.desktop_notification:Sending desktop notification using 'notify2'
[1.282s] DEBUG:colcon.colcon_core.event_reactor:joined thread
[1.282s] INFO:colcon.colcon_core.shell:Creating prefix script '/home/mehmet/ros/install/local_setup.ps1'
[1.283s] INFO:colcon.colcon_core.shell:Creating prefix util module '/home/mehmet/ros/install/_local_setup_util_ps1.py'
[1.285s] INFO:colcon.colcon_core.shell:Creating prefix chain script '/home/mehmet/ros/install/setup.ps1'
[1.287s] INFO:colcon.colcon_core.shell:Creating prefix script '/home/mehmet/ros/install/local_setup.sh'
[1.288s] INFO:colcon.colcon_core.shell:Creating prefix util module '/home/mehmet/ros/install/_local_setup_util_sh.py'
[1.288s] INFO:colcon.colcon_core.shell:Creating prefix chain script '/home/mehmet/ros/install/setup.sh'
[1.289s] INFO:colcon.colcon_core.shell:Creating prefix script '/home/mehmet/ros/install/local_setup.bash'
[1.290s] INFO:colcon.colcon_core.shell:Creating prefix chain script '/home/mehmet/ros/install/setup.bash'
[1.291s] INFO:colcon.colcon_core.shell:Creating prefix script '/home/mehmet/ros/install/local_setup.zsh'
[1.292s] INFO:colcon.colcon_core.shell:Creating prefix chain script '/home/mehmet/ros/install/setup.zsh'
