[0.010s] Invoking command in '/home/murtazam/ros2_ws/build/bot_description': CMAKE_PREFIX_PATH=${CMAKE_PREFIX_PATH}:/home/murtazam/ros2_ws/install/ros_python:/opt/ros/humble /usr/bin/cmake --build /home/murtazam/ros2_ws/build/bot_description -- -j5 -l5
[0.019s] -- Found ament_cmake: 1.3.12 (/opt/ros/humble/share/ament_cmake/cmake)
[0.076s] -- Found ament_lint_auto: 0.12.14 (/opt/ros/humble/share/ament_lint_auto/cmake)
[0.105s] -- Added test 'lint_cmake' to check CMake code style
[0.106s] -- Added test 'xmllint' to check XML markup files
[0.106s] -- Configuring done
[0.108s] -- Generating done
[0.109s] -- Build files have been written to: /home/murtazam/ros2_ws/build/bot_description
[0.126s] Invoked command in '/home/murtazam/ros2_ws/build/bot_description' returned '0': CMAKE_PREFIX_PATH=${CMAKE_PREFIX_PATH}:/home/murtazam/ros2_ws/install/ros_python:/opt/ros/humble /usr/bin/cmake --build /home/murtazam/ros2_ws/build/bot_description -- -j5 -l5
[0.130s] Invoking command in '/home/murtazam/ros2_ws/build/bot_description': CMAKE_PREFIX_PATH=${CMAKE_PREFIX_PATH}:/home/murtazam/ros2_ws/install/ros_python:/opt/ros/humble /usr/bin/cmake --install /home/murtazam/ros2_ws/build/bot_description
[0.133s] -- Install configuration: ""
[0.133s] -- Installing: /home/murtazam/ros2_ws/install/bot_description/share/bot_description/meshes
[0.133s] -- Installing: /home/murtazam/ros2_ws/install/bot_description/share/bot_description/meshes/caster_front_link.STL
[0.134s] -- Installing: /home/murtazam/ros2_ws/install/bot_description/share/bot_description/meshes/wheel_right_link.STL
[0.134s] -- Installing: /home/murtazam/ros2_ws/install/bot_description/share/bot_description/meshes/imu_link.STL
[0.135s] -- Installing: /home/murtazam/ros2_ws/install/bot_description/share/bot_description/meshes/wheel_left_link.STL
[0.135s] -- Installing: /home/murtazam/ros2_ws/install/bot_description/share/bot_description/meshes/base_link.STL
[0.146s] -- Installing: /home/murtazam/ros2_ws/install/bot_description/share/bot_description/meshes/caster_rear_link.STL
[0.147s] -- Installing: /home/murtazam/ros2_ws/install/bot_description/share/bot_description/urdf
[0.147s] -- Installing: /home/murtazam/ros2_ws/install/bot_description/share/bot_description/urdf/bot.urdf.xacro
[0.147s] -- Installing: /home/murtazam/ros2_ws/install/bot_description/share/bot_description/urdf/bot.urdf
[0.147s] -- Up-to-date: /home/murtazam/ros2_ws/install/bot_description/share/ament_index/resource_index/package_run_dependencies/bot_description
[0.147s] -- Installing: /home/murtazam/ros2_ws/install/bot_description/share/ament_index/resource_index/parent_prefix_path/bot_description
[0.147s] -- Up-to-date: /home/murtazam/ros2_ws/install/bot_description/share/bot_description/environment/ament_prefix_path.sh
[0.147s] -- Installing: /home/murtazam/ros2_ws/install/bot_description/share/bot_description/environment/ament_prefix_path.dsv
[0.147s] -- Up-to-date: /home/murtazam/ros2_ws/install/bot_description/share/bot_description/environment/path.sh
[0.147s] -- Installing: /home/murtazam/ros2_ws/install/bot_description/share/bot_description/environment/path.dsv
[0.147s] -- Up-to-date: /home/murtazam/ros2_ws/install/bot_description/share/bot_description/local_setup.bash
[0.147s] -- Up-to-date: /home/murtazam/ros2_ws/install/bot_description/share/bot_description/local_setup.sh
[0.147s] -- Up-to-date: /home/murtazam/ros2_ws/install/bot_description/share/bot_description/local_setup.zsh
[0.147s] -- Installing: /home/murtazam/ros2_ws/install/bot_description/share/bot_description/local_setup.dsv
[0.147s] -- Installing: /home/murtazam/ros2_ws/install/bot_description/share/bot_description/package.dsv
[0.148s] -- Up-to-date: /home/murtazam/ros2_ws/install/bot_description/share/ament_index/resource_index/packages/bot_description
[0.148s] -- Up-to-date: /home/murtazam/ros2_ws/install/bot_description/share/bot_description/cmake/bot_descriptionConfig.cmake
[0.148s] -- Up-to-date: /home/murtazam/ros2_ws/install/bot_description/share/bot_description/cmake/bot_descriptionConfig-version.cmake
[0.148s] -- Up-to-date: /home/murtazam/ros2_ws/install/bot_description/share/bot_description/package.xml
[0.149s] Invoked command in '/home/murtazam/ros2_ws/build/bot_description' returned '0': CMAKE_PREFIX_PATH=${CMAKE_PREFIX_PATH}:/home/murtazam/ros2_ws/install/ros_python:/opt/ros/humble /usr/bin/cmake --install /home/murtazam/ros2_ws/build/bot_description
