[0.000000] (-) TimerEvent: {}
[0.000347] (ros_c) JobQueued: {'identifier': 'ros_c', 'dependencies': OrderedDict()}
[0.000374] (ros_python) JobQueued: {'identifier': 'ros_python', 'dependencies': OrderedDict()}
[0.000393] (ros_c) JobStarted: {'identifier': 'ros_c'}
[0.003403] (ros_python) JobStarted: {'identifier': 'ros_python'}
[0.005694] (ros_c) JobProgress: {'identifier': 'ros_c', 'progress': 'cmake'}
[0.006766] (ros_c) JobProgress: {'identifier': 'ros_c', 'progress': 'build'}
[0.006792] (ros_c) Command: {'cmd': ['/usr/bin/cmake', '--build', '/home/murtazam/ros2_ws/build/ros_c', '--', '-j5', '-l5'], 'cwd': '/home/murtazam/ros2_ws/build/ros_c', 'env': OrderedDict([('GJS_DEBUG_TOPICS', 'JS ERROR;JS LOG'), ('USER', 'murtazam'), ('XDG_SESSION_TYPE', 'wayland'), ('SHLVL', '1'), ('HOME', '/home/murtazam'), ('OLDPWD', '/home/murtazam'), ('DESKTOP_SESSION', 'ubuntu'), ('GIO_LAUNCHED_DESKTOP_FILE', '/usr/share/applications/terminator.desktop'), ('GNOME_SHELL_SESSION_MODE', 'ubuntu'), ('GTK_MODULES', 'gail:atk-bridge'), ('MANAGERPID', '1371'), ('SYSTEMD_EXEC_PID', '1478'), ('DBUS_SESSION_BUS_ADDRESS', 'unix:path=/run/user/1000/bus'), ('COLORTERM', 'truecolor'), ('TERMINATOR_DBUS_NAME', 'net.tenshu.Terminator25ef4b219e3b005583550f2b0f9f990c3'), ('GIO_LAUNCHED_DESKTOP_FILE_PID', '5695'), ('IM_CONFIG_PHASE', '1'), ('WAYLAND_DISPLAY', 'wayland-0'), ('LOGNAME', 'murtazam'), ('JOURNAL_STREAM', '8:27392'), ('_', '/usr/bin/colcon'), ('XDG_SESSION_CLASS', 'user'), ('USERNAME', 'murtazam'), ('TERM', 'xterm-256color'), ('GNOME_DESKTOP_SESSION_ID', 'this-is-deprecated'), ('PATH', '/usr/local/sbin:/usr/local/bin:/usr/sbin:/usr/bin:/sbin:/bin:/usr/games:/usr/local/games:/snap/bin:/snap/bin'), ('SESSION_MANAGER', 'local/ubuntu-ros:@/tmp/.ICE-unix/1457,unix/ubuntu-ros:/tmp/.ICE-unix/1457'), ('INVOCATION_ID', 'b91d2988308f4ca6ae0dc55fb4c09e6a'), ('XDG_MENU_PREFIX', 'gnome-'), ('GNOME_SETUP_DISPLAY', ':1'), ('XDG_RUNTIME_DIR', '/run/user/1000'), ('DISPLAY', ':0'), ('TERMINATOR_DBUS_PATH', '/net/tenshu/Terminator2'), ('LANG', 'en_US.UTF-8'), ('XDG_CURRENT_DESKTOP', 'ubuntu:GNOME'), ('IBUS_DISABLE_SNOOPER', '1'), ('XMODIFIERS', '@im=ibus'), ('XDG_SESSION_DESKTOP', 'ubuntu'), ('XAUTHORITY', '/run/user/1000/.mutter-Xwaylandauth.0XXLE3'), ('SSH_AGENT_LAUNCHER', 'gnome-keyring'), ('SSH_AUTH_SOCK', '/run/user/1000/keyring/ssh'), ('SHELL', '/bin/bash'), ('TERMINATOR_UUID', 'urn:uuid:a931ad33-6480-4f94-9746-bd0ad6e28957'), ('QT_ACCESSIBILITY', '1'), ('GDMSESSION', 'ubuntu'), ('GJS_DEBUG_OUTPUT', 'stderr'), ('QT_IM_MODULE', 'ibus'), ('PWD', '/home/murtazam/ros2_ws/build/ros_c'), ('LC_ALL', 'en_US.UTF-8'), ('XDG_CONFIG_DIRS', '/etc/xdg/xdg-ubuntu:/etc/xdg'), ('XDG_DATA_DIRS', '/usr/share/ubuntu:/usr/local/share/:/usr/share/:/var/lib/snapd/desktop'), ('COLCON', '1'), ('VTE_VERSION', '6800')]), 'shell': False}
[0.095316] (ros_c) CommandEnded: {'returncode': 0}
[0.095901] (ros_c) JobProgress: {'identifier': 'ros_c', 'progress': 'install'}
[0.099227] (ros_c) Command: {'cmd': ['/usr/bin/cmake', '--install', '/home/murtazam/ros2_ws/build/ros_c'], 'cwd': '/home/murtazam/ros2_ws/build/ros_c', 'env': OrderedDict([('GJS_DEBUG_TOPICS', 'JS ERROR;JS LOG'), ('USER', 'murtazam'), ('XDG_SESSION_TYPE', 'wayland'), ('SHLVL', '1'), ('HOME', '/home/murtazam'), ('OLDPWD', '/home/murtazam'), ('DESKTOP_SESSION', 'ubuntu'), ('GIO_LAUNCHED_DESKTOP_FILE', '/usr/share/applications/terminator.desktop'), ('GNOME_SHELL_SESSION_MODE', 'ubuntu'), ('GTK_MODULES', 'gail:atk-bridge'), ('MANAGERPID', '1371'), ('SYSTEMD_EXEC_PID', '1478'), ('DBUS_SESSION_BUS_ADDRESS', 'unix:path=/run/user/1000/bus'), ('COLORTERM', 'truecolor'), ('TERMINATOR_DBUS_NAME', 'net.tenshu.Terminator25ef4b219e3b005583550f2b0f9f990c3'), ('GIO_LAUNCHED_DESKTOP_FILE_PID', '5695'), ('IM_CONFIG_PHASE', '1'), ('WAYLAND_DISPLAY', 'wayland-0'), ('LOGNAME', 'murtazam'), ('JOURNAL_STREAM', '8:27392'), ('_', '/usr/bin/colcon'), ('XDG_SESSION_CLASS', 'user'), ('USERNAME', 'murtazam'), ('TERM', 'xterm-256color'), ('GNOME_DESKTOP_SESSION_ID', 'this-is-deprecated'), ('PATH', '/usr/local/sbin:/usr/local/bin:/usr/sbin:/usr/bin:/sbin:/bin:/usr/games:/usr/local/games:/snap/bin:/snap/bin'), ('SESSION_MANAGER', 'local/ubuntu-ros:@/tmp/.ICE-unix/1457,unix/ubuntu-ros:/tmp/.ICE-unix/1457'), ('INVOCATION_ID', 'b91d2988308f4ca6ae0dc55fb4c09e6a'), ('XDG_MENU_PREFIX', 'gnome-'), ('GNOME_SETUP_DISPLAY', ':1'), ('XDG_RUNTIME_DIR', '/run/user/1000'), ('DISPLAY', ':0'), ('TERMINATOR_DBUS_PATH', '/net/tenshu/Terminator2'), ('LANG', 'en_US.UTF-8'), ('XDG_CURRENT_DESKTOP', 'ubuntu:GNOME'), ('IBUS_DISABLE_SNOOPER', '1'), ('XMODIFIERS', '@im=ibus'), ('XDG_SESSION_DESKTOP', 'ubuntu'), ('XAUTHORITY', '/run/user/1000/.mutter-Xwaylandauth.0XXLE3'), ('SSH_AGENT_LAUNCHER', 'gnome-keyring'), ('SSH_AUTH_SOCK', '/run/user/1000/keyring/ssh'), ('SHELL', '/bin/bash'), ('TERMINATOR_UUID', 'urn:uuid:a931ad33-6480-4f94-9746-bd0ad6e28957'), ('QT_ACCESSIBILITY', '1'), ('GDMSESSION', 'ubuntu'), ('GJS_DEBUG_OUTPUT', 'stderr'), ('QT_IM_MODULE', 'ibus'), ('PWD', '/home/murtazam/ros2_ws/build/ros_c'), ('LC_ALL', 'en_US.UTF-8'), ('XDG_CONFIG_DIRS', '/etc/xdg/xdg-ubuntu:/etc/xdg'), ('XDG_DATA_DIRS', '/usr/share/ubuntu:/usr/local/share/:/usr/share/:/var/lib/snapd/desktop'), ('COLCON', '1'), ('VTE_VERSION', '6800')]), 'shell': False}
[0.099815] (-) TimerEvent: {}
[0.102325] (ros_c) StdoutLine: {'line': b'-- Install configuration: ""\n'}
[0.102590] (ros_c) StdoutLine: {'line': b'-- Up-to-date: /home/murtazam/ros2_ws/install/ros_c/share/ament_index/resource_index/package_run_dependencies/ros_c\n'}
[0.102657] (ros_c) StdoutLine: {'line': b'-- Up-to-date: /home/murtazam/ros2_ws/install/ros_c/share/ament_index/resource_index/parent_prefix_path/ros_c\n'}
[0.102688] (ros_c) StdoutLine: {'line': b'-- Up-to-date: /home/murtazam/ros2_ws/install/ros_c/share/ros_c/environment/ament_prefix_path.sh\n'}
[0.102740] (ros_c) StdoutLine: {'line': b'-- Up-to-date: /home/murtazam/ros2_ws/install/ros_c/share/ros_c/environment/ament_prefix_path.dsv\n'}
[0.102779] (ros_c) StdoutLine: {'line': b'-- Up-to-date: /home/murtazam/ros2_ws/install/ros_c/share/ros_c/environment/path.sh\n'}
[0.102804] (ros_c) StdoutLine: {'line': b'-- Up-to-date: /home/murtazam/ros2_ws/install/ros_c/share/ros_c/environment/path.dsv\n'}
[0.102827] (ros_c) StdoutLine: {'line': b'-- Up-to-date: /home/murtazam/ros2_ws/install/ros_c/share/ros_c/local_setup.bash\n'}
[0.102897] (ros_c) StdoutLine: {'line': b'-- Up-to-date: /home/murtazam/ros2_ws/install/ros_c/share/ros_c/local_setup.sh\n'}
[0.102994] (ros_c) StdoutLine: {'line': b'-- Up-to-date: /home/murtazam/ros2_ws/install/ros_c/share/ros_c/local_setup.zsh\n'}
[0.103027] (ros_c) StdoutLine: {'line': b'-- Up-to-date: /home/murtazam/ros2_ws/install/ros_c/share/ros_c/local_setup.dsv\n'}
[0.103049] (ros_c) StdoutLine: {'line': b'-- Up-to-date: /home/murtazam/ros2_ws/install/ros_c/share/ros_c/package.dsv\n'}
[0.103072] (ros_c) StdoutLine: {'line': b'-- Up-to-date: /home/murtazam/ros2_ws/install/ros_c/share/ament_index/resource_index/packages/ros_c\n'}
[0.103094] (ros_c) StdoutLine: {'line': b'-- Up-to-date: /home/murtazam/ros2_ws/install/ros_c/share/ros_c/cmake/ros_cConfig.cmake\n'}
[0.103117] (ros_c) StdoutLine: {'line': b'-- Up-to-date: /home/murtazam/ros2_ws/install/ros_c/share/ros_c/cmake/ros_cConfig-version.cmake\n'}
[0.103141] (ros_c) StdoutLine: {'line': b'-- Up-to-date: /home/murtazam/ros2_ws/install/ros_c/share/ros_c/package.xml\n'}
[0.104205] (ros_c) CommandEnded: {'returncode': 0}
[0.113010] (ros_c) JobEnded: {'identifier': 'ros_c', 'rc': 0}
[0.203282] (-) TimerEvent: {}
[0.271108] (ros_python) Command: {'cmd': ['/usr/bin/python3', '-W', 'ignore:setup.py install is deprecated', '-W', 'ignore:easy_install command is deprecated', 'setup.py', 'egg_info', '--egg-base', '../../build/ros_python', 'build', '--build-base', '/home/murtazam/ros2_ws/build/ros_python/build', 'install', '--record', '/home/murtazam/ros2_ws/build/ros_python/install.log', '--single-version-externally-managed', 'install_data'], 'cwd': '/home/murtazam/ros2_ws/src/ros_python', 'env': {'GJS_DEBUG_TOPICS': 'JS ERROR;JS LOG', 'USER': 'murtazam', 'XDG_SESSION_TYPE': 'wayland', 'SHLVL': '1', 'HOME': '/home/murtazam', 'OLDPWD': '/home/murtazam', 'DESKTOP_SESSION': 'ubuntu', 'GIO_LAUNCHED_DESKTOP_FILE': '/usr/share/applications/terminator.desktop', 'GNOME_SHELL_SESSION_MODE': 'ubuntu', 'GTK_MODULES': 'gail:atk-bridge', 'MANAGERPID': '1371', 'SYSTEMD_EXEC_PID': '1478', 'DBUS_SESSION_BUS_ADDRESS': 'unix:path=/run/user/1000/bus', 'COLORTERM': 'truecolor', 'TERMINATOR_DBUS_NAME': 'net.tenshu.Terminator25ef4b219e3b005583550f2b0f9f990c3', 'GIO_LAUNCHED_DESKTOP_FILE_PID': '5695', 'IM_CONFIG_PHASE': '1', 'WAYLAND_DISPLAY': 'wayland-0', 'LOGNAME': 'murtazam', 'JOURNAL_STREAM': '8:27392', '_': '/usr/bin/colcon', 'XDG_SESSION_CLASS': 'user', 'USERNAME': 'murtazam', 'TERM': 'xterm-256color', 'GNOME_DESKTOP_SESSION_ID': 'this-is-deprecated', 'PATH': '/usr/local/sbin:/usr/local/bin:/usr/sbin:/usr/bin:/sbin:/bin:/usr/games:/usr/local/games:/snap/bin:/snap/bin', 'SESSION_MANAGER': 'local/ubuntu-ros:@/tmp/.ICE-unix/1457,unix/ubuntu-ros:/tmp/.ICE-unix/1457', 'INVOCATION_ID': 'b91d2988308f4ca6ae0dc55fb4c09e6a', 'XDG_MENU_PREFIX': 'gnome-', 'GNOME_SETUP_DISPLAY': ':1', 'XDG_RUNTIME_DIR': '/run/user/1000', 'DISPLAY': ':0', 'TERMINATOR_DBUS_PATH': '/net/tenshu/Terminator2', 'LANG': 'en_US.UTF-8', 'XDG_CURRENT_DESKTOP': 'ubuntu:GNOME', 'IBUS_DISABLE_SNOOPER': '1', 'XMODIFIERS': '@im=ibus', 'XDG_SESSION_DESKTOP': 'ubuntu', 'XAUTHORITY': '/run/user/1000/.mutter-Xwaylandauth.0XXLE3', 'SSH_AGENT_LAUNCHER': 'gnome-keyring', 'SSH_AUTH_SOCK': '/run/user/1000/keyring/ssh', 'SHELL': '/bin/bash', 'TERMINATOR_UUID': 'urn:uuid:a931ad33-6480-4f94-9746-bd0ad6e28957', 'QT_ACCESSIBILITY': '1', 'GDMSESSION': 'ubuntu', 'GJS_DEBUG_OUTPUT': 'stderr', 'QT_IM_MODULE': 'ibus', 'PWD': '/home/murtazam/ros2_ws/build/ros_python', 'LC_ALL': 'en_US.UTF-8', 'XDG_CONFIG_DIRS': '/etc/xdg/xdg-ubuntu:/etc/xdg', 'XDG_DATA_DIRS': '/usr/share/ubuntu:/usr/local/share/:/usr/share/:/var/lib/snapd/desktop', 'COLCON': '1', 'VTE_VERSION': '6800', 'PYTHONPATH': '/home/murtazam/ros2_ws/build/ros_python/prefix_override:/usr/lib/python3/dist-packages/colcon_core/task/python/colcon_distutils_commands:/home/murtazam/ros2_ws/install/ros_python/lib/python3.10/site-packages:'}, 'shell': False}
[0.303666] (-) TimerEvent: {}
[0.347075] (ros_python) StdoutLine: {'line': b'running egg_info\n'}
[0.347338] (ros_python) StdoutLine: {'line': b'writing ../../build/ros_python/ros_python.egg-info/PKG-INFO\n'}
[0.347559] (ros_python) StdoutLine: {'line': b'writing dependency_links to ../../build/ros_python/ros_python.egg-info/dependency_links.txt\n'}
[0.347627] (ros_python) StdoutLine: {'line': b'writing entry points to ../../build/ros_python/ros_python.egg-info/entry_points.txt\n'}
[0.347728] (ros_python) StdoutLine: {'line': b'writing requirements to ../../build/ros_python/ros_python.egg-info/requires.txt\n'}
[0.347763] (ros_python) StdoutLine: {'line': b'writing top-level names to ../../build/ros_python/ros_python.egg-info/top_level.txt\n'}
[0.348512] (ros_python) StdoutLine: {'line': b"reading manifest file '../../build/ros_python/ros_python.egg-info/SOURCES.txt'\n"}
[0.349103] (ros_python) StdoutLine: {'line': b"writing manifest file '../../build/ros_python/ros_python.egg-info/SOURCES.txt'\n"}
[0.349136] (ros_python) StdoutLine: {'line': b'running build\n'}
[0.349159] (ros_python) StdoutLine: {'line': b'running build_py\n'}
[0.349306] (ros_python) StdoutLine: {'line': b'running install\n'}
[0.349459] (ros_python) StdoutLine: {'line': b'running install_lib\n'}
[0.349908] (ros_python) StdoutLine: {'line': b'running install_data\n'}
[0.350027] (ros_python) StdoutLine: {'line': b'copying package.xml -> /home/murtazam/ros2_ws/install/ros_python/share/ros_python\n'}
[0.350137] (ros_python) StdoutLine: {'line': b'running install_egg_info\n'}
[0.350805] (ros_python) StdoutLine: {'line': b"removing '/home/murtazam/ros2_ws/install/ros_python/lib/python3.10/site-packages/ros_python-0.0.0-py3.10.egg-info' (and everything under it)\n"}
[0.351012] (ros_python) StdoutLine: {'line': b'Copying ../../build/ros_python/ros_python.egg-info to /home/murtazam/ros2_ws/install/ros_python/lib/python3.10/site-packages/ros_python-0.0.0-py3.10.egg-info\n'}
[0.351540] (ros_python) StdoutLine: {'line': b'running install_scripts\n'}
[0.359423] (ros_python) StdoutLine: {'line': b'Installing publisher script to /home/murtazam/ros2_ws/install/ros_python/lib/ros_python\n'}
[0.359618] (ros_python) StdoutLine: {'line': b"writing list of installed files to '/home/murtazam/ros2_ws/build/ros_python/install.log'\n"}
[0.369493] (ros_python) CommandEnded: {'returncode': 0}
[0.372893] (ros_python) JobEnded: {'identifier': 'ros_python', 'rc': 0}
[0.373415] (-) EventReactorShutdown: {}
