[0.011s] Invoking command in '/home/mehmet/ros/build/bot_controller': CMAKE_PREFIX_PATH=${CMAKE_PREFIX_PATH}:/home/mehmet/install/ros_python:/opt/ros/humble /usr/bin/cmake /home/mehmet/ros/src/bot_controller -DCMAKE_INSTALL_PREFIX=/home/mehmet/ros/install/bot_controller
[0.045s] -- The C compiler identification is GNU 11.4.0
[0.079s] -- The CXX compiler identification is GNU 11.4.0
[0.083s] -- Detecting C compiler ABI info
[0.129s] -- Detecting C compiler ABI info - done
[0.133s] -- Check for working C compiler: /usr/bin/cc - skipped
[0.133s] -- Detecting C compile features
[0.133s] -- Detecting C compile features - done
[0.135s] -- Detecting CXX compiler ABI info
[0.184s] -- Detecting CXX compiler ABI info - done
[0.188s] -- Check for working CXX compiler: /usr/bin/c++ - skipped
[0.188s] -- Detecting CXX compile features
[0.189s] -- Detecting CXX compile features - done
[0.190s] -- Found ament_cmake: 1.3.12 (/opt/ros/humble/share/ament_cmake/cmake)
[0.283s] -- Found Python3: /usr/bin/python3 (found version "3.10.12") found components: Interpreter 
[0.334s] -- Found ament_lint_auto: 0.12.14 (/opt/ros/humble/share/ament_lint_auto/cmake)
[0.382s] -- Added test 'lint_cmake' to check CMake code style
[0.382s] -- Added test 'xmllint' to check XML markup files
[0.383s] -- Configuring done
[0.384s] -- Generating done
[0.385s] -- Build files have been written to: /home/mehmet/ros/build/bot_controller
[0.388s] Invoked command in '/home/mehmet/ros/build/bot_controller' returned '0': CMAKE_PREFIX_PATH=${CMAKE_PREFIX_PATH}:/home/mehmet/install/ros_python:/opt/ros/humble /usr/bin/cmake /home/mehmet/ros/src/bot_controller -DCMAKE_INSTALL_PREFIX=/home/mehmet/ros/install/bot_controller
[0.389s] Invoking command in '/home/mehmet/ros/build/bot_controller': CMAKE_PREFIX_PATH=${CMAKE_PREFIX_PATH}:/home/mehmet/install/ros_python:/opt/ros/humble /usr/bin/cmake --build /home/mehmet/ros/build/bot_controller -- -j16 -l16
[0.413s] Invoked command in '/home/mehmet/ros/build/bot_controller' returned '0': CMAKE_PREFIX_PATH=${CMAKE_PREFIX_PATH}:/home/mehmet/install/ros_python:/opt/ros/humble /usr/bin/cmake --build /home/mehmet/ros/build/bot_controller -- -j16 -l16
[0.414s] Invoking command in '/home/mehmet/ros/build/bot_controller': CMAKE_PREFIX_PATH=${CMAKE_PREFIX_PATH}:/home/mehmet/install/ros_python:/opt/ros/humble /usr/bin/cmake --install /home/mehmet/ros/build/bot_controller
[0.419s] -- Install configuration: ""
[0.419s] -- Installing: /home/mehmet/ros/install/bot_controller/share/bot_controller/config
[0.419s] -- Installing: /home/mehmet/ros/install/bot_controller/share/bot_controller/config/bot_controller.yaml
[0.419s] -- Installing: /home/mehmet/ros/install/bot_controller/share/ament_index/resource_index/package_run_dependencies/bot_controller
[0.419s] -- Installing: /home/mehmet/ros/install/bot_controller/share/ament_index/resource_index/parent_prefix_path/bot_controller
[0.419s] -- Installing: /home/mehmet/ros/install/bot_controller/share/bot_controller/environment/ament_prefix_path.sh
[0.419s] -- Installing: /home/mehmet/ros/install/bot_controller/share/bot_controller/environment/ament_prefix_path.dsv
[0.419s] -- Installing: /home/mehmet/ros/install/bot_controller/share/bot_controller/environment/path.sh
[0.419s] -- Installing: /home/mehmet/ros/install/bot_controller/share/bot_controller/environment/path.dsv
[0.419s] -- Installing: /home/mehmet/ros/install/bot_controller/share/bot_controller/local_setup.bash
[0.419s] -- Installing: /home/mehmet/ros/install/bot_controller/share/bot_controller/local_setup.sh
[0.419s] -- Installing: /home/mehmet/ros/install/bot_controller/share/bot_controller/local_setup.zsh
[0.419s] -- Installing: /home/mehmet/ros/install/bot_controller/share/bot_controller/local_setup.dsv
[0.419s] -- Installing: /home/mehmet/ros/install/bot_controller/share/bot_controller/package.dsv
[0.419s] -- Installing: /home/mehmet/ros/install/bot_controller/share/ament_index/resource_index/packages/bot_controller
[0.419s] -- Installing: /home/mehmet/ros/install/bot_controller/share/bot_controller/cmake/bot_controllerConfig.cmake
[0.419s] -- Installing: /home/mehmet/ros/install/bot_controller/share/bot_controller/cmake/bot_controllerConfig-version.cmake
[0.419s] -- Installing: /home/mehmet/ros/install/bot_controller/share/bot_controller/package.xml
[0.421s] Invoked command in '/home/mehmet/ros/build/bot_controller' returned '0': CMAKE_PREFIX_PATH=${CMAKE_PREFIX_PATH}:/home/mehmet/install/ros_python:/opt/ros/humble /usr/bin/cmake --install /home/mehmet/ros/build/bot_controller
