[0.018s] Invoking command in '/home/mehmet/ros/build/ros_cpp': CMAKE_PREFIX_PATH=/opt/ros/humble /usr/bin/cmake --build /home/mehmet/ros/build/ros_cpp -- -j16 -l16
[0.084s] [ 50%] Built target subscriber
[0.084s] [100%] Built target publisher
[0.092s] Invoked command in '/home/mehmet/ros/build/ros_cpp' returned '0': CMAKE_PREFIX_PATH=/opt/ros/humble /usr/bin/cmake --build /home/mehmet/ros/build/ros_cpp -- -j16 -l16
[0.094s] Invoking command in '/home/mehmet/ros/build/ros_cpp': CMAKE_PREFIX_PATH=/opt/ros/humble /usr/bin/cmake --install /home/mehmet/ros/build/ros_cpp
[0.100s] -- Install configuration: ""
[0.101s] -- Up-to-date: /home/mehmet/ros/install/ros_cpp/lib/ros_cpp/publisher
[0.101s] -- Up-to-date: /home/mehmet/ros/install/ros_cpp/lib/ros_cpp/subscriber
[0.102s] -- Up-to-date: /home/mehmet/ros/install/ros_cpp/share/ament_index/resource_index/package_run_dependencies/ros_cpp
[0.102s] -- Up-to-date: /home/mehmet/ros/install/ros_cpp/share/ament_index/resource_index/parent_prefix_path/ros_cpp
[0.102s] -- Up-to-date: /home/mehmet/ros/install/ros_cpp/share/ros_cpp/environment/ament_prefix_path.sh
[0.102s] -- Up-to-date: /home/mehmet/ros/install/ros_cpp/share/ros_cpp/environment/ament_prefix_path.dsv
[0.102s] -- Up-to-date: /home/mehmet/ros/install/ros_cpp/share/ros_cpp/environment/path.sh
[0.102s] -- Up-to-date: /home/mehmet/ros/install/ros_cpp/share/ros_cpp/environment/path.dsv
[0.103s] -- Up-to-date: /home/mehmet/ros/install/ros_cpp/share/ros_cpp/local_setup.bash
[0.103s] -- Up-to-date: /home/mehmet/ros/install/ros_cpp/share/ros_cpp/local_setup.sh
[0.103s] -- Up-to-date: /home/mehmet/ros/install/ros_cpp/share/ros_cpp/local_setup.zsh
[0.103s] -- Up-to-date: /home/mehmet/ros/install/ros_cpp/share/ros_cpp/local_setup.dsv
[0.103s] -- Installing: /home/mehmet/ros/install/ros_cpp/share/ros_cpp/package.dsv
[0.103s] -- Up-to-date: /home/mehmet/ros/install/ros_cpp/share/ament_index/resource_index/packages/ros_cpp
[0.103s] -- Up-to-date: /home/mehmet/ros/install/ros_cpp/share/ros_cpp/cmake/ros_cppConfig.cmake
[0.103s] -- Up-to-date: /home/mehmet/ros/install/ros_cpp/share/ros_cpp/cmake/ros_cppConfig-version.cmake
[0.103s] -- Up-to-date: /home/mehmet/ros/install/ros_cpp/share/ros_cpp/package.xml
[0.105s] Invoked command in '/home/mehmet/ros/build/ros_cpp' returned '0': CMAKE_PREFIX_PATH=/opt/ros/humble /usr/bin/cmake --install /home/mehmet/ros/build/ros_cpp
