running egg_info
creating ../../build/ros_python/ros_python.egg-info
writing ../../build/ros_python/ros_python.egg-info/PKG-INFO
writing dependency_links to ../../build/ros_python/ros_python.egg-info/dependency_links.txt
writing entry points to ../../build/ros_python/ros_python.egg-info/entry_points.txt
writing requirements to ../../build/ros_python/ros_python.egg-info/requires.txt
writing top-level names to ../../build/ros_python/ros_python.egg-info/top_level.txt
writing manifest file '../../build/ros_python/ros_python.egg-info/SOURCES.txt'
reading manifest file '../../build/ros_python/ros_python.egg-info/SOURCES.txt'
writing manifest file '../../build/ros_python/ros_python.egg-info/SOURCES.txt'
running build
running build_py
creating /home/mehmet/ros/build/ros_python/build
creating /home/mehmet/ros/build/ros_python/build/lib
creating /home/mehmet/ros/build/ros_python/build/lib/ros_python
copying ros_python/publisher.py -> /home/mehmet/ros/build/ros_python/build/lib/ros_python
copying ros_python/parameter.py -> /home/mehmet/ros/build/ros_python/build/lib/ros_python
copying ros_python/__init__.py -> /home/mehmet/ros/build/ros_python/build/lib/ros_python
copying ros_python/subscriber.py -> /home/mehmet/ros/build/ros_python/build/lib/ros_python
running install
running install_lib
creating /home/mehmet/ros/install/ros_python/lib/python3.10/site-packages/ros_python
copying /home/mehmet/ros/build/ros_python/build/lib/ros_python/publisher.py -> /home/mehmet/ros/install/ros_python/lib/python3.10/site-packages/ros_python
copying /home/mehmet/ros/build/ros_python/build/lib/ros_python/parameter.py -> /home/mehmet/ros/install/ros_python/lib/python3.10/site-packages/ros_python
copying /home/mehmet/ros/build/ros_python/build/lib/ros_python/__init__.py -> /home/mehmet/ros/install/ros_python/lib/python3.10/site-packages/ros_python
copying /home/mehmet/ros/build/ros_python/build/lib/ros_python/subscriber.py -> /home/mehmet/ros/install/ros_python/lib/python3.10/site-packages/ros_python
byte-compiling /home/mehmet/ros/install/ros_python/lib/python3.10/site-packages/ros_python/publisher.py to publisher.cpython-310.pyc
byte-compiling /home/mehmet/ros/install/ros_python/lib/python3.10/site-packages/ros_python/parameter.py to parameter.cpython-310.pyc
byte-compiling /home/mehmet/ros/install/ros_python/lib/python3.10/site-packages/ros_python/__init__.py to __init__.cpython-310.pyc
byte-compiling /home/mehmet/ros/install/ros_python/lib/python3.10/site-packages/ros_python/subscriber.py to subscriber.cpython-310.pyc
running install_data
creating /home/mehmet/ros/install/ros_python/share/ament_index
creating /home/mehmet/ros/install/ros_python/share/ament_index/resource_index
creating /home/mehmet/ros/install/ros_python/share/ament_index/resource_index/packages
copying resource/ros_python -> /home/mehmet/ros/install/ros_python/share/ament_index/resource_index/packages
copying package.xml -> /home/mehmet/ros/install/ros_python/share/ros_python
running install_egg_info
Copying ../../build/ros_python/ros_python.egg-info to /home/mehmet/ros/install/ros_python/lib/python3.10/site-packages/ros_python-0.0.0-py3.10.egg-info
running install_scripts
Installing parameter script to /home/mehmet/ros/install/ros_python/lib/ros_python
Installing publisher script to /home/mehmet/ros/install/ros_python/lib/ros_python
Installing subscriber script to /home/mehmet/ros/install/ros_python/lib/ros_python
writing list of installed files to '/home/mehmet/ros/build/ros_python/install.log'
