[0.445s] Invoking command in '/home/mehmet/ros/src/ros_python': PYTHONPATH=/home/mehmet/ros/build/ros_python/prefix_override:/usr/lib/python3/dist-packages/colcon_core/task/python/colcon_distutils_commands:/home/mehmet/ros/install/ros_python/lib/python3.10/site-packages:${PYTHONPATH} /usr/bin/python3 -W ignore:setup.py install is deprecated -W ignore:easy_install command is deprecated setup.py egg_info --egg-base ../../build/ros_python build --build-base /home/mehmet/ros/build/ros_python/build install --record /home/mehmet/ros/build/ros_python/install.log --single-version-externally-managed install_data
[0.573s] running egg_info
[0.573s] creating ../../build/ros_python/ros_python.egg-info
[0.573s] writing ../../build/ros_python/ros_python.egg-info/PKG-INFO
[0.573s] writing dependency_links to ../../build/ros_python/ros_python.egg-info/dependency_links.txt
[0.573s] writing entry points to ../../build/ros_python/ros_python.egg-info/entry_points.txt
[0.573s] writing requirements to ../../build/ros_python/ros_python.egg-info/requires.txt
[0.573s] writing top-level names to ../../build/ros_python/ros_python.egg-info/top_level.txt
[0.574s] writing manifest file '../../build/ros_python/ros_python.egg-info/SOURCES.txt'
[0.574s] reading manifest file '../../build/ros_python/ros_python.egg-info/SOURCES.txt'
[0.574s] writing manifest file '../../build/ros_python/ros_python.egg-info/SOURCES.txt'
[0.574s] running build
[0.574s] running build_py
[0.574s] creating /home/mehmet/ros/build/ros_python/build
[0.574s] creating /home/mehmet/ros/build/ros_python/build/lib
[0.574s] creating /home/mehmet/ros/build/ros_python/build/lib/ros_python
[0.574s] copying ros_python/publisher.py -> /home/mehmet/ros/build/ros_python/build/lib/ros_python
[0.575s] copying ros_python/parameter.py -> /home/mehmet/ros/build/ros_python/build/lib/ros_python
[0.575s] copying ros_python/__init__.py -> /home/mehmet/ros/build/ros_python/build/lib/ros_python
[0.576s] copying ros_python/subscriber.py -> /home/mehmet/ros/build/ros_python/build/lib/ros_python
[0.576s] running install
[0.577s] running install_lib
[0.577s] creating /home/mehmet/ros/install/ros_python/lib/python3.10/site-packages/ros_python
[0.577s] copying /home/mehmet/ros/build/ros_python/build/lib/ros_python/publisher.py -> /home/mehmet/ros/install/ros_python/lib/python3.10/site-packages/ros_python
[0.577s] copying /home/mehmet/ros/build/ros_python/build/lib/ros_python/parameter.py -> /home/mehmet/ros/install/ros_python/lib/python3.10/site-packages/ros_python
[0.577s] copying /home/mehmet/ros/build/ros_python/build/lib/ros_python/__init__.py -> /home/mehmet/ros/install/ros_python/lib/python3.10/site-packages/ros_python
[0.577s] copying /home/mehmet/ros/build/ros_python/build/lib/ros_python/subscriber.py -> /home/mehmet/ros/install/ros_python/lib/python3.10/site-packages/ros_python
[0.577s] byte-compiling /home/mehmet/ros/install/ros_python/lib/python3.10/site-packages/ros_python/publisher.py to publisher.cpython-310.pyc
[0.577s] byte-compiling /home/mehmet/ros/install/ros_python/lib/python3.10/site-packages/ros_python/parameter.py to parameter.cpython-310.pyc
[0.577s] byte-compiling /home/mehmet/ros/install/ros_python/lib/python3.10/site-packages/ros_python/__init__.py to __init__.cpython-310.pyc
[0.577s] byte-compiling /home/mehmet/ros/install/ros_python/lib/python3.10/site-packages/ros_python/subscriber.py to subscriber.cpython-310.pyc
[0.577s] running install_data
[0.578s] creating /home/mehmet/ros/install/ros_python/share/ament_index
[0.578s] creating /home/mehmet/ros/install/ros_python/share/ament_index/resource_index
[0.578s] creating /home/mehmet/ros/install/ros_python/share/ament_index/resource_index/packages
[0.578s] copying resource/ros_python -> /home/mehmet/ros/install/ros_python/share/ament_index/resource_index/packages
[0.578s] copying package.xml -> /home/mehmet/ros/install/ros_python/share/ros_python
[0.578s] running install_egg_info
[0.579s] Copying ../../build/ros_python/ros_python.egg-info to /home/mehmet/ros/install/ros_python/lib/python3.10/site-packages/ros_python-0.0.0-py3.10.egg-info
[0.579s] running install_scripts
[0.592s] Installing parameter script to /home/mehmet/ros/install/ros_python/lib/ros_python
[0.592s] Installing publisher script to /home/mehmet/ros/install/ros_python/lib/ros_python
[0.592s] Installing subscriber script to /home/mehmet/ros/install/ros_python/lib/ros_python
[0.592s] writing list of installed files to '/home/mehmet/ros/build/ros_python/install.log'
[0.607s] Invoked command in '/home/mehmet/ros/src/ros_python' returned '0': PYTHONPATH=/home/mehmet/ros/build/ros_python/prefix_override:/usr/lib/python3/dist-packages/colcon_core/task/python/colcon_distutils_commands:/home/mehmet/ros/install/ros_python/lib/python3.10/site-packages:${PYTHONPATH} /usr/bin/python3 -W ignore:setup.py install is deprecated -W ignore:easy_install command is deprecated setup.py egg_info --egg-base ../../build/ros_python build --build-base /home/mehmet/ros/build/ros_python/build install --record /home/mehmet/ros/build/ros_python/install.log --single-version-externally-managed install_data
