-- Found ament_cmake: 1.3.12 (/opt/ros/humble/share/ament_cmake/cmake)
-- Found Python3: /usr/bin/python3 (found version "3.10.12") found components: Interpreter 
-- Override CMake install command with custom implementation using symlinks instead of copying resources
-- Found ament_lint_auto: 0.12.14 (/opt/ros/humble/share/ament_lint_auto/cmake)
-- Added test 'lint_cmake' to check CMake code style
-- Added test 'xmllint' to check XML markup files
-- Configuring done
-- Generating done
-- Build files have been written to: /home/mehmet/ros/build/controller
-- Install configuration: ""
-- Execute custom install script
-- Symlinking: /home/mehmet/ros/install/controller/share/ament_index/resource_index/package_run_dependencies/controller
-- Symlinking: /home/mehmet/ros/install/controller/share/ament_index/resource_index/parent_prefix_path/controller
-- Symlinking: /home/mehmet/ros/install/controller/share/controller/environment/ament_prefix_path.sh
-- Symlinking: /home/mehmet/ros/install/controller/share/controller/environment/ament_prefix_path.dsv
-- Symlinking: /home/mehmet/ros/install/controller/share/controller/environment/path.sh
-- Symlinking: /home/mehmet/ros/install/controller/share/controller/environment/path.dsv
-- Symlinking: /home/mehmet/ros/install/controller/share/controller/local_setup.bash
-- Symlinking: /home/mehmet/ros/install/controller/share/controller/local_setup.sh
-- Symlinking: /home/mehmet/ros/install/controller/share/controller/local_setup.zsh
-- Symlinking: /home/mehmet/ros/install/controller/share/controller/local_setup.dsv
-- Symlinking: /home/mehmet/ros/install/controller/share/controller/package.dsv
-- Symlinking: /home/mehmet/ros/install/controller/share/ament_index/resource_index/packages/controller
-- Symlinking: /home/mehmet/ros/install/controller/share/controller/cmake/controllerConfig.cmake
-- Symlinking: /home/mehmet/ros/install/controller/share/controller/cmake/controllerConfig-version.cmake
-- Symlinking: /home/mehmet/ros/install/controller/share/controller/package.xml
