[0.006s] Invoking command in '/home/mehmet/ros/build/controller': CMAKE_PREFIX_PATH=/opt/ros/humble /usr/bin/cmake /home/mehmet/ros/src/controller -DAMENT_CMAKE_SYMLINK_INSTALL=1 -DCMAKE_INSTALL_PREFIX=/home/mehmet/ros/install/controller
[0.017s] -- Found ament_cmake: 1.3.12 (/opt/ros/humble/share/ament_cmake/cmake)
[0.106s] -- Found Python3: /usr/bin/python3 (found version "3.10.12") found components: Interpreter 
[0.143s] -- Override CMake install command with custom implementation using symlinks instead of copying resources
[0.155s] -- Found ament_lint_auto: 0.12.14 (/opt/ros/humble/share/ament_lint_auto/cmake)
[0.197s] -- Added test 'lint_cmake' to check CMake code style
[0.197s] -- Added test 'xmllint' to check XML markup files
[0.198s] -- Configuring done
[0.199s] -- Generating done
[0.200s] -- Build files have been written to: /home/mehmet/ros/build/controller
[0.202s] Invoked command in '/home/mehmet/ros/build/controller' returned '0': CMAKE_PREFIX_PATH=/opt/ros/humble /usr/bin/cmake /home/mehmet/ros/src/controller -DAMENT_CMAKE_SYMLINK_INSTALL=1 -DCMAKE_INSTALL_PREFIX=/home/mehmet/ros/install/controller
[0.203s] Invoking command in '/home/mehmet/ros/build/controller': CMAKE_PREFIX_PATH=/opt/ros/humble /usr/bin/cmake --build /home/mehmet/ros/build/controller -- -j16 -l16
[0.227s] Invoked command in '/home/mehmet/ros/build/controller' returned '0': CMAKE_PREFIX_PATH=/opt/ros/humble /usr/bin/cmake --build /home/mehmet/ros/build/controller -- -j16 -l16
[0.233s] Invoking command in '/home/mehmet/ros/build/controller': CMAKE_PREFIX_PATH=/opt/ros/humble /usr/bin/cmake --install /home/mehmet/ros/build/controller
[0.237s] -- Install configuration: ""
[0.237s] -- Execute custom install script
[0.237s] -- Symlinking: /home/mehmet/ros/install/controller/share/ament_index/resource_index/package_run_dependencies/controller
[0.243s] -- Symlinking: /home/mehmet/ros/install/controller/share/ament_index/resource_index/parent_prefix_path/controller
[0.251s] -- Symlinking: /home/mehmet/ros/install/controller/share/controller/environment/ament_prefix_path.sh
[0.259s] -- Symlinking: /home/mehmet/ros/install/controller/share/controller/environment/ament_prefix_path.dsv
[0.266s] -- Symlinking: /home/mehmet/ros/install/controller/share/controller/environment/path.sh
[0.274s] -- Symlinking: /home/mehmet/ros/install/controller/share/controller/environment/path.dsv
[0.281s] -- Symlinking: /home/mehmet/ros/install/controller/share/controller/local_setup.bash
[0.290s] -- Symlinking: /home/mehmet/ros/install/controller/share/controller/local_setup.sh
[0.298s] -- Symlinking: /home/mehmet/ros/install/controller/share/controller/local_setup.zsh
[0.306s] -- Symlinking: /home/mehmet/ros/install/controller/share/controller/local_setup.dsv
[0.315s] -- Symlinking: /home/mehmet/ros/install/controller/share/controller/package.dsv
[0.322s] -- Symlinking: /home/mehmet/ros/install/controller/share/ament_index/resource_index/packages/controller
[0.332s] -- Symlinking: /home/mehmet/ros/install/controller/share/controller/cmake/controllerConfig.cmake
[0.337s] -- Symlinking: /home/mehmet/ros/install/controller/share/controller/cmake/controllerConfig-version.cmake
[0.343s] -- Symlinking: /home/mehmet/ros/install/controller/share/controller/package.xml
[0.352s] Invoked command in '/home/mehmet/ros/build/controller' returned '0': CMAKE_PREFIX_PATH=/opt/ros/humble /usr/bin/cmake --install /home/mehmet/ros/build/controller
