[0.000000] (-) TimerEvent: {}
[0.000086] (bot_description) JobQueued: {'identifier': 'bot_description', 'dependencies': OrderedDict()}
[0.000103] (ros_cpp) JobQueued: {'identifier': 'ros_cpp', 'dependencies': OrderedDict()}
[0.000114] (ros_python) JobQueued: {'identifier': 'ros_python', 'dependencies': OrderedDict()}
[0.000122] (bot_description) JobStarted: {'identifier': 'bot_description'}
[0.002526] (ros_cpp) JobStarted: {'identifier': 'ros_cpp'}
[0.004602] (ros_python) JobStarted: {'identifier': 'ros_python'}
[0.007264] (bot_description) JobProgress: {'identifier': 'bot_description', 'progress': 'cmake'}
[0.007841] (bot_description) JobProgress: {'identifier': 'bot_description', 'progress': 'build'}
[0.007866] (bot_description) Command: {'cmd': ['/usr/bin/cmake', '--build', '/home/murtazam/ros2_ws/build/bot_description', '--', '-j5', '-l5'], 'cwd': '/home/murtazam/ros2_ws/build/bot_description', 'env': OrderedDict([('GJS_DEBUG_TOPICS', 'JS ERROR;JS LOG'), ('USER', 'murtazam'), ('XDG_SESSION_TYPE', 'wayland'), ('SHLVL', '1'), ('LD_LIBRARY_PATH', '/opt/ros/humble/opt/rviz_ogre_vendor/lib:/opt/ros/humble/lib/aarch64-linux-gnu:/opt/ros/humble/lib'), ('HOME', '/home/murtazam'), ('OLDPWD', '/home/murtazam'), ('DESKTOP_SESSION', 'ubuntu'), ('GIO_LAUNCHED_DESKTOP_FILE', '/usr/share/applications/terminator.desktop'), ('ROS_PYTHON_VERSION', '3'), ('GNOME_SHELL_SESSION_MODE', 'ubuntu'), ('GTK_MODULES', 'gail:atk-bridge'), ('MANAGERPID', '1383'), ('SYSTEMD_EXEC_PID', '1492'), ('DBUS_SESSION_BUS_ADDRESS', 'unix:path=/run/user/1000/bus'), ('COLORTERM', 'truecolor'), ('TERMINATOR_DBUS_NAME', 'net.tenshu.Terminator25ef4b219e3b005583550f2b0f9f990c3'), ('GIO_LAUNCHED_DESKTOP_FILE_PID', '2003'), ('IM_CONFIG_PHASE', '1'), ('WAYLAND_DISPLAY', 'wayland-0'), ('COLCON_PREFIX_PATH', '/home/murtazam/ros2_ws/install'), ('ROS_DISTRO', 'humble'), ('LOGNAME', 'murtazam'), ('JOURNAL_STREAM', '8:26481'), ('_', '/usr/bin/colcon'), ('ROS_VERSION', '2'), ('XDG_SESSION_CLASS', 'user'), ('USERNAME', 'murtazam'), ('TERM', 'xterm-256color'), ('GNOME_DESKTOP_SESSION_ID', 'this-is-deprecated'), ('ROS_LOCALHOST_ONLY', '0'), ('PATH', '/opt/ros/humble/bin:/usr/local/sbin:/usr/local/bin:/usr/sbin:/usr/bin:/sbin:/bin:/usr/games:/usr/local/games:/snap/bin:/snap/bin'), ('SESSION_MANAGER', 'local/ubuntu-ros:@/tmp/.ICE-unix/1470,unix/ubuntu-ros:/tmp/.ICE-unix/1470'), ('INVOCATION_ID', '384fef180a9f4fe49658b68bfd104f19'), ('XDG_MENU_PREFIX', 'gnome-'), ('GNOME_SETUP_DISPLAY', ':1'), ('XDG_RUNTIME_DIR', '/run/user/1000'), ('DISPLAY', ':0'), ('TERMINATOR_DBUS_PATH', '/net/tenshu/Terminator2'), ('LANG', 'en_US.UTF-8'), ('XDG_CURRENT_DESKTOP', 'ubuntu:GNOME'), ('IBUS_DISABLE_SNOOPER', '1'), ('XMODIFIERS', '@im=ibus'), ('XDG_SESSION_DESKTOP', 'ubuntu'), ('XAUTHORITY', '/run/user/1000/.mutter-Xwaylandauth.JIL2E3'), ('SSH_AGENT_LAUNCHER', 'gnome-keyring'), ('SSH_AUTH_SOCK', '/run/user/1000/keyring/ssh'), ('AMENT_PREFIX_PATH', '/home/murtazam/ros2_ws/install/ros_python:/home/murtazam/ros2_ws/install/bot_description:/home/murtazam/ros2_ws/install/ros_cpp:/opt/ros/humble'), ('SHELL', '/bin/bash'), ('TERMINATOR_UUID', 'urn:uuid:3cdfa036-55e4-4faa-8203-1fe40041ab66'), ('QT_ACCESSIBILITY', '1'), ('GDMSESSION', 'ubuntu'), ('GJS_DEBUG_OUTPUT', 'stderr'), ('QT_IM_MODULE', 'ibus'), ('PWD', '/home/murtazam/ros2_ws/build/bot_description'), ('LC_ALL', 'en_US.UTF-8'), ('XDG_CONFIG_DIRS', '/etc/xdg/xdg-ubuntu:/etc/xdg'), ('XDG_DATA_DIRS', '/usr/share/ubuntu:/usr/local/share/:/usr/share/:/var/lib/snapd/desktop'), ('PYTHONPATH', '/home/murtazam/ros2_ws/install/ros_python/lib/python3.10/site-packages:/opt/ros/humble/lib/python3.10/site-packages:/opt/ros/humble/local/lib/python3.10/dist-packages'), ('COLCON', '1'), ('VTE_VERSION', '6800'), ('CMAKE_PREFIX_PATH', '/home/murtazam/ros2_ws/install/bot_description:/home/murtazam/ros2_ws/install/ros_cpp:/home/murtazam/ros2_ws/install/ros_python:/opt/ros/humble')]), 'shell': False}
[0.009444] (ros_cpp) JobProgress: {'identifier': 'ros_cpp', 'progress': 'cmake'}
[0.010051] (ros_cpp) JobProgress: {'identifier': 'ros_cpp', 'progress': 'build'}
[0.010471] (ros_cpp) Command: {'cmd': ['/usr/bin/cmake', '--build', '/home/murtazam/ros2_ws/build/ros_cpp', '--', '-j5', '-l5'], 'cwd': '/home/murtazam/ros2_ws/build/ros_cpp', 'env': OrderedDict([('GJS_DEBUG_TOPICS', 'JS ERROR;JS LOG'), ('USER', 'murtazam'), ('XDG_SESSION_TYPE', 'wayland'), ('SHLVL', '1'), ('LD_LIBRARY_PATH', '/opt/ros/humble/opt/rviz_ogre_vendor/lib:/opt/ros/humble/lib/aarch64-linux-gnu:/opt/ros/humble/lib'), ('HOME', '/home/murtazam'), ('OLDPWD', '/home/murtazam'), ('DESKTOP_SESSION', 'ubuntu'), ('GIO_LAUNCHED_DESKTOP_FILE', '/usr/share/applications/terminator.desktop'), ('ROS_PYTHON_VERSION', '3'), ('GNOME_SHELL_SESSION_MODE', 'ubuntu'), ('GTK_MODULES', 'gail:atk-bridge'), ('MANAGERPID', '1383'), ('SYSTEMD_EXEC_PID', '1492'), ('DBUS_SESSION_BUS_ADDRESS', 'unix:path=/run/user/1000/bus'), ('COLORTERM', 'truecolor'), ('TERMINATOR_DBUS_NAME', 'net.tenshu.Terminator25ef4b219e3b005583550f2b0f9f990c3'), ('GIO_LAUNCHED_DESKTOP_FILE_PID', '2003'), ('IM_CONFIG_PHASE', '1'), ('WAYLAND_DISPLAY', 'wayland-0'), ('COLCON_PREFIX_PATH', '/home/murtazam/ros2_ws/install'), ('ROS_DISTRO', 'humble'), ('LOGNAME', 'murtazam'), ('JOURNAL_STREAM', '8:26481'), ('_', '/usr/bin/colcon'), ('ROS_VERSION', '2'), ('XDG_SESSION_CLASS', 'user'), ('USERNAME', 'murtazam'), ('TERM', 'xterm-256color'), ('GNOME_DESKTOP_SESSION_ID', 'this-is-deprecated'), ('ROS_LOCALHOST_ONLY', '0'), ('PATH', '/opt/ros/humble/bin:/usr/local/sbin:/usr/local/bin:/usr/sbin:/usr/bin:/sbin:/bin:/usr/games:/usr/local/games:/snap/bin:/snap/bin'), ('SESSION_MANAGER', 'local/ubuntu-ros:@/tmp/.ICE-unix/1470,unix/ubuntu-ros:/tmp/.ICE-unix/1470'), ('INVOCATION_ID', '384fef180a9f4fe49658b68bfd104f19'), ('XDG_MENU_PREFIX', 'gnome-'), ('GNOME_SETUP_DISPLAY', ':1'), ('XDG_RUNTIME_DIR', '/run/user/1000'), ('DISPLAY', ':0'), ('TERMINATOR_DBUS_PATH', '/net/tenshu/Terminator2'), ('LANG', 'en_US.UTF-8'), ('XDG_CURRENT_DESKTOP', 'ubuntu:GNOME'), ('IBUS_DISABLE_SNOOPER', '1'), ('XMODIFIERS', '@im=ibus'), ('XDG_SESSION_DESKTOP', 'ubuntu'), ('XAUTHORITY', '/run/user/1000/.mutter-Xwaylandauth.JIL2E3'), ('SSH_AGENT_LAUNCHER', 'gnome-keyring'), ('SSH_AUTH_SOCK', '/run/user/1000/keyring/ssh'), ('AMENT_PREFIX_PATH', '/home/murtazam/ros2_ws/install/ros_python:/home/murtazam/ros2_ws/install/bot_description:/home/murtazam/ros2_ws/install/ros_cpp:/opt/ros/humble'), ('SHELL', '/bin/bash'), ('TERMINATOR_UUID', 'urn:uuid:3cdfa036-55e4-4faa-8203-1fe40041ab66'), ('QT_ACCESSIBILITY', '1'), ('GDMSESSION', 'ubuntu'), ('GJS_DEBUG_OUTPUT', 'stderr'), ('QT_IM_MODULE', 'ibus'), ('PWD', '/home/murtazam/ros2_ws/build/ros_cpp'), ('LC_ALL', 'en_US.UTF-8'), ('XDG_CONFIG_DIRS', '/etc/xdg/xdg-ubuntu:/etc/xdg'), ('XDG_DATA_DIRS', '/usr/share/ubuntu:/usr/local/share/:/usr/share/:/var/lib/snapd/desktop'), ('PYTHONPATH', '/home/murtazam/ros2_ws/install/ros_python/lib/python3.10/site-packages:/opt/ros/humble/lib/python3.10/site-packages:/opt/ros/humble/local/lib/python3.10/dist-packages'), ('COLCON', '1'), ('VTE_VERSION', '6800'), ('CMAKE_PREFIX_PATH', '/home/murtazam/ros2_ws/install/bot_description:/home/murtazam/ros2_ws/install/ros_cpp:/home/murtazam/ros2_ws/install/ros_python:/opt/ros/humble')]), 'shell': False}
[0.033222] (ros_cpp) StdoutLine: {'line': b'[ 50%] Built target publisher\n'}
[0.033451] (ros_cpp) StdoutLine: {'line': b'[100%] Built target subscriber\n'}
[0.100300] (-) TimerEvent: {}
[0.119387] (ros_cpp) CommandEnded: {'returncode': 0}
[0.119857] (ros_cpp) JobProgress: {'identifier': 'ros_cpp', 'progress': 'install'}
[0.123160] (ros_cpp) Command: {'cmd': ['/usr/bin/cmake', '--install', '/home/murtazam/ros2_ws/build/ros_cpp'], 'cwd': '/home/murtazam/ros2_ws/build/ros_cpp', 'env': OrderedDict([('GJS_DEBUG_TOPICS', 'JS ERROR;JS LOG'), ('USER', 'murtazam'), ('XDG_SESSION_TYPE', 'wayland'), ('SHLVL', '1'), ('LD_LIBRARY_PATH', '/opt/ros/humble/opt/rviz_ogre_vendor/lib:/opt/ros/humble/lib/aarch64-linux-gnu:/opt/ros/humble/lib'), ('HOME', '/home/murtazam'), ('OLDPWD', '/home/murtazam'), ('DESKTOP_SESSION', 'ubuntu'), ('GIO_LAUNCHED_DESKTOP_FILE', '/usr/share/applications/terminator.desktop'), ('ROS_PYTHON_VERSION', '3'), ('GNOME_SHELL_SESSION_MODE', 'ubuntu'), ('GTK_MODULES', 'gail:atk-bridge'), ('MANAGERPID', '1383'), ('SYSTEMD_EXEC_PID', '1492'), ('DBUS_SESSION_BUS_ADDRESS', 'unix:path=/run/user/1000/bus'), ('COLORTERM', 'truecolor'), ('TERMINATOR_DBUS_NAME', 'net.tenshu.Terminator25ef4b219e3b005583550f2b0f9f990c3'), ('GIO_LAUNCHED_DESKTOP_FILE_PID', '2003'), ('IM_CONFIG_PHASE', '1'), ('WAYLAND_DISPLAY', 'wayland-0'), ('COLCON_PREFIX_PATH', '/home/murtazam/ros2_ws/install'), ('ROS_DISTRO', 'humble'), ('LOGNAME', 'murtazam'), ('JOURNAL_STREAM', '8:26481'), ('_', '/usr/bin/colcon'), ('ROS_VERSION', '2'), ('XDG_SESSION_CLASS', 'user'), ('USERNAME', 'murtazam'), ('TERM', 'xterm-256color'), ('GNOME_DESKTOP_SESSION_ID', 'this-is-deprecated'), ('ROS_LOCALHOST_ONLY', '0'), ('PATH', '/opt/ros/humble/bin:/usr/local/sbin:/usr/local/bin:/usr/sbin:/usr/bin:/sbin:/bin:/usr/games:/usr/local/games:/snap/bin:/snap/bin'), ('SESSION_MANAGER', 'local/ubuntu-ros:@/tmp/.ICE-unix/1470,unix/ubuntu-ros:/tmp/.ICE-unix/1470'), ('INVOCATION_ID', '384fef180a9f4fe49658b68bfd104f19'), ('XDG_MENU_PREFIX', 'gnome-'), ('GNOME_SETUP_DISPLAY', ':1'), ('XDG_RUNTIME_DIR', '/run/user/1000'), ('DISPLAY', ':0'), ('TERMINATOR_DBUS_PATH', '/net/tenshu/Terminator2'), ('LANG', 'en_US.UTF-8'), ('XDG_CURRENT_DESKTOP', 'ubuntu:GNOME'), ('IBUS_DISABLE_SNOOPER', '1'), ('XMODIFIERS', '@im=ibus'), ('XDG_SESSION_DESKTOP', 'ubuntu'), ('XAUTHORITY', '/run/user/1000/.mutter-Xwaylandauth.JIL2E3'), ('SSH_AGENT_LAUNCHER', 'gnome-keyring'), ('SSH_AUTH_SOCK', '/run/user/1000/keyring/ssh'), ('AMENT_PREFIX_PATH', '/home/murtazam/ros2_ws/install/ros_python:/home/murtazam/ros2_ws/install/bot_description:/home/murtazam/ros2_ws/install/ros_cpp:/opt/ros/humble'), ('SHELL', '/bin/bash'), ('TERMINATOR_UUID', 'urn:uuid:3cdfa036-55e4-4faa-8203-1fe40041ab66'), ('QT_ACCESSIBILITY', '1'), ('GDMSESSION', 'ubuntu'), ('GJS_DEBUG_OUTPUT', 'stderr'), ('QT_IM_MODULE', 'ibus'), ('PWD', '/home/murtazam/ros2_ws/build/ros_cpp'), ('LC_ALL', 'en_US.UTF-8'), ('XDG_CONFIG_DIRS', '/etc/xdg/xdg-ubuntu:/etc/xdg'), ('XDG_DATA_DIRS', '/usr/share/ubuntu:/usr/local/share/:/usr/share/:/var/lib/snapd/desktop'), ('PYTHONPATH', '/home/murtazam/ros2_ws/install/ros_python/lib/python3.10/site-packages:/opt/ros/humble/lib/python3.10/site-packages:/opt/ros/humble/local/lib/python3.10/dist-packages'), ('COLCON', '1'), ('VTE_VERSION', '6800'), ('CMAKE_PREFIX_PATH', '/home/murtazam/ros2_ws/install/bot_description:/home/murtazam/ros2_ws/install/ros_cpp:/home/murtazam/ros2_ws/install/ros_python:/opt/ros/humble')]), 'shell': False}
[0.124471] (bot_description) CommandEnded: {'returncode': 0}
[0.124653] (bot_description) JobProgress: {'identifier': 'bot_description', 'progress': 'install'}
[0.124673] (bot_description) Command: {'cmd': ['/usr/bin/cmake', '--install', '/home/murtazam/ros2_ws/build/bot_description'], 'cwd': '/home/murtazam/ros2_ws/build/bot_description', 'env': OrderedDict([('GJS_DEBUG_TOPICS', 'JS ERROR;JS LOG'), ('USER', 'murtazam'), ('XDG_SESSION_TYPE', 'wayland'), ('SHLVL', '1'), ('LD_LIBRARY_PATH', '/opt/ros/humble/opt/rviz_ogre_vendor/lib:/opt/ros/humble/lib/aarch64-linux-gnu:/opt/ros/humble/lib'), ('HOME', '/home/murtazam'), ('OLDPWD', '/home/murtazam'), ('DESKTOP_SESSION', 'ubuntu'), ('GIO_LAUNCHED_DESKTOP_FILE', '/usr/share/applications/terminator.desktop'), ('ROS_PYTHON_VERSION', '3'), ('GNOME_SHELL_SESSION_MODE', 'ubuntu'), ('GTK_MODULES', 'gail:atk-bridge'), ('MANAGERPID', '1383'), ('SYSTEMD_EXEC_PID', '1492'), ('DBUS_SESSION_BUS_ADDRESS', 'unix:path=/run/user/1000/bus'), ('COLORTERM', 'truecolor'), ('TERMINATOR_DBUS_NAME', 'net.tenshu.Terminator25ef4b219e3b005583550f2b0f9f990c3'), ('GIO_LAUNCHED_DESKTOP_FILE_PID', '2003'), ('IM_CONFIG_PHASE', '1'), ('WAYLAND_DISPLAY', 'wayland-0'), ('COLCON_PREFIX_PATH', '/home/murtazam/ros2_ws/install'), ('ROS_DISTRO', 'humble'), ('LOGNAME', 'murtazam'), ('JOURNAL_STREAM', '8:26481'), ('_', '/usr/bin/colcon'), ('ROS_VERSION', '2'), ('XDG_SESSION_CLASS', 'user'), ('USERNAME', 'murtazam'), ('TERM', 'xterm-256color'), ('GNOME_DESKTOP_SESSION_ID', 'this-is-deprecated'), ('ROS_LOCALHOST_ONLY', '0'), ('PATH', '/opt/ros/humble/bin:/usr/local/sbin:/usr/local/bin:/usr/sbin:/usr/bin:/sbin:/bin:/usr/games:/usr/local/games:/snap/bin:/snap/bin'), ('SESSION_MANAGER', 'local/ubuntu-ros:@/tmp/.ICE-unix/1470,unix/ubuntu-ros:/tmp/.ICE-unix/1470'), ('INVOCATION_ID', '384fef180a9f4fe49658b68bfd104f19'), ('XDG_MENU_PREFIX', 'gnome-'), ('GNOME_SETUP_DISPLAY', ':1'), ('XDG_RUNTIME_DIR', '/run/user/1000'), ('DISPLAY', ':0'), ('TERMINATOR_DBUS_PATH', '/net/tenshu/Terminator2'), ('LANG', 'en_US.UTF-8'), ('XDG_CURRENT_DESKTOP', 'ubuntu:GNOME'), ('IBUS_DISABLE_SNOOPER', '1'), ('XMODIFIERS', '@im=ibus'), ('XDG_SESSION_DESKTOP', 'ubuntu'), ('XAUTHORITY', '/run/user/1000/.mutter-Xwaylandauth.JIL2E3'), ('SSH_AGENT_LAUNCHER', 'gnome-keyring'), ('SSH_AUTH_SOCK', '/run/user/1000/keyring/ssh'), ('AMENT_PREFIX_PATH', '/home/murtazam/ros2_ws/install/ros_python:/home/murtazam/ros2_ws/install/bot_description:/home/murtazam/ros2_ws/install/ros_cpp:/opt/ros/humble'), ('SHELL', '/bin/bash'), ('TERMINATOR_UUID', 'urn:uuid:3cdfa036-55e4-4faa-8203-1fe40041ab66'), ('QT_ACCESSIBILITY', '1'), ('GDMSESSION', 'ubuntu'), ('GJS_DEBUG_OUTPUT', 'stderr'), ('QT_IM_MODULE', 'ibus'), ('PWD', '/home/murtazam/ros2_ws/build/bot_description'), ('LC_ALL', 'en_US.UTF-8'), ('XDG_CONFIG_DIRS', '/etc/xdg/xdg-ubuntu:/etc/xdg'), ('XDG_DATA_DIRS', '/usr/share/ubuntu:/usr/local/share/:/usr/share/:/var/lib/snapd/desktop'), ('PYTHONPATH', '/home/murtazam/ros2_ws/install/ros_python/lib/python3.10/site-packages:/opt/ros/humble/lib/python3.10/site-packages:/opt/ros/humble/local/lib/python3.10/dist-packages'), ('COLCON', '1'), ('VTE_VERSION', '6800'), ('CMAKE_PREFIX_PATH', '/home/murtazam/ros2_ws/install/bot_description:/home/murtazam/ros2_ws/install/ros_cpp:/home/murtazam/ros2_ws/install/ros_python:/opt/ros/humble')]), 'shell': False}
[0.127034] (ros_cpp) StdoutLine: {'line': b'-- Install configuration: ""\n'}
[0.127122] (ros_cpp) StdoutLine: {'line': b'-- Up-to-date: /home/murtazam/ros2_ws/install/ros_cpp/lib/ros_cpp/publisher\n'}
[0.127155] (ros_cpp) StdoutLine: {'line': b'-- Up-to-date: /home/murtazam/ros2_ws/install/ros_cpp/lib/ros_cpp/subscriber\n'}
[0.127184] (ros_cpp) StdoutLine: {'line': b'-- Up-to-date: /home/murtazam/ros2_ws/install/ros_cpp/share/ament_index/resource_index/package_run_dependencies/ros_cpp\n'}
[0.127212] (ros_cpp) StdoutLine: {'line': b'-- Up-to-date: /home/murtazam/ros2_ws/install/ros_cpp/share/ament_index/resource_index/parent_prefix_path/ros_cpp\n'}
[0.127238] (ros_cpp) StdoutLine: {'line': b'-- Up-to-date: /home/murtazam/ros2_ws/install/ros_cpp/share/ros_cpp/environment/ament_prefix_path.sh\n'}
[0.127264] (ros_cpp) StdoutLine: {'line': b'-- Up-to-date: /home/murtazam/ros2_ws/install/ros_cpp/share/ros_cpp/environment/ament_prefix_path.dsv\n'}
[0.127289] (ros_cpp) StdoutLine: {'line': b'-- Up-to-date: /home/murtazam/ros2_ws/install/ros_cpp/share/ros_cpp/environment/path.sh\n'}
[0.127311] (ros_cpp) StdoutLine: {'line': b'-- Up-to-date: /home/murtazam/ros2_ws/install/ros_cpp/share/ros_cpp/environment/path.dsv\n'}
[0.127332] (ros_cpp) StdoutLine: {'line': b'-- Up-to-date: /home/murtazam/ros2_ws/install/ros_cpp/share/ros_cpp/local_setup.bash\n'}
[0.127355] (ros_cpp) StdoutLine: {'line': b'-- Up-to-date: /home/murtazam/ros2_ws/install/ros_cpp/share/ros_cpp/local_setup.sh\n'}
[0.127382] (ros_cpp) StdoutLine: {'line': b'-- Up-to-date: /home/murtazam/ros2_ws/install/ros_cpp/share/ros_cpp/local_setup.zsh\n'}
[0.127410] (ros_cpp) StdoutLine: {'line': b'-- Up-to-date: /home/murtazam/ros2_ws/install/ros_cpp/share/ros_cpp/local_setup.dsv\n'}
[0.127433] (ros_cpp) StdoutLine: {'line': b'-- Installing: /home/murtazam/ros2_ws/install/ros_cpp/share/ros_cpp/package.dsv\n'}
[0.127455] (ros_cpp) StdoutLine: {'line': b'-- Up-to-date: /home/murtazam/ros2_ws/install/ros_cpp/share/ament_index/resource_index/packages/ros_cpp\n'}
[0.127482] (ros_cpp) StdoutLine: {'line': b'-- Up-to-date: /home/murtazam/ros2_ws/install/ros_cpp/share/ros_cpp/cmake/ros_cppConfig.cmake\n'}
[0.127503] (ros_cpp) StdoutLine: {'line': b'-- Up-to-date: /home/murtazam/ros2_ws/install/ros_cpp/share/ros_cpp/cmake/ros_cppConfig-version.cmake\n'}
[0.127528] (ros_cpp) StdoutLine: {'line': b'-- Up-to-date: /home/murtazam/ros2_ws/install/ros_cpp/share/ros_cpp/package.xml\n'}
[0.133712] (bot_description) StdoutLine: {'line': b'-- Install configuration: ""\n'}
[0.133791] (bot_description) StdoutLine: {'line': b'-- Up-to-date: /home/murtazam/ros2_ws/install/bot_description/share/bot_description/meshes\n'}
[0.133825] (bot_description) StdoutLine: {'line': b'-- Up-to-date: /home/murtazam/ros2_ws/install/bot_description/share/bot_description/meshes/caster_front_link.STL\n'}
[0.133848] (bot_description) StdoutLine: {'line': b'-- Up-to-date: /home/murtazam/ros2_ws/install/bot_description/share/bot_description/meshes/wheel_right_link.STL\n'}
[0.133870] (bot_description) StdoutLine: {'line': b'-- Up-to-date: /home/murtazam/ros2_ws/install/bot_description/share/bot_description/meshes/imu_link.STL\n'}
[0.133891] (bot_description) StdoutLine: {'line': b'-- Up-to-date: /home/murtazam/ros2_ws/install/bot_description/share/bot_description/meshes/wheel_left_link.STL\n'}
[0.133912] (bot_description) StdoutLine: {'line': b'-- Up-to-date: /home/murtazam/ros2_ws/install/bot_description/share/bot_description/meshes/base_link.STL\n'}
[0.133934] (bot_description) StdoutLine: {'line': b'-- Up-to-date: /home/murtazam/ros2_ws/install/bot_description/share/bot_description/meshes/caster_rear_link.STL\n'}
[0.133955] (bot_description) StdoutLine: {'line': b'-- Up-to-date: /home/murtazam/ros2_ws/install/bot_description/share/bot_description/urdf\n'}
[0.133977] (bot_description) StdoutLine: {'line': b'-- Up-to-date: /home/murtazam/ros2_ws/install/bot_description/share/bot_description/urdf/bot.xacro\n'}
[0.133998] (bot_description) StdoutLine: {'line': b'-- Up-to-date: /home/murtazam/ros2_ws/install/bot_description/share/bot_description/urdf/bot.urdf\n'}
[0.134019] (bot_description) StdoutLine: {'line': b'-- Up-to-date: /home/murtazam/ros2_ws/install/bot_description/share/ament_index/resource_index/package_run_dependencies/bot_description\n'}
[0.134543] (bot_description) StdoutLine: {'line': b'-- Up-to-date: /home/murtazam/ros2_ws/install/bot_description/share/ament_index/resource_index/parent_prefix_path/bot_description\n'}
[0.134584] (bot_description) StdoutLine: {'line': b'-- Up-to-date: /home/murtazam/ros2_ws/install/bot_description/share/bot_description/environment/ament_prefix_path.sh\n'}
[0.134617] (bot_description) StdoutLine: {'line': b'-- Up-to-date: /home/murtazam/ros2_ws/install/bot_description/share/bot_description/environment/ament_prefix_path.dsv\n'}
[0.134660] (bot_description) StdoutLine: {'line': b'-- Up-to-date: /home/murtazam/ros2_ws/install/bot_description/share/bot_description/environment/path.sh\n'}
[0.134803] (bot_description) StdoutLine: {'line': b'-- Up-to-date: /home/murtazam/ros2_ws/install/bot_description/share/bot_description/environment/path.dsv\n'}
[0.134845] (bot_description) StdoutLine: {'line': b'-- Up-to-date: /home/murtazam/ros2_ws/install/bot_description/share/bot_description/local_setup.bash\n'}
[0.134872] (bot_description) StdoutLine: {'line': b'-- Up-to-date: /home/murtazam/ros2_ws/install/bot_description/share/bot_description/local_setup.sh\n'}
[0.135604] (bot_description) StdoutLine: {'line': b'-- Up-to-date: /home/murtazam/ros2_ws/install/bot_description/share/bot_description/local_setup.zsh\n'}
[0.135665] (bot_description) StdoutLine: {'line': b'-- Up-to-date: /home/murtazam/ros2_ws/install/bot_description/share/bot_description/local_setup.dsv\n'}
[0.135707] (bot_description) StdoutLine: {'line': b'-- Installing: /home/murtazam/ros2_ws/install/bot_description/share/bot_description/package.dsv\n'}
[0.135767] (bot_description) StdoutLine: {'line': b'-- Up-to-date: /home/murtazam/ros2_ws/install/bot_description/share/ament_index/resource_index/packages/bot_description\n'}
[0.136348] (bot_description) StdoutLine: {'line': b'-- Up-to-date: /home/murtazam/ros2_ws/install/bot_description/share/bot_description/cmake/bot_descriptionConfig.cmake\n'}
[0.136390] (bot_description) StdoutLine: {'line': b'-- Up-to-date: /home/murtazam/ros2_ws/install/bot_description/share/bot_description/cmake/bot_descriptionConfig-version.cmake\n'}
[0.136429] (bot_description) StdoutLine: {'line': b'-- Up-to-date: /home/murtazam/ros2_ws/install/bot_description/share/bot_description/package.xml\n'}
[0.136647] (ros_cpp) CommandEnded: {'returncode': 0}
[0.142737] (ros_cpp) JobEnded: {'identifier': 'ros_cpp', 'rc': 0}
[0.142917] (bot_description) CommandEnded: {'returncode': 0}
[0.147264] (bot_description) JobEnded: {'identifier': 'bot_description', 'rc': 0}
[0.200684] (-) TimerEvent: {}
[0.266742] (ros_python) Command: {'cmd': ['/usr/bin/python3', '-W', 'ignore:setup.py install is deprecated', '-W', 'ignore:easy_install command is deprecated', 'setup.py', 'egg_info', '--egg-base', '../../build/ros_python', 'build', '--build-base', '/home/murtazam/ros2_ws/build/ros_python/build', 'install', '--record', '/home/murtazam/ros2_ws/build/ros_python/install.log', '--single-version-externally-managed', 'install_data'], 'cwd': '/home/murtazam/ros2_ws/src/ros_python', 'env': {'GJS_DEBUG_TOPICS': 'JS ERROR;JS LOG', 'USER': 'murtazam', 'XDG_SESSION_TYPE': 'wayland', 'SHLVL': '1', 'LD_LIBRARY_PATH': '/opt/ros/humble/opt/rviz_ogre_vendor/lib:/opt/ros/humble/lib/aarch64-linux-gnu:/opt/ros/humble/lib', 'HOME': '/home/murtazam', 'OLDPWD': '/home/murtazam', 'DESKTOP_SESSION': 'ubuntu', 'GIO_LAUNCHED_DESKTOP_FILE': '/usr/share/applications/terminator.desktop', 'ROS_PYTHON_VERSION': '3', 'GNOME_SHELL_SESSION_MODE': 'ubuntu', 'GTK_MODULES': 'gail:atk-bridge', 'MANAGERPID': '1383', 'SYSTEMD_EXEC_PID': '1492', 'DBUS_SESSION_BUS_ADDRESS': 'unix:path=/run/user/1000/bus', 'COLORTERM': 'truecolor', 'TERMINATOR_DBUS_NAME': 'net.tenshu.Terminator25ef4b219e3b005583550f2b0f9f990c3', 'GIO_LAUNCHED_DESKTOP_FILE_PID': '2003', 'IM_CONFIG_PHASE': '1', 'WAYLAND_DISPLAY': 'wayland-0', 'COLCON_PREFIX_PATH': '/home/murtazam/ros2_ws/install', 'ROS_DISTRO': 'humble', 'LOGNAME': 'murtazam', 'JOURNAL_STREAM': '8:26481', '_': '/usr/bin/colcon', 'ROS_VERSION': '2', 'XDG_SESSION_CLASS': 'user', 'USERNAME': 'murtazam', 'TERM': 'xterm-256color', 'GNOME_DESKTOP_SESSION_ID': 'this-is-deprecated', 'ROS_LOCALHOST_ONLY': '0', 'PATH': '/opt/ros/humble/bin:/usr/local/sbin:/usr/local/bin:/usr/sbin:/usr/bin:/sbin:/bin:/usr/games:/usr/local/games:/snap/bin:/snap/bin', 'SESSION_MANAGER': 'local/ubuntu-ros:@/tmp/.ICE-unix/1470,unix/ubuntu-ros:/tmp/.ICE-unix/1470', 'INVOCATION_ID': '384fef180a9f4fe49658b68bfd104f19', 'XDG_MENU_PREFIX': 'gnome-', 'GNOME_SETUP_DISPLAY': ':1', 'XDG_RUNTIME_DIR': '/run/user/1000', 'DISPLAY': ':0', 'TERMINATOR_DBUS_PATH': '/net/tenshu/Terminator2', 'LANG': 'en_US.UTF-8', 'XDG_CURRENT_DESKTOP': 'ubuntu:GNOME', 'IBUS_DISABLE_SNOOPER': '1', 'XMODIFIERS': '@im=ibus', 'XDG_SESSION_DESKTOP': 'ubuntu', 'XAUTHORITY': '/run/user/1000/.mutter-Xwaylandauth.JIL2E3', 'SSH_AGENT_LAUNCHER': 'gnome-keyring', 'SSH_AUTH_SOCK': '/run/user/1000/keyring/ssh', 'AMENT_PREFIX_PATH': '/home/murtazam/ros2_ws/install/ros_python:/home/murtazam/ros2_ws/install/bot_description:/home/murtazam/ros2_ws/install/ros_cpp:/opt/ros/humble', 'SHELL': '/bin/bash', 'TERMINATOR_UUID': 'urn:uuid:3cdfa036-55e4-4faa-8203-1fe40041ab66', 'QT_ACCESSIBILITY': '1', 'GDMSESSION': 'ubuntu', 'GJS_DEBUG_OUTPUT': 'stderr', 'QT_IM_MODULE': 'ibus', 'PWD': '/home/murtazam/ros2_ws/build/ros_python', 'LC_ALL': 'en_US.UTF-8', 'XDG_CONFIG_DIRS': '/etc/xdg/xdg-ubuntu:/etc/xdg', 'XDG_DATA_DIRS': '/usr/share/ubuntu:/usr/local/share/:/usr/share/:/var/lib/snapd/desktop', 'PYTHONPATH': '/home/murtazam/ros2_ws/build/ros_python/prefix_override:/usr/lib/python3/dist-packages/colcon_core/task/python/colcon_distutils_commands:/home/murtazam/ros2_ws/install/ros_python/lib/python3.10/site-packages:/home/murtazam/ros2_ws/install/ros_python/lib/python3.10/site-packages:/opt/ros/humble/lib/python3.10/site-packages:/opt/ros/humble/local/lib/python3.10/dist-packages', 'COLCON': '1', 'VTE_VERSION': '6800', 'CMAKE_PREFIX_PATH': '/home/murtazam/ros2_ws/install/bot_description:/home/murtazam/ros2_ws/install/ros_cpp'}, 'shell': False}
[0.301869] (-) TimerEvent: {}
[0.359049] (ros_python) StdoutLine: {'line': b'running egg_info\n'}
[0.359294] (ros_python) StdoutLine: {'line': b'writing ../../build/ros_python/ros_python.egg-info/PKG-INFO\n'}
[0.359464] (ros_python) StdoutLine: {'line': b'writing dependency_links to ../../build/ros_python/ros_python.egg-info/dependency_links.txt\n'}
[0.359638] (ros_python) StdoutLine: {'line': b'writing entry points to ../../build/ros_python/ros_python.egg-info/entry_points.txt\n'}
[0.359793] (ros_python) StdoutLine: {'line': b'writing requirements to ../../build/ros_python/ros_python.egg-info/requires.txt\n'}
[0.359944] (ros_python) StdoutLine: {'line': b'writing top-level names to ../../build/ros_python/ros_python.egg-info/top_level.txt\n'}
[0.360819] (ros_python) StdoutLine: {'line': b"reading manifest file '../../build/ros_python/ros_python.egg-info/SOURCES.txt'\n"}
[0.361200] (ros_python) StdoutLine: {'line': b"writing manifest file '../../build/ros_python/ros_python.egg-info/SOURCES.txt'\n"}
[0.361358] (ros_python) StdoutLine: {'line': b'running build\n'}
[0.361409] (ros_python) StdoutLine: {'line': b'running build_py\n'}
[0.361538] (ros_python) StdoutLine: {'line': b'copying ros_python/parameter.py -> /home/murtazam/ros2_ws/build/ros_python/build/lib/ros_python\n'}
[0.361641] (ros_python) StdoutLine: {'line': b'running install\n'}
[0.361732] (ros_python) StdoutLine: {'line': b'running install_lib\n'}
[0.362004] (ros_python) StdoutLine: {'line': b'copying /home/murtazam/ros2_ws/build/ros_python/build/lib/ros_python/parameter.py -> /home/murtazam/ros2_ws/install/ros_python/lib/python3.10/site-packages/ros_python\n'}
[0.362251] (ros_python) StdoutLine: {'line': b'byte-compiling /home/murtazam/ros2_ws/install/ros_python/lib/python3.10/site-packages/ros_python/parameter.py to parameter.cpython-310.pyc\n'}
[0.362592] (ros_python) StdoutLine: {'line': b'running install_data\n'}
[0.362748] (ros_python) StdoutLine: {'line': b'running install_egg_info\n'}
[0.363549] (ros_python) StdoutLine: {'line': b"removing '/home/murtazam/ros2_ws/install/ros_python/lib/python3.10/site-packages/ros_python-0.0.0-py3.10.egg-info' (and everything under it)\n"}
[0.363664] (ros_python) StdoutLine: {'line': b'Copying ../../build/ros_python/ros_python.egg-info to /home/murtazam/ros2_ws/install/ros_python/lib/python3.10/site-packages/ros_python-0.0.0-py3.10.egg-info\n'}
[0.364011] (ros_python) StdoutLine: {'line': b'running install_scripts\n'}
[0.371975] (ros_python) StdoutLine: {'line': b'Installing parameter script to /home/murtazam/ros2_ws/install/ros_python/lib/ros_python\n'}
[0.372106] (ros_python) StdoutLine: {'line': b'Installing publisher script to /home/murtazam/ros2_ws/install/ros_python/lib/ros_python\n'}
[0.372274] (ros_python) StdoutLine: {'line': b'Installing subscriber script to /home/murtazam/ros2_ws/install/ros_python/lib/ros_python\n'}
[0.372481] (ros_python) StdoutLine: {'line': b"writing list of installed files to '/home/murtazam/ros2_ws/build/ros_python/install.log'\n"}
[0.382757] (ros_python) CommandEnded: {'returncode': 0}
[0.385772] (ros_python) JobEnded: {'identifier': 'ros_python', 'rc': 0}
[0.385943] (-) EventReactorShutdown: {}
