[0.268s] Invoking command in '/home/murtazam/ros2_ws/src/ros_python': PYTHONPATH=/home/murtazam/ros2_ws/build/ros_python/prefix_override:/usr/lib/python3/dist-packages/colcon_core/task/python/colcon_distutils_commands:/home/murtazam/ros2_ws/install/ros_python/lib/python3.10/site-packages: /usr/bin/python3 -W ignore:setup.py install is deprecated -W ignore:easy_install command is deprecated setup.py egg_info --egg-base ../../build/ros_python build --build-base /home/murtazam/ros2_ws/build/ros_python/build install --record /home/murtazam/ros2_ws/build/ros_python/install.log --single-version-externally-managed install_data
[0.344s] running egg_info
[0.344s] writing ../../build/ros_python/ros_python.egg-info/PKG-INFO
[0.344s] writing dependency_links to ../../build/ros_python/ros_python.egg-info/dependency_links.txt
[0.344s] writing entry points to ../../build/ros_python/ros_python.egg-info/entry_points.txt
[0.344s] writing requirements to ../../build/ros_python/ros_python.egg-info/requires.txt
[0.344s] writing top-level names to ../../build/ros_python/ros_python.egg-info/top_level.txt
[0.345s] reading manifest file '../../build/ros_python/ros_python.egg-info/SOURCES.txt'
[0.346s] writing manifest file '../../build/ros_python/ros_python.egg-info/SOURCES.txt'
[0.346s] running build
[0.346s] running build_py
[0.346s] running install
[0.346s] running install_lib
[0.347s] running install_data
[0.347s] copying package.xml -> /home/murtazam/ros2_ws/install/ros_python/share/ros_python
[0.347s] running install_egg_info
[0.347s] removing '/home/murtazam/ros2_ws/install/ros_python/lib/python3.10/site-packages/ros_python-0.0.0-py3.10.egg-info' (and everything under it)
[0.348s] Copying ../../build/ros_python/ros_python.egg-info to /home/murtazam/ros2_ws/install/ros_python/lib/python3.10/site-packages/ros_python-0.0.0-py3.10.egg-info
[0.348s] running install_scripts
[0.356s] Installing publisher script to /home/murtazam/ros2_ws/install/ros_python/lib/ros_python
[0.356s] writing list of installed files to '/home/murtazam/ros2_ws/build/ros_python/install.log'
[0.366s] Invoked command in '/home/murtazam/ros2_ws/src/ros_python' returned '0': PYTHONPATH=/home/murtazam/ros2_ws/build/ros_python/prefix_override:/usr/lib/python3/dist-packages/colcon_core/task/python/colcon_distutils_commands:/home/murtazam/ros2_ws/install/ros_python/lib/python3.10/site-packages: /usr/bin/python3 -W ignore:setup.py install is deprecated -W ignore:easy_install command is deprecated setup.py egg_info --egg-base ../../build/ros_python build --build-base /home/murtazam/ros2_ws/build/ros_python/build install --record /home/murtazam/ros2_ws/build/ros_python/install.log --single-version-externally-managed install_data
