[0.011s] Invoking command in '/home/mehmet/ros/build/bot_description': CMAKE_PREFIX_PATH=/opt/ros/humble /usr/bin/cmake /home/mehmet/ros/src/bot_description -DAMENT_CMAKE_SYMLINK_INSTALL=1 -DCMAKE_INSTALL_PREFIX=/home/mehmet/ros/install/bot_description
[0.018s] -- Found ament_cmake: 1.3.12 (/opt/ros/humble/share/ament_cmake/cmake)
[0.116s] -- Found Python3: /usr/bin/python3 (found version "3.10.12") found components: Interpreter 
[0.155s] -- Override CMake install command with custom implementation using symlinks instead of copying resources
[0.167s] -- Found ament_lint_auto: 0.12.14 (/opt/ros/humble/share/ament_lint_auto/cmake)
[0.213s] -- Added test 'flake8' to check Python code syntax and style conventions
[0.213s] -- Added test 'lint_cmake' to check CMake code style
[0.213s] -- Added test 'pep257' to check Python code against some of the docstring style conventions in PEP 257
[0.214s] -- Added test 'xmllint' to check XML markup files
[0.215s] -- Configuring done
[0.216s] -- Generating done
[0.217s] -- Build files have been written to: /home/mehmet/ros/build/bot_description
[0.218s] Invoked command in '/home/mehmet/ros/build/bot_description' returned '0': CMAKE_PREFIX_PATH=/opt/ros/humble /usr/bin/cmake /home/mehmet/ros/src/bot_description -DAMENT_CMAKE_SYMLINK_INSTALL=1 -DCMAKE_INSTALL_PREFIX=/home/mehmet/ros/install/bot_description
[0.220s] Invoking command in '/home/mehmet/ros/build/bot_description': CMAKE_PREFIX_PATH=/opt/ros/humble /usr/bin/cmake --build /home/mehmet/ros/build/bot_description -- -j16 -l16
[0.247s] Invoked command in '/home/mehmet/ros/build/bot_description' returned '0': CMAKE_PREFIX_PATH=/opt/ros/humble /usr/bin/cmake --build /home/mehmet/ros/build/bot_description -- -j16 -l16
[0.248s] Invoking command in '/home/mehmet/ros/build/bot_description': CMAKE_PREFIX_PATH=/opt/ros/humble /usr/bin/cmake --install /home/mehmet/ros/build/bot_description
[0.254s] -- Install configuration: ""
[0.255s] -- Execute custom install script
[0.255s] -- Symlinking: /home/mehmet/ros/install/bot_description/share/bot_description/meshes/base_link.STL
[0.260s] -- Symlinking: /home/mehmet/ros/install/bot_description/share/bot_description/meshes/can.STL
[0.265s] -- Symlinking: /home/mehmet/ros/install/bot_description/share/bot_description/meshes/caster_front_link.STL
[0.272s] -- Symlinking: /home/mehmet/ros/install/bot_description/share/bot_description/meshes/caster_rear_link.STL
[0.276s] -- Symlinking: /home/mehmet/ros/install/bot_description/share/bot_description/meshes/imu_link.STL
[0.281s] -- Symlinking: /home/mehmet/ros/install/bot_description/share/bot_description/meshes/wheel_left_link.STL
[0.288s] -- Symlinking: /home/mehmet/ros/install/bot_description/share/bot_description/meshes/wheel_right_link.STL
[0.294s] -- Symlinking: /home/mehmet/ros/install/bot_description/share/bot_description/urdf/bot.urdf
[0.301s] -- Symlinking: /home/mehmet/ros/install/bot_description/share/bot_description/urdf/bot.xacro
[0.307s] -- Symlinking: /home/mehmet/ros/install/bot_description/share/bot_description/urdf/bot_gazebo.xacro
[0.311s] -- Symlinking: /home/mehmet/ros/install/bot_description/share/bot_description/rviz_model/display.rviz
[0.318s] -- Symlinking: /home/mehmet/ros/install/bot_description/share/bot_description/launch/display.launch.py
[0.323s] -- Symlinking: /home/mehmet/ros/install/bot_description/share/bot_description/launch/gazebo.launch.py
[0.328s] -- Symlinking: /home/mehmet/ros/install/bot_description/share/ament_index/resource_index/package_run_dependencies/bot_description
[0.333s] -- Symlinking: /home/mehmet/ros/install/bot_description/share/ament_index/resource_index/parent_prefix_path/bot_description
[0.338s] -- Symlinking: /home/mehmet/ros/install/bot_description/share/bot_description/environment/ament_prefix_path.sh
[0.343s] -- Symlinking: /home/mehmet/ros/install/bot_description/share/bot_description/environment/ament_prefix_path.dsv
[0.349s] -- Symlinking: /home/mehmet/ros/install/bot_description/share/bot_description/environment/path.sh
[0.353s] -- Symlinking: /home/mehmet/ros/install/bot_description/share/bot_description/environment/path.dsv
[0.357s] -- Symlinking: /home/mehmet/ros/install/bot_description/share/bot_description/local_setup.bash
[0.362s] -- Symlinking: /home/mehmet/ros/install/bot_description/share/bot_description/local_setup.sh
[0.366s] -- Symlinking: /home/mehmet/ros/install/bot_description/share/bot_description/local_setup.zsh
[0.371s] -- Symlinking: /home/mehmet/ros/install/bot_description/share/bot_description/local_setup.dsv
[0.375s] -- Symlinking: /home/mehmet/ros/install/bot_description/share/bot_description/package.dsv
[0.380s] -- Symlinking: /home/mehmet/ros/install/bot_description/share/ament_index/resource_index/packages/bot_description
[0.386s] -- Symlinking: /home/mehmet/ros/install/bot_description/share/bot_description/cmake/bot_descriptionConfig.cmake
[0.391s] -- Symlinking: /home/mehmet/ros/install/bot_description/share/bot_description/cmake/bot_descriptionConfig-version.cmake
[0.396s] -- Symlinking: /home/mehmet/ros/install/bot_description/share/bot_description/package.xml
[0.402s] Invoked command in '/home/mehmet/ros/build/bot_description' returned '0': CMAKE_PREFIX_PATH=/opt/ros/humble /usr/bin/cmake --install /home/mehmet/ros/build/bot_description
