-- Found ament_cmake: 1.3.12 (/opt/ros/humble/share/ament_cmake/cmake)
-- Found rclpy: 3.3.19 (/opt/ros/humble/share/rclpy/cmake)
-- Found std_msgs: 4.9.0 (/opt/ros/humble/share/std_msgs/cmake)
-- Found rosidl_generator_c: 3.1.8 (/opt/ros/humble/share/rosidl_generator_c/cmake)
-- Found rosidl_adapter: 3.1.8 (/opt/ros/humble/share/rosidl_adapter/cmake)
-- Found rosidl_generator_cpp: 3.1.8 (/opt/ros/humble/share/rosidl_generator_cpp/cmake)
-- Using all available rosidl_typesupport_c: rosidl_typesupport_fastrtps_c;rosidl_typesupport_introspection_c
-- Using all available rosidl_typesupport_cpp: rosidl_typesupport_fastrtps_cpp;rosidl_typesupport_introspection_cpp
-- Found geometry_msgs: 4.9.0 (/opt/ros/humble/share/geometry_msgs/cmake)
-- Found sensor_msgs: 4.9.0 (/opt/ros/humble/share/sensor_msgs/cmake)
-- Found rclcpp: 16.0.17 (/opt/ros/humble/share/rclcpp/cmake)
-- Found rmw_implementation_cmake: 6.1.2 (/opt/ros/humble/share/rmw_implementation_cmake/cmake)
-- Found rmw_fastrtps_cpp: 6.2.9 (/opt/ros/humble/share/rmw_fastrtps_cpp/cmake)
-- Found OpenSSL: /usr/lib/x86_64-linux-gnu/libcrypto.so (found version "3.0.2")  
-- Found FastRTPS: /opt/ros/humble/include  
-- Using RMW implementation 'rmw_fastrtps_cpp' as default
-- Looking for pthread.h
-- Looking for pthread.h - found
-- Performing Test CMAKE_HAVE_LIBC_PTHREAD
-- Performing Test CMAKE_HAVE_LIBC_PTHREAD - Success
-- Found Threads: TRUE  
-- Found ament_lint_auto: 0.12.14 (/opt/ros/humble/share/ament_lint_auto/cmake)
-- Added test 'copyright' to check source files copyright and LICENSE
-- Added test 'flake8' to check Python code syntax and style conventions
-- Added test 'lint_cmake' to check CMake code style
-- Added test 'pep257' to check Python code against some of the docstring style conventions in PEP 257
-- Added test 'xmllint' to check XML markup files
-- Configuring done
-- Generating done
-- Build files have been written to: /home/mehmet/ros/build/bot_controller
Built target ament_cmake_python_copy_bot_controller
running egg_info
writing bot_controller.egg-info/PKG-INFO
writing dependency_links to bot_controller.egg-info/dependency_links.txt
writing top-level names to bot_controller.egg-info/top_level.txt
reading manifest file 'bot_controller.egg-info/SOURCES.txt'
writing manifest file 'bot_controller.egg-info/SOURCES.txt'
Built target ament_cmake_python_build_bot_controller_egg
-- Install configuration: ""
-- Up-to-date: /home/mehmet/ros/install/bot_controller/share/bot_controller/environment/pythonpath.sh
-- Installing: /home/mehmet/ros/install/bot_controller/share/bot_controller/environment/pythonpath.dsv
-- Up-to-date: /home/mehmet/ros/install/bot_controller/local/lib/python3.10/dist-packages/bot_controller-0.0.0-py3.10.egg-info
-- Installing: /home/mehmet/ros/install/bot_controller/local/lib/python3.10/dist-packages/bot_controller-0.0.0-py3.10.egg-info/dependency_links.txt
-- Installing: /home/mehmet/ros/install/bot_controller/local/lib/python3.10/dist-packages/bot_controller-0.0.0-py3.10.egg-info/PKG-INFO
-- Installing: /home/mehmet/ros/install/bot_controller/local/lib/python3.10/dist-packages/bot_controller-0.0.0-py3.10.egg-info/SOURCES.txt
-- Installing: /home/mehmet/ros/install/bot_controller/local/lib/python3.10/dist-packages/bot_controller-0.0.0-py3.10.egg-info/top_level.txt
-- Up-to-date: /home/mehmet/ros/install/bot_controller/local/lib/python3.10/dist-packages/bot_controller
-- Installing: /home/mehmet/ros/install/bot_controller/local/lib/python3.10/dist-packages/bot_controller/simple_controller.py
-- Up-to-date: /home/mehmet/ros/install/bot_controller/local/lib/python3.10/dist-packages/bot_controller/__init__.py
Listing '/home/mehmet/ros/install/bot_controller/local/lib/python3.10/dist-packages/bot_controller'...
Compiling '/home/mehmet/ros/install/bot_controller/local/lib/python3.10/dist-packages/bot_controller/simple_controller.py'...
-- Up-to-date: /home/mehmet/ros/install/bot_controller/share/bot_controller/config
-- Up-to-date: /home/mehmet/ros/install/bot_controller/share/bot_controller/config/bot_controller.yaml
-- Up-to-date: /home/mehmet/ros/install/bot_controller/share/bot_controller/launch
-- Up-to-date: /home/mehmet/ros/install/bot_controller/share/bot_controller/launch/controller.launch.py
-- Installing: /home/mehmet/ros/install/bot_controller/lib/bot_controller/simple_controller.py
-- Installing: /home/mehmet/ros/install/bot_controller/share/ament_index/resource_index/package_run_dependencies/bot_controller
-- Up-to-date: /home/mehmet/ros/install/bot_controller/share/ament_index/resource_index/parent_prefix_path/bot_controller
-- Up-to-date: /home/mehmet/ros/install/bot_controller/share/bot_controller/environment/ament_prefix_path.sh
-- Installing: /home/mehmet/ros/install/bot_controller/share/bot_controller/environment/ament_prefix_path.dsv
-- Up-to-date: /home/mehmet/ros/install/bot_controller/share/bot_controller/environment/path.sh
-- Installing: /home/mehmet/ros/install/bot_controller/share/bot_controller/environment/path.dsv
-- Up-to-date: /home/mehmet/ros/install/bot_controller/share/bot_controller/local_setup.bash
-- Up-to-date: /home/mehmet/ros/install/bot_controller/share/bot_controller/local_setup.sh
-- Up-to-date: /home/mehmet/ros/install/bot_controller/share/bot_controller/local_setup.zsh
-- Installing: /home/mehmet/ros/install/bot_controller/share/bot_controller/local_setup.dsv
-- Installing: /home/mehmet/ros/install/bot_controller/share/bot_controller/package.dsv
-- Up-to-date: /home/mehmet/ros/install/bot_controller/share/ament_index/resource_index/packages/bot_controller
-- Up-to-date: /home/mehmet/ros/install/bot_controller/share/bot_controller/cmake/bot_controllerConfig.cmake
-- Up-to-date: /home/mehmet/ros/install/bot_controller/share/bot_controller/cmake/bot_controllerConfig-version.cmake
-- Installing: /home/mehmet/ros/install/bot_controller/share/bot_controller/package.xml
