[0.011s] Invoking command in '/home/murtazam/ros2_ws/build/ros_cpp': CMAKE_PREFIX_PATH=${CMAKE_PREFIX_PATH}:/opt/ros/humble /usr/bin/cmake --build /home/murtazam/ros2_ws/build/ros_cpp -- -j5 -l5
[0.049s] [35m[1mConsolidate compiler generated dependencies of target publisher[0m
[0.050s] [35m[1mConsolidate compiler generated dependencies of target subscriber[0m
[0.070s] [ 50%] Built target subscriber
[0.072s] [100%] Built target publisher
[0.145s] Invoked command in '/home/murtazam/ros2_ws/build/ros_cpp' returned '0': CMAKE_PREFIX_PATH=${CMAKE_PREFIX_PATH}:/opt/ros/humble /usr/bin/cmake --build /home/murtazam/ros2_ws/build/ros_cpp -- -j5 -l5
[0.150s] Invoking command in '/home/murtazam/ros2_ws/build/ros_cpp': CMAKE_PREFIX_PATH=${CMAKE_PREFIX_PATH}:/opt/ros/humble /usr/bin/cmake --install /home/murtazam/ros2_ws/build/ros_cpp
[0.152s] -- Install configuration: ""
[0.153s] -- Up-to-date: /home/murtazam/ros2_ws/install/ros_cpp/lib/ros_cpp/publisher
[0.154s] -- Up-to-date: /home/murtazam/ros2_ws/install/ros_cpp/lib/ros_cpp/subscriber
[0.155s] -- Up-to-date: /home/murtazam/ros2_ws/install/ros_cpp/share/ament_index/resource_index/package_run_dependencies/ros_cpp
[0.155s] -- Up-to-date: /home/murtazam/ros2_ws/install/ros_cpp/share/ament_index/resource_index/parent_prefix_path/ros_cpp
[0.155s] -- Up-to-date: /home/murtazam/ros2_ws/install/ros_cpp/share/ros_cpp/environment/ament_prefix_path.sh
[0.155s] -- Up-to-date: /home/murtazam/ros2_ws/install/ros_cpp/share/ros_cpp/environment/ament_prefix_path.dsv
[0.155s] -- Up-to-date: /home/murtazam/ros2_ws/install/ros_cpp/share/ros_cpp/environment/path.sh
[0.155s] -- Up-to-date: /home/murtazam/ros2_ws/install/ros_cpp/share/ros_cpp/environment/path.dsv
[0.155s] -- Up-to-date: /home/murtazam/ros2_ws/install/ros_cpp/share/ros_cpp/local_setup.bash
[0.155s] -- Up-to-date: /home/murtazam/ros2_ws/install/ros_cpp/share/ros_cpp/local_setup.sh
[0.155s] -- Up-to-date: /home/murtazam/ros2_ws/install/ros_cpp/share/ros_cpp/local_setup.zsh
[0.155s] -- Up-to-date: /home/murtazam/ros2_ws/install/ros_cpp/share/ros_cpp/local_setup.dsv
[0.155s] -- Installing: /home/murtazam/ros2_ws/install/ros_cpp/share/ros_cpp/package.dsv
[0.156s] -- Up-to-date: /home/murtazam/ros2_ws/install/ros_cpp/share/ament_index/resource_index/packages/ros_cpp
[0.156s] -- Up-to-date: /home/murtazam/ros2_ws/install/ros_cpp/share/ros_cpp/cmake/ros_cppConfig.cmake
[0.156s] -- Up-to-date: /home/murtazam/ros2_ws/install/ros_cpp/share/ros_cpp/cmake/ros_cppConfig-version.cmake
[0.156s] -- Up-to-date: /home/murtazam/ros2_ws/install/ros_cpp/share/ros_cpp/package.xml
[0.156s] Invoked command in '/home/murtazam/ros2_ws/build/ros_cpp' returned '0': CMAKE_PREFIX_PATH=${CMAKE_PREFIX_PATH}:/opt/ros/humble /usr/bin/cmake --install /home/murtazam/ros2_ws/build/ros_cpp
