[0.009s] Invoking command in '/home/mehmet/ros/build/controller': CMAKE_PREFIX_PATH=/opt/ros/humble /usr/bin/cmake /home/mehmet/ros/src/controller -DCMAKE_INSTALL_PREFIX=/home/mehmet/ros/install/controller
[0.018s] -- Found ament_cmake: 1.3.12 (/opt/ros/humble/share/ament_cmake/cmake)
[0.095s] -- Override CMake install command with custom implementation using symlinks instead of copying resources
[0.099s] -- Found ament_lint_auto: 0.12.14 (/opt/ros/humble/share/ament_lint_auto/cmake)
[0.142s] -- Added test 'lint_cmake' to check CMake code style
[0.142s] -- Added test 'xmllint' to check XML markup files
[0.143s] -- Configuring done
[0.144s] -- Generating done
[0.145s] -- Build files have been written to: /home/mehmet/ros/build/controller
[0.150s] Invoked command in '/home/mehmet/ros/build/controller' returned '0': CMAKE_PREFIX_PATH=/opt/ros/humble /usr/bin/cmake /home/mehmet/ros/src/controller -DCMAKE_INSTALL_PREFIX=/home/mehmet/ros/install/controller
[0.151s] Invoking command in '/home/mehmet/ros/build/controller': CMAKE_PREFIX_PATH=/opt/ros/humble /usr/bin/cmake --build /home/mehmet/ros/build/controller -- -j16 -l16
[0.180s] Invoked command in '/home/mehmet/ros/build/controller' returned '0': CMAKE_PREFIX_PATH=/opt/ros/humble /usr/bin/cmake --build /home/mehmet/ros/build/controller -- -j16 -l16
[0.181s] Invoking command in '/home/mehmet/ros/build/controller': CMAKE_PREFIX_PATH=/opt/ros/humble /usr/bin/cmake --install /home/mehmet/ros/build/controller
[0.185s] -- Install configuration: ""
[0.186s] -- Execute custom install script
[0.186s] -- Up-to-date symlink: /home/mehmet/ros/install/controller/share/ament_index/resource_index/package_run_dependencies/controller
[0.186s] -- Up-to-date symlink: /home/mehmet/ros/install/controller/share/ament_index/resource_index/parent_prefix_path/controller
[0.186s] -- Up-to-date symlink: /home/mehmet/ros/install/controller/share/controller/environment/ament_prefix_path.sh
[0.186s] -- Up-to-date symlink: /home/mehmet/ros/install/controller/share/controller/environment/ament_prefix_path.dsv
[0.186s] -- Up-to-date symlink: /home/mehmet/ros/install/controller/share/controller/environment/path.sh
[0.186s] -- Up-to-date symlink: /home/mehmet/ros/install/controller/share/controller/environment/path.dsv
[0.186s] -- Up-to-date symlink: /home/mehmet/ros/install/controller/share/controller/local_setup.bash
[0.186s] -- Up-to-date symlink: /home/mehmet/ros/install/controller/share/controller/local_setup.sh
[0.186s] -- Up-to-date symlink: /home/mehmet/ros/install/controller/share/controller/local_setup.zsh
[0.186s] -- Up-to-date symlink: /home/mehmet/ros/install/controller/share/controller/local_setup.dsv
[0.187s] -- Symlinking: /home/mehmet/ros/install/controller/share/controller/package.dsv
[0.194s] -- Up-to-date symlink: /home/mehmet/ros/install/controller/share/ament_index/resource_index/packages/controller
[0.194s] -- Up-to-date symlink: /home/mehmet/ros/install/controller/share/controller/cmake/controllerConfig.cmake
[0.194s] -- Up-to-date symlink: /home/mehmet/ros/install/controller/share/controller/cmake/controllerConfig-version.cmake
[0.194s] -- Up-to-date symlink: /home/mehmet/ros/install/controller/share/controller/package.xml
[0.203s] Invoked command in '/home/mehmet/ros/build/controller' returned '0': CMAKE_PREFIX_PATH=/opt/ros/humble /usr/bin/cmake --install /home/mehmet/ros/build/controller
