[0.000000] (-) TimerEvent: {}
[0.000072] (ros_c) JobQueued: {'identifier': 'ros_c', 'dependencies': OrderedDict()}
[0.000095] (ros_python) JobQueued: {'identifier': 'ros_python', 'dependencies': OrderedDict()}
[0.000105] (ros_c) JobStarted: {'identifier': 'ros_c'}
[0.002780] (ros_python) JobStarted: {'identifier': 'ros_python'}
[0.005569] (ros_c) JobProgress: {'identifier': 'ros_c', 'progress': 'cmake'}
[0.005795] (ros_c) Command: {'cmd': ['/usr/bin/cmake', '/home/murtazam/ros2_ws/src/ros_c', '-DCMAKE_INSTALL_PREFIX=/home/murtazam/ros2_ws/install/ros_c'], 'cwd': '/home/murtazam/ros2_ws/build/ros_c', 'env': OrderedDict([('GJS_DEBUG_TOPICS', 'JS ERROR;JS LOG'), ('USER', 'murtazam'), ('XDG_SESSION_TYPE', 'wayland'), ('SHLVL', '1'), ('LD_LIBRARY_PATH', '/opt/ros/humble/opt/rviz_ogre_vendor/lib:/opt/ros/humble/lib/aarch64-linux-gnu:/opt/ros/humble/lib'), ('HOME', '/home/murtazam'), ('OLDPWD', '/home/murtazam/ros2_ws/src'), ('DESKTOP_SESSION', 'ubuntu'), ('GIO_LAUNCHED_DESKTOP_FILE', '/usr/share/applications/terminator.desktop'), ('ROS_PYTHON_VERSION', '3'), ('GNOME_SHELL_SESSION_MODE', 'ubuntu'), ('GTK_MODULES', 'gail:atk-bridge'), ('MANAGERPID', '1335'), ('SYSTEMD_EXEC_PID', '1445'), ('DBUS_SESSION_BUS_ADDRESS', 'unix:path=/run/user/1000/bus'), ('COLORTERM', 'truecolor'), ('TERMINATOR_DBUS_NAME', 'net.tenshu.Terminator25ef4b219e3b005583550f2b0f9f990c3'), ('GIO_LAUNCHED_DESKTOP_FILE_PID', '7996'), ('IM_CONFIG_PHASE', '1'), ('WAYLAND_DISPLAY', 'wayland-0'), ('ROS_DISTRO', 'humble'), ('LOGNAME', 'murtazam'), ('JOURNAL_STREAM', '8:24524'), ('_', '/usr/bin/colcon'), ('ROS_VERSION', '2'), ('XDG_SESSION_CLASS', 'user'), ('USERNAME', 'murtazam'), ('TERM', 'xterm-256color'), ('GNOME_DESKTOP_SESSION_ID', 'this-is-deprecated'), ('ROS_LOCALHOST_ONLY', '0'), ('PATH', '/opt/ros/humble/bin:/usr/local/sbin:/usr/local/bin:/usr/sbin:/usr/bin:/sbin:/bin:/usr/games:/usr/local/games:/snap/bin:/snap/bin'), ('SESSION_MANAGER', 'local/ubuntu-ros:@/tmp/.ICE-unix/1427,unix/ubuntu-ros:/tmp/.ICE-unix/1427'), ('INVOCATION_ID', '89d1917c4ace45299641746e485887b9'), ('XDG_MENU_PREFIX', 'gnome-'), ('GNOME_SETUP_DISPLAY', ':1'), ('XDG_RUNTIME_DIR', '/run/user/1000'), ('DISPLAY', ':0'), ('TERMINATOR_DBUS_PATH', '/net/tenshu/Terminator2'), ('LANG', 'en_US.UTF-8'), ('XDG_CURRENT_DESKTOP', 'ubuntu:GNOME'), ('IBUS_DISABLE_SNOOPER', '1'), ('XMODIFIERS', '@im=ibus'), ('XDG_SESSION_DESKTOP', 'ubuntu'), ('XAUTHORITY', '/run/user/1000/.mutter-Xwaylandauth.60XXD3'), ('SSH_AGENT_LAUNCHER', 'gnome-keyring'), ('SSH_AUTH_SOCK', '/run/user/1000/keyring/ssh'), ('AMENT_PREFIX_PATH', '/opt/ros/humble'), ('SHELL', '/bin/bash'), ('TERMINATOR_UUID', 'urn:uuid:c3a2b875-d390-4104-8254-652a9587b0ab'), ('QT_ACCESSIBILITY', '1'), ('GDMSESSION', 'ubuntu'), ('GJS_DEBUG_OUTPUT', 'stderr'), ('QT_IM_MODULE', 'ibus'), ('PWD', '/home/murtazam/ros2_ws/build/ros_c'), ('LC_ALL', 'en_US.UTF-8'), ('XDG_CONFIG_DIRS', '/etc/xdg/xdg-ubuntu:/etc/xdg'), ('XDG_DATA_DIRS', '/usr/share/ubuntu:/usr/local/share/:/usr/share/:/var/lib/snapd/desktop'), ('PYTHONPATH', '/opt/ros/humble/lib/python3.10/site-packages:/opt/ros/humble/local/lib/python3.10/dist-packages'), ('COLCON', '1'), ('VTE_VERSION', '6800'), ('CMAKE_PREFIX_PATH', '/opt/ros/humble')]), 'shell': False}
[0.082995] (ros_c) StdoutLine: {'line': b'-- The C compiler identification is GNU 11.4.0\n'}
[0.099476] (-) TimerEvent: {}
[0.144108] (ros_c) StdoutLine: {'line': b'-- The CXX compiler identification is GNU 11.4.0\n'}
[0.150718] (ros_c) StdoutLine: {'line': b'-- Detecting C compiler ABI info\n'}
[0.182896] (ros_c) StdoutLine: {'line': b'-- Detecting C compiler ABI info - done\n'}
[0.186580] (ros_c) StdoutLine: {'line': b'-- Check for working C compiler: /usr/bin/cc - skipped\n'}
[0.186812] (ros_c) StdoutLine: {'line': b'-- Detecting C compile features\n'}
[0.187356] (ros_c) StdoutLine: {'line': b'-- Detecting C compile features - done\n'}
[0.189112] (ros_c) StdoutLine: {'line': b'-- Detecting CXX compiler ABI info\n'}
[0.199567] (-) TimerEvent: {}
[0.222499] (ros_c) StdoutLine: {'line': b'-- Detecting CXX compiler ABI info - done\n'}
[0.226175] (ros_c) StdoutLine: {'line': b'-- Check for working CXX compiler: /usr/bin/c++ - skipped\n'}
[0.226371] (ros_c) StdoutLine: {'line': b'-- Detecting CXX compile features\n'}
[0.226673] (ros_c) StdoutLine: {'line': b'-- Detecting CXX compile features - done\n'}
[0.234778] (ros_c) StdoutLine: {'line': b'-- Found ament_cmake: 1.3.12 (/opt/ros/humble/share/ament_cmake/cmake)\n'}
[0.299658] (-) TimerEvent: {}
[0.305541] (ros_c) StdoutLine: {'line': b'-- Found Python3: /usr/bin/python3 (found version "3.10.12") found components: Interpreter \n'}
[0.340975] (ros_python) Command: {'cmd': ['/usr/bin/python3', '-W', 'ignore:setup.py install is deprecated', '-W', 'ignore:easy_install command is deprecated', 'setup.py', 'egg_info', '--egg-base', '../../build/ros_python', 'build', '--build-base', '/home/murtazam/ros2_ws/build/ros_python/build', 'install', '--record', '/home/murtazam/ros2_ws/build/ros_python/install.log', '--single-version-externally-managed', 'install_data'], 'cwd': '/home/murtazam/ros2_ws/src/ros_python', 'env': {'GJS_DEBUG_TOPICS': 'JS ERROR;JS LOG', 'USER': 'murtazam', 'XDG_SESSION_TYPE': 'wayland', 'SHLVL': '1', 'LD_LIBRARY_PATH': '/opt/ros/humble/opt/rviz_ogre_vendor/lib:/opt/ros/humble/lib/aarch64-linux-gnu:/opt/ros/humble/lib', 'HOME': '/home/murtazam', 'OLDPWD': '/home/murtazam/ros2_ws/src', 'DESKTOP_SESSION': 'ubuntu', 'GIO_LAUNCHED_DESKTOP_FILE': '/usr/share/applications/terminator.desktop', 'ROS_PYTHON_VERSION': '3', 'GNOME_SHELL_SESSION_MODE': 'ubuntu', 'GTK_MODULES': 'gail:atk-bridge', 'MANAGERPID': '1335', 'SYSTEMD_EXEC_PID': '1445', 'DBUS_SESSION_BUS_ADDRESS': 'unix:path=/run/user/1000/bus', 'COLORTERM': 'truecolor', 'TERMINATOR_DBUS_NAME': 'net.tenshu.Terminator25ef4b219e3b005583550f2b0f9f990c3', 'GIO_LAUNCHED_DESKTOP_FILE_PID': '7996', 'IM_CONFIG_PHASE': '1', 'WAYLAND_DISPLAY': 'wayland-0', 'ROS_DISTRO': 'humble', 'LOGNAME': 'murtazam', 'JOURNAL_STREAM': '8:24524', '_': '/usr/bin/colcon', 'ROS_VERSION': '2', 'XDG_SESSION_CLASS': 'user', 'USERNAME': 'murtazam', 'TERM': 'xterm-256color', 'GNOME_DESKTOP_SESSION_ID': 'this-is-deprecated', 'ROS_LOCALHOST_ONLY': '0', 'PATH': '/opt/ros/humble/bin:/usr/local/sbin:/usr/local/bin:/usr/sbin:/usr/bin:/sbin:/bin:/usr/games:/usr/local/games:/snap/bin:/snap/bin', 'SESSION_MANAGER': 'local/ubuntu-ros:@/tmp/.ICE-unix/1427,unix/ubuntu-ros:/tmp/.ICE-unix/1427', 'INVOCATION_ID': '89d1917c4ace45299641746e485887b9', 'XDG_MENU_PREFIX': 'gnome-', 'GNOME_SETUP_DISPLAY': ':1', 'XDG_RUNTIME_DIR': '/run/user/1000', 'DISPLAY': ':0', 'TERMINATOR_DBUS_PATH': '/net/tenshu/Terminator2', 'LANG': 'en_US.UTF-8', 'XDG_CURRENT_DESKTOP': 'ubuntu:GNOME', 'IBUS_DISABLE_SNOOPER': '1', 'XMODIFIERS': '@im=ibus', 'XDG_SESSION_DESKTOP': 'ubuntu', 'XAUTHORITY': '/run/user/1000/.mutter-Xwaylandauth.60XXD3', 'SSH_AGENT_LAUNCHER': 'gnome-keyring', 'SSH_AUTH_SOCK': '/run/user/1000/keyring/ssh', 'AMENT_PREFIX_PATH': '/opt/ros/humble', 'SHELL': '/bin/bash', 'TERMINATOR_UUID': 'urn:uuid:c3a2b875-d390-4104-8254-652a9587b0ab', 'QT_ACCESSIBILITY': '1', 'GDMSESSION': 'ubuntu', 'GJS_DEBUG_OUTPUT': 'stderr', 'QT_IM_MODULE': 'ibus', 'PWD': '/home/murtazam/ros2_ws/build/ros_python', 'LC_ALL': 'en_US.UTF-8', 'XDG_CONFIG_DIRS': '/etc/xdg/xdg-ubuntu:/etc/xdg', 'XDG_DATA_DIRS': '/usr/share/ubuntu:/usr/local/share/:/usr/share/:/var/lib/snapd/desktop', 'PYTHONPATH': '/home/murtazam/ros2_ws/build/ros_python/prefix_override:/usr/lib/python3/dist-packages/colcon_core/task/python/colcon_distutils_commands:/home/murtazam/ros2_ws/install/ros_python/lib/python3.10/site-packages:/opt/ros/humble/lib/python3.10/site-packages:/opt/ros/humble/local/lib/python3.10/dist-packages', 'COLCON': '1', 'VTE_VERSION': '6800'}, 'shell': False}
[0.363226] (ros_c) StdoutLine: {'line': b'-- Found ament_lint_auto: 0.12.14 (/opt/ros/humble/share/ament_lint_auto/cmake)\n'}
[0.399744] (-) TimerEvent: {}
[0.402541] (ros_c) StdoutLine: {'line': b"-- Added test 'lint_cmake' to check CMake code style\n"}
[0.403045] (ros_c) StdoutLine: {'line': b"-- Added test 'xmllint' to check XML markup files\n"}
[0.403650] (ros_c) StdoutLine: {'line': b'-- Configuring done\n'}
[0.404818] (ros_c) StdoutLine: {'line': b'-- Generating done\n'}
[0.405569] (ros_c) StdoutLine: {'line': b'-- Build files have been written to: /home/murtazam/ros2_ws/build/ros_c\n'}
[0.407463] (ros_c) CommandEnded: {'returncode': 0}
[0.408286] (ros_c) JobProgress: {'identifier': 'ros_c', 'progress': 'build'}
[0.408308] (ros_c) Command: {'cmd': ['/usr/bin/cmake', '--build', '/home/murtazam/ros2_ws/build/ros_c', '--', '-j5', '-l5'], 'cwd': '/home/murtazam/ros2_ws/build/ros_c', 'env': OrderedDict([('GJS_DEBUG_TOPICS', 'JS ERROR;JS LOG'), ('USER', 'murtazam'), ('XDG_SESSION_TYPE', 'wayland'), ('SHLVL', '1'), ('LD_LIBRARY_PATH', '/opt/ros/humble/opt/rviz_ogre_vendor/lib:/opt/ros/humble/lib/aarch64-linux-gnu:/opt/ros/humble/lib'), ('HOME', '/home/murtazam'), ('OLDPWD', '/home/murtazam/ros2_ws/src'), ('DESKTOP_SESSION', 'ubuntu'), ('GIO_LAUNCHED_DESKTOP_FILE', '/usr/share/applications/terminator.desktop'), ('ROS_PYTHON_VERSION', '3'), ('GNOME_SHELL_SESSION_MODE', 'ubuntu'), ('GTK_MODULES', 'gail:atk-bridge'), ('MANAGERPID', '1335'), ('SYSTEMD_EXEC_PID', '1445'), ('DBUS_SESSION_BUS_ADDRESS', 'unix:path=/run/user/1000/bus'), ('COLORTERM', 'truecolor'), ('TERMINATOR_DBUS_NAME', 'net.tenshu.Terminator25ef4b219e3b005583550f2b0f9f990c3'), ('GIO_LAUNCHED_DESKTOP_FILE_PID', '7996'), ('IM_CONFIG_PHASE', '1'), ('WAYLAND_DISPLAY', 'wayland-0'), ('ROS_DISTRO', 'humble'), ('LOGNAME', 'murtazam'), ('JOURNAL_STREAM', '8:24524'), ('_', '/usr/bin/colcon'), ('ROS_VERSION', '2'), ('XDG_SESSION_CLASS', 'user'), ('USERNAME', 'murtazam'), ('TERM', 'xterm-256color'), ('GNOME_DESKTOP_SESSION_ID', 'this-is-deprecated'), ('ROS_LOCALHOST_ONLY', '0'), ('PATH', '/opt/ros/humble/bin:/usr/local/sbin:/usr/local/bin:/usr/sbin:/usr/bin:/sbin:/bin:/usr/games:/usr/local/games:/snap/bin:/snap/bin'), ('SESSION_MANAGER', 'local/ubuntu-ros:@/tmp/.ICE-unix/1427,unix/ubuntu-ros:/tmp/.ICE-unix/1427'), ('INVOCATION_ID', '89d1917c4ace45299641746e485887b9'), ('XDG_MENU_PREFIX', 'gnome-'), ('GNOME_SETUP_DISPLAY', ':1'), ('XDG_RUNTIME_DIR', '/run/user/1000'), ('DISPLAY', ':0'), ('TERMINATOR_DBUS_PATH', '/net/tenshu/Terminator2'), ('LANG', 'en_US.UTF-8'), ('XDG_CURRENT_DESKTOP', 'ubuntu:GNOME'), ('IBUS_DISABLE_SNOOPER', '1'), ('XMODIFIERS', '@im=ibus'), ('XDG_SESSION_DESKTOP', 'ubuntu'), ('XAUTHORITY', '/run/user/1000/.mutter-Xwaylandauth.60XXD3'), ('SSH_AGENT_LAUNCHER', 'gnome-keyring'), ('SSH_AUTH_SOCK', '/run/user/1000/keyring/ssh'), ('AMENT_PREFIX_PATH', '/opt/ros/humble'), ('SHELL', '/bin/bash'), ('TERMINATOR_UUID', 'urn:uuid:c3a2b875-d390-4104-8254-652a9587b0ab'), ('QT_ACCESSIBILITY', '1'), ('GDMSESSION', 'ubuntu'), ('GJS_DEBUG_OUTPUT', 'stderr'), ('QT_IM_MODULE', 'ibus'), ('PWD', '/home/murtazam/ros2_ws/build/ros_c'), ('LC_ALL', 'en_US.UTF-8'), ('XDG_CONFIG_DIRS', '/etc/xdg/xdg-ubuntu:/etc/xdg'), ('XDG_DATA_DIRS', '/usr/share/ubuntu:/usr/local/share/:/usr/share/:/var/lib/snapd/desktop'), ('PYTHONPATH', '/opt/ros/humble/lib/python3.10/site-packages:/opt/ros/humble/local/lib/python3.10/dist-packages'), ('COLCON', '1'), ('VTE_VERSION', '6800'), ('CMAKE_PREFIX_PATH', '/opt/ros/humble')]), 'shell': False}
[0.422449] (ros_c) CommandEnded: {'returncode': 0}
[0.422920] (ros_c) JobProgress: {'identifier': 'ros_c', 'progress': 'install'}
[0.426068] (ros_c) Command: {'cmd': ['/usr/bin/cmake', '--install', '/home/murtazam/ros2_ws/build/ros_c'], 'cwd': '/home/murtazam/ros2_ws/build/ros_c', 'env': OrderedDict([('GJS_DEBUG_TOPICS', 'JS ERROR;JS LOG'), ('USER', 'murtazam'), ('XDG_SESSION_TYPE', 'wayland'), ('SHLVL', '1'), ('LD_LIBRARY_PATH', '/opt/ros/humble/opt/rviz_ogre_vendor/lib:/opt/ros/humble/lib/aarch64-linux-gnu:/opt/ros/humble/lib'), ('HOME', '/home/murtazam'), ('OLDPWD', '/home/murtazam/ros2_ws/src'), ('DESKTOP_SESSION', 'ubuntu'), ('GIO_LAUNCHED_DESKTOP_FILE', '/usr/share/applications/terminator.desktop'), ('ROS_PYTHON_VERSION', '3'), ('GNOME_SHELL_SESSION_MODE', 'ubuntu'), ('GTK_MODULES', 'gail:atk-bridge'), ('MANAGERPID', '1335'), ('SYSTEMD_EXEC_PID', '1445'), ('DBUS_SESSION_BUS_ADDRESS', 'unix:path=/run/user/1000/bus'), ('COLORTERM', 'truecolor'), ('TERMINATOR_DBUS_NAME', 'net.tenshu.Terminator25ef4b219e3b005583550f2b0f9f990c3'), ('GIO_LAUNCHED_DESKTOP_FILE_PID', '7996'), ('IM_CONFIG_PHASE', '1'), ('WAYLAND_DISPLAY', 'wayland-0'), ('ROS_DISTRO', 'humble'), ('LOGNAME', 'murtazam'), ('JOURNAL_STREAM', '8:24524'), ('_', '/usr/bin/colcon'), ('ROS_VERSION', '2'), ('XDG_SESSION_CLASS', 'user'), ('USERNAME', 'murtazam'), ('TERM', 'xterm-256color'), ('GNOME_DESKTOP_SESSION_ID', 'this-is-deprecated'), ('ROS_LOCALHOST_ONLY', '0'), ('PATH', '/opt/ros/humble/bin:/usr/local/sbin:/usr/local/bin:/usr/sbin:/usr/bin:/sbin:/bin:/usr/games:/usr/local/games:/snap/bin:/snap/bin'), ('SESSION_MANAGER', 'local/ubuntu-ros:@/tmp/.ICE-unix/1427,unix/ubuntu-ros:/tmp/.ICE-unix/1427'), ('INVOCATION_ID', '89d1917c4ace45299641746e485887b9'), ('XDG_MENU_PREFIX', 'gnome-'), ('GNOME_SETUP_DISPLAY', ':1'), ('XDG_RUNTIME_DIR', '/run/user/1000'), ('DISPLAY', ':0'), ('TERMINATOR_DBUS_PATH', '/net/tenshu/Terminator2'), ('LANG', 'en_US.UTF-8'), ('XDG_CURRENT_DESKTOP', 'ubuntu:GNOME'), ('IBUS_DISABLE_SNOOPER', '1'), ('XMODIFIERS', '@im=ibus'), ('XDG_SESSION_DESKTOP', 'ubuntu'), ('XAUTHORITY', '/run/user/1000/.mutter-Xwaylandauth.60XXD3'), ('SSH_AGENT_LAUNCHER', 'gnome-keyring'), ('SSH_AUTH_SOCK', '/run/user/1000/keyring/ssh'), ('AMENT_PREFIX_PATH', '/opt/ros/humble'), ('SHELL', '/bin/bash'), ('TERMINATOR_UUID', 'urn:uuid:c3a2b875-d390-4104-8254-652a9587b0ab'), ('QT_ACCESSIBILITY', '1'), ('GDMSESSION', 'ubuntu'), ('GJS_DEBUG_OUTPUT', 'stderr'), ('QT_IM_MODULE', 'ibus'), ('PWD', '/home/murtazam/ros2_ws/build/ros_c'), ('LC_ALL', 'en_US.UTF-8'), ('XDG_CONFIG_DIRS', '/etc/xdg/xdg-ubuntu:/etc/xdg'), ('XDG_DATA_DIRS', '/usr/share/ubuntu:/usr/local/share/:/usr/share/:/var/lib/snapd/desktop'), ('PYTHONPATH', '/opt/ros/humble/lib/python3.10/site-packages:/opt/ros/humble/local/lib/python3.10/dist-packages'), ('COLCON', '1'), ('VTE_VERSION', '6800'), ('CMAKE_PREFIX_PATH', '/opt/ros/humble')]), 'shell': False}
[0.428688] (ros_c) StdoutLine: {'line': b'-- Install configuration: ""\n'}
[0.428792] (ros_c) StdoutLine: {'line': b'-- Installing: /home/murtazam/ros2_ws/install/ros_c/share/ament_index/resource_index/package_run_dependencies/ros_c\n'}
[0.428882] (ros_c) StdoutLine: {'line': b'-- Installing: /home/murtazam/ros2_ws/install/ros_c/share/ament_index/resource_index/parent_prefix_path/ros_c\n'}
[0.428977] (ros_c) StdoutLine: {'line': b'-- Installing: /home/murtazam/ros2_ws/install/ros_c/share/ros_c/environment/ament_prefix_path.sh\n'}
[0.429107] (ros_c) StdoutLine: {'line': b'-- Installing: /home/murtazam/ros2_ws/install/ros_c/share/ros_c/environment/ament_prefix_path.dsv\n'}
[0.429167] (ros_c) StdoutLine: {'line': b'-- Installing: /home/murtazam/ros2_ws/install/ros_c/share/ros_c/environment/path.sh\n'}
[0.429272] (ros_c) StdoutLine: {'line': b'-- Installing: /home/murtazam/ros2_ws/install/ros_c/share/ros_c/environment/path.dsv\n'}
[0.429309] (ros_c) StdoutLine: {'line': b'-- Installing: /home/murtazam/ros2_ws/install/ros_c/share/ros_c/local_setup.bash\n'}
[0.429390] (ros_c) StdoutLine: {'line': b'-- Installing: /home/murtazam/ros2_ws/install/ros_c/share/ros_c/local_setup.sh\n'}
[0.429425] (ros_c) StdoutLine: {'line': b'-- Installing: /home/murtazam/ros2_ws/install/ros_c/share/ros_c/local_setup.zsh\n'}
[0.429496] (ros_c) StdoutLine: {'line': b'-- Installing: /home/murtazam/ros2_ws/install/ros_c/share/ros_c/local_setup.dsv\n'}
[0.429535] (ros_c) StdoutLine: {'line': b'-- Installing: /home/murtazam/ros2_ws/install/ros_c/share/ros_c/package.dsv\n'}
[0.429592] (ros_c) StdoutLine: {'line': b'-- Installing: /home/murtazam/ros2_ws/install/ros_c/share/ament_index/resource_index/packages/ros_c\n'}
[0.429688] (ros_c) StdoutLine: {'line': b'-- Installing: /home/murtazam/ros2_ws/install/ros_c/share/ros_c/cmake/ros_cConfig.cmake\n'}
[0.429721] (ros_c) StdoutLine: {'line': b'-- Installing: /home/murtazam/ros2_ws/install/ros_c/share/ros_c/cmake/ros_cConfig-version.cmake\n'}
[0.429742] (ros_c) StdoutLine: {'line': b'-- Installing: /home/murtazam/ros2_ws/install/ros_c/share/ros_c/package.xml\n'}
[0.430563] (ros_c) CommandEnded: {'returncode': 0}
[0.443316] (ros_c) JobEnded: {'identifier': 'ros_c', 'rc': 0}
[0.444398] (ros_python) StdoutLine: {'line': b'running egg_info\n'}
[0.444628] (ros_python) StdoutLine: {'line': b'creating ../../build/ros_python/ros_python.egg-info\n'}
[0.444681] (ros_python) StdoutLine: {'line': b'writing ../../build/ros_python/ros_python.egg-info/PKG-INFO\n'}
[0.444774] (ros_python) StdoutLine: {'line': b'writing dependency_links to ../../build/ros_python/ros_python.egg-info/dependency_links.txt\n'}
[0.444838] (ros_python) StdoutLine: {'line': b'writing entry points to ../../build/ros_python/ros_python.egg-info/entry_points.txt\n'}
[0.444900] (ros_python) StdoutLine: {'line': b'writing requirements to ../../build/ros_python/ros_python.egg-info/requires.txt\n'}
[0.444923] (ros_python) StdoutLine: {'line': b'writing top-level names to ../../build/ros_python/ros_python.egg-info/top_level.txt\n'}
[0.444975] (ros_python) StdoutLine: {'line': b"writing manifest file '../../build/ros_python/ros_python.egg-info/SOURCES.txt'\n"}
[0.445650] (ros_python) StdoutLine: {'line': b"reading manifest file '../../build/ros_python/ros_python.egg-info/SOURCES.txt'\n"}
[0.445975] (ros_python) StdoutLine: {'line': b"writing manifest file '../../build/ros_python/ros_python.egg-info/SOURCES.txt'\n"}
[0.445998] (ros_python) StdoutLine: {'line': b'running build\n'}
[0.446063] (ros_python) StdoutLine: {'line': b'running build_py\n'}
[0.446132] (ros_python) StdoutLine: {'line': b'creating /home/murtazam/ros2_ws/build/ros_python/build\n'}
[0.446212] (ros_python) StdoutLine: {'line': b'creating /home/murtazam/ros2_ws/build/ros_python/build/lib\n'}
[0.446344] (ros_python) StdoutLine: {'line': b'creating /home/murtazam/ros2_ws/build/ros_python/build/lib/ros_python\n'}
[0.446367] (ros_python) StdoutLine: {'line': b'copying ros_python/__init__.py -> /home/murtazam/ros2_ws/build/ros_python/build/lib/ros_python\n'}
[0.446450] (ros_python) StdoutLine: {'line': b'running install\n'}
[0.446498] (ros_python) StdoutLine: {'line': b'running install_lib\n'}
[0.446809] (ros_python) StdoutLine: {'line': b'creating /home/murtazam/ros2_ws/install/ros_python/lib/python3.10/site-packages/ros_python\n'}
[0.446902] (ros_python) StdoutLine: {'line': b'copying /home/murtazam/ros2_ws/build/ros_python/build/lib/ros_python/__init__.py -> /home/murtazam/ros2_ws/install/ros_python/lib/python3.10/site-packages/ros_python\n'}
[0.446994] (ros_python) StdoutLine: {'line': b'byte-compiling /home/murtazam/ros2_ws/install/ros_python/lib/python3.10/site-packages/ros_python/__init__.py to __init__.cpython-310.pyc\n'}
[0.447091] (ros_python) StdoutLine: {'line': b'running install_data\n'}
[0.447190] (ros_python) StdoutLine: {'line': b'creating /home/murtazam/ros2_ws/install/ros_python/share/ament_index\n'}
[0.447249] (ros_python) StdoutLine: {'line': b'creating /home/murtazam/ros2_ws/install/ros_python/share/ament_index/resource_index\n'}
[0.447307] (ros_python) StdoutLine: {'line': b'creating /home/murtazam/ros2_ws/install/ros_python/share/ament_index/resource_index/packages\n'}
[0.447331] (ros_python) StdoutLine: {'line': b'copying resource/ros_python -> /home/murtazam/ros2_ws/install/ros_python/share/ament_index/resource_index/packages\n'}
[0.447354] (ros_python) StdoutLine: {'line': b'copying package.xml -> /home/murtazam/ros2_ws/install/ros_python/share/ros_python\n'}
[0.447376] (ros_python) StdoutLine: {'line': b'running install_egg_info\n'}
[0.448151] (ros_python) StdoutLine: {'line': b'Copying ../../build/ros_python/ros_python.egg-info to /home/murtazam/ros2_ws/install/ros_python/lib/python3.10/site-packages/ros_python-0.0.0-py3.10.egg-info\n'}
[0.448416] (ros_python) StdoutLine: {'line': b'running install_scripts\n'}
[0.457266] (ros_python) StdoutLine: {'line': b"writing list of installed files to '/home/murtazam/ros2_ws/build/ros_python/install.log'\n"}
[0.470029] (ros_python) CommandEnded: {'returncode': 0}
[0.472356] (ros_python) JobEnded: {'identifier': 'ros_python', 'rc': 0}
[0.472824] (-) EventReactorShutdown: {}
