[0.004s] Invoking command in '/home/murtazam/ros2_ws/build/bot_description': CMAKE_PREFIX_PATH=${CMAKE_PREFIX_PATH}:/home/murtazam/ros2_ws/install/ros_python:/opt/ros/humble /usr/bin/cmake /home/murtazam/ros2_ws/src/bot_description -DCMAKE_INSTALL_PREFIX=/home/murtazam/ros2_ws/install/bot_description
[0.031s] -- The C compiler identification is GNU 11.4.0
[0.055s] -- The CXX compiler identification is GNU 11.4.0
[0.058s] -- Detecting C compiler ABI info
[0.085s] -- Detecting C compiler ABI info - done
[0.088s] -- Check for working C compiler: /usr/bin/cc - skipped
[0.088s] -- Detecting C compile features
[0.089s] -- Detecting C compile features - done
[0.090s] -- Detecting CXX compiler ABI info
[0.121s] -- Detecting CXX compiler ABI info - done
[0.125s] -- Check for working CXX compiler: /usr/bin/c++ - skipped
[0.125s] -- Detecting CXX compile features
[0.125s] -- Detecting CXX compile features - done
[0.127s] -- Found ament_cmake: 1.3.12 (/opt/ros/humble/share/ament_cmake/cmake)
[0.187s] -- Found Python3: /usr/bin/python3 (found version "3.10.12") found components: Interpreter 
[0.224s] -- Found ament_lint_auto: 0.12.14 (/opt/ros/humble/share/ament_lint_auto/cmake)
[0.257s] -- Added test 'flake8' to check Python code syntax and style conventions
[0.257s] -- Added test 'lint_cmake' to check CMake code style
[0.257s] -- Added test 'pep257' to check Python code against some of the docstring style conventions in PEP 257
[0.258s] -- Added test 'xmllint' to check XML markup files
[0.258s] -- Configuring done
[0.259s] -- Generating done
[0.260s] -- Build files have been written to: /home/murtazam/ros2_ws/build/bot_description
[0.263s] Invoked command in '/home/murtazam/ros2_ws/build/bot_description' returned '0': CMAKE_PREFIX_PATH=${CMAKE_PREFIX_PATH}:/home/murtazam/ros2_ws/install/ros_python:/opt/ros/humble /usr/bin/cmake /home/murtazam/ros2_ws/src/bot_description -DCMAKE_INSTALL_PREFIX=/home/murtazam/ros2_ws/install/bot_description
[0.263s] Invoking command in '/home/murtazam/ros2_ws/build/bot_description': CMAKE_PREFIX_PATH=${CMAKE_PREFIX_PATH}:/home/murtazam/ros2_ws/install/ros_python:/opt/ros/humble /usr/bin/cmake --build /home/murtazam/ros2_ws/build/bot_description -- -j5 -l5
[0.277s] Invoked command in '/home/murtazam/ros2_ws/build/bot_description' returned '0': CMAKE_PREFIX_PATH=${CMAKE_PREFIX_PATH}:/home/murtazam/ros2_ws/install/ros_python:/opt/ros/humble /usr/bin/cmake --build /home/murtazam/ros2_ws/build/bot_description -- -j5 -l5
[0.281s] Invoking command in '/home/murtazam/ros2_ws/build/bot_description': CMAKE_PREFIX_PATH=${CMAKE_PREFIX_PATH}:/home/murtazam/ros2_ws/install/ros_python:/opt/ros/humble /usr/bin/cmake --install /home/murtazam/ros2_ws/build/bot_description
[0.283s] -- Install configuration: ""
[0.283s] -- Installing: /home/murtazam/ros2_ws/install/bot_description/share/bot_description/meshes
[0.283s] -- Installing: /home/murtazam/ros2_ws/install/bot_description/share/bot_description/meshes/caster_front_link.STL
[0.283s] -- Installing: /home/murtazam/ros2_ws/install/bot_description/share/bot_description/meshes/wheel_right_link.STL
[0.284s] -- Installing: /home/murtazam/ros2_ws/install/bot_description/share/bot_description/meshes/imu_link.STL
[0.284s] -- Installing: /home/murtazam/ros2_ws/install/bot_description/share/bot_description/meshes/wheel_left_link.STL
[0.285s] -- Installing: /home/murtazam/ros2_ws/install/bot_description/share/bot_description/meshes/base_link.STL
[0.293s] -- Installing: /home/murtazam/ros2_ws/install/bot_description/share/bot_description/meshes/caster_rear_link.STL
[0.293s] -- Installing: /home/murtazam/ros2_ws/install/bot_description/share/bot_description/urdf
[0.294s] -- Installing: /home/murtazam/ros2_ws/install/bot_description/share/bot_description/urdf/bot.xacro
[0.294s] -- Installing: /home/murtazam/ros2_ws/install/bot_description/share/bot_description/urdf/bot.urdf
[0.294s] -- Installing: /home/murtazam/ros2_ws/install/bot_description/share/bot_description/rviz_model
[0.294s] -- Installing: /home/murtazam/ros2_ws/install/bot_description/share/bot_description/rviz_model/display.rviz
[0.294s] -- Installing: /home/murtazam/ros2_ws/install/bot_description/share/bot_description/launch
[0.294s] -- Installing: /home/murtazam/ros2_ws/install/bot_description/share/bot_description/launch/display.launch.py
[0.294s] -- Installing: /home/murtazam/ros2_ws/install/bot_description/share/ament_index/resource_index/package_run_dependencies/bot_description
[0.294s] -- Installing: /home/murtazam/ros2_ws/install/bot_description/share/ament_index/resource_index/parent_prefix_path/bot_description
[0.294s] -- Installing: /home/murtazam/ros2_ws/install/bot_description/share/bot_description/environment/ament_prefix_path.sh
[0.294s] -- Installing: /home/murtazam/ros2_ws/install/bot_description/share/bot_description/environment/ament_prefix_path.dsv
[0.294s] -- Installing: /home/murtazam/ros2_ws/install/bot_description/share/bot_description/environment/path.sh
[0.294s] -- Installing: /home/murtazam/ros2_ws/install/bot_description/share/bot_description/environment/path.dsv
[0.294s] -- Installing: /home/murtazam/ros2_ws/install/bot_description/share/bot_description/local_setup.bash
[0.295s] -- Installing: /home/murtazam/ros2_ws/install/bot_description/share/bot_description/local_setup.sh
[0.295s] -- Installing: /home/murtazam/ros2_ws/install/bot_description/share/bot_description/local_setup.zsh
[0.295s] -- Installing: /home/murtazam/ros2_ws/install/bot_description/share/bot_description/local_setup.dsv
[0.295s] -- Installing: /home/murtazam/ros2_ws/install/bot_description/share/bot_description/package.dsv
[0.295s] -- Installing: /home/murtazam/ros2_ws/install/bot_description/share/ament_index/resource_index/packages/bot_description
[0.295s] -- Installing: /home/murtazam/ros2_ws/install/bot_description/share/bot_description/cmake/bot_descriptionConfig.cmake
[0.295s] -- Installing: /home/murtazam/ros2_ws/install/bot_description/share/bot_description/cmake/bot_descriptionConfig-version.cmake
[0.295s] -- Installing: /home/murtazam/ros2_ws/install/bot_description/share/bot_description/package.xml
[0.296s] Invoked command in '/home/murtazam/ros2_ws/build/bot_description' returned '0': CMAKE_PREFIX_PATH=${CMAKE_PREFIX_PATH}:/home/murtazam/ros2_ws/install/ros_python:/opt/ros/humble /usr/bin/cmake --install /home/murtazam/ros2_ws/build/bot_description
