[0.008s] Invoking command in '/home/mehmet/ros/build/bot_controller': CMAKE_PREFIX_PATH=/opt/ros/humble /usr/bin/cmake /home/mehmet/ros/src/bot_controller -DCMAKE_INSTALL_PREFIX=/home/mehmet/ros/install/bot_controller
[0.114s] -- The C compiler identification is GNU 11.4.0
[0.198s] -- The CXX compiler identification is GNU 11.4.0
[0.204s] -- Detecting C compiler ABI info
[0.251s] -- Detecting C compiler ABI info - done
[0.256s] -- Check for working C compiler: /usr/bin/cc - skipped
[0.257s] -- Detecting C compile features
[0.257s] -- Detecting C compile features - done
[0.259s] -- Detecting CXX compiler ABI info
[0.315s] -- Detecting CXX compiler ABI info - done
[0.320s] -- Check for working CXX compiler: /usr/bin/c++ - skipped
[0.320s] -- Detecting CXX compile features
[0.321s] -- Detecting CXX compile features - done
[0.322s] -- Found ament_cmake: 1.3.12 (/opt/ros/humble/share/ament_cmake/cmake)
[0.449s] -- Found Python3: /usr/bin/python3 (found version "3.10.12") found components: Interpreter 
[0.514s] -- Found rclpy: 3.3.19 (/opt/ros/humble/share/rclpy/cmake)
[0.515s] -- Found std_msgs: 4.9.0 (/opt/ros/humble/share/std_msgs/cmake)
[0.537s] -- Found rosidl_generator_c: 3.1.8 (/opt/ros/humble/share/rosidl_generator_c/cmake)
[0.540s] -- Found rosidl_adapter: 3.1.8 (/opt/ros/humble/share/rosidl_adapter/cmake)
[0.546s] -- Found rosidl_generator_cpp: 3.1.8 (/opt/ros/humble/share/rosidl_generator_cpp/cmake)
[0.554s] -- Using all available rosidl_typesupport_c: rosidl_typesupport_fastrtps_c;rosidl_typesupport_introspection_c
[0.564s] -- Using all available rosidl_typesupport_cpp: rosidl_typesupport_fastrtps_cpp;rosidl_typesupport_introspection_cpp
[0.581s] -- Found geometry_msgs: 4.9.0 (/opt/ros/humble/share/geometry_msgs/cmake)
[0.590s] -- Found sensor_msgs: 4.9.0 (/opt/ros/humble/share/sensor_msgs/cmake)
[0.602s] -- Found rclcpp: 16.0.17 (/opt/ros/humble/share/rclcpp/cmake)
[0.627s] -- Found rmw_implementation_cmake: 6.1.2 (/opt/ros/humble/share/rmw_implementation_cmake/cmake)
[0.628s] -- Found rmw_fastrtps_cpp: 6.2.9 (/opt/ros/humble/share/rmw_fastrtps_cpp/cmake)
[0.687s] -- Found OpenSSL: /usr/lib/x86_64-linux-gnu/libcrypto.so (found version "3.0.2")  
[0.707s] -- Found FastRTPS: /opt/ros/humble/include  
[0.737s] -- Using RMW implementation 'rmw_fastrtps_cpp' as default
[0.742s] -- Looking for pthread.h
[0.794s] -- Looking for pthread.h - found
[0.794s] -- Performing Test CMAKE_HAVE_LIBC_PTHREAD
[0.845s] -- Performing Test CMAKE_HAVE_LIBC_PTHREAD - Success
[0.845s] -- Found Threads: TRUE  
[0.927s] -- Found ament_lint_auto: 0.12.14 (/opt/ros/humble/share/ament_lint_auto/cmake)
[0.982s] -- Added test 'copyright' to check source files copyright and LICENSE
[0.983s] -- Added test 'flake8' to check Python code syntax and style conventions
[0.983s] -- Added test 'lint_cmake' to check CMake code style
[0.984s] -- Added test 'pep257' to check Python code against some of the docstring style conventions in PEP 257
[0.984s] -- Added test 'xmllint' to check XML markup files
[0.985s] -- Configuring done
[0.988s] -- Generating done
[0.989s] -- Build files have been written to: /home/mehmet/ros/build/bot_controller
[0.997s] Invoked command in '/home/mehmet/ros/build/bot_controller' returned '0': CMAKE_PREFIX_PATH=/opt/ros/humble /usr/bin/cmake /home/mehmet/ros/src/bot_controller -DCMAKE_INSTALL_PREFIX=/home/mehmet/ros/install/bot_controller
[0.998s] Invoking command in '/home/mehmet/ros/build/bot_controller': CMAKE_PREFIX_PATH=/opt/ros/humble /usr/bin/cmake --build /home/mehmet/ros/build/bot_controller -- -j16 -l16
[1.040s] Built target ament_cmake_python_copy_bot_controller
[1.190s] running egg_info
[1.191s] creating bot_controller.egg-info
[1.191s] writing bot_controller.egg-info/PKG-INFO
[1.191s] writing dependency_links to bot_controller.egg-info/dependency_links.txt
[1.191s] writing top-level names to bot_controller.egg-info/top_level.txt
[1.191s] writing manifest file 'bot_controller.egg-info/SOURCES.txt'
[1.193s] reading manifest file 'bot_controller.egg-info/SOURCES.txt'
[1.193s] writing manifest file 'bot_controller.egg-info/SOURCES.txt'
[1.212s] Built target ament_cmake_python_build_bot_controller_egg
[1.220s] Invoked command in '/home/mehmet/ros/build/bot_controller' returned '0': CMAKE_PREFIX_PATH=/opt/ros/humble /usr/bin/cmake --build /home/mehmet/ros/build/bot_controller -- -j16 -l16
[1.221s] Invoking command in '/home/mehmet/ros/build/bot_controller': CMAKE_PREFIX_PATH=/opt/ros/humble /usr/bin/cmake --install /home/mehmet/ros/build/bot_controller
[1.226s] -- Install configuration: ""
[1.226s] -- Installing: /home/mehmet/ros/install/bot_controller/share/bot_controller/environment/pythonpath.sh
[1.226s] -- Installing: /home/mehmet/ros/install/bot_controller/share/bot_controller/environment/pythonpath.dsv
[1.226s] -- Installing: /home/mehmet/ros/install/bot_controller/local/lib/python3.10/dist-packages/bot_controller-0.0.0-py3.10.egg-info
[1.226s] -- Installing: /home/mehmet/ros/install/bot_controller/local/lib/python3.10/dist-packages/bot_controller-0.0.0-py3.10.egg-info/dependency_links.txt
[1.226s] -- Installing: /home/mehmet/ros/install/bot_controller/local/lib/python3.10/dist-packages/bot_controller-0.0.0-py3.10.egg-info/PKG-INFO
[1.226s] -- Installing: /home/mehmet/ros/install/bot_controller/local/lib/python3.10/dist-packages/bot_controller-0.0.0-py3.10.egg-info/SOURCES.txt
[1.226s] -- Installing: /home/mehmet/ros/install/bot_controller/local/lib/python3.10/dist-packages/bot_controller-0.0.0-py3.10.egg-info/top_level.txt
[1.226s] -- Installing: /home/mehmet/ros/install/bot_controller/local/lib/python3.10/dist-packages/bot_controller
[1.226s] -- Installing: /home/mehmet/ros/install/bot_controller/local/lib/python3.10/dist-packages/bot_controller/simple_controller.py
[1.226s] -- Installing: /home/mehmet/ros/install/bot_controller/local/lib/python3.10/dist-packages/bot_controller/__init__.py
[1.250s] Listing '/home/mehmet/ros/install/bot_controller/local/lib/python3.10/dist-packages/bot_controller'...
[1.250s] Compiling '/home/mehmet/ros/install/bot_controller/local/lib/python3.10/dist-packages/bot_controller/__init__.py'...
[1.250s] Compiling '/home/mehmet/ros/install/bot_controller/local/lib/python3.10/dist-packages/bot_controller/simple_controller.py'...
[1.253s] -- Installing: /home/mehmet/ros/install/bot_controller/share/bot_controller/config
[1.253s] -- Installing: /home/mehmet/ros/install/bot_controller/share/bot_controller/config/bot_controller.yaml
[1.253s] -- Installing: /home/mehmet/ros/install/bot_controller/share/bot_controller/launch
[1.254s] -- Installing: /home/mehmet/ros/install/bot_controller/share/bot_controller/launch/controller.launch.py
[1.254s] -- Installing: /home/mehmet/ros/install/bot_controller/lib/bot_controller/simple_controller.py
[1.254s] -- Installing: /home/mehmet/ros/install/bot_controller/share/ament_index/resource_index/package_run_dependencies/bot_controller
[1.254s] -- Installing: /home/mehmet/ros/install/bot_controller/share/ament_index/resource_index/parent_prefix_path/bot_controller
[1.254s] -- Installing: /home/mehmet/ros/install/bot_controller/share/bot_controller/environment/ament_prefix_path.sh
[1.254s] -- Installing: /home/mehmet/ros/install/bot_controller/share/bot_controller/environment/ament_prefix_path.dsv
[1.254s] -- Installing: /home/mehmet/ros/install/bot_controller/share/bot_controller/environment/path.sh
[1.254s] -- Installing: /home/mehmet/ros/install/bot_controller/share/bot_controller/environment/path.dsv
[1.254s] -- Installing: /home/mehmet/ros/install/bot_controller/share/bot_controller/local_setup.bash
[1.254s] -- Installing: /home/mehmet/ros/install/bot_controller/share/bot_controller/local_setup.sh
[1.254s] -- Installing: /home/mehmet/ros/install/bot_controller/share/bot_controller/local_setup.zsh
[1.254s] -- Installing: /home/mehmet/ros/install/bot_controller/share/bot_controller/local_setup.dsv
[1.254s] -- Installing: /home/mehmet/ros/install/bot_controller/share/bot_controller/package.dsv
[1.255s] -- Installing: /home/mehmet/ros/install/bot_controller/share/ament_index/resource_index/packages/bot_controller
[1.255s] -- Installing: /home/mehmet/ros/install/bot_controller/share/bot_controller/cmake/bot_controllerConfig.cmake
[1.255s] -- Installing: /home/mehmet/ros/install/bot_controller/share/bot_controller/cmake/bot_controllerConfig-version.cmake
[1.255s] -- Installing: /home/mehmet/ros/install/bot_controller/share/bot_controller/package.xml
[1.256s] Invoked command in '/home/mehmet/ros/build/bot_controller' returned '0': CMAKE_PREFIX_PATH=/opt/ros/humble /usr/bin/cmake --install /home/mehmet/ros/build/bot_controller
