[0.345s] Invoking command in '/home/mehmet/ros/src/ros_python': AMENT_PREFIX_PATH=/home/mehmet/ros/install/bot_msgs:${AMENT_PREFIX_PATH} CMAKE_PREFIX_PATH=/home/mehmet/ros/install/bot_msgs LD_LIBRARY_PATH=/home/mehmet/ros/install/bot_msgs/lib:${LD_LIBRARY_PATH} PYTHONPATH=/home/mehmet/ros/build/ros_python/prefix_override:/usr/lib/python3/dist-packages/colcon_core/task/python/colcon_distutils_commands:/home/mehmet/ros/install/ros_python/lib/python3.10/site-packages:/home/mehmet/ros/install/bot_msgs/local/lib/python3.10/dist-packages:${PYTHONPATH} /usr/bin/python3 -W ignore:setup.py install is deprecated -W ignore:easy_install command is deprecated setup.py egg_info --egg-base ../../build/ros_python build --build-base /home/mehmet/ros/build/ros_python/build install --record /home/mehmet/ros/build/ros_python/install.log --single-version-externally-managed install_data
[0.475s] running egg_info
[0.475s] writing ../../build/ros_python/ros_python.egg-info/PKG-INFO
[0.475s] writing dependency_links to ../../build/ros_python/ros_python.egg-info/dependency_links.txt
[0.475s] writing entry points to ../../build/ros_python/ros_python.egg-info/entry_points.txt
[0.475s] writing requirements to ../../build/ros_python/ros_python.egg-info/requires.txt
[0.475s] writing top-level names to ../../build/ros_python/ros_python.egg-info/top_level.txt
[0.476s] reading manifest file '../../build/ros_python/ros_python.egg-info/SOURCES.txt'
[0.478s] writing manifest file '../../build/ros_python/ros_python.egg-info/SOURCES.txt'
[0.478s] running build
[0.478s] running build_py
[0.478s] copying ros_python/tf_kinematics.py -> /home/mehmet/ros/build/ros_python/build/lib/ros_python
[0.478s] running install
[0.479s] running install_lib
[0.479s] copying /home/mehmet/ros/build/ros_python/build/lib/ros_python/tf_kinematics.py -> /home/mehmet/ros/install/ros_python/lib/python3.10/site-packages/ros_python
[0.479s] byte-compiling /home/mehmet/ros/install/ros_python/lib/python3.10/site-packages/ros_python/tf_kinematics.py to tf_kinematics.cpython-310.pyc
[0.480s] running install_data
[0.480s] copying package.xml -> /home/mehmet/ros/install/ros_python/share/ros_python
[0.480s] running install_egg_info
[0.481s] removing '/home/mehmet/ros/install/ros_python/lib/python3.10/site-packages/ros_python-0.0.0-py3.10.egg-info' (and everything under it)
[0.481s] Copying ../../build/ros_python/ros_python.egg-info to /home/mehmet/ros/install/ros_python/lib/python3.10/site-packages/ros_python-0.0.0-py3.10.egg-info
[0.481s] running install_scripts
[0.493s] Installing parameter script to /home/mehmet/ros/install/ros_python/lib/ros_python
[0.493s] Installing publisher script to /home/mehmet/ros/install/ros_python/lib/ros_python
[0.493s] Installing service_client script to /home/mehmet/ros/install/ros_python/lib/ros_python
[0.493s] Installing service_server script to /home/mehmet/ros/install/ros_python/lib/ros_python
[0.493s] Installing subscriber script to /home/mehmet/ros/install/ros_python/lib/ros_python
[0.493s] Installing tf_kinematics script to /home/mehmet/ros/install/ros_python/lib/ros_python
[0.493s] Installing turtlesim_kinematics script to /home/mehmet/ros/install/ros_python/lib/ros_python
[0.493s] writing list of installed files to '/home/mehmet/ros/build/ros_python/install.log'
[0.509s] Invoked command in '/home/mehmet/ros/src/ros_python' returned '0': AMENT_PREFIX_PATH=/home/mehmet/ros/install/bot_msgs:${AMENT_PREFIX_PATH} CMAKE_PREFIX_PATH=/home/mehmet/ros/install/bot_msgs LD_LIBRARY_PATH=/home/mehmet/ros/install/bot_msgs/lib:${LD_LIBRARY_PATH} PYTHONPATH=/home/mehmet/ros/build/ros_python/prefix_override:/usr/lib/python3/dist-packages/colcon_core/task/python/colcon_distutils_commands:/home/mehmet/ros/install/ros_python/lib/python3.10/site-packages:/home/mehmet/ros/install/bot_msgs/local/lib/python3.10/dist-packages:${PYTHONPATH} /usr/bin/python3 -W ignore:setup.py install is deprecated -W ignore:easy_install command is deprecated setup.py egg_info --egg-base ../../build/ros_python build --build-base /home/mehmet/ros/build/ros_python/build install --record /home/mehmet/ros/build/ros_python/install.log --single-version-externally-managed install_data
