[0.031s] Invoking command in '/home/mehmet/ros/build/bot_description': /usr/bin/cmake /home/mehmet/ros/src/bot_description -DCMAKE_INSTALL_PREFIX=/home/mehmet/ros/install/bot_description
[0.042s] [31mCMake Error at CMakeLists.txt:9 (find_package):
[0.042s]   By not providing "Findament_cmake.cmake" in CMAKE_MODULE_PATH this project
[0.042s]   has asked CMake to find a package configuration file provided by
[0.042s]   "ament_cmake", but CMake did not find one.
[0.042s] 
[0.042s]   Could not find a package configuration file provided by "ament_cmake" with
[0.042s]   any of the following names:
[0.043s] 
[0.043s]     ament_cmakeConfig.cmake
[0.043s]     ament_cmake-config.cmake
[0.043s] 
[0.043s]   Add the installation prefix of "ament_cmake" to CMAKE_PREFIX_PATH or set
[0.043s]   "ament_cmake_DIR" to a directory containing one of the above files.  If
[0.043s]   "ament_cmake" provides a separate development package or SDK, be sure it
[0.043s]   has been installed.
[0.043s] 
[0.043s] [0m
[0.043s] -- Configuring incomplete, errors occurred!
[0.043s] See also "/home/mehmet/ros/build/bot_description/CMakeFiles/CMakeOutput.log".
[0.138s] Invoked command in '/home/mehmet/ros/build/bot_description' returned '1': /usr/bin/cmake /home/mehmet/ros/src/bot_description -DCMAKE_INSTALL_PREFIX=/home/mehmet/ros/install/bot_description
