[0.011s] Invoking command in '/home/murtazam/ros2_ws/build/controller': CMAKE_PREFIX_PATH=${CMAKE_PREFIX_PATH}:/home/murtazam/ros2_ws/install/ros_python:/opt/ros/humble /usr/bin/cmake /home/murtazam/ros2_ws/src/controller -DCMAKE_INSTALL_PREFIX=/home/murtazam/ros2_ws/install/controller
[0.095s] -- The C compiler identification is GNU 11.4.0
[0.157s] -- The CXX compiler identification is GNU 11.4.0
[0.163s] -- Detecting C compiler ABI info
[0.195s] -- Detecting C compiler ABI info - done
[0.199s] -- Check for working C compiler: /usr/bin/cc - skipped
[0.199s] -- Detecting C compile features
[0.199s] -- Detecting C compile features - done
[0.201s] -- Detecting CXX compiler ABI info
[0.238s] -- Detecting CXX compiler ABI info - done
[0.242s] -- Check for working CXX compiler: /usr/bin/c++ - skipped
[0.242s] -- Detecting CXX compile features
[0.242s] -- Detecting CXX compile features - done
[0.245s] -- Found ament_cmake: 1.3.12 (/opt/ros/humble/share/ament_cmake/cmake)
[0.321s] -- Found Python3: /usr/bin/python3 (found version "3.10.12") found components: Interpreter 
[0.376s] -- Found ament_lint_auto: 0.12.14 (/opt/ros/humble/share/ament_lint_auto/cmake)
[0.416s] -- Added test 'lint_cmake' to check CMake code style
[0.417s] -- Added test 'xmllint' to check XML markup files
[0.418s] -- Configuring done
[0.419s] -- Generating done
[0.420s] -- Build files have been written to: /home/murtazam/ros2_ws/build/controller
[0.422s] Invoked command in '/home/murtazam/ros2_ws/build/controller' returned '0': CMAKE_PREFIX_PATH=${CMAKE_PREFIX_PATH}:/home/murtazam/ros2_ws/install/ros_python:/opt/ros/humble /usr/bin/cmake /home/murtazam/ros2_ws/src/controller -DCMAKE_INSTALL_PREFIX=/home/murtazam/ros2_ws/install/controller
[0.422s] Invoking command in '/home/murtazam/ros2_ws/build/controller': CMAKE_PREFIX_PATH=${CMAKE_PREFIX_PATH}:/home/murtazam/ros2_ws/install/ros_python:/opt/ros/humble /usr/bin/cmake --build /home/murtazam/ros2_ws/build/controller -- -j5 -l5
[0.438s] Invoked command in '/home/murtazam/ros2_ws/build/controller' returned '0': CMAKE_PREFIX_PATH=${CMAKE_PREFIX_PATH}:/home/murtazam/ros2_ws/install/ros_python:/opt/ros/humble /usr/bin/cmake --build /home/murtazam/ros2_ws/build/controller -- -j5 -l5
[0.438s] Invoking command in '/home/murtazam/ros2_ws/build/controller': CMAKE_PREFIX_PATH=${CMAKE_PREFIX_PATH}:/home/murtazam/ros2_ws/install/ros_python:/opt/ros/humble /usr/bin/cmake --install /home/murtazam/ros2_ws/build/controller
[0.441s] -- Install configuration: ""
[0.441s] -- Installing: /home/murtazam/ros2_ws/install/controller/share/ament_index/resource_index/package_run_dependencies/controller
[0.441s] -- Installing: /home/murtazam/ros2_ws/install/controller/share/ament_index/resource_index/parent_prefix_path/controller
[0.441s] -- Installing: /home/murtazam/ros2_ws/install/controller/share/controller/environment/ament_prefix_path.sh
[0.441s] -- Installing: /home/murtazam/ros2_ws/install/controller/share/controller/environment/ament_prefix_path.dsv
[0.441s] -- Installing: /home/murtazam/ros2_ws/install/controller/share/controller/environment/path.sh
[0.441s] -- Installing: /home/murtazam/ros2_ws/install/controller/share/controller/environment/path.dsv
[0.441s] -- Installing: /home/murtazam/ros2_ws/install/controller/share/controller/local_setup.bash
[0.442s] -- Installing: /home/murtazam/ros2_ws/install/controller/share/controller/local_setup.sh
[0.442s] -- Installing: /home/murtazam/ros2_ws/install/controller/share/controller/local_setup.zsh
[0.442s] -- Installing: /home/murtazam/ros2_ws/install/controller/share/controller/local_setup.dsv
[0.442s] -- Installing: /home/murtazam/ros2_ws/install/controller/share/controller/package.dsv
[0.442s] -- Installing: /home/murtazam/ros2_ws/install/controller/share/ament_index/resource_index/packages/controller
[0.442s] -- Installing: /home/murtazam/ros2_ws/install/controller/share/controller/cmake/controllerConfig.cmake
[0.442s] -- Installing: /home/murtazam/ros2_ws/install/controller/share/controller/cmake/controllerConfig-version.cmake
[0.442s] -- Installing: /home/murtazam/ros2_ws/install/controller/share/controller/package.xml
[0.443s] Invoked command in '/home/murtazam/ros2_ws/build/controller' returned '0': CMAKE_PREFIX_PATH=${CMAKE_PREFIX_PATH}:/home/murtazam/ros2_ws/install/ros_python:/opt/ros/humble /usr/bin/cmake --install /home/murtazam/ros2_ws/build/controller
