[0.007s] Invoking command in '/home/mehmet/ros/build/bot_description': /usr/bin/cmake /home/mehmet/ros/src/bot_description -DCMAKE_INSTALL_PREFIX=/home/mehmet/ros/install/bot_description
[0.046s] -- The C compiler identification is GNU 11.4.0
[0.081s] -- The CXX compiler identification is GNU 11.4.0
[0.085s] -- Detecting C compiler ABI info
[0.126s] -- Detecting C compiler ABI info - done
[0.131s] -- Check for working C compiler: /usr/bin/cc - skipped
[0.131s] -- Detecting C compile features
[0.131s] -- Detecting C compile features - done
[0.133s] -- Detecting CXX compiler ABI info
[0.179s] -- Detecting CXX compiler ABI info - done
[0.183s] -- Check for working CXX compiler: /usr/bin/c++ - skipped
[0.183s] -- Detecting CXX compile features
[0.184s] -- Detecting CXX compile features - done
[0.190s] -- Configuring incomplete, errors occurred!
[0.190s] See also "/home/mehmet/ros/build/bot_description/CMakeFiles/CMakeOutput.log".
[0.190s] [31mCMake Error at CMakeLists.txt:9 (find_package):
[0.190s]   By not providing "Findament_cmake.cmake" in CMAKE_MODULE_PATH this project
[0.190s]   has asked CMake to find a package configuration file provided by
[0.190s]   "ament_cmake", but CMake did not find one.
[0.190s] 
[0.190s]   Could not find a package configuration file provided by "ament_cmake" with
[0.190s]   any of the following names:
[0.190s] 
[0.190s]     ament_cmakeConfig.cmake
[0.190s]     ament_cmake-config.cmake
[0.190s] 
[0.190s]   Add the installation prefix of "ament_cmake" to CMAKE_PREFIX_PATH or set
[0.190s]   "ament_cmake_DIR" to a directory containing one of the above files.  If
[0.190s]   "ament_cmake" provides a separate development package or SDK, be sure it
[0.190s]   has been installed.
[0.191s] 
[0.191s] [0m
[0.192s] Invoked command in '/home/mehmet/ros/build/bot_description' returned '1': /usr/bin/cmake /home/mehmet/ros/src/bot_description -DCMAKE_INSTALL_PREFIX=/home/mehmet/ros/install/bot_description
