[35m[1mConsolidate compiler generated dependencies of target subscriber[0m
[35m[1mConsolidate compiler generated dependencies of target publisher[0m
[ 75%] Built target publisher
[100%] Built target subscriber
-- Install configuration: ""
-- Installing: /home/mehmet/ros/install/ros_cpp/lib/ros_cpp/publisher
-- Set runtime path of "/home/mehmet/ros/install/ros_cpp/lib/ros_cpp/publisher" to ""
-- Installing: /home/mehmet/ros/install/ros_cpp/lib/ros_cpp/subscriber
-- Set runtime path of "/home/mehmet/ros/install/ros_cpp/lib/ros_cpp/subscriber" to ""
-- Up-to-date: /home/mehmet/ros/install/ros_cpp/share/ament_index/resource_index/package_run_dependencies/ros_cpp
-- Up-to-date: /home/mehmet/ros/install/ros_cpp/share/ament_index/resource_index/parent_prefix_path/ros_cpp
-- Up-to-date: /home/mehmet/ros/install/ros_cpp/share/ros_cpp/environment/ament_prefix_path.sh
-- Installing: /home/mehmet/ros/install/ros_cpp/share/ros_cpp/environment/ament_prefix_path.dsv
-- Up-to-date: /home/mehmet/ros/install/ros_cpp/share/ros_cpp/environment/path.sh
-- Installing: /home/mehmet/ros/install/ros_cpp/share/ros_cpp/environment/path.dsv
-- Up-to-date: /home/mehmet/ros/install/ros_cpp/share/ros_cpp/local_setup.bash
-- Up-to-date: /home/mehmet/ros/install/ros_cpp/share/ros_cpp/local_setup.sh
-- Up-to-date: /home/mehmet/ros/install/ros_cpp/share/ros_cpp/local_setup.zsh
-- Installing: /home/mehmet/ros/install/ros_cpp/share/ros_cpp/local_setup.dsv
-- Installing: /home/mehmet/ros/install/ros_cpp/share/ros_cpp/package.dsv
-- Up-to-date: /home/mehmet/ros/install/ros_cpp/share/ament_index/resource_index/packages/ros_cpp
-- Up-to-date: /home/mehmet/ros/install/ros_cpp/share/ros_cpp/cmake/ros_cppConfig.cmake
-- Up-to-date: /home/mehmet/ros/install/ros_cpp/share/ros_cpp/cmake/ros_cppConfig-version.cmake
-- Up-to-date: /home/mehmet/ros/install/ros_cpp/share/ros_cpp/package.xml
