[0.010s] Invoking command in '/home/mehmet/ros/build/ros_cpp': CMAKE_PREFIX_PATH=/opt/ros/humble /usr/bin/cmake --build /home/mehmet/ros/build/ros_cpp -- -j16 -l16
[0.033s] [35m[1mConsolidate compiler generated dependencies of target subscriber[0m
[0.033s] [35m[1mConsolidate compiler generated dependencies of target publisher[0m
[0.046s] [ 75%] Built target publisher
[0.046s] [100%] Built target subscriber
[0.178s] Invoked command in '/home/mehmet/ros/build/ros_cpp' returned '0': CMAKE_PREFIX_PATH=/opt/ros/humble /usr/bin/cmake --build /home/mehmet/ros/build/ros_cpp -- -j16 -l16
[0.179s] Invoking command in '/home/mehmet/ros/build/ros_cpp': CMAKE_PREFIX_PATH=/opt/ros/humble /usr/bin/cmake --install /home/mehmet/ros/build/ros_cpp
[0.184s] -- Install configuration: ""
[0.185s] -- Installing: /home/mehmet/ros/install/ros_cpp/lib/ros_cpp/publisher
[0.186s] -- Set runtime path of "/home/mehmet/ros/install/ros_cpp/lib/ros_cpp/publisher" to ""
[0.187s] -- Installing: /home/mehmet/ros/install/ros_cpp/lib/ros_cpp/subscriber
[0.189s] -- Set runtime path of "/home/mehmet/ros/install/ros_cpp/lib/ros_cpp/subscriber" to ""
[0.189s] -- Up-to-date: /home/mehmet/ros/install/ros_cpp/share/ament_index/resource_index/package_run_dependencies/ros_cpp
[0.190s] -- Up-to-date: /home/mehmet/ros/install/ros_cpp/share/ament_index/resource_index/parent_prefix_path/ros_cpp
[0.190s] -- Up-to-date: /home/mehmet/ros/install/ros_cpp/share/ros_cpp/environment/ament_prefix_path.sh
[0.190s] -- Installing: /home/mehmet/ros/install/ros_cpp/share/ros_cpp/environment/ament_prefix_path.dsv
[0.190s] -- Up-to-date: /home/mehmet/ros/install/ros_cpp/share/ros_cpp/environment/path.sh
[0.190s] -- Installing: /home/mehmet/ros/install/ros_cpp/share/ros_cpp/environment/path.dsv
[0.190s] -- Up-to-date: /home/mehmet/ros/install/ros_cpp/share/ros_cpp/local_setup.bash
[0.190s] -- Up-to-date: /home/mehmet/ros/install/ros_cpp/share/ros_cpp/local_setup.sh
[0.190s] -- Up-to-date: /home/mehmet/ros/install/ros_cpp/share/ros_cpp/local_setup.zsh
[0.190s] -- Installing: /home/mehmet/ros/install/ros_cpp/share/ros_cpp/local_setup.dsv
[0.190s] -- Installing: /home/mehmet/ros/install/ros_cpp/share/ros_cpp/package.dsv
[0.190s] -- Up-to-date: /home/mehmet/ros/install/ros_cpp/share/ament_index/resource_index/packages/ros_cpp
[0.191s] -- Up-to-date: /home/mehmet/ros/install/ros_cpp/share/ros_cpp/cmake/ros_cppConfig.cmake
[0.191s] -- Up-to-date: /home/mehmet/ros/install/ros_cpp/share/ros_cpp/cmake/ros_cppConfig-version.cmake
[0.191s] -- Up-to-date: /home/mehmet/ros/install/ros_cpp/share/ros_cpp/package.xml
[0.201s] Invoked command in '/home/mehmet/ros/build/ros_cpp' returned '0': CMAKE_PREFIX_PATH=/opt/ros/humble /usr/bin/cmake --install /home/mehmet/ros/build/ros_cpp
