[0.011s] Invoking command in '/home/mehmet/ros/build/ros_cpp': CMAKE_PREFIX_PATH=/opt/ros/humble /usr/bin/cmake /home/mehmet/ros/src/ros_cpp -DCMAKE_INSTALL_PREFIX=/home/mehmet/ros/install/ros_cpp
[0.089s] -- The C compiler identification is GNU 11.4.0
[0.162s] -- The CXX compiler identification is GNU 11.4.0
[0.171s] -- Detecting C compiler ABI info
[0.216s] -- Detecting C compiler ABI info - done
[0.220s] -- Check for working C compiler: /usr/bin/cc - skipped
[0.221s] -- Detecting C compile features
[0.221s] -- Detecting C compile features - done
[0.225s] -- Detecting CXX compiler ABI info
[0.279s] -- Detecting CXX compiler ABI info - done
[0.284s] -- Check for working CXX compiler: /usr/bin/c++ - skipped
[0.284s] -- Detecting CXX compile features
[0.284s] -- Detecting CXX compile features - done
[0.285s] -- Found ament_cmake: 1.3.12 (/opt/ros/humble/share/ament_cmake/cmake)
[0.379s] -- Found Python3: /usr/bin/python3 (found version "3.10.12") found components: Interpreter 
[0.443s] -- Found rclcpp: 16.0.15 (/opt/ros/humble/share/rclcpp/cmake)
[0.475s] -- Found rosidl_generator_c: 3.1.7 (/opt/ros/humble/share/rosidl_generator_c/cmake)
[0.479s] -- Found rosidl_adapter: 3.1.7 (/opt/ros/humble/share/rosidl_adapter/cmake)
[0.486s] -- Found rosidl_generator_cpp: 3.1.7 (/opt/ros/humble/share/rosidl_generator_cpp/cmake)
[0.497s] -- Using all available rosidl_typesupport_c: rosidl_typesupport_fastrtps_c;rosidl_typesupport_introspection_c
[0.509s] -- Using all available rosidl_typesupport_cpp: rosidl_typesupport_fastrtps_cpp;rosidl_typesupport_introspection_cpp
[0.546s] -- Found rmw_implementation_cmake: 6.1.2 (/opt/ros/humble/share/rmw_implementation_cmake/cmake)
[0.551s] -- Found rmw_fastrtps_cpp: 6.2.9 (/opt/ros/humble/share/rmw_fastrtps_cpp/cmake)
[0.624s] -- Found OpenSSL: /usr/lib/x86_64-linux-gnu/libcrypto.so (found version "3.0.2")  
[0.640s] -- Found FastRTPS: /opt/ros/humble/include  
[0.663s] -- Using RMW implementation 'rmw_fastrtps_cpp' as default
[0.673s] -- Looking for pthread.h
[0.727s] -- Looking for pthread.h - found
[0.727s] -- Performing Test CMAKE_HAVE_LIBC_PTHREAD
[0.778s] -- Performing Test CMAKE_HAVE_LIBC_PTHREAD - Success
[0.778s] -- Found Threads: TRUE  
[0.816s] -- Found ament_lint_auto: 0.12.14 (/opt/ros/humble/share/ament_lint_auto/cmake)
[0.860s] -- Added test 'copyright' to check source files copyright and LICENSE
[0.860s] -- Added test 'cppcheck' to perform static code analysis on C / C++ code
[0.860s] -- Configured cppcheck include dirs: 
[0.860s] -- Configured cppcheck exclude dirs and/or files: 
[0.861s] -- Added test 'cpplint' to check C / C++ code against the Google style
[0.861s] -- Configured cpplint exclude dirs and/or files: 
[0.861s] -- Added test 'lint_cmake' to check CMake code style
[0.862s] -- Added test 'uncrustify' to check C / C++ code style
[0.862s] -- Configured uncrustify additional arguments: 
[0.862s] -- Added test 'xmllint' to check XML markup files
[0.862s] -- Configuring done
[0.868s] -- Generating done
[0.871s] -- Build files have been written to: /home/mehmet/ros/build/ros_cpp
[0.877s] Invoked command in '/home/mehmet/ros/build/ros_cpp' returned '0': CMAKE_PREFIX_PATH=/opt/ros/humble /usr/bin/cmake /home/mehmet/ros/src/ros_cpp -DCMAKE_INSTALL_PREFIX=/home/mehmet/ros/install/ros_cpp
[0.878s] Invoking command in '/home/mehmet/ros/build/ros_cpp': CMAKE_PREFIX_PATH=/opt/ros/humble /usr/bin/cmake --build /home/mehmet/ros/build/ros_cpp -- -j16 -l16
[0.908s] [ 25%] [32mBuilding CXX object CMakeFiles/subscriber.dir/src/subscriber.cpp.o[0m
[0.909s] [ 50%] [32mBuilding CXX object CMakeFiles/publisher.dir/src/publisher.cpp.o[0m
[3.344s] [ 75%] [32m[1mLinking CXX executable publisher[0m
[3.473s] [ 75%] Built target publisher
[5.279s] [100%] [32m[1mLinking CXX executable subscriber[0m
[5.471s] [100%] Built target subscriber
[5.478s] Invoked command in '/home/mehmet/ros/build/ros_cpp' returned '0': CMAKE_PREFIX_PATH=/opt/ros/humble /usr/bin/cmake --build /home/mehmet/ros/build/ros_cpp -- -j16 -l16
[5.479s] Invoking command in '/home/mehmet/ros/build/ros_cpp': CMAKE_PREFIX_PATH=/opt/ros/humble /usr/bin/cmake --install /home/mehmet/ros/build/ros_cpp
[5.485s] -- Install configuration: ""
[5.485s] -- Installing: /home/mehmet/ros/install/ros_cpp/lib/ros_cpp/publisher
[5.486s] -- Set runtime path of "/home/mehmet/ros/install/ros_cpp/lib/ros_cpp/publisher" to ""
[5.486s] -- Installing: /home/mehmet/ros/install/ros_cpp/lib/ros_cpp/subscriber
[5.488s] -- Set runtime path of "/home/mehmet/ros/install/ros_cpp/lib/ros_cpp/subscriber" to ""
[5.488s] -- Installing: /home/mehmet/ros/install/ros_cpp/share/ament_index/resource_index/package_run_dependencies/ros_cpp
[5.488s] -- Installing: /home/mehmet/ros/install/ros_cpp/share/ament_index/resource_index/parent_prefix_path/ros_cpp
[5.488s] -- Installing: /home/mehmet/ros/install/ros_cpp/share/ros_cpp/environment/ament_prefix_path.sh
[5.488s] -- Installing: /home/mehmet/ros/install/ros_cpp/share/ros_cpp/environment/ament_prefix_path.dsv
[5.488s] -- Installing: /home/mehmet/ros/install/ros_cpp/share/ros_cpp/environment/path.sh
[5.488s] -- Installing: /home/mehmet/ros/install/ros_cpp/share/ros_cpp/environment/path.dsv
[5.488s] -- Installing: /home/mehmet/ros/install/ros_cpp/share/ros_cpp/local_setup.bash
[5.488s] -- Installing: /home/mehmet/ros/install/ros_cpp/share/ros_cpp/local_setup.sh
[5.488s] -- Installing: /home/mehmet/ros/install/ros_cpp/share/ros_cpp/local_setup.zsh
[5.488s] -- Installing: /home/mehmet/ros/install/ros_cpp/share/ros_cpp/local_setup.dsv
[5.488s] -- Installing: /home/mehmet/ros/install/ros_cpp/share/ros_cpp/package.dsv
[5.488s] -- Installing: /home/mehmet/ros/install/ros_cpp/share/ament_index/resource_index/packages/ros_cpp
[5.488s] -- Installing: /home/mehmet/ros/install/ros_cpp/share/ros_cpp/cmake/ros_cppConfig.cmake
[5.488s] -- Installing: /home/mehmet/ros/install/ros_cpp/share/ros_cpp/cmake/ros_cppConfig-version.cmake
[5.488s] -- Installing: /home/mehmet/ros/install/ros_cpp/share/ros_cpp/package.xml
[5.489s] Invoked command in '/home/mehmet/ros/build/ros_cpp' returned '0': CMAKE_PREFIX_PATH=/opt/ros/humble /usr/bin/cmake --install /home/mehmet/ros/build/ros_cpp
