[100%] Built target publisher
[100%] Built target subscriber
-- Install configuration: ""
-- Execute custom install script
-- Up-to-date symlink: /home/mehmet/ros/install/ros_cpp/lib/ros_cpp/publisher
-- Up-to-date symlink: /home/mehmet/ros/install/ros_cpp/lib/ros_cpp/subscriber
-- Up-to-date symlink: /home/mehmet/ros/install/ros_cpp/share/ament_index/resource_index/package_run_dependencies/ros_cpp
-- Up-to-date symlink: /home/mehmet/ros/install/ros_cpp/share/ament_index/resource_index/parent_prefix_path/ros_cpp
-- Up-to-date symlink: /home/mehmet/ros/install/ros_cpp/share/ros_cpp/environment/ament_prefix_path.sh
-- Up-to-date symlink: /home/mehmet/ros/install/ros_cpp/share/ros_cpp/environment/ament_prefix_path.dsv
-- Up-to-date symlink: /home/mehmet/ros/install/ros_cpp/share/ros_cpp/environment/path.sh
-- Up-to-date symlink: /home/mehmet/ros/install/ros_cpp/share/ros_cpp/environment/path.dsv
-- Up-to-date symlink: /home/mehmet/ros/install/ros_cpp/share/ros_cpp/local_setup.bash
-- Up-to-date symlink: /home/mehmet/ros/install/ros_cpp/share/ros_cpp/local_setup.sh
-- Up-to-date symlink: /home/mehmet/ros/install/ros_cpp/share/ros_cpp/local_setup.zsh
-- Up-to-date symlink: /home/mehmet/ros/install/ros_cpp/share/ros_cpp/local_setup.dsv
-- Symlinking: /home/mehmet/ros/install/ros_cpp/share/ros_cpp/package.dsv
-- Up-to-date symlink: /home/mehmet/ros/install/ros_cpp/share/ament_index/resource_index/packages/ros_cpp
-- Up-to-date symlink: /home/mehmet/ros/install/ros_cpp/share/ros_cpp/cmake/ros_cppConfig.cmake
-- Up-to-date symlink: /home/mehmet/ros/install/ros_cpp/share/ros_cpp/cmake/ros_cppConfig-version.cmake
-- Up-to-date symlink: /home/mehmet/ros/install/ros_cpp/share/ros_cpp/package.xml
