[0.009s] Invoking command in '/home/mehmet/ros/build/ros_cpp': CMAKE_PREFIX_PATH=/opt/ros/humble /usr/bin/cmake /home/mehmet/ros/src/ros_cpp -DCMAKE_INSTALL_PREFIX=/home/mehmet/ros/install/ros_cpp
[0.046s] -- The C compiler identification is GNU 11.4.0
[0.126s] -- The CXX compiler identification is GNU 11.4.0
[0.131s] -- Detecting C compiler ABI info
[0.176s] -- Detecting C compiler ABI info - done
[0.181s] -- Check for working C compiler: /usr/bin/cc - skipped
[0.371s] -- Detecting C compile features
[0.371s] -- Detecting C compile features - done
[0.373s] -- Detecting CXX compiler ABI info
[0.425s] -- Detecting CXX compiler ABI info - done
[0.429s] -- Check for working CXX compiler: /usr/bin/c++ - skipped
[0.430s] -- Detecting CXX compile features
[0.430s] -- Detecting CXX compile features - done
[0.431s] -- Found ament_cmake: 1.3.12 (/opt/ros/humble/share/ament_cmake/cmake)
[0.528s] -- Found Python3: /usr/bin/python3 (found version "3.10.12") found components: Interpreter 
[0.597s] -- Found rclcpp: 16.0.17 (/opt/ros/humble/share/rclcpp/cmake)
[0.623s] -- Found rosidl_generator_c: 3.1.8 (/opt/ros/humble/share/rosidl_generator_c/cmake)
[0.626s] -- Found rosidl_adapter: 3.1.8 (/opt/ros/humble/share/rosidl_adapter/cmake)
[0.632s] -- Found rosidl_generator_cpp: 3.1.8 (/opt/ros/humble/share/rosidl_generator_cpp/cmake)
[0.640s] -- Using all available rosidl_typesupport_c: rosidl_typesupport_fastrtps_c;rosidl_typesupport_introspection_c
[0.650s] -- Using all available rosidl_typesupport_cpp: rosidl_typesupport_fastrtps_cpp;rosidl_typesupport_introspection_cpp
[0.678s] -- Found rmw_implementation_cmake: 6.1.2 (/opt/ros/humble/share/rmw_implementation_cmake/cmake)
[0.680s] -- Found rmw_fastrtps_cpp: 6.2.9 (/opt/ros/humble/share/rmw_fastrtps_cpp/cmake)
[0.739s] -- Found OpenSSL: /usr/lib/x86_64-linux-gnu/libcrypto.so (found version "3.0.2")  
[0.758s] -- Found FastRTPS: /opt/ros/humble/include  
[0.789s] -- Using RMW implementation 'rmw_fastrtps_cpp' as default
[0.794s] -- Looking for pthread.h
[0.839s] -- Looking for pthread.h - found
[0.839s] -- Performing Test CMAKE_HAVE_LIBC_PTHREAD
[0.893s] -- Performing Test CMAKE_HAVE_LIBC_PTHREAD - Success
[0.893s] -- Found Threads: TRUE  
[0.926s] -- Found ament_lint_auto: 0.12.14 (/opt/ros/humble/share/ament_lint_auto/cmake)
[1.005s] -- Added test 'copyright' to check source files copyright and LICENSE
[1.006s] -- Added test 'cppcheck' to perform static code analysis on C / C++ code
[1.006s] -- Configured cppcheck include dirs: 
[1.006s] -- Configured cppcheck exclude dirs and/or files: 
[1.007s] -- Added test 'cpplint' to check C / C++ code against the Google style
[1.007s] -- Configured cpplint exclude dirs and/or files: 
[1.007s] -- Added test 'lint_cmake' to check CMake code style
[1.007s] -- Added test 'uncrustify' to check C / C++ code style
[1.007s] -- Configured uncrustify additional arguments: 
[1.008s] -- Added test 'xmllint' to check XML markup files
[1.008s] -- Configuring done
[1.017s] -- Generating done
[1.020s] -- Build files have been written to: /home/mehmet/ros/build/ros_cpp
[1.028s] Invoked command in '/home/mehmet/ros/build/ros_cpp' returned '0': CMAKE_PREFIX_PATH=/opt/ros/humble /usr/bin/cmake /home/mehmet/ros/src/ros_cpp -DCMAKE_INSTALL_PREFIX=/home/mehmet/ros/install/ros_cpp
[1.029s] Invoking command in '/home/mehmet/ros/build/ros_cpp': CMAKE_PREFIX_PATH=/opt/ros/humble /usr/bin/cmake --build /home/mehmet/ros/build/ros_cpp -- -j16 -l16
[1.064s] [ 25%] [32mBuilding CXX object CMakeFiles/publisher.dir/src/publisher.cpp.o[0m
[1.065s] [ 50%] [32mBuilding CXX object CMakeFiles/subscriber.dir/src/subscriber.cpp.o[0m
[4.246s] [ 75%] [32m[1mLinking CXX executable publisher[0m
[4.372s] [ 75%] Built target publisher
[6.608s] [100%] [32m[1mLinking CXX executable subscriber[0m
[6.823s] [100%] Built target subscriber
[6.830s] Invoked command in '/home/mehmet/ros/build/ros_cpp' returned '0': CMAKE_PREFIX_PATH=/opt/ros/humble /usr/bin/cmake --build /home/mehmet/ros/build/ros_cpp -- -j16 -l16
[6.831s] Invoking command in '/home/mehmet/ros/build/ros_cpp': CMAKE_PREFIX_PATH=/opt/ros/humble /usr/bin/cmake --install /home/mehmet/ros/build/ros_cpp
[6.836s] -- Install configuration: ""
[6.836s] -- Installing: /home/mehmet/ros/install/ros_cpp/lib/ros_cpp/publisher
[6.836s] -- Set runtime path of "/home/mehmet/ros/install/ros_cpp/lib/ros_cpp/publisher" to ""
[6.836s] -- Installing: /home/mehmet/ros/install/ros_cpp/lib/ros_cpp/subscriber
[6.838s] -- Set runtime path of "/home/mehmet/ros/install/ros_cpp/lib/ros_cpp/subscriber" to ""
[6.838s] -- Installing: /home/mehmet/ros/install/ros_cpp/share/ament_index/resource_index/package_run_dependencies/ros_cpp
[6.838s] -- Installing: /home/mehmet/ros/install/ros_cpp/share/ament_index/resource_index/parent_prefix_path/ros_cpp
[6.838s] -- Installing: /home/mehmet/ros/install/ros_cpp/share/ros_cpp/environment/ament_prefix_path.sh
[6.838s] -- Installing: /home/mehmet/ros/install/ros_cpp/share/ros_cpp/environment/ament_prefix_path.dsv
[6.838s] -- Installing: /home/mehmet/ros/install/ros_cpp/share/ros_cpp/environment/path.sh
[6.839s] -- Installing: /home/mehmet/ros/install/ros_cpp/share/ros_cpp/environment/path.dsv
[6.839s] -- Installing: /home/mehmet/ros/install/ros_cpp/share/ros_cpp/local_setup.bash
[6.839s] -- Installing: /home/mehmet/ros/install/ros_cpp/share/ros_cpp/local_setup.sh
[6.839s] -- Installing: /home/mehmet/ros/install/ros_cpp/share/ros_cpp/local_setup.zsh
[6.839s] -- Installing: /home/mehmet/ros/install/ros_cpp/share/ros_cpp/local_setup.dsv
[6.839s] -- Installing: /home/mehmet/ros/install/ros_cpp/share/ros_cpp/package.dsv
[6.839s] -- Installing: /home/mehmet/ros/install/ros_cpp/share/ament_index/resource_index/packages/ros_cpp
[6.839s] -- Installing: /home/mehmet/ros/install/ros_cpp/share/ros_cpp/cmake/ros_cppConfig.cmake
[6.839s] -- Installing: /home/mehmet/ros/install/ros_cpp/share/ros_cpp/cmake/ros_cppConfig-version.cmake
[6.839s] -- Installing: /home/mehmet/ros/install/ros_cpp/share/ros_cpp/package.xml
[6.840s] Invoked command in '/home/mehmet/ros/build/ros_cpp' returned '0': CMAKE_PREFIX_PATH=/opt/ros/humble /usr/bin/cmake --install /home/mehmet/ros/build/ros_cpp
