-- Install configuration: ""
-- Up-to-date: /home/mehmet/ros/install/bot_controller/share/bot_controller/config
-- Up-to-date: /home/mehmet/ros/install/bot_controller/share/bot_controller/config/bot_controller.yaml
-- Up-to-date: /home/mehmet/ros/install/bot_controller/share/bot_controller/launch
-- Up-to-date: /home/mehmet/ros/install/bot_controller/share/bot_controller/launch/controller.launch.py
-- Up-to-date: /home/mehmet/ros/install/bot_controller/share/ament_index/resource_index/package_run_dependencies/bot_controller
-- Up-to-date: /home/mehmet/ros/install/bot_controller/share/ament_index/resource_index/parent_prefix_path/bot_controller
-- Up-to-date: /home/mehmet/ros/install/bot_controller/share/bot_controller/environment/ament_prefix_path.sh
-- Up-to-date: /home/mehmet/ros/install/bot_controller/share/bot_controller/environment/ament_prefix_path.dsv
-- Up-to-date: /home/mehmet/ros/install/bot_controller/share/bot_controller/environment/path.sh
-- Up-to-date: /home/mehmet/ros/install/bot_controller/share/bot_controller/environment/path.dsv
-- Up-to-date: /home/mehmet/ros/install/bot_controller/share/bot_controller/local_setup.bash
-- Up-to-date: /home/mehmet/ros/install/bot_controller/share/bot_controller/local_setup.sh
-- Up-to-date: /home/mehmet/ros/install/bot_controller/share/bot_controller/local_setup.zsh
-- Up-to-date: /home/mehmet/ros/install/bot_controller/share/bot_controller/local_setup.dsv
-- Installing: /home/mehmet/ros/install/bot_controller/share/bot_controller/package.dsv
-- Up-to-date: /home/mehmet/ros/install/bot_controller/share/ament_index/resource_index/packages/bot_controller
-- Up-to-date: /home/mehmet/ros/install/bot_controller/share/bot_controller/cmake/bot_controllerConfig.cmake
-- Up-to-date: /home/mehmet/ros/install/bot_controller/share/bot_controller/cmake/bot_controllerConfig-version.cmake
-- Up-to-date: /home/mehmet/ros/install/bot_controller/share/bot_controller/package.xml
