[0.009s] Invoking command in '/home/murtazam/ros2_ws/build/ros_cpp': CMAKE_PREFIX_PATH=${CMAKE_PREFIX_PATH}:/home/murtazam/ros2_ws/install/ros_python:/opt/ros/humble /usr/bin/cmake --build /home/murtazam/ros2_ws/build/ros_cpp -- -j5 -l5
[0.029s] [100%] Built target subscriber
[0.029s] [100%] Built target publisher
[0.121s] Invoked command in '/home/murtazam/ros2_ws/build/ros_cpp' returned '0': CMAKE_PREFIX_PATH=${CMAKE_PREFIX_PATH}:/home/murtazam/ros2_ws/install/ros_python:/opt/ros/humble /usr/bin/cmake --build /home/murtazam/ros2_ws/build/ros_cpp -- -j5 -l5
[0.122s] Invoking command in '/home/murtazam/ros2_ws/build/ros_cpp': CMAKE_PREFIX_PATH=${CMAKE_PREFIX_PATH}:/home/murtazam/ros2_ws/install/ros_python:/opt/ros/humble /usr/bin/cmake --install /home/murtazam/ros2_ws/build/ros_cpp
[0.127s] -- Install configuration: ""
[0.127s] -- Up-to-date: /home/murtazam/ros2_ws/install/ros_cpp/lib/ros_cpp/publisher
[0.127s] -- Up-to-date: /home/murtazam/ros2_ws/install/ros_cpp/lib/ros_cpp/subscriber
[0.128s] -- Up-to-date: /home/murtazam/ros2_ws/install/ros_cpp/share/ament_index/resource_index/package_run_dependencies/ros_cpp
[0.128s] -- Up-to-date: /home/murtazam/ros2_ws/install/ros_cpp/share/ament_index/resource_index/parent_prefix_path/ros_cpp
[0.128s] -- Up-to-date: /home/murtazam/ros2_ws/install/ros_cpp/share/ros_cpp/environment/ament_prefix_path.sh
[0.128s] -- Up-to-date: /home/murtazam/ros2_ws/install/ros_cpp/share/ros_cpp/environment/ament_prefix_path.dsv
[0.128s] -- Up-to-date: /home/murtazam/ros2_ws/install/ros_cpp/share/ros_cpp/environment/path.sh
[0.128s] -- Up-to-date: /home/murtazam/ros2_ws/install/ros_cpp/share/ros_cpp/environment/path.dsv
[0.128s] -- Up-to-date: /home/murtazam/ros2_ws/install/ros_cpp/share/ros_cpp/local_setup.bash
[0.128s] -- Up-to-date: /home/murtazam/ros2_ws/install/ros_cpp/share/ros_cpp/local_setup.sh
[0.128s] -- Up-to-date: /home/murtazam/ros2_ws/install/ros_cpp/share/ros_cpp/local_setup.zsh
[0.128s] -- Up-to-date: /home/murtazam/ros2_ws/install/ros_cpp/share/ros_cpp/local_setup.dsv
[0.129s] -- Installing: /home/murtazam/ros2_ws/install/ros_cpp/share/ros_cpp/package.dsv
[0.129s] -- Up-to-date: /home/murtazam/ros2_ws/install/ros_cpp/share/ament_index/resource_index/packages/ros_cpp
[0.129s] -- Up-to-date: /home/murtazam/ros2_ws/install/ros_cpp/share/ros_cpp/cmake/ros_cppConfig.cmake
[0.129s] -- Up-to-date: /home/murtazam/ros2_ws/install/ros_cpp/share/ros_cpp/cmake/ros_cppConfig-version.cmake
[0.129s] -- Up-to-date: /home/murtazam/ros2_ws/install/ros_cpp/share/ros_cpp/package.xml
[0.137s] Invoked command in '/home/murtazam/ros2_ws/build/ros_cpp' returned '0': CMAKE_PREFIX_PATH=${CMAKE_PREFIX_PATH}:/home/murtazam/ros2_ws/install/ros_python:/opt/ros/humble /usr/bin/cmake --install /home/murtazam/ros2_ws/build/ros_cpp
