[0.000000] (-) TimerEvent: {}
[0.000226] (bot_description) JobQueued: {'identifier': 'bot_description', 'dependencies': OrderedDict()}
[0.000538] (ros_cpp) JobQueued: {'identifier': 'ros_cpp', 'dependencies': OrderedDict()}
[0.000566] (ros_python) JobQueued: {'identifier': 'ros_python', 'dependencies': OrderedDict()}
[0.000576] (bot_description) JobStarted: {'identifier': 'bot_description'}
[0.003283] (ros_cpp) JobStarted: {'identifier': 'ros_cpp'}
[0.004602] (ros_python) JobStarted: {'identifier': 'ros_python'}
[0.008061] (bot_description) JobProgress: {'identifier': 'bot_description', 'progress': 'cmake'}
[0.010741] (bot_description) JobProgress: {'identifier': 'bot_description', 'progress': 'build'}
[0.010791] (bot_description) Command: {'cmd': ['/usr/bin/cmake', '--build', '/home/murtazam/ros2_ws/build/bot_description', '--', '-j5', '-l5'], 'cwd': '/home/murtazam/ros2_ws/build/bot_description', 'env': OrderedDict([('GJS_DEBUG_TOPICS', 'JS ERROR;JS LOG'), ('USER', 'murtazam'), ('XDG_SESSION_TYPE', 'wayland'), ('SHLVL', '1'), ('LD_LIBRARY_PATH', '/opt/ros/humble/opt/rviz_ogre_vendor/lib:/opt/ros/humble/lib/aarch64-linux-gnu:/opt/ros/humble/lib'), ('HOME', '/home/murtazam'), ('DESKTOP_SESSION', 'ubuntu'), ('GIO_LAUNCHED_DESKTOP_FILE', '/usr/share/applications/terminator.desktop'), ('ROS_PYTHON_VERSION', '3'), ('GNOME_SHELL_SESSION_MODE', 'ubuntu'), ('GTK_MODULES', 'gail:atk-bridge'), ('MANAGERPID', '1383'), ('SYSTEMD_EXEC_PID', '1492'), ('DBUS_SESSION_BUS_ADDRESS', 'unix:path=/run/user/1000/bus'), ('COLORTERM', 'truecolor'), ('TERMINATOR_DBUS_NAME', 'net.tenshu.Terminator25ef4b219e3b005583550f2b0f9f990c3'), ('GIO_LAUNCHED_DESKTOP_FILE_PID', '4357'), ('IM_CONFIG_PHASE', '1'), ('WAYLAND_DISPLAY', 'wayland-0'), ('COLCON_PREFIX_PATH', '/home/murtazam/ros2_ws/install'), ('ROS_DISTRO', 'humble'), ('LOGNAME', 'murtazam'), ('JOURNAL_STREAM', '8:26481'), ('_', '/usr/bin/colcon'), ('ROS_VERSION', '2'), ('XDG_SESSION_CLASS', 'user'), ('USERNAME', 'murtazam'), ('TERM', 'xterm-256color'), ('GNOME_DESKTOP_SESSION_ID', 'this-is-deprecated'), ('ROS_LOCALHOST_ONLY', '0'), ('PATH', '/opt/ros/humble/bin:/usr/local/sbin:/usr/local/bin:/usr/sbin:/usr/bin:/sbin:/bin:/usr/games:/usr/local/games:/snap/bin:/snap/bin'), ('SESSION_MANAGER', 'local/ubuntu-ros:@/tmp/.ICE-unix/1470,unix/ubuntu-ros:/tmp/.ICE-unix/1470'), ('INVOCATION_ID', '384fef180a9f4fe49658b68bfd104f19'), ('XDG_MENU_PREFIX', 'gnome-'), ('GNOME_SETUP_DISPLAY', ':1'), ('XDG_RUNTIME_DIR', '/run/user/1000'), ('DISPLAY', ':0'), ('TERMINATOR_DBUS_PATH', '/net/tenshu/Terminator2'), ('LANG', 'en_US.UTF-8'), ('XDG_CURRENT_DESKTOP', 'ubuntu:GNOME'), ('IBUS_DISABLE_SNOOPER', '1'), ('XMODIFIERS', '@im=ibus'), ('XDG_SESSION_DESKTOP', 'ubuntu'), ('XAUTHORITY', '/run/user/1000/.mutter-Xwaylandauth.JIL2E3'), ('SSH_AGENT_LAUNCHER', 'gnome-keyring'), ('SSH_AUTH_SOCK', '/run/user/1000/keyring/ssh'), ('AMENT_PREFIX_PATH', '/home/murtazam/ros2_ws/install/ros_python:/home/murtazam/ros2_ws/install/ros_cpp:/home/murtazam/ros2_ws/install/bot_description:/opt/ros/humble'), ('SHELL', '/bin/bash'), ('TERMINATOR_UUID', 'urn:uuid:5b4c43df-0fce-4382-8979-5efd863375c5'), ('QT_ACCESSIBILITY', '1'), ('GDMSESSION', 'ubuntu'), ('GJS_DEBUG_OUTPUT', 'stderr'), ('QT_IM_MODULE', 'ibus'), ('PWD', '/home/murtazam/ros2_ws/build/bot_description'), ('LC_ALL', 'en_US.UTF-8'), ('XDG_CONFIG_DIRS', '/etc/xdg/xdg-ubuntu:/etc/xdg'), ('XDG_DATA_DIRS', '/usr/share/ubuntu:/usr/local/share/:/usr/share/:/var/lib/snapd/desktop'), ('PYTHONPATH', '/home/murtazam/ros2_ws/install/ros_python/lib/python3.10/site-packages:/opt/ros/humble/lib/python3.10/site-packages:/opt/ros/humble/local/lib/python3.10/dist-packages'), ('COLCON', '1'), ('VTE_VERSION', '6800'), ('CMAKE_PREFIX_PATH', '/home/murtazam/ros2_ws/install/ros_cpp:/home/murtazam/ros2_ws/install/bot_description:/home/murtazam/ros2_ws/install/ros_python:/opt/ros/humble')]), 'shell': False}
[0.011920] (ros_cpp) JobProgress: {'identifier': 'ros_cpp', 'progress': 'cmake'}
[0.011934] (ros_cpp) Command: {'cmd': ['/usr/bin/cmake', '/home/murtazam/ros2_ws/src/ros_cpp', '-DCMAKE_INSTALL_PREFIX=/home/murtazam/ros2_ws/install/ros_cpp'], 'cwd': '/home/murtazam/ros2_ws/build/ros_cpp', 'env': OrderedDict([('GJS_DEBUG_TOPICS', 'JS ERROR;JS LOG'), ('USER', 'murtazam'), ('XDG_SESSION_TYPE', 'wayland'), ('SHLVL', '1'), ('LD_LIBRARY_PATH', '/opt/ros/humble/opt/rviz_ogre_vendor/lib:/opt/ros/humble/lib/aarch64-linux-gnu:/opt/ros/humble/lib'), ('HOME', '/home/murtazam'), ('DESKTOP_SESSION', 'ubuntu'), ('GIO_LAUNCHED_DESKTOP_FILE', '/usr/share/applications/terminator.desktop'), ('ROS_PYTHON_VERSION', '3'), ('GNOME_SHELL_SESSION_MODE', 'ubuntu'), ('GTK_MODULES', 'gail:atk-bridge'), ('MANAGERPID', '1383'), ('SYSTEMD_EXEC_PID', '1492'), ('DBUS_SESSION_BUS_ADDRESS', 'unix:path=/run/user/1000/bus'), ('COLORTERM', 'truecolor'), ('TERMINATOR_DBUS_NAME', 'net.tenshu.Terminator25ef4b219e3b005583550f2b0f9f990c3'), ('GIO_LAUNCHED_DESKTOP_FILE_PID', '4357'), ('IM_CONFIG_PHASE', '1'), ('WAYLAND_DISPLAY', 'wayland-0'), ('COLCON_PREFIX_PATH', '/home/murtazam/ros2_ws/install'), ('ROS_DISTRO', 'humble'), ('LOGNAME', 'murtazam'), ('JOURNAL_STREAM', '8:26481'), ('_', '/usr/bin/colcon'), ('ROS_VERSION', '2'), ('XDG_SESSION_CLASS', 'user'), ('USERNAME', 'murtazam'), ('TERM', 'xterm-256color'), ('GNOME_DESKTOP_SESSION_ID', 'this-is-deprecated'), ('ROS_LOCALHOST_ONLY', '0'), ('PATH', '/opt/ros/humble/bin:/usr/local/sbin:/usr/local/bin:/usr/sbin:/usr/bin:/sbin:/bin:/usr/games:/usr/local/games:/snap/bin:/snap/bin'), ('SESSION_MANAGER', 'local/ubuntu-ros:@/tmp/.ICE-unix/1470,unix/ubuntu-ros:/tmp/.ICE-unix/1470'), ('INVOCATION_ID', '384fef180a9f4fe49658b68bfd104f19'), ('XDG_MENU_PREFIX', 'gnome-'), ('GNOME_SETUP_DISPLAY', ':1'), ('XDG_RUNTIME_DIR', '/run/user/1000'), ('DISPLAY', ':0'), ('TERMINATOR_DBUS_PATH', '/net/tenshu/Terminator2'), ('LANG', 'en_US.UTF-8'), ('XDG_CURRENT_DESKTOP', 'ubuntu:GNOME'), ('IBUS_DISABLE_SNOOPER', '1'), ('XMODIFIERS', '@im=ibus'), ('XDG_SESSION_DESKTOP', 'ubuntu'), ('XAUTHORITY', '/run/user/1000/.mutter-Xwaylandauth.JIL2E3'), ('SSH_AGENT_LAUNCHER', 'gnome-keyring'), ('SSH_AUTH_SOCK', '/run/user/1000/keyring/ssh'), ('AMENT_PREFIX_PATH', '/home/murtazam/ros2_ws/install/ros_python:/home/murtazam/ros2_ws/install/ros_cpp:/home/murtazam/ros2_ws/install/bot_description:/opt/ros/humble'), ('SHELL', '/bin/bash'), ('TERMINATOR_UUID', 'urn:uuid:5b4c43df-0fce-4382-8979-5efd863375c5'), ('QT_ACCESSIBILITY', '1'), ('GDMSESSION', 'ubuntu'), ('GJS_DEBUG_OUTPUT', 'stderr'), ('QT_IM_MODULE', 'ibus'), ('PWD', '/home/murtazam/ros2_ws/build/ros_cpp'), ('LC_ALL', 'en_US.UTF-8'), ('XDG_CONFIG_DIRS', '/etc/xdg/xdg-ubuntu:/etc/xdg'), ('XDG_DATA_DIRS', '/usr/share/ubuntu:/usr/local/share/:/usr/share/:/var/lib/snapd/desktop'), ('PYTHONPATH', '/home/murtazam/ros2_ws/install/ros_python/lib/python3.10/site-packages:/opt/ros/humble/lib/python3.10/site-packages:/opt/ros/humble/local/lib/python3.10/dist-packages'), ('COLCON', '1'), ('VTE_VERSION', '6800'), ('CMAKE_PREFIX_PATH', '/home/murtazam/ros2_ws/install/ros_cpp:/home/murtazam/ros2_ws/install/bot_description:/home/murtazam/ros2_ws/install/ros_python:/opt/ros/humble')]), 'shell': False}
[0.036142] (ros_cpp) StdoutLine: {'line': b'-- The C compiler identification is GNU 11.4.0\n'}
[0.059850] (ros_cpp) StdoutLine: {'line': b'-- The CXX compiler identification is GNU 11.4.0\n'}
[0.062967] (ros_cpp) StdoutLine: {'line': b'-- Detecting C compiler ABI info\n'}
[0.097397] (ros_cpp) StdoutLine: {'line': b'-- Detecting C compiler ABI info - done\n'}
[0.097489] (ros_cpp) StdoutLine: {'line': b'-- Check for working C compiler: /usr/bin/cc - skipped\n'}
[0.097519] (ros_cpp) StdoutLine: {'line': b'-- Detecting C compile features\n'}
[0.097545] (ros_cpp) StdoutLine: {'line': b'-- Detecting C compile features - done\n'}
[0.097569] (ros_cpp) StdoutLine: {'line': b'-- Detecting CXX compiler ABI info\n'}
[0.099907] (-) TimerEvent: {}
[0.128225] (ros_cpp) StdoutLine: {'line': b'-- Detecting CXX compiler ABI info - done\n'}
[0.128889] (bot_description) CommandEnded: {'returncode': 0}
[0.129448] (bot_description) JobProgress: {'identifier': 'bot_description', 'progress': 'install'}
[0.131755] (ros_cpp) StdoutLine: {'line': b'-- Check for working CXX compiler: /usr/bin/c++ - skipped\n'}
[0.131940] (ros_cpp) StdoutLine: {'line': b'-- Detecting CXX compile features\n'}
[0.132218] (ros_cpp) StdoutLine: {'line': b'-- Detecting CXX compile features - done\n'}
[0.133331] (bot_description) Command: {'cmd': ['/usr/bin/cmake', '--install', '/home/murtazam/ros2_ws/build/bot_description'], 'cwd': '/home/murtazam/ros2_ws/build/bot_description', 'env': OrderedDict([('GJS_DEBUG_TOPICS', 'JS ERROR;JS LOG'), ('USER', 'murtazam'), ('XDG_SESSION_TYPE', 'wayland'), ('SHLVL', '1'), ('LD_LIBRARY_PATH', '/opt/ros/humble/opt/rviz_ogre_vendor/lib:/opt/ros/humble/lib/aarch64-linux-gnu:/opt/ros/humble/lib'), ('HOME', '/home/murtazam'), ('DESKTOP_SESSION', 'ubuntu'), ('GIO_LAUNCHED_DESKTOP_FILE', '/usr/share/applications/terminator.desktop'), ('ROS_PYTHON_VERSION', '3'), ('GNOME_SHELL_SESSION_MODE', 'ubuntu'), ('GTK_MODULES', 'gail:atk-bridge'), ('MANAGERPID', '1383'), ('SYSTEMD_EXEC_PID', '1492'), ('DBUS_SESSION_BUS_ADDRESS', 'unix:path=/run/user/1000/bus'), ('COLORTERM', 'truecolor'), ('TERMINATOR_DBUS_NAME', 'net.tenshu.Terminator25ef4b219e3b005583550f2b0f9f990c3'), ('GIO_LAUNCHED_DESKTOP_FILE_PID', '4357'), ('IM_CONFIG_PHASE', '1'), ('WAYLAND_DISPLAY', 'wayland-0'), ('COLCON_PREFIX_PATH', '/home/murtazam/ros2_ws/install'), ('ROS_DISTRO', 'humble'), ('LOGNAME', 'murtazam'), ('JOURNAL_STREAM', '8:26481'), ('_', '/usr/bin/colcon'), ('ROS_VERSION', '2'), ('XDG_SESSION_CLASS', 'user'), ('USERNAME', 'murtazam'), ('TERM', 'xterm-256color'), ('GNOME_DESKTOP_SESSION_ID', 'this-is-deprecated'), ('ROS_LOCALHOST_ONLY', '0'), ('PATH', '/opt/ros/humble/bin:/usr/local/sbin:/usr/local/bin:/usr/sbin:/usr/bin:/sbin:/bin:/usr/games:/usr/local/games:/snap/bin:/snap/bin'), ('SESSION_MANAGER', 'local/ubuntu-ros:@/tmp/.ICE-unix/1470,unix/ubuntu-ros:/tmp/.ICE-unix/1470'), ('INVOCATION_ID', '384fef180a9f4fe49658b68bfd104f19'), ('XDG_MENU_PREFIX', 'gnome-'), ('GNOME_SETUP_DISPLAY', ':1'), ('XDG_RUNTIME_DIR', '/run/user/1000'), ('DISPLAY', ':0'), ('TERMINATOR_DBUS_PATH', '/net/tenshu/Terminator2'), ('LANG', 'en_US.UTF-8'), ('XDG_CURRENT_DESKTOP', 'ubuntu:GNOME'), ('IBUS_DISABLE_SNOOPER', '1'), ('XMODIFIERS', '@im=ibus'), ('XDG_SESSION_DESKTOP', 'ubuntu'), ('XAUTHORITY', '/run/user/1000/.mutter-Xwaylandauth.JIL2E3'), ('SSH_AGENT_LAUNCHER', 'gnome-keyring'), ('SSH_AUTH_SOCK', '/run/user/1000/keyring/ssh'), ('AMENT_PREFIX_PATH', '/home/murtazam/ros2_ws/install/ros_python:/home/murtazam/ros2_ws/install/ros_cpp:/home/murtazam/ros2_ws/install/bot_description:/opt/ros/humble'), ('SHELL', '/bin/bash'), ('TERMINATOR_UUID', 'urn:uuid:5b4c43df-0fce-4382-8979-5efd863375c5'), ('QT_ACCESSIBILITY', '1'), ('GDMSESSION', 'ubuntu'), ('GJS_DEBUG_OUTPUT', 'stderr'), ('QT_IM_MODULE', 'ibus'), ('PWD', '/home/murtazam/ros2_ws/build/bot_description'), ('LC_ALL', 'en_US.UTF-8'), ('XDG_CONFIG_DIRS', '/etc/xdg/xdg-ubuntu:/etc/xdg'), ('XDG_DATA_DIRS', '/usr/share/ubuntu:/usr/local/share/:/usr/share/:/var/lib/snapd/desktop'), ('PYTHONPATH', '/home/murtazam/ros2_ws/install/ros_python/lib/python3.10/site-packages:/opt/ros/humble/lib/python3.10/site-packages:/opt/ros/humble/local/lib/python3.10/dist-packages'), ('COLCON', '1'), ('VTE_VERSION', '6800'), ('CMAKE_PREFIX_PATH', '/home/murtazam/ros2_ws/install/ros_cpp:/home/murtazam/ros2_ws/install/bot_description:/home/murtazam/ros2_ws/install/ros_python:/opt/ros/humble')]), 'shell': False}
[0.135989] (ros_cpp) StdoutLine: {'line': b'-- Found ament_cmake: 1.3.12 (/opt/ros/humble/share/ament_cmake/cmake)\n'}
[0.136391] (bot_description) StdoutLine: {'line': b'-- Install configuration: ""\n'}
[0.136590] (bot_description) StdoutLine: {'line': b'-- Up-to-date: /home/murtazam/ros2_ws/install/bot_description/share/bot_description/meshes\n'}
[0.136637] (bot_description) StdoutLine: {'line': b'-- Up-to-date: /home/murtazam/ros2_ws/install/bot_description/share/bot_description/meshes/caster_front_link.STL\n'}
[0.136668] (bot_description) StdoutLine: {'line': b'-- Up-to-date: /home/murtazam/ros2_ws/install/bot_description/share/bot_description/meshes/wheel_right_link.STL\n'}
[0.136709] (bot_description) StdoutLine: {'line': b'-- Up-to-date: /home/murtazam/ros2_ws/install/bot_description/share/bot_description/meshes/imu_link.STL\n'}
[0.137410] (bot_description) StdoutLine: {'line': b'-- Up-to-date: /home/murtazam/ros2_ws/install/bot_description/share/bot_description/meshes/wheel_left_link.STL\n'}
[0.137515] (bot_description) StdoutLine: {'line': b'-- Up-to-date: /home/murtazam/ros2_ws/install/bot_description/share/bot_description/meshes/base_link.STL\n'}
[0.137560] (bot_description) StdoutLine: {'line': b'-- Up-to-date: /home/murtazam/ros2_ws/install/bot_description/share/bot_description/meshes/caster_rear_link.STL\n'}
[0.137734] (bot_description) StdoutLine: {'line': b'-- Up-to-date: /home/murtazam/ros2_ws/install/bot_description/share/bot_description/urdf\n'}
[0.137802] (bot_description) StdoutLine: {'line': b'-- Up-to-date: /home/murtazam/ros2_ws/install/bot_description/share/bot_description/urdf/bot.xacro\n'}
[0.137826] (bot_description) StdoutLine: {'line': b'-- Up-to-date: /home/murtazam/ros2_ws/install/bot_description/share/bot_description/urdf/bot.urdf\n'}
[0.137850] (bot_description) StdoutLine: {'line': b'-- Up-to-date: /home/murtazam/ros2_ws/install/bot_description/share/bot_description/rviz_model\n'}
[0.137873] (bot_description) StdoutLine: {'line': b'-- Up-to-date: /home/murtazam/ros2_ws/install/bot_description/share/bot_description/rviz_model/display.rviz\n'}
[0.137895] (bot_description) StdoutLine: {'line': b'-- Up-to-date: /home/murtazam/ros2_ws/install/bot_description/share/bot_description/launch\n'}
[0.137918] (bot_description) StdoutLine: {'line': b'-- Installing: /home/murtazam/ros2_ws/install/bot_description/share/bot_description/launch/display.launch.py\n'}
[0.137941] (bot_description) StdoutLine: {'line': b'-- Up-to-date: /home/murtazam/ros2_ws/install/bot_description/share/ament_index/resource_index/package_run_dependencies/bot_description\n'}
[0.137965] (bot_description) StdoutLine: {'line': b'-- Up-to-date: /home/murtazam/ros2_ws/install/bot_description/share/ament_index/resource_index/parent_prefix_path/bot_description\n'}
[0.137988] (bot_description) StdoutLine: {'line': b'-- Up-to-date: /home/murtazam/ros2_ws/install/bot_description/share/bot_description/environment/ament_prefix_path.sh\n'}
[0.138011] (bot_description) StdoutLine: {'line': b'-- Up-to-date: /home/murtazam/ros2_ws/install/bot_description/share/bot_description/environment/ament_prefix_path.dsv\n'}
[0.138033] (bot_description) StdoutLine: {'line': b'-- Up-to-date: /home/murtazam/ros2_ws/install/bot_description/share/bot_description/environment/path.sh\n'}
[0.138055] (bot_description) StdoutLine: {'line': b'-- Up-to-date: /home/murtazam/ros2_ws/install/bot_description/share/bot_description/environment/path.dsv\n'}
[0.138078] (bot_description) StdoutLine: {'line': b'-- Up-to-date: /home/murtazam/ros2_ws/install/bot_description/share/bot_description/local_setup.bash\n'}
[0.138099] (bot_description) StdoutLine: {'line': b'-- Up-to-date: /home/murtazam/ros2_ws/install/bot_description/share/bot_description/local_setup.sh\n'}
[0.138122] (bot_description) StdoutLine: {'line': b'-- Up-to-date: /home/murtazam/ros2_ws/install/bot_description/share/bot_description/local_setup.zsh\n'}
[0.138144] (bot_description) StdoutLine: {'line': b'-- Up-to-date: /home/murtazam/ros2_ws/install/bot_description/share/bot_description/local_setup.dsv\n'}
[0.138166] (bot_description) StdoutLine: {'line': b'-- Installing: /home/murtazam/ros2_ws/install/bot_description/share/bot_description/package.dsv\n'}
[0.138189] (bot_description) StdoutLine: {'line': b'-- Up-to-date: /home/murtazam/ros2_ws/install/bot_description/share/ament_index/resource_index/packages/bot_description\n'}
[0.138211] (bot_description) StdoutLine: {'line': b'-- Up-to-date: /home/murtazam/ros2_ws/install/bot_description/share/bot_description/cmake/bot_descriptionConfig.cmake\n'}
[0.138233] (bot_description) StdoutLine: {'line': b'-- Up-to-date: /home/murtazam/ros2_ws/install/bot_description/share/bot_description/cmake/bot_descriptionConfig-version.cmake\n'}
[0.138255] (bot_description) StdoutLine: {'line': b'-- Up-to-date: /home/murtazam/ros2_ws/install/bot_description/share/bot_description/package.xml\n'}
[0.138838] (bot_description) CommandEnded: {'returncode': 0}
[0.146920] (bot_description) JobEnded: {'identifier': 'bot_description', 'rc': 0}
[0.200006] (-) TimerEvent: {}
[0.202997] (ros_cpp) StdoutLine: {'line': b'-- Found Python3: /usr/bin/python3 (found version "3.10.12") found components: Interpreter \n'}
[0.244774] (ros_cpp) StdoutLine: {'line': b'-- Found rclcpp: 16.0.15 (/opt/ros/humble/share/rclcpp/cmake)\n'}
[0.276186] (ros_cpp) StdoutLine: {'line': b'-- Found rosidl_generator_c: 3.1.7 (/opt/ros/humble/share/rosidl_generator_c/cmake)\n'}
[0.280428] (ros_cpp) StdoutLine: {'line': b'-- Found rosidl_adapter: 3.1.7 (/opt/ros/humble/share/rosidl_adapter/cmake)\n'}
[0.286799] (ros_cpp) StdoutLine: {'line': b'-- Found rosidl_generator_cpp: 3.1.7 (/opt/ros/humble/share/rosidl_generator_cpp/cmake)\n'}
[0.289570] (ros_python) Command: {'cmd': ['/usr/bin/python3', '-W', 'ignore:setup.py install is deprecated', '-W', 'ignore:easy_install command is deprecated', 'setup.py', 'egg_info', '--egg-base', '../../build/ros_python', 'build', '--build-base', '/home/murtazam/ros2_ws/build/ros_python/build', 'install', '--record', '/home/murtazam/ros2_ws/build/ros_python/install.log', '--single-version-externally-managed', 'install_data'], 'cwd': '/home/murtazam/ros2_ws/src/ros_python', 'env': {'GJS_DEBUG_TOPICS': 'JS ERROR;JS LOG', 'USER': 'murtazam', 'XDG_SESSION_TYPE': 'wayland', 'SHLVL': '1', 'LD_LIBRARY_PATH': '/opt/ros/humble/opt/rviz_ogre_vendor/lib:/opt/ros/humble/lib/aarch64-linux-gnu:/opt/ros/humble/lib', 'HOME': '/home/murtazam', 'DESKTOP_SESSION': 'ubuntu', 'GIO_LAUNCHED_DESKTOP_FILE': '/usr/share/applications/terminator.desktop', 'ROS_PYTHON_VERSION': '3', 'GNOME_SHELL_SESSION_MODE': 'ubuntu', 'GTK_MODULES': 'gail:atk-bridge', 'MANAGERPID': '1383', 'SYSTEMD_EXEC_PID': '1492', 'DBUS_SESSION_BUS_ADDRESS': 'unix:path=/run/user/1000/bus', 'COLORTERM': 'truecolor', 'TERMINATOR_DBUS_NAME': 'net.tenshu.Terminator25ef4b219e3b005583550f2b0f9f990c3', 'GIO_LAUNCHED_DESKTOP_FILE_PID': '4357', 'IM_CONFIG_PHASE': '1', 'WAYLAND_DISPLAY': 'wayland-0', 'COLCON_PREFIX_PATH': '/home/murtazam/ros2_ws/install', 'ROS_DISTRO': 'humble', 'LOGNAME': 'murtazam', 'JOURNAL_STREAM': '8:26481', '_': '/usr/bin/colcon', 'ROS_VERSION': '2', 'XDG_SESSION_CLASS': 'user', 'USERNAME': 'murtazam', 'TERM': 'xterm-256color', 'GNOME_DESKTOP_SESSION_ID': 'this-is-deprecated', 'ROS_LOCALHOST_ONLY': '0', 'PATH': '/opt/ros/humble/bin:/usr/local/sbin:/usr/local/bin:/usr/sbin:/usr/bin:/sbin:/bin:/usr/games:/usr/local/games:/snap/bin:/snap/bin', 'SESSION_MANAGER': 'local/ubuntu-ros:@/tmp/.ICE-unix/1470,unix/ubuntu-ros:/tmp/.ICE-unix/1470', 'INVOCATION_ID': '384fef180a9f4fe49658b68bfd104f19', 'XDG_MENU_PREFIX': 'gnome-', 'GNOME_SETUP_DISPLAY': ':1', 'XDG_RUNTIME_DIR': '/run/user/1000', 'DISPLAY': ':0', 'TERMINATOR_DBUS_PATH': '/net/tenshu/Terminator2', 'LANG': 'en_US.UTF-8', 'XDG_CURRENT_DESKTOP': 'ubuntu:GNOME', 'IBUS_DISABLE_SNOOPER': '1', 'XMODIFIERS': '@im=ibus', 'XDG_SESSION_DESKTOP': 'ubuntu', 'XAUTHORITY': '/run/user/1000/.mutter-Xwaylandauth.JIL2E3', 'SSH_AGENT_LAUNCHER': 'gnome-keyring', 'SSH_AUTH_SOCK': '/run/user/1000/keyring/ssh', 'AMENT_PREFIX_PATH': '/home/murtazam/ros2_ws/install/ros_python:/home/murtazam/ros2_ws/install/ros_cpp:/home/murtazam/ros2_ws/install/bot_description:/opt/ros/humble', 'SHELL': '/bin/bash', 'TERMINATOR_UUID': 'urn:uuid:5b4c43df-0fce-4382-8979-5efd863375c5', 'QT_ACCESSIBILITY': '1', 'GDMSESSION': 'ubuntu', 'GJS_DEBUG_OUTPUT': 'stderr', 'QT_IM_MODULE': 'ibus', 'PWD': '/home/murtazam/ros2_ws/build/ros_python', 'LC_ALL': 'en_US.UTF-8', 'XDG_CONFIG_DIRS': '/etc/xdg/xdg-ubuntu:/etc/xdg', 'XDG_DATA_DIRS': '/usr/share/ubuntu:/usr/local/share/:/usr/share/:/var/lib/snapd/desktop', 'PYTHONPATH': '/home/murtazam/ros2_ws/build/ros_python/prefix_override:/usr/lib/python3/dist-packages/colcon_core/task/python/colcon_distutils_commands:/home/murtazam/ros2_ws/install/ros_python/lib/python3.10/site-packages:/home/murtazam/ros2_ws/install/ros_python/lib/python3.10/site-packages:/opt/ros/humble/lib/python3.10/site-packages:/opt/ros/humble/local/lib/python3.10/dist-packages', 'COLCON': '1', 'VTE_VERSION': '6800', 'CMAKE_PREFIX_PATH': '/home/murtazam/ros2_ws/install/ros_cpp:/home/murtazam/ros2_ws/install/bot_description'}, 'shell': False}
[0.295558] (ros_cpp) StdoutLine: {'line': b'-- Using all available rosidl_typesupport_c: rosidl_typesupport_fastrtps_c;rosidl_typesupport_introspection_c\n'}
[0.300098] (-) TimerEvent: {}
[0.306134] (ros_cpp) StdoutLine: {'line': b'-- Using all available rosidl_typesupport_cpp: rosidl_typesupport_fastrtps_cpp;rosidl_typesupport_introspection_cpp\n'}
[0.337343] (ros_cpp) StdoutLine: {'line': b'-- Found rmw_implementation_cmake: 6.1.2 (/opt/ros/humble/share/rmw_implementation_cmake/cmake)\n'}
[0.339596] (ros_cpp) StdoutLine: {'line': b'-- Found rmw_fastrtps_cpp: 6.2.8 (/opt/ros/humble/share/rmw_fastrtps_cpp/cmake)\n'}
[0.381503] (ros_cpp) StdoutLine: {'line': b'-- Found OpenSSL: /usr/lib/aarch64-linux-gnu/libcrypto.so (found version "3.0.2")  \n'}
[0.390630] (ros_python) StdoutLine: {'line': b'running egg_info\n'}
[0.390902] (ros_python) StdoutLine: {'line': b'creating ../../build/ros_python/ros_python.egg-info\n'}
[0.391041] (ros_python) StdoutLine: {'line': b'writing ../../build/ros_python/ros_python.egg-info/PKG-INFO\n'}
[0.391179] (ros_python) StdoutLine: {'line': b'writing dependency_links to ../../build/ros_python/ros_python.egg-info/dependency_links.txt\n'}
[0.391208] (ros_python) StdoutLine: {'line': b'writing entry points to ../../build/ros_python/ros_python.egg-info/entry_points.txt\n'}
[0.391288] (ros_python) StdoutLine: {'line': b'writing requirements to ../../build/ros_python/ros_python.egg-info/requires.txt\n'}
[0.391380] (ros_python) StdoutLine: {'line': b'writing top-level names to ../../build/ros_python/ros_python.egg-info/top_level.txt\n'}
[0.391410] (ros_python) StdoutLine: {'line': b"writing manifest file '../../build/ros_python/ros_python.egg-info/SOURCES.txt'\n"}
[0.392067] (ros_python) StdoutLine: {'line': b"reading manifest file '../../build/ros_python/ros_python.egg-info/SOURCES.txt'\n"}
[0.392447] (ros_python) StdoutLine: {'line': b"writing manifest file '../../build/ros_python/ros_python.egg-info/SOURCES.txt'\n"}
[0.392513] (ros_python) StdoutLine: {'line': b'running build\n'}
[0.392564] (ros_python) StdoutLine: {'line': b'running build_py\n'}
[0.392715] (ros_python) StdoutLine: {'line': b'creating /home/murtazam/ros2_ws/build/ros_python/build\n'}
[0.392743] (ros_python) StdoutLine: {'line': b'creating /home/murtazam/ros2_ws/build/ros_python/build/lib\n'}
[0.392792] (ros_python) StdoutLine: {'line': b'creating /home/murtazam/ros2_ws/build/ros_python/build/lib/ros_python\n'}
[0.392844] (ros_python) StdoutLine: {'line': b'copying ros_python/parameter.py -> /home/murtazam/ros2_ws/build/ros_python/build/lib/ros_python\n'}
[0.392873] (ros_python) StdoutLine: {'line': b'copying ros_python/subscriber.py -> /home/murtazam/ros2_ws/build/ros_python/build/lib/ros_python\n'}
[0.392896] (ros_python) StdoutLine: {'line': b'copying ros_python/__init__.py -> /home/murtazam/ros2_ws/build/ros_python/build/lib/ros_python\n'}
[0.392953] (ros_python) StdoutLine: {'line': b'copying ros_python/publisher.py -> /home/murtazam/ros2_ws/build/ros_python/build/lib/ros_python\n'}
[0.392980] (ros_python) StdoutLine: {'line': b'running install\n'}
[0.393094] (ros_python) StdoutLine: {'line': b'running install_lib\n'}
[0.393369] (ros_python) StdoutLine: {'line': b'creating /home/murtazam/ros2_ws/install/ros_python/lib/python3.10/site-packages/ros_python\n'}
[0.393426] (ros_python) StdoutLine: {'line': b'copying /home/murtazam/ros2_ws/build/ros_python/build/lib/ros_python/parameter.py -> /home/murtazam/ros2_ws/install/ros_python/lib/python3.10/site-packages/ros_python\n'}
[0.393527] (ros_python) StdoutLine: {'line': b'copying /home/murtazam/ros2_ws/build/ros_python/build/lib/ros_python/subscriber.py -> /home/murtazam/ros2_ws/install/ros_python/lib/python3.10/site-packages/ros_python\n'}
[0.393550] (ros_python) StdoutLine: {'line': b'copying /home/murtazam/ros2_ws/build/ros_python/build/lib/ros_python/__init__.py -> /home/murtazam/ros2_ws/install/ros_python/lib/python3.10/site-packages/ros_python\n'}
[0.393577] (ros_python) StdoutLine: {'line': b'copying /home/murtazam/ros2_ws/build/ros_python/build/lib/ros_python/publisher.py -> /home/murtazam/ros2_ws/install/ros_python/lib/python3.10/site-packages/ros_python\n'}
[0.393729] (ros_python) StdoutLine: {'line': b'byte-compiling /home/murtazam/ros2_ws/install/ros_python/lib/python3.10/site-packages/ros_python/parameter.py to parameter.cpython-310.pyc\n'}
[0.393954] (ros_python) StdoutLine: {'line': b'byte-compiling /home/murtazam/ros2_ws/install/ros_python/lib/python3.10/site-packages/ros_python/subscriber.py to subscriber.cpython-310.pyc\n'}
[0.394073] (ros_python) StdoutLine: {'line': b'byte-compiling /home/murtazam/ros2_ws/install/ros_python/lib/python3.10/site-packages/ros_python/__init__.py to __init__.cpython-310.pyc\n'}
[0.394145] (ros_python) StdoutLine: {'line': b'byte-compiling /home/murtazam/ros2_ws/install/ros_python/lib/python3.10/site-packages/ros_python/publisher.py to publisher.cpython-310.pyc\n'}
[0.394289] (ros_python) StdoutLine: {'line': b'running install_data\n'}
[0.394462] (ros_python) StdoutLine: {'line': b'creating /home/murtazam/ros2_ws/install/ros_python/share/ament_index\n'}
[0.394515] (ros_python) StdoutLine: {'line': b'creating /home/murtazam/ros2_ws/install/ros_python/share/ament_index/resource_index\n'}
[0.394540] (ros_python) StdoutLine: {'line': b'creating /home/murtazam/ros2_ws/install/ros_python/share/ament_index/resource_index/packages\n'}
[0.394562] (ros_python) StdoutLine: {'line': b'copying resource/ros_python -> /home/murtazam/ros2_ws/install/ros_python/share/ament_index/resource_index/packages\n'}
[0.394584] (ros_python) StdoutLine: {'line': b'copying package.xml -> /home/murtazam/ros2_ws/install/ros_python/share/ros_python\n'}
[0.394606] (ros_python) StdoutLine: {'line': b'running install_egg_info\n'}
[0.395379] (ros_python) StdoutLine: {'line': b'Copying ../../build/ros_python/ros_python.egg-info to /home/murtazam/ros2_ws/install/ros_python/lib/python3.10/site-packages/ros_python-0.0.0-py3.10.egg-info\n'}
[0.395739] (ros_python) StdoutLine: {'line': b'running install_scripts\n'}
[0.396021] (ros_cpp) StdoutLine: {'line': b'-- Found FastRTPS: /opt/ros/humble/include  \n'}
[0.400169] (-) TimerEvent: {}
[0.404692] (ros_python) StdoutLine: {'line': b'Installing parameter script to /home/murtazam/ros2_ws/install/ros_python/lib/ros_python\n'}
[0.404796] (ros_python) StdoutLine: {'line': b'Installing publisher script to /home/murtazam/ros2_ws/install/ros_python/lib/ros_python\n'}
[0.404849] (ros_python) StdoutLine: {'line': b'Installing subscriber script to /home/murtazam/ros2_ws/install/ros_python/lib/ros_python\n'}
[0.404873] (ros_python) StdoutLine: {'line': b"writing list of installed files to '/home/murtazam/ros2_ws/build/ros_python/install.log'\n"}
[0.416059] (ros_python) CommandEnded: {'returncode': 0}
[0.418217] (ros_cpp) StdoutLine: {'line': b"-- Using RMW implementation 'rmw_fastrtps_cpp' as default\n"}
[0.419230] (ros_python) JobEnded: {'identifier': 'ros_python', 'rc': 0}
[0.425134] (ros_cpp) StdoutLine: {'line': b'-- Looking for pthread.h\n'}
[0.459288] (ros_cpp) StdoutLine: {'line': b'-- Looking for pthread.h - found\n'}
[0.459466] (ros_cpp) StdoutLine: {'line': b'-- Performing Test CMAKE_HAVE_LIBC_PTHREAD\n'}
[0.494040] (ros_cpp) StdoutLine: {'line': b'-- Performing Test CMAKE_HAVE_LIBC_PTHREAD - Success\n'}
[0.494710] (ros_cpp) StdoutLine: {'line': b'-- Found Threads: TRUE  \n'}
[0.500258] (-) TimerEvent: {}
[0.531464] (ros_cpp) StdoutLine: {'line': b'-- Found ament_lint_auto: 0.12.14 (/opt/ros/humble/share/ament_lint_auto/cmake)\n'}
[0.573663] (ros_cpp) StdoutLine: {'line': b"-- Added test 'copyright' to check source files copyright and LICENSE\n"}
[0.574093] (ros_cpp) StdoutLine: {'line': b"-- Added test 'cppcheck' to perform static code analysis on C / C++ code\n"}
[0.574460] (ros_cpp) StdoutLine: {'line': b'-- Configured cppcheck include dirs: \n'}
[0.574500] (ros_cpp) StdoutLine: {'line': b'-- Configured cppcheck exclude dirs and/or files: \n'}
[0.574916] (ros_cpp) StdoutLine: {'line': b"-- Added test 'cpplint' to check C / C++ code against the Google style\n"}
[0.574983] (ros_cpp) StdoutLine: {'line': b'-- Configured cpplint exclude dirs and/or files: \n'}
[0.575220] (ros_cpp) StdoutLine: {'line': b"-- Added test 'lint_cmake' to check CMake code style\n"}
[0.575597] (ros_cpp) StdoutLine: {'line': b"-- Added test 'uncrustify' to check C / C++ code style\n"}
[0.575627] (ros_cpp) StdoutLine: {'line': b'-- Configured uncrustify additional arguments: \n'}
[0.575779] (ros_cpp) StdoutLine: {'line': b"-- Added test 'xmllint' to check XML markup files\n"}
[0.576319] (ros_cpp) StdoutLine: {'line': b'-- Configuring done\n'}
[0.581578] (ros_cpp) StdoutLine: {'line': b'-- Generating done\n'}
[0.583982] (ros_cpp) StdoutLine: {'line': b'-- Build files have been written to: /home/murtazam/ros2_ws/build/ros_cpp\n'}
[0.588877] (ros_cpp) CommandEnded: {'returncode': 0}
[0.589071] (ros_cpp) JobProgress: {'identifier': 'ros_cpp', 'progress': 'build'}
[0.589083] (ros_cpp) Command: {'cmd': ['/usr/bin/cmake', '--build', '/home/murtazam/ros2_ws/build/ros_cpp', '--', '-j5', '-l5'], 'cwd': '/home/murtazam/ros2_ws/build/ros_cpp', 'env': OrderedDict([('GJS_DEBUG_TOPICS', 'JS ERROR;JS LOG'), ('USER', 'murtazam'), ('XDG_SESSION_TYPE', 'wayland'), ('SHLVL', '1'), ('LD_LIBRARY_PATH', '/opt/ros/humble/opt/rviz_ogre_vendor/lib:/opt/ros/humble/lib/aarch64-linux-gnu:/opt/ros/humble/lib'), ('HOME', '/home/murtazam'), ('DESKTOP_SESSION', 'ubuntu'), ('GIO_LAUNCHED_DESKTOP_FILE', '/usr/share/applications/terminator.desktop'), ('ROS_PYTHON_VERSION', '3'), ('GNOME_SHELL_SESSION_MODE', 'ubuntu'), ('GTK_MODULES', 'gail:atk-bridge'), ('MANAGERPID', '1383'), ('SYSTEMD_EXEC_PID', '1492'), ('DBUS_SESSION_BUS_ADDRESS', 'unix:path=/run/user/1000/bus'), ('COLORTERM', 'truecolor'), ('TERMINATOR_DBUS_NAME', 'net.tenshu.Terminator25ef4b219e3b005583550f2b0f9f990c3'), ('GIO_LAUNCHED_DESKTOP_FILE_PID', '4357'), ('IM_CONFIG_PHASE', '1'), ('WAYLAND_DISPLAY', 'wayland-0'), ('COLCON_PREFIX_PATH', '/home/murtazam/ros2_ws/install'), ('ROS_DISTRO', 'humble'), ('LOGNAME', 'murtazam'), ('JOURNAL_STREAM', '8:26481'), ('_', '/usr/bin/colcon'), ('ROS_VERSION', '2'), ('XDG_SESSION_CLASS', 'user'), ('USERNAME', 'murtazam'), ('TERM', 'xterm-256color'), ('GNOME_DESKTOP_SESSION_ID', 'this-is-deprecated'), ('ROS_LOCALHOST_ONLY', '0'), ('PATH', '/opt/ros/humble/bin:/usr/local/sbin:/usr/local/bin:/usr/sbin:/usr/bin:/sbin:/bin:/usr/games:/usr/local/games:/snap/bin:/snap/bin'), ('SESSION_MANAGER', 'local/ubuntu-ros:@/tmp/.ICE-unix/1470,unix/ubuntu-ros:/tmp/.ICE-unix/1470'), ('INVOCATION_ID', '384fef180a9f4fe49658b68bfd104f19'), ('XDG_MENU_PREFIX', 'gnome-'), ('GNOME_SETUP_DISPLAY', ':1'), ('XDG_RUNTIME_DIR', '/run/user/1000'), ('DISPLAY', ':0'), ('TERMINATOR_DBUS_PATH', '/net/tenshu/Terminator2'), ('LANG', 'en_US.UTF-8'), ('XDG_CURRENT_DESKTOP', 'ubuntu:GNOME'), ('IBUS_DISABLE_SNOOPER', '1'), ('XMODIFIERS', '@im=ibus'), ('XDG_SESSION_DESKTOP', 'ubuntu'), ('XAUTHORITY', '/run/user/1000/.mutter-Xwaylandauth.JIL2E3'), ('SSH_AGENT_LAUNCHER', 'gnome-keyring'), ('SSH_AUTH_SOCK', '/run/user/1000/keyring/ssh'), ('AMENT_PREFIX_PATH', '/home/murtazam/ros2_ws/install/ros_python:/home/murtazam/ros2_ws/install/ros_cpp:/home/murtazam/ros2_ws/install/bot_description:/opt/ros/humble'), ('SHELL', '/bin/bash'), ('TERMINATOR_UUID', 'urn:uuid:5b4c43df-0fce-4382-8979-5efd863375c5'), ('QT_ACCESSIBILITY', '1'), ('GDMSESSION', 'ubuntu'), ('GJS_DEBUG_OUTPUT', 'stderr'), ('QT_IM_MODULE', 'ibus'), ('PWD', '/home/murtazam/ros2_ws/build/ros_cpp'), ('LC_ALL', 'en_US.UTF-8'), ('XDG_CONFIG_DIRS', '/etc/xdg/xdg-ubuntu:/etc/xdg'), ('XDG_DATA_DIRS', '/usr/share/ubuntu:/usr/local/share/:/usr/share/:/var/lib/snapd/desktop'), ('PYTHONPATH', '/home/murtazam/ros2_ws/install/ros_python/lib/python3.10/site-packages:/opt/ros/humble/lib/python3.10/site-packages:/opt/ros/humble/local/lib/python3.10/dist-packages'), ('COLCON', '1'), ('VTE_VERSION', '6800'), ('CMAKE_PREFIX_PATH', '/home/murtazam/ros2_ws/install/ros_cpp:/home/murtazam/ros2_ws/install/bot_description:/home/murtazam/ros2_ws/install/ros_python:/opt/ros/humble')]), 'shell': False}
[0.600375] (-) TimerEvent: {}
[0.610471] (ros_cpp) StdoutLine: {'line': b'[ 25%] \x1b[32mBuilding CXX object CMakeFiles/subscriber.dir/src/subscriber.cpp.o\x1b[0m\n'}
[0.613559] (ros_cpp) StdoutLine: {'line': b'[ 50%] \x1b[32mBuilding CXX object CMakeFiles/publisher.dir/src/publisher.cpp.o\x1b[0m\n'}
[0.700501] (-) TimerEvent: {}
[0.800796] (-) TimerEvent: {}
[0.901049] (-) TimerEvent: {}
[1.002409] (-) TimerEvent: {}
[1.102658] (-) TimerEvent: {}
[1.203291] (-) TimerEvent: {}
[1.305645] (-) TimerEvent: {}
[1.406722] (-) TimerEvent: {}
[1.507274] (-) TimerEvent: {}
[1.607516] (-) TimerEvent: {}
[1.708784] (-) TimerEvent: {}
[1.812031] (-) TimerEvent: {}
[1.912284] (-) TimerEvent: {}
[2.013033] (-) TimerEvent: {}
[2.113960] (-) TimerEvent: {}
[2.215995] (-) TimerEvent: {}
[2.316237] (-) TimerEvent: {}
[2.416562] (-) TimerEvent: {}
[2.516835] (-) TimerEvent: {}
[2.518158] (ros_cpp) StdoutLine: {'line': b'[ 75%] \x1b[32m\x1b[1mLinking CXX executable publisher\x1b[0m\n'}
[2.604779] (ros_cpp) StdoutLine: {'line': b'[ 75%] Built target publisher\n'}
[2.616916] (-) TimerEvent: {}
[2.721465] (-) TimerEvent: {}
[2.821695] (-) TimerEvent: {}
[2.926465] (-) TimerEvent: {}
[3.026956] (-) TimerEvent: {}
[3.128676] (-) TimerEvent: {}
[3.228883] (-) TimerEvent: {}
[3.333430] (-) TimerEvent: {}
[3.433638] (-) TimerEvent: {}
[3.533876] (-) TimerEvent: {}
[3.634095] (-) TimerEvent: {}
[3.735663] (-) TimerEvent: {}
[3.839456] (-) TimerEvent: {}
[3.850124] (ros_cpp) StdoutLine: {'line': b'[100%] \x1b[32m\x1b[1mLinking CXX executable subscriber\x1b[0m\n'}
[3.939569] (-) TimerEvent: {}
[4.018443] (ros_cpp) StdoutLine: {'line': b'[100%] Built target subscriber\n'}
[4.022270] (ros_cpp) CommandEnded: {'returncode': 0}
[4.022629] (ros_cpp) JobProgress: {'identifier': 'ros_cpp', 'progress': 'install'}
[4.023085] (ros_cpp) Command: {'cmd': ['/usr/bin/cmake', '--install', '/home/murtazam/ros2_ws/build/ros_cpp'], 'cwd': '/home/murtazam/ros2_ws/build/ros_cpp', 'env': OrderedDict([('GJS_DEBUG_TOPICS', 'JS ERROR;JS LOG'), ('USER', 'murtazam'), ('XDG_SESSION_TYPE', 'wayland'), ('SHLVL', '1'), ('LD_LIBRARY_PATH', '/opt/ros/humble/opt/rviz_ogre_vendor/lib:/opt/ros/humble/lib/aarch64-linux-gnu:/opt/ros/humble/lib'), ('HOME', '/home/murtazam'), ('DESKTOP_SESSION', 'ubuntu'), ('GIO_LAUNCHED_DESKTOP_FILE', '/usr/share/applications/terminator.desktop'), ('ROS_PYTHON_VERSION', '3'), ('GNOME_SHELL_SESSION_MODE', 'ubuntu'), ('GTK_MODULES', 'gail:atk-bridge'), ('MANAGERPID', '1383'), ('SYSTEMD_EXEC_PID', '1492'), ('DBUS_SESSION_BUS_ADDRESS', 'unix:path=/run/user/1000/bus'), ('COLORTERM', 'truecolor'), ('TERMINATOR_DBUS_NAME', 'net.tenshu.Terminator25ef4b219e3b005583550f2b0f9f990c3'), ('GIO_LAUNCHED_DESKTOP_FILE_PID', '4357'), ('IM_CONFIG_PHASE', '1'), ('WAYLAND_DISPLAY', 'wayland-0'), ('COLCON_PREFIX_PATH', '/home/murtazam/ros2_ws/install'), ('ROS_DISTRO', 'humble'), ('LOGNAME', 'murtazam'), ('JOURNAL_STREAM', '8:26481'), ('_', '/usr/bin/colcon'), ('ROS_VERSION', '2'), ('XDG_SESSION_CLASS', 'user'), ('USERNAME', 'murtazam'), ('TERM', 'xterm-256color'), ('GNOME_DESKTOP_SESSION_ID', 'this-is-deprecated'), ('ROS_LOCALHOST_ONLY', '0'), ('PATH', '/opt/ros/humble/bin:/usr/local/sbin:/usr/local/bin:/usr/sbin:/usr/bin:/sbin:/bin:/usr/games:/usr/local/games:/snap/bin:/snap/bin'), ('SESSION_MANAGER', 'local/ubuntu-ros:@/tmp/.ICE-unix/1470,unix/ubuntu-ros:/tmp/.ICE-unix/1470'), ('INVOCATION_ID', '384fef180a9f4fe49658b68bfd104f19'), ('XDG_MENU_PREFIX', 'gnome-'), ('GNOME_SETUP_DISPLAY', ':1'), ('XDG_RUNTIME_DIR', '/run/user/1000'), ('DISPLAY', ':0'), ('TERMINATOR_DBUS_PATH', '/net/tenshu/Terminator2'), ('LANG', 'en_US.UTF-8'), ('XDG_CURRENT_DESKTOP', 'ubuntu:GNOME'), ('IBUS_DISABLE_SNOOPER', '1'), ('XMODIFIERS', '@im=ibus'), ('XDG_SESSION_DESKTOP', 'ubuntu'), ('XAUTHORITY', '/run/user/1000/.mutter-Xwaylandauth.JIL2E3'), ('SSH_AGENT_LAUNCHER', 'gnome-keyring'), ('SSH_AUTH_SOCK', '/run/user/1000/keyring/ssh'), ('AMENT_PREFIX_PATH', '/home/murtazam/ros2_ws/install/ros_python:/home/murtazam/ros2_ws/install/ros_cpp:/home/murtazam/ros2_ws/install/bot_description:/opt/ros/humble'), ('SHELL', '/bin/bash'), ('TERMINATOR_UUID', 'urn:uuid:5b4c43df-0fce-4382-8979-5efd863375c5'), ('QT_ACCESSIBILITY', '1'), ('GDMSESSION', 'ubuntu'), ('GJS_DEBUG_OUTPUT', 'stderr'), ('QT_IM_MODULE', 'ibus'), ('PWD', '/home/murtazam/ros2_ws/build/ros_cpp'), ('LC_ALL', 'en_US.UTF-8'), ('XDG_CONFIG_DIRS', '/etc/xdg/xdg-ubuntu:/etc/xdg'), ('XDG_DATA_DIRS', '/usr/share/ubuntu:/usr/local/share/:/usr/share/:/var/lib/snapd/desktop'), ('PYTHONPATH', '/home/murtazam/ros2_ws/install/ros_python/lib/python3.10/site-packages:/opt/ros/humble/lib/python3.10/site-packages:/opt/ros/humble/local/lib/python3.10/dist-packages'), ('COLCON', '1'), ('VTE_VERSION', '6800'), ('CMAKE_PREFIX_PATH', '/home/murtazam/ros2_ws/install/ros_cpp:/home/murtazam/ros2_ws/install/bot_description:/home/murtazam/ros2_ws/install/ros_python:/opt/ros/humble')]), 'shell': False}
[4.025441] (ros_cpp) StdoutLine: {'line': b'-- Install configuration: ""\n'}
[4.025565] (ros_cpp) StdoutLine: {'line': b'-- Installing: /home/murtazam/ros2_ws/install/ros_cpp/lib/ros_cpp/publisher\n'}
[4.026150] (ros_cpp) StdoutLine: {'line': b'-- Set runtime path of "/home/murtazam/ros2_ws/install/ros_cpp/lib/ros_cpp/publisher" to ""\n'}
[4.026215] (ros_cpp) StdoutLine: {'line': b'-- Installing: /home/murtazam/ros2_ws/install/ros_cpp/lib/ros_cpp/subscriber\n'}
[4.027622] (ros_cpp) StdoutLine: {'line': b'-- Set runtime path of "/home/murtazam/ros2_ws/install/ros_cpp/lib/ros_cpp/subscriber" to ""\n'}
[4.027740] (ros_cpp) StdoutLine: {'line': b'-- Installing: /home/murtazam/ros2_ws/install/ros_cpp/share/ament_index/resource_index/package_run_dependencies/ros_cpp\n'}
[4.027838] (ros_cpp) StdoutLine: {'line': b'-- Installing: /home/murtazam/ros2_ws/install/ros_cpp/share/ament_index/resource_index/parent_prefix_path/ros_cpp\n'}
[4.027969] (ros_cpp) StdoutLine: {'line': b'-- Installing: /home/murtazam/ros2_ws/install/ros_cpp/share/ros_cpp/environment/ament_prefix_path.sh\n'}
[4.028105] (ros_cpp) StdoutLine: {'line': b'-- Installing: /home/murtazam/ros2_ws/install/ros_cpp/share/ros_cpp/environment/ament_prefix_path.dsv\n'}
[4.028251] (ros_cpp) StdoutLine: {'line': b'-- Installing: /home/murtazam/ros2_ws/install/ros_cpp/share/ros_cpp/environment/path.sh\n'}
[4.028323] (ros_cpp) StdoutLine: {'line': b'-- Installing: /home/murtazam/ros2_ws/install/ros_cpp/share/ros_cpp/environment/path.dsv\n'}
[4.028394] (ros_cpp) StdoutLine: {'line': b'-- Installing: /home/murtazam/ros2_ws/install/ros_cpp/share/ros_cpp/local_setup.bash\n'}
[4.028424] (ros_cpp) StdoutLine: {'line': b'-- Installing: /home/murtazam/ros2_ws/install/ros_cpp/share/ros_cpp/local_setup.sh\n'}
[4.028457] (ros_cpp) StdoutLine: {'line': b'-- Installing: /home/murtazam/ros2_ws/install/ros_cpp/share/ros_cpp/local_setup.zsh\n'}
[4.028488] (ros_cpp) StdoutLine: {'line': b'-- Installing: /home/murtazam/ros2_ws/install/ros_cpp/share/ros_cpp/local_setup.dsv\n'}
[4.028564] (ros_cpp) StdoutLine: {'line': b'-- Installing: /home/murtazam/ros2_ws/install/ros_cpp/share/ros_cpp/package.dsv\n'}
[4.028588] (ros_cpp) StdoutLine: {'line': b'-- Installing: /home/murtazam/ros2_ws/install/ros_cpp/share/ament_index/resource_index/packages/ros_cpp\n'}
[4.028621] (ros_cpp) StdoutLine: {'line': b'-- Installing: /home/murtazam/ros2_ws/install/ros_cpp/share/ros_cpp/cmake/ros_cppConfig.cmake\n'}
[4.028656] (ros_cpp) StdoutLine: {'line': b'-- Installing: /home/murtazam/ros2_ws/install/ros_cpp/share/ros_cpp/cmake/ros_cppConfig-version.cmake\n'}
[4.028754] (ros_cpp) StdoutLine: {'line': b'-- Installing: /home/murtazam/ros2_ws/install/ros_cpp/share/ros_cpp/package.xml\n'}
[4.029727] (ros_cpp) CommandEnded: {'returncode': 0}
[4.035769] (ros_cpp) JobEnded: {'identifier': 'ros_cpp', 'rc': 0}
[4.036240] (-) EventReactorShutdown: {}
