[0.384s] Invoking command in '/home/mehmet/ros/src/ros_python': PYTHONPATH=/home/mehmet/ros/build/ros_python/prefix_override:/usr/lib/python3/dist-packages/colcon_core/task/python/colcon_distutils_commands:/home/mehmet/ros/install/ros_python/lib/python3.10/site-packages:${PYTHONPATH} /usr/bin/python3 -W ignore:setup.py install is deprecated -W ignore:easy_install command is deprecated setup.py egg_info --egg-base ../../build/ros_python build --build-base /home/mehmet/ros/build/ros_python/build install --record /home/mehmet/ros/build/ros_python/install.log --single-version-externally-managed install_data
[0.521s] running egg_info
[0.521s] writing ../../build/ros_python/ros_python.egg-info/PKG-INFO
[0.521s] writing dependency_links to ../../build/ros_python/ros_python.egg-info/dependency_links.txt
[0.521s] writing entry points to ../../build/ros_python/ros_python.egg-info/entry_points.txt
[0.521s] writing requirements to ../../build/ros_python/ros_python.egg-info/requires.txt
[0.521s] writing top-level names to ../../build/ros_python/ros_python.egg-info/top_level.txt
[0.522s] reading manifest file '../../build/ros_python/ros_python.egg-info/SOURCES.txt'
[0.524s] writing manifest file '../../build/ros_python/ros_python.egg-info/SOURCES.txt'
[0.524s] running build
[0.524s] running build_py
[0.524s] copying ros_python/tf_kinematics.py -> /home/mehmet/ros/build/ros_python/build/lib/ros_python
[0.524s] running install
[0.524s] running install_lib
[0.525s] copying /home/mehmet/ros/build/ros_python/build/lib/ros_python/tf_kinematics.py -> /home/mehmet/ros/install/ros_python/lib/python3.10/site-packages/ros_python
[0.525s] byte-compiling /home/mehmet/ros/install/ros_python/lib/python3.10/site-packages/ros_python/tf_kinematics.py to tf_kinematics.cpython-310.pyc
[0.526s] running install_data
[0.526s] running install_egg_info
[0.527s] removing '/home/mehmet/ros/install/ros_python/lib/python3.10/site-packages/ros_python-0.0.0-py3.10.egg-info' (and everything under it)
[0.527s] Copying ../../build/ros_python/ros_python.egg-info to /home/mehmet/ros/install/ros_python/lib/python3.10/site-packages/ros_python-0.0.0-py3.10.egg-info
[0.528s] running install_scripts
[0.540s] Installing parameter script to /home/mehmet/ros/install/ros_python/lib/ros_python
[0.540s] Installing publisher script to /home/mehmet/ros/install/ros_python/lib/ros_python
[0.540s] Installing subscriber script to /home/mehmet/ros/install/ros_python/lib/ros_python
[0.540s] Installing tf_kinematics script to /home/mehmet/ros/install/ros_python/lib/ros_python
[0.540s] Installing turtlesim_kinematics script to /home/mehmet/ros/install/ros_python/lib/ros_python
[0.541s] writing list of installed files to '/home/mehmet/ros/build/ros_python/install.log'
[0.556s] Invoked command in '/home/mehmet/ros/src/ros_python' returned '0': PYTHONPATH=/home/mehmet/ros/build/ros_python/prefix_override:/usr/lib/python3/dist-packages/colcon_core/task/python/colcon_distutils_commands:/home/mehmet/ros/install/ros_python/lib/python3.10/site-packages:${PYTHONPATH} /usr/bin/python3 -W ignore:setup.py install is deprecated -W ignore:easy_install command is deprecated setup.py egg_info --egg-base ../../build/ros_python build --build-base /home/mehmet/ros/build/ros_python/build install --record /home/mehmet/ros/build/ros_python/install.log --single-version-externally-managed install_data
