[0.018s] Invoking command in '/home/mehmet/ros/build/bot_msgs': CMAKE_PREFIX_PATH=${CMAKE_PREFIX_PATH}:/home/mehmet/ros/install/ros_python:/opt/ros/humble /usr/bin/cmake --build /home/mehmet/ros/build/bot_msgs -- -j16 -l16
[0.061s] [ 10%] Built target bot_msgs__rosidl_generator_c
[0.062s] [ 12%] Built target bot_msgs__cpp
[0.076s] [ 12%] Built target ament_cmake_python_copy_bot_msgs
[0.084s] [ 23%] Built target bot_msgs__rosidl_typesupport_introspection_c
[0.084s] [ 33%] Built target bot_msgs__rosidl_typesupport_c
[0.086s] [ 43%] Built target bot_msgs__rosidl_typesupport_fastrtps_cpp
[0.086s] [ 53%] Built target bot_msgs__rosidl_typesupport_fastrtps_c
[0.087s] [ 64%] Built target bot_msgs__rosidl_typesupport_cpp
[0.088s] [ 74%] Built target bot_msgs__rosidl_typesupport_introspection_cpp
[0.108s] [ 74%] Built target bot_msgs
[0.132s] [ 76%] Built target bot_msgs__py
[0.156s] [ 84%] Built target bot_msgs__rosidl_generator_py
[0.179s] [ 89%] Built target bot_msgs__rosidl_typesupport_c__pyext
[0.179s] [ 94%] Built target bot_msgs__rosidl_typesupport_introspection_c__pyext
[0.180s] [100%] Built target bot_msgs__rosidl_typesupport_fastrtps_c__pyext
[0.314s] running egg_info
[0.314s] writing bot_msgs.egg-info/PKG-INFO
[0.315s] writing dependency_links to bot_msgs.egg-info/dependency_links.txt
[0.315s] writing top-level names to bot_msgs.egg-info/top_level.txt
[0.317s] reading manifest file 'bot_msgs.egg-info/SOURCES.txt'
[0.317s] writing manifest file 'bot_msgs.egg-info/SOURCES.txt'
[0.346s] [100%] Built target ament_cmake_python_build_bot_msgs_egg
[0.357s] Invoked command in '/home/mehmet/ros/build/bot_msgs' returned '0': CMAKE_PREFIX_PATH=${CMAKE_PREFIX_PATH}:/home/mehmet/ros/install/ros_python:/opt/ros/humble /usr/bin/cmake --build /home/mehmet/ros/build/bot_msgs -- -j16 -l16
[0.358s] Invoking command in '/home/mehmet/ros/build/bot_msgs': CMAKE_PREFIX_PATH=${CMAKE_PREFIX_PATH}:/home/mehmet/ros/install/ros_python:/opt/ros/humble /usr/bin/cmake --install /home/mehmet/ros/build/bot_msgs
[0.365s] -- Install configuration: ""
[0.365s] -- Up-to-date: /home/mehmet/ros/install/bot_msgs/share/ament_index/resource_index/rosidl_interfaces/bot_msgs
[0.365s] -- Up-to-date: /home/mehmet/ros/install/bot_msgs/include/bot_msgs/bot_msgs
[0.365s] -- Up-to-date: /home/mehmet/ros/install/bot_msgs/include/bot_msgs/bot_msgs/srv
[0.365s] -- Up-to-date: /home/mehmet/ros/install/bot_msgs/include/bot_msgs/bot_msgs/srv/add_two_ints.h
[0.365s] -- Up-to-date: /home/mehmet/ros/install/bot_msgs/include/bot_msgs/bot_msgs/srv/detail
[0.365s] -- Up-to-date: /home/mehmet/ros/install/bot_msgs/include/bot_msgs/bot_msgs/srv/detail/get_transform__struct.h
[0.365s] -- Up-to-date: /home/mehmet/ros/install/bot_msgs/include/bot_msgs/bot_msgs/srv/detail/add_two_ints__functions.h
[0.365s] -- Up-to-date: /home/mehmet/ros/install/bot_msgs/include/bot_msgs/bot_msgs/srv/detail/get_transform__functions.h
[0.365s] -- Up-to-date: /home/mehmet/ros/install/bot_msgs/include/bot_msgs/bot_msgs/srv/detail/get_transform__type_support.h
[0.365s] -- Up-to-date: /home/mehmet/ros/install/bot_msgs/include/bot_msgs/bot_msgs/srv/detail/get_transform__functions.c
[0.365s] -- Up-to-date: /home/mehmet/ros/install/bot_msgs/include/bot_msgs/bot_msgs/srv/detail/add_two_ints__type_support.h
[0.366s] -- Up-to-date: /home/mehmet/ros/install/bot_msgs/include/bot_msgs/bot_msgs/srv/detail/add_two_ints__functions.c
[0.366s] -- Up-to-date: /home/mehmet/ros/install/bot_msgs/include/bot_msgs/bot_msgs/srv/detail/add_two_ints__struct.h
[0.366s] -- Up-to-date: /home/mehmet/ros/install/bot_msgs/include/bot_msgs/bot_msgs/srv/get_transform.h
[0.366s] -- Up-to-date: /home/mehmet/ros/install/bot_msgs/include/bot_msgs/bot_msgs/msg
[0.366s] -- Up-to-date: /home/mehmet/ros/install/bot_msgs/include/bot_msgs/bot_msgs/msg/rosidl_generator_c__visibility_control.h
[0.366s] -- Up-to-date: /home/mehmet/ros/install/bot_msgs/share/bot_msgs/environment/library_path.sh
[0.366s] -- Up-to-date: /home/mehmet/ros/install/bot_msgs/share/bot_msgs/environment/library_path.dsv
[0.366s] -- Up-to-date: /home/mehmet/ros/install/bot_msgs/lib/libbot_msgs__rosidl_generator_c.so
[0.366s] -- Up-to-date: /home/mehmet/ros/install/bot_msgs/include/bot_msgs/bot_msgs
[0.366s] -- Up-to-date: /home/mehmet/ros/install/bot_msgs/include/bot_msgs/bot_msgs/srv
[0.366s] -- Up-to-date: /home/mehmet/ros/install/bot_msgs/include/bot_msgs/bot_msgs/srv/detail
[0.366s] -- Up-to-date: /home/mehmet/ros/install/bot_msgs/include/bot_msgs/bot_msgs/srv/detail/get_transform__rosidl_typesupport_fastrtps_c.h
[0.366s] -- Up-to-date: /home/mehmet/ros/install/bot_msgs/include/bot_msgs/bot_msgs/srv/detail/add_two_ints__rosidl_typesupport_fastrtps_c.h
[0.366s] -- Up-to-date: /home/mehmet/ros/install/bot_msgs/include/bot_msgs/bot_msgs/msg
[0.366s] -- Up-to-date: /home/mehmet/ros/install/bot_msgs/include/bot_msgs/bot_msgs/msg/rosidl_typesupport_fastrtps_c__visibility_control.h
[0.366s] -- Up-to-date: /home/mehmet/ros/install/bot_msgs/lib/libbot_msgs__rosidl_typesupport_fastrtps_c.so
[0.366s] -- Up-to-date: /home/mehmet/ros/install/bot_msgs/include/bot_msgs/bot_msgs
[0.366s] -- Up-to-date: /home/mehmet/ros/install/bot_msgs/include/bot_msgs/bot_msgs/srv
[0.366s] -- Up-to-date: /home/mehmet/ros/install/bot_msgs/include/bot_msgs/bot_msgs/srv/detail
[0.366s] -- Up-to-date: /home/mehmet/ros/install/bot_msgs/include/bot_msgs/bot_msgs/srv/detail/get_transform__traits.hpp
[0.366s] -- Up-to-date: /home/mehmet/ros/install/bot_msgs/include/bot_msgs/bot_msgs/srv/detail/get_transform__struct.hpp
[0.366s] -- Up-to-date: /home/mehmet/ros/install/bot_msgs/include/bot_msgs/bot_msgs/srv/detail/add_two_ints__struct.hpp
[0.366s] -- Up-to-date: /home/mehmet/ros/install/bot_msgs/include/bot_msgs/bot_msgs/srv/detail/add_two_ints__traits.hpp
[0.366s] -- Up-to-date: /home/mehmet/ros/install/bot_msgs/include/bot_msgs/bot_msgs/srv/detail/add_two_ints__builder.hpp
[0.366s] -- Up-to-date: /home/mehmet/ros/install/bot_msgs/include/bot_msgs/bot_msgs/srv/detail/get_transform__type_support.hpp
[0.367s] -- Up-to-date: /home/mehmet/ros/install/bot_msgs/include/bot_msgs/bot_msgs/srv/detail/add_two_ints__type_support.hpp
[0.367s] -- Up-to-date: /home/mehmet/ros/install/bot_msgs/include/bot_msgs/bot_msgs/srv/detail/get_transform__builder.hpp
[0.367s] -- Up-to-date: /home/mehmet/ros/install/bot_msgs/include/bot_msgs/bot_msgs/srv/add_two_ints.hpp
[0.367s] -- Up-to-date: /home/mehmet/ros/install/bot_msgs/include/bot_msgs/bot_msgs/srv/get_transform.hpp
[0.367s] -- Up-to-date: /home/mehmet/ros/install/bot_msgs/include/bot_msgs/bot_msgs/msg
[0.367s] -- Up-to-date: /home/mehmet/ros/install/bot_msgs/include/bot_msgs/bot_msgs/msg/rosidl_generator_cpp__visibility_control.hpp
[0.367s] -- Up-to-date: /home/mehmet/ros/install/bot_msgs/include/bot_msgs/bot_msgs
[0.367s] -- Up-to-date: /home/mehmet/ros/install/bot_msgs/include/bot_msgs/bot_msgs/srv
[0.367s] -- Up-to-date: /home/mehmet/ros/install/bot_msgs/include/bot_msgs/bot_msgs/srv/detail
[0.367s] -- Up-to-date: /home/mehmet/ros/install/bot_msgs/include/bot_msgs/bot_msgs/srv/detail/dds_fastrtps
[0.367s] -- Up-to-date: /home/mehmet/ros/install/bot_msgs/include/bot_msgs/bot_msgs/srv/detail/add_two_ints__rosidl_typesupport_fastrtps_cpp.hpp
[0.367s] -- Up-to-date: /home/mehmet/ros/install/bot_msgs/include/bot_msgs/bot_msgs/srv/detail/get_transform__rosidl_typesupport_fastrtps_cpp.hpp
[0.367s] -- Up-to-date: /home/mehmet/ros/install/bot_msgs/include/bot_msgs/bot_msgs/msg
[0.367s] -- Up-to-date: /home/mehmet/ros/install/bot_msgs/include/bot_msgs/bot_msgs/msg/rosidl_typesupport_fastrtps_cpp__visibility_control.h
[0.367s] -- Up-to-date: /home/mehmet/ros/install/bot_msgs/lib/libbot_msgs__rosidl_typesupport_fastrtps_cpp.so
[0.367s] -- Up-to-date: /home/mehmet/ros/install/bot_msgs/include/bot_msgs/bot_msgs
[0.367s] -- Up-to-date: /home/mehmet/ros/install/bot_msgs/include/bot_msgs/bot_msgs/srv
[0.367s] -- Up-to-date: /home/mehmet/ros/install/bot_msgs/include/bot_msgs/bot_msgs/srv/detail
[0.367s] -- Up-to-date: /home/mehmet/ros/install/bot_msgs/include/bot_msgs/bot_msgs/srv/detail/get_transform__rosidl_typesupport_introspection_c.h
[0.367s] -- Up-to-date: /home/mehmet/ros/install/bot_msgs/include/bot_msgs/bot_msgs/srv/detail/add_two_ints__rosidl_typesupport_introspection_c.h
[0.367s] -- Up-to-date: /home/mehmet/ros/install/bot_msgs/include/bot_msgs/bot_msgs/srv/detail/get_transform__type_support.c
[0.367s] -- Up-to-date: /home/mehmet/ros/install/bot_msgs/include/bot_msgs/bot_msgs/srv/detail/add_two_ints__type_support.c
[0.368s] -- Up-to-date: /home/mehmet/ros/install/bot_msgs/include/bot_msgs/bot_msgs/msg
[0.368s] -- Up-to-date: /home/mehmet/ros/install/bot_msgs/include/bot_msgs/bot_msgs/msg/rosidl_typesupport_introspection_c__visibility_control.h
[0.368s] -- Up-to-date: /home/mehmet/ros/install/bot_msgs/lib/libbot_msgs__rosidl_typesupport_introspection_c.so
[0.368s] -- Up-to-date: /home/mehmet/ros/install/bot_msgs/lib/libbot_msgs__rosidl_typesupport_c.so
[0.368s] -- Up-to-date: /home/mehmet/ros/install/bot_msgs/include/bot_msgs/bot_msgs
[0.368s] -- Up-to-date: /home/mehmet/ros/install/bot_msgs/include/bot_msgs/bot_msgs/srv
[0.368s] -- Up-to-date: /home/mehmet/ros/install/bot_msgs/include/bot_msgs/bot_msgs/srv/detail
[0.368s] -- Up-to-date: /home/mehmet/ros/install/bot_msgs/include/bot_msgs/bot_msgs/srv/detail/add_two_ints__rosidl_typesupport_introspection_cpp.hpp
[0.368s] -- Up-to-date: /home/mehmet/ros/install/bot_msgs/include/bot_msgs/bot_msgs/srv/detail/get_transform__type_support.cpp
[0.368s] -- Up-to-date: /home/mehmet/ros/install/bot_msgs/include/bot_msgs/bot_msgs/srv/detail/add_two_ints__type_support.cpp
[0.368s] -- Up-to-date: /home/mehmet/ros/install/bot_msgs/include/bot_msgs/bot_msgs/srv/detail/get_transform__rosidl_typesupport_introspection_cpp.hpp
[0.368s] -- Up-to-date: /home/mehmet/ros/install/bot_msgs/lib/libbot_msgs__rosidl_typesupport_introspection_cpp.so
[0.368s] -- Up-to-date: /home/mehmet/ros/install/bot_msgs/lib/libbot_msgs__rosidl_typesupport_cpp.so
[0.368s] -- Up-to-date: /home/mehmet/ros/install/bot_msgs/share/bot_msgs/environment/pythonpath.sh
[0.368s] -- Up-to-date: /home/mehmet/ros/install/bot_msgs/share/bot_msgs/environment/pythonpath.dsv
[0.368s] -- Up-to-date: /home/mehmet/ros/install/bot_msgs/local/lib/python3.10/dist-packages/bot_msgs-0.0.0-py3.10.egg-info
[0.368s] -- Installing: /home/mehmet/ros/install/bot_msgs/local/lib/python3.10/dist-packages/bot_msgs-0.0.0-py3.10.egg-info/dependency_links.txt
[0.368s] -- Installing: /home/mehmet/ros/install/bot_msgs/local/lib/python3.10/dist-packages/bot_msgs-0.0.0-py3.10.egg-info/PKG-INFO
[0.368s] -- Installing: /home/mehmet/ros/install/bot_msgs/local/lib/python3.10/dist-packages/bot_msgs-0.0.0-py3.10.egg-info/SOURCES.txt
[0.369s] -- Installing: /home/mehmet/ros/install/bot_msgs/local/lib/python3.10/dist-packages/bot_msgs-0.0.0-py3.10.egg-info/top_level.txt
[0.369s] -- Up-to-date: /home/mehmet/ros/install/bot_msgs/local/lib/python3.10/dist-packages/bot_msgs
[0.369s] -- Up-to-date: /home/mehmet/ros/install/bot_msgs/local/lib/python3.10/dist-packages/bot_msgs/srv
[0.369s] -- Up-to-date: /home/mehmet/ros/install/bot_msgs/local/lib/python3.10/dist-packages/bot_msgs/srv/_get_transform.py
[0.369s] -- Up-to-date: /home/mehmet/ros/install/bot_msgs/local/lib/python3.10/dist-packages/bot_msgs/srv/__init__.py
[0.369s] -- Up-to-date: /home/mehmet/ros/install/bot_msgs/local/lib/python3.10/dist-packages/bot_msgs/srv/_get_transform_s.c
[0.369s] -- Up-to-date: /home/mehmet/ros/install/bot_msgs/local/lib/python3.10/dist-packages/bot_msgs/srv/_add_two_ints.py
[0.369s] -- Up-to-date: /home/mehmet/ros/install/bot_msgs/local/lib/python3.10/dist-packages/bot_msgs/srv/_add_two_ints_s.c
[0.369s] -- Up-to-date: /home/mehmet/ros/install/bot_msgs/local/lib/python3.10/dist-packages/bot_msgs/bot_msgs_s__rosidl_typesupport_introspection_c.cpython-310-x86_64-linux-gnu.so
[0.369s] -- Up-to-date: /home/mehmet/ros/install/bot_msgs/local/lib/python3.10/dist-packages/bot_msgs/libbot_msgs__rosidl_generator_py.so
[0.369s] -- Up-to-date: /home/mehmet/ros/install/bot_msgs/local/lib/python3.10/dist-packages/bot_msgs/__init__.py
[0.369s] -- Up-to-date: /home/mehmet/ros/install/bot_msgs/local/lib/python3.10/dist-packages/bot_msgs/_bot_msgs_s.ep.rosidl_typesupport_c.c
[0.369s] -- Up-to-date: /home/mehmet/ros/install/bot_msgs/local/lib/python3.10/dist-packages/bot_msgs/bot_msgs_s__rosidl_typesupport_c.cpython-310-x86_64-linux-gnu.so
[0.369s] -- Up-to-date: /home/mehmet/ros/install/bot_msgs/local/lib/python3.10/dist-packages/bot_msgs/_bot_msgs_s.ep.rosidl_typesupport_introspection_c.c
[0.369s] -- Up-to-date: /home/mehmet/ros/install/bot_msgs/local/lib/python3.10/dist-packages/bot_msgs/bot_msgs_s__rosidl_typesupport_fastrtps_c.cpython-310-x86_64-linux-gnu.so
[0.369s] -- Up-to-date: /home/mehmet/ros/install/bot_msgs/local/lib/python3.10/dist-packages/bot_msgs/_bot_msgs_s.ep.rosidl_typesupport_fastrtps_c.c
[0.397s] Listing '/home/mehmet/ros/install/bot_msgs/local/lib/python3.10/dist-packages/bot_msgs'...
[0.397s] Listing '/home/mehmet/ros/install/bot_msgs/local/lib/python3.10/dist-packages/bot_msgs/srv'...
[0.401s] -- Up-to-date: /home/mehmet/ros/install/bot_msgs/local/lib/python3.10/dist-packages/bot_msgs/bot_msgs_s__rosidl_typesupport_fastrtps_c.cpython-310-x86_64-linux-gnu.so
[0.401s] -- Up-to-date: /home/mehmet/ros/install/bot_msgs/local/lib/python3.10/dist-packages/bot_msgs/bot_msgs_s__rosidl_typesupport_introspection_c.cpython-310-x86_64-linux-gnu.so
[0.402s] -- Up-to-date: /home/mehmet/ros/install/bot_msgs/local/lib/python3.10/dist-packages/bot_msgs/bot_msgs_s__rosidl_typesupport_c.cpython-310-x86_64-linux-gnu.so
[0.402s] -- Up-to-date: /home/mehmet/ros/install/bot_msgs/lib/libbot_msgs__rosidl_generator_py.so
[0.402s] -- Up-to-date: /home/mehmet/ros/install/bot_msgs/share/bot_msgs/srv/AddTwoInts.idl
[0.402s] -- Up-to-date: /home/mehmet/ros/install/bot_msgs/share/bot_msgs/srv/GetTransform.idl
[0.402s] -- Up-to-date: /home/mehmet/ros/install/bot_msgs/share/bot_msgs/srv/AddTwoInts.srv
[0.403s] -- Up-to-date: /home/mehmet/ros/install/bot_msgs/share/bot_msgs/srv/AddTwoInts_Request.msg
[0.403s] -- Up-to-date: /home/mehmet/ros/install/bot_msgs/share/bot_msgs/srv/AddTwoInts_Response.msg
[0.403s] -- Up-to-date: /home/mehmet/ros/install/bot_msgs/share/bot_msgs/srv/GetTransform.srv
[0.403s] -- Up-to-date: /home/mehmet/ros/install/bot_msgs/share/bot_msgs/srv/GetTransform_Request.msg
[0.403s] -- Up-to-date: /home/mehmet/ros/install/bot_msgs/share/bot_msgs/srv/GetTransform_Response.msg
[0.403s] -- Up-to-date: /home/mehmet/ros/install/bot_msgs/share/ament_index/resource_index/package_run_dependencies/bot_msgs
[0.403s] -- Up-to-date: /home/mehmet/ros/install/bot_msgs/share/ament_index/resource_index/parent_prefix_path/bot_msgs
[0.403s] -- Up-to-date: /home/mehmet/ros/install/bot_msgs/share/bot_msgs/environment/ament_prefix_path.sh
[0.403s] -- Up-to-date: /home/mehmet/ros/install/bot_msgs/share/bot_msgs/environment/ament_prefix_path.dsv
[0.403s] -- Up-to-date: /home/mehmet/ros/install/bot_msgs/share/bot_msgs/environment/path.sh
[0.403s] -- Up-to-date: /home/mehmet/ros/install/bot_msgs/share/bot_msgs/environment/path.dsv
[0.403s] -- Up-to-date: /home/mehmet/ros/install/bot_msgs/share/bot_msgs/local_setup.bash
[0.404s] -- Up-to-date: /home/mehmet/ros/install/bot_msgs/share/bot_msgs/local_setup.sh
[0.404s] -- Up-to-date: /home/mehmet/ros/install/bot_msgs/share/bot_msgs/local_setup.zsh
[0.404s] -- Up-to-date: /home/mehmet/ros/install/bot_msgs/share/bot_msgs/local_setup.dsv
[0.404s] -- Installing: /home/mehmet/ros/install/bot_msgs/share/bot_msgs/package.dsv
[0.404s] -- Up-to-date: /home/mehmet/ros/install/bot_msgs/share/ament_index/resource_index/packages/bot_msgs
[0.404s] -- Up-to-date: /home/mehmet/ros/install/bot_msgs/share/bot_msgs/cmake/export_bot_msgs__rosidl_generator_cExport.cmake
[0.404s] -- Up-to-date: /home/mehmet/ros/install/bot_msgs/share/bot_msgs/cmake/export_bot_msgs__rosidl_generator_cExport-noconfig.cmake
[0.404s] -- Up-to-date: /home/mehmet/ros/install/bot_msgs/share/bot_msgs/cmake/export_bot_msgs__rosidl_typesupport_fastrtps_cExport.cmake
[0.404s] -- Up-to-date: /home/mehmet/ros/install/bot_msgs/share/bot_msgs/cmake/export_bot_msgs__rosidl_typesupport_fastrtps_cExport-noconfig.cmake
[0.404s] -- Up-to-date: /home/mehmet/ros/install/bot_msgs/share/bot_msgs/cmake/export_bot_msgs__rosidl_generator_cppExport.cmake
[0.404s] -- Up-to-date: /home/mehmet/ros/install/bot_msgs/share/bot_msgs/cmake/export_bot_msgs__rosidl_typesupport_fastrtps_cppExport.cmake
[0.404s] -- Up-to-date: /home/mehmet/ros/install/bot_msgs/share/bot_msgs/cmake/export_bot_msgs__rosidl_typesupport_fastrtps_cppExport-noconfig.cmake
[0.405s] -- Up-to-date: /home/mehmet/ros/install/bot_msgs/share/bot_msgs/cmake/bot_msgs__rosidl_typesupport_introspection_cExport.cmake
[0.405s] -- Up-to-date: /home/mehmet/ros/install/bot_msgs/share/bot_msgs/cmake/bot_msgs__rosidl_typesupport_introspection_cExport-noconfig.cmake
[0.405s] -- Up-to-date: /home/mehmet/ros/install/bot_msgs/share/bot_msgs/cmake/bot_msgs__rosidl_typesupport_cExport.cmake
[0.405s] -- Up-to-date: /home/mehmet/ros/install/bot_msgs/share/bot_msgs/cmake/bot_msgs__rosidl_typesupport_cExport-noconfig.cmake
[0.405s] -- Up-to-date: /home/mehmet/ros/install/bot_msgs/share/bot_msgs/cmake/bot_msgs__rosidl_typesupport_introspection_cppExport.cmake
[0.405s] -- Up-to-date: /home/mehmet/ros/install/bot_msgs/share/bot_msgs/cmake/bot_msgs__rosidl_typesupport_introspection_cppExport-noconfig.cmake
[0.405s] -- Up-to-date: /home/mehmet/ros/install/bot_msgs/share/bot_msgs/cmake/bot_msgs__rosidl_typesupport_cppExport.cmake
[0.405s] -- Up-to-date: /home/mehmet/ros/install/bot_msgs/share/bot_msgs/cmake/bot_msgs__rosidl_typesupport_cppExport-noconfig.cmake
[0.405s] -- Up-to-date: /home/mehmet/ros/install/bot_msgs/share/bot_msgs/cmake/export_bot_msgs__rosidl_generator_pyExport.cmake
[0.405s] -- Up-to-date: /home/mehmet/ros/install/bot_msgs/share/bot_msgs/cmake/export_bot_msgs__rosidl_generator_pyExport-noconfig.cmake
[0.405s] -- Up-to-date: /home/mehmet/ros/install/bot_msgs/share/bot_msgs/cmake/rosidl_cmake-extras.cmake
[0.405s] -- Up-to-date: /home/mehmet/ros/install/bot_msgs/share/bot_msgs/cmake/ament_cmake_export_dependencies-extras.cmake
[0.405s] -- Up-to-date: /home/mehmet/ros/install/bot_msgs/share/bot_msgs/cmake/ament_cmake_export_include_directories-extras.cmake
[0.405s] -- Up-to-date: /home/mehmet/ros/install/bot_msgs/share/bot_msgs/cmake/ament_cmake_export_libraries-extras.cmake
[0.406s] -- Up-to-date: /home/mehmet/ros/install/bot_msgs/share/bot_msgs/cmake/ament_cmake_export_targets-extras.cmake
[0.406s] -- Up-to-date: /home/mehmet/ros/install/bot_msgs/share/bot_msgs/cmake/rosidl_cmake_export_typesupport_targets-extras.cmake
[0.406s] -- Up-to-date: /home/mehmet/ros/install/bot_msgs/share/bot_msgs/cmake/rosidl_cmake_export_typesupport_libraries-extras.cmake
[0.406s] -- Up-to-date: /home/mehmet/ros/install/bot_msgs/share/bot_msgs/cmake/bot_msgsConfig.cmake
[0.406s] -- Up-to-date: /home/mehmet/ros/install/bot_msgs/share/bot_msgs/cmake/bot_msgsConfig-version.cmake
[0.406s] -- Up-to-date: /home/mehmet/ros/install/bot_msgs/share/bot_msgs/package.xml
[0.417s] Invoked command in '/home/mehmet/ros/build/bot_msgs' returned '0': CMAKE_PREFIX_PATH=${CMAKE_PREFIX_PATH}:/home/mehmet/ros/install/ros_python:/opt/ros/humble /usr/bin/cmake --install /home/mehmet/ros/build/bot_msgs
