[0.016s] Invoking command in '/home/mehmet/ros/build/bot_controller': CMAKE_PREFIX_PATH=/opt/ros/humble /usr/bin/cmake --build /home/mehmet/ros/build/bot_controller -- -j16 -l16
[0.045s] -- Found ament_cmake: 1.3.12 (/opt/ros/humble/share/ament_cmake/cmake)
[0.144s] [31mCMake Error at CMakeLists.txt:9 (find_package):
[0.144s]   find_package called with invalid argument "python"
[0.144s] 
[0.145s] [0m
[0.147s] -- Found rclpy: 3.3.19 (/opt/ros/humble/share/rclpy/cmake)
[0.149s] -- Found std_msgs: 4.9.0 (/opt/ros/humble/share/std_msgs/cmake)
[0.176s] -- Found rosidl_generator_c: 3.1.8 (/opt/ros/humble/share/rosidl_generator_c/cmake)
[0.180s] -- Found rosidl_adapter: 3.1.8 (/opt/ros/humble/share/rosidl_adapter/cmake)
[0.188s] -- Found rosidl_generator_cpp: 3.1.8 (/opt/ros/humble/share/rosidl_generator_cpp/cmake)
[0.200s] -- Using all available rosidl_typesupport_c: rosidl_typesupport_fastrtps_c;rosidl_typesupport_introspection_c
[0.216s] -- Using all available rosidl_typesupport_cpp: rosidl_typesupport_fastrtps_cpp;rosidl_typesupport_introspection_cpp
[0.237s] -- Found geometry_msgs: 4.9.0 (/opt/ros/humble/share/geometry_msgs/cmake)
[0.309s] [31mCMake Error at /opt/ros/humble/share/ament_cmake_python/cmake/ament_python_install_package.cmake:66 (message):
[0.309s]   ament_python_install_package() the Python package folder
[0.309s]   '/home/mehmet/ros/src/bot_controller/$(PROJECT_NAME)' doesn't contain an
[0.309s]   '__init__.py' file
[0.309s] Call Stack (most recent call first):
[0.309s]   /opt/ros/humble/share/ament_cmake_python/cmake/ament_python_install_package.cmake:39 (_ament_cmake_python_install_package)
[0.309s]   CMakeLists.txt:14 (ament_python_install_package)
[0.309s] 
[0.309s] [0m
[0.310s] -- Configuring incomplete, errors occurred!
[0.310s] See also "/home/mehmet/ros/build/bot_controller/CMakeFiles/CMakeOutput.log".
[0.312s] gmake: *** [Makefile:226: cmake_check_build_system] Error 1
[0.314s] Invoked command in '/home/mehmet/ros/build/bot_controller' returned '2': CMAKE_PREFIX_PATH=/opt/ros/humble /usr/bin/cmake --build /home/mehmet/ros/build/bot_controller -- -j16 -l16
