[0.010s] Invoking command in '/home/mehmet/ros/build/ros_cpp': CMAKE_PREFIX_PATH=/opt/ros/humble /usr/bin/cmake /home/mehmet/ros/src/ros_cpp -DAMENT_CMAKE_SYMLINK_INSTALL=1 -DCMAKE_INSTALL_PREFIX=/home/mehmet/ros/install/ros_cpp
[0.017s] -- Found ament_cmake: 1.3.12 (/opt/ros/humble/share/ament_cmake/cmake)
[0.111s] -- Found Python3: /usr/bin/python3 (found version "3.10.12") found components: Interpreter 
[0.150s] -- Override CMake install command with custom implementation using symlinks instead of copying resources
[0.162s] -- Found rclcpp: 16.0.15 (/opt/ros/humble/share/rclcpp/cmake)
[0.190s] -- Found rosidl_generator_c: 3.1.7 (/opt/ros/humble/share/rosidl_generator_c/cmake)
[0.193s] -- Found rosidl_adapter: 3.1.7 (/opt/ros/humble/share/rosidl_adapter/cmake)
[0.198s] -- Found rosidl_generator_cpp: 3.1.7 (/opt/ros/humble/share/rosidl_generator_cpp/cmake)
[0.206s] -- Using all available rosidl_typesupport_c: rosidl_typesupport_fastrtps_c;rosidl_typesupport_introspection_c
[0.216s] -- Using all available rosidl_typesupport_cpp: rosidl_typesupport_fastrtps_cpp;rosidl_typesupport_introspection_cpp
[0.242s] -- Found rmw_implementation_cmake: 6.1.2 (/opt/ros/humble/share/rmw_implementation_cmake/cmake)
[0.244s] -- Found rmw_fastrtps_cpp: 6.2.9 (/opt/ros/humble/share/rmw_fastrtps_cpp/cmake)
[0.297s] -- Found OpenSSL: /usr/lib/x86_64-linux-gnu/libcrypto.so (found version "3.0.2")  
[0.312s] -- Found FastRTPS: /opt/ros/humble/include  
[0.337s] -- Using RMW implementation 'rmw_fastrtps_cpp' as default
[0.343s] -- Looking for pthread.h
[0.391s] -- Looking for pthread.h - found
[0.391s] -- Performing Test CMAKE_HAVE_LIBC_PTHREAD
[0.439s] -- Performing Test CMAKE_HAVE_LIBC_PTHREAD - Success
[0.440s] -- Found Threads: TRUE  
[0.469s] -- Found ament_lint_auto: 0.12.14 (/opt/ros/humble/share/ament_lint_auto/cmake)
[0.511s] -- Added test 'copyright' to check source files copyright and LICENSE
[0.512s] -- Added test 'cppcheck' to perform static code analysis on C / C++ code
[0.512s] -- Configured cppcheck include dirs: 
[0.512s] -- Configured cppcheck exclude dirs and/or files: 
[0.512s] -- Added test 'cpplint' to check C / C++ code against the Google style
[0.512s] -- Configured cpplint exclude dirs and/or files: 
[0.512s] -- Added test 'lint_cmake' to check CMake code style
[0.513s] -- Added test 'uncrustify' to check C / C++ code style
[0.513s] -- Configured uncrustify additional arguments: 
[0.513s] -- Added test 'xmllint' to check XML markup files
[0.513s] -- Configuring done
[0.519s] -- Generating done
[0.521s] -- Build files have been written to: /home/mehmet/ros/build/ros_cpp
[0.526s] Invoked command in '/home/mehmet/ros/build/ros_cpp' returned '0': CMAKE_PREFIX_PATH=/opt/ros/humble /usr/bin/cmake /home/mehmet/ros/src/ros_cpp -DAMENT_CMAKE_SYMLINK_INSTALL=1 -DCMAKE_INSTALL_PREFIX=/home/mehmet/ros/install/ros_cpp
[0.527s] Invoking command in '/home/mehmet/ros/build/ros_cpp': CMAKE_PREFIX_PATH=/opt/ros/humble /usr/bin/cmake --build /home/mehmet/ros/build/ros_cpp -- -j16 -l16
[0.559s] [ 25%] [32mBuilding CXX object CMakeFiles/subscriber.dir/src/subscriber.cpp.o[0m
[0.560s] [ 50%] [32mBuilding CXX object CMakeFiles/publisher.dir/src/publisher.cpp.o[0m
[2.875s] [ 75%] [32m[1mLinking CXX executable publisher[0m
[2.980s] [ 75%] Built target publisher
[4.814s] [100%] [32m[1mLinking CXX executable subscriber[0m
[5.007s] [100%] Built target subscriber
[5.014s] Invoked command in '/home/mehmet/ros/build/ros_cpp' returned '0': CMAKE_PREFIX_PATH=/opt/ros/humble /usr/bin/cmake --build /home/mehmet/ros/build/ros_cpp -- -j16 -l16
[5.015s] Invoking command in '/home/mehmet/ros/build/ros_cpp': CMAKE_PREFIX_PATH=/opt/ros/humble /usr/bin/cmake --install /home/mehmet/ros/build/ros_cpp
[5.019s] -- Install configuration: ""
[5.019s] -- Execute custom install script
[5.019s] -- Symlinking: /home/mehmet/ros/install/ros_cpp/lib/ros_cpp/publisher
[5.025s] -- Symlinking: /home/mehmet/ros/install/ros_cpp/lib/ros_cpp/subscriber
[5.031s] -- Symlinking: /home/mehmet/ros/install/ros_cpp/share/ament_index/resource_index/package_run_dependencies/ros_cpp
[5.036s] -- Symlinking: /home/mehmet/ros/install/ros_cpp/share/ament_index/resource_index/parent_prefix_path/ros_cpp
[5.040s] -- Symlinking: /home/mehmet/ros/install/ros_cpp/share/ros_cpp/environment/ament_prefix_path.sh
[5.046s] -- Symlinking: /home/mehmet/ros/install/ros_cpp/share/ros_cpp/environment/ament_prefix_path.dsv
[5.051s] -- Symlinking: /home/mehmet/ros/install/ros_cpp/share/ros_cpp/environment/path.sh
[5.056s] -- Symlinking: /home/mehmet/ros/install/ros_cpp/share/ros_cpp/environment/path.dsv
[5.062s] -- Symlinking: /home/mehmet/ros/install/ros_cpp/share/ros_cpp/local_setup.bash
[5.068s] -- Symlinking: /home/mehmet/ros/install/ros_cpp/share/ros_cpp/local_setup.sh
[5.074s] -- Symlinking: /home/mehmet/ros/install/ros_cpp/share/ros_cpp/local_setup.zsh
[5.078s] -- Symlinking: /home/mehmet/ros/install/ros_cpp/share/ros_cpp/local_setup.dsv
[5.083s] -- Symlinking: /home/mehmet/ros/install/ros_cpp/share/ros_cpp/package.dsv
[5.091s] -- Symlinking: /home/mehmet/ros/install/ros_cpp/share/ament_index/resource_index/packages/ros_cpp
[5.097s] -- Symlinking: /home/mehmet/ros/install/ros_cpp/share/ros_cpp/cmake/ros_cppConfig.cmake
[5.101s] -- Symlinking: /home/mehmet/ros/install/ros_cpp/share/ros_cpp/cmake/ros_cppConfig-version.cmake
[5.106s] -- Symlinking: /home/mehmet/ros/install/ros_cpp/share/ros_cpp/package.xml
[5.111s] Invoked command in '/home/mehmet/ros/build/ros_cpp' returned '0': CMAKE_PREFIX_PATH=/opt/ros/humble /usr/bin/cmake --install /home/mehmet/ros/build/ros_cpp
