[0.079s] DEBUG:colcon:Command line arguments: ['/usr/bin/colcon', 'build']
[0.079s] DEBUG:colcon:Parsed command line arguments: Namespace(log_base=None, log_level=None, verb_name='build', build_base='build', install_base='install', merge_install=False, symlink_install=False, test_result_base=None, continue_on_error=False, executor='parallel', parallel_workers=16, event_handlers=None, ignore_user_meta=False, metas=['./colcon.meta'], base_paths=['.'], packages_ignore=None, packages_ignore_regex=None, paths=None, packages_up_to=None, packages_up_to_regex=None, packages_above=None, packages_above_and_dependencies=None, packages_above_depth=None, packages_select_by_dep=None, packages_skip_by_dep=None, packages_skip_up_to=None, packages_select_build_failed=False, packages_skip_build_finished=False, packages_select_test_failures=False, packages_skip_test_passed=False, packages_select=None, packages_skip=None, packages_select_regex=None, packages_skip_regex=None, packages_start=None, packages_end=None, allow_overriding=[], cmake_args=None, cmake_target=None, cmake_target_skip_unavailable=False, cmake_clean_cache=False, cmake_clean_first=False, cmake_force_configure=False, ament_cmake_args=None, catkin_cmake_args=None, catkin_skip_building_tests=False, mixin_files=None, mixin=None, verb_parser=<colcon_mixin.mixin.mixin_argument.MixinArgumentDecorator object at 0x79fbc545b250>, verb_extension=<colcon_core.verb.build.BuildVerb object at 0x79fbc55a80d0>, main=<bound method BuildVerb.main of <colcon_core.verb.build.BuildVerb object at 0x79fbc55a80d0>>, mixin_verb=('build',))
[0.199s] Level 1:colcon.colcon_core.package_discovery:discover_packages(colcon_meta) check parameters
[0.199s] Level 1:colcon.colcon_core.package_discovery:discover_packages(recursive) check parameters
[0.199s] Level 1:colcon.colcon_core.package_discovery:discover_packages(ignore) check parameters
[0.199s] Level 1:colcon.colcon_core.package_discovery:discover_packages(path) check parameters
[0.199s] Level 1:colcon.colcon_core.package_discovery:discover_packages(colcon_meta) discover
[0.199s] Level 1:colcon.colcon_core.package_discovery:discover_packages(recursive) discover
[0.199s] INFO:colcon.colcon_core.package_discovery:Crawling recursively for packages in '/home/mehmet/ros'
[0.199s] Level 1:colcon.colcon_core.package_identification:_identify(.) by extensions ['ignore', 'ignore_ament_install']
[0.200s] Level 1:colcon.colcon_core.package_identification:_identify(.) by extension 'ignore'
[0.200s] Level 1:colcon.colcon_core.package_identification:_identify(.) by extension 'ignore_ament_install'
[0.200s] Level 1:colcon.colcon_core.package_identification:_identify(.) by extensions ['colcon_pkg']
[0.200s] Level 1:colcon.colcon_core.package_identification:_identify(.) by extension 'colcon_pkg'
[0.200s] Level 1:colcon.colcon_core.package_identification:_identify(.) by extensions ['colcon_meta']
[0.200s] Level 1:colcon.colcon_core.package_identification:_identify(.) by extension 'colcon_meta'
[0.200s] Level 1:colcon.colcon_core.package_identification:_identify(.) by extensions ['ros']
[0.200s] Level 1:colcon.colcon_core.package_identification:_identify(.) by extension 'ros'
[0.208s] Level 1:colcon.colcon_core.package_identification:_identify(.) by extensions ['cmake', 'python']
[0.208s] Level 1:colcon.colcon_core.package_identification:_identify(.) by extension 'cmake'
[0.209s] Level 1:colcon.colcon_core.package_identification:_identify(.) by extension 'python'
[0.209s] Level 1:colcon.colcon_core.package_identification:_identify(.) by extensions ['python_setup_py']
[0.209s] Level 1:colcon.colcon_core.package_identification:_identify(.) by extension 'python_setup_py'
[0.209s] Level 1:colcon.colcon_core.package_identification:_identify(build) by extensions ['ignore', 'ignore_ament_install']
[0.209s] Level 1:colcon.colcon_core.package_identification:_identify(build) by extension 'ignore'
[0.209s] Level 1:colcon.colcon_core.package_identification:_identify(build) ignored
[0.209s] Level 1:colcon.colcon_core.package_identification:_identify(install) by extensions ['ignore', 'ignore_ament_install']
[0.209s] Level 1:colcon.colcon_core.package_identification:_identify(install) by extension 'ignore'
[0.209s] Level 1:colcon.colcon_core.package_identification:_identify(install) ignored
[0.209s] Level 1:colcon.colcon_core.package_identification:_identify(log) by extensions ['ignore', 'ignore_ament_install']
[0.209s] Level 1:colcon.colcon_core.package_identification:_identify(log) by extension 'ignore'
[0.209s] Level 1:colcon.colcon_core.package_identification:_identify(log) ignored
[0.209s] Level 1:colcon.colcon_core.package_identification:_identify(src) by extensions ['ignore', 'ignore_ament_install']
[0.209s] Level 1:colcon.colcon_core.package_identification:_identify(src) by extension 'ignore'
[0.209s] Level 1:colcon.colcon_core.package_identification:_identify(src) by extension 'ignore_ament_install'
[0.209s] Level 1:colcon.colcon_core.package_identification:_identify(src) by extensions ['colcon_pkg']
[0.209s] Level 1:colcon.colcon_core.package_identification:_identify(src) by extension 'colcon_pkg'
[0.209s] Level 1:colcon.colcon_core.package_identification:_identify(src) by extensions ['colcon_meta']
[0.209s] Level 1:colcon.colcon_core.package_identification:_identify(src) by extension 'colcon_meta'
[0.209s] Level 1:colcon.colcon_core.package_identification:_identify(src) by extensions ['ros']
[0.209s] Level 1:colcon.colcon_core.package_identification:_identify(src) by extension 'ros'
[0.209s] Level 1:colcon.colcon_core.package_identification:_identify(src) by extensions ['cmake', 'python']
[0.209s] Level 1:colcon.colcon_core.package_identification:_identify(src) by extension 'cmake'
[0.209s] Level 1:colcon.colcon_core.package_identification:_identify(src) by extension 'python'
[0.209s] Level 1:colcon.colcon_core.package_identification:_identify(src) by extensions ['python_setup_py']
[0.209s] Level 1:colcon.colcon_core.package_identification:_identify(src) by extension 'python_setup_py'
[0.209s] Level 1:colcon.colcon_core.package_identification:_identify(src/bot_controller) by extensions ['ignore', 'ignore_ament_install']
[0.210s] Level 1:colcon.colcon_core.package_identification:_identify(src/bot_controller) by extension 'ignore'
[0.210s] Level 1:colcon.colcon_core.package_identification:_identify(src/bot_controller) by extension 'ignore_ament_install'
[0.210s] Level 1:colcon.colcon_core.package_identification:_identify(src/bot_controller) by extensions ['colcon_pkg']
[0.210s] Level 1:colcon.colcon_core.package_identification:_identify(src/bot_controller) by extension 'colcon_pkg'
[0.210s] Level 1:colcon.colcon_core.package_identification:_identify(src/bot_controller) by extensions ['colcon_meta']
[0.210s] Level 1:colcon.colcon_core.package_identification:_identify(src/bot_controller) by extension 'colcon_meta'
[0.210s] Level 1:colcon.colcon_core.package_identification:_identify(src/bot_controller) by extensions ['ros']
[0.210s] Level 1:colcon.colcon_core.package_identification:_identify(src/bot_controller) by extension 'ros'
[0.212s] DEBUG:colcon.colcon_core.package_identification:Package 'src/bot_controller' with type 'ros.ament_cmake' and name 'bot_controller'
[0.212s] Level 1:colcon.colcon_core.package_identification:_identify(src/bot_description) by extensions ['ignore', 'ignore_ament_install']
[0.212s] Level 1:colcon.colcon_core.package_identification:_identify(src/bot_description) by extension 'ignore'
[0.212s] Level 1:colcon.colcon_core.package_identification:_identify(src/bot_description) by extension 'ignore_ament_install'
[0.212s] Level 1:colcon.colcon_core.package_identification:_identify(src/bot_description) by extensions ['colcon_pkg']
[0.212s] Level 1:colcon.colcon_core.package_identification:_identify(src/bot_description) by extension 'colcon_pkg'
[0.212s] Level 1:colcon.colcon_core.package_identification:_identify(src/bot_description) by extensions ['colcon_meta']
[0.212s] Level 1:colcon.colcon_core.package_identification:_identify(src/bot_description) by extension 'colcon_meta'
[0.212s] Level 1:colcon.colcon_core.package_identification:_identify(src/bot_description) by extensions ['ros']
[0.212s] Level 1:colcon.colcon_core.package_identification:_identify(src/bot_description) by extension 'ros'
[0.213s] DEBUG:colcon.colcon_core.package_identification:Package 'src/bot_description' with type 'ros.ament_cmake' and name 'bot_description'
[0.213s] Level 1:colcon.colcon_core.package_identification:_identify(src/bot_msgs) by extensions ['ignore', 'ignore_ament_install']
[0.213s] Level 1:colcon.colcon_core.package_identification:_identify(src/bot_msgs) by extension 'ignore'
[0.213s] Level 1:colcon.colcon_core.package_identification:_identify(src/bot_msgs) by extension 'ignore_ament_install'
[0.213s] Level 1:colcon.colcon_core.package_identification:_identify(src/bot_msgs) by extensions ['colcon_pkg']
[0.213s] Level 1:colcon.colcon_core.package_identification:_identify(src/bot_msgs) by extension 'colcon_pkg'
[0.213s] Level 1:colcon.colcon_core.package_identification:_identify(src/bot_msgs) by extensions ['colcon_meta']
[0.213s] Level 1:colcon.colcon_core.package_identification:_identify(src/bot_msgs) by extension 'colcon_meta'
[0.213s] Level 1:colcon.colcon_core.package_identification:_identify(src/bot_msgs) by extensions ['ros']
[0.213s] Level 1:colcon.colcon_core.package_identification:_identify(src/bot_msgs) by extension 'ros'
[0.214s] DEBUG:colcon.colcon_core.package_identification:Package 'src/bot_msgs' with type 'ros.ament_cmake' and name 'bot_msgs'
[0.214s] Level 1:colcon.colcon_core.package_identification:_identify(src/ros_cpp) by extensions ['ignore', 'ignore_ament_install']
[0.214s] Level 1:colcon.colcon_core.package_identification:_identify(src/ros_cpp) by extension 'ignore'
[0.214s] Level 1:colcon.colcon_core.package_identification:_identify(src/ros_cpp) by extension 'ignore_ament_install'
[0.214s] Level 1:colcon.colcon_core.package_identification:_identify(src/ros_cpp) by extensions ['colcon_pkg']
[0.214s] Level 1:colcon.colcon_core.package_identification:_identify(src/ros_cpp) by extension 'colcon_pkg'
[0.214s] Level 1:colcon.colcon_core.package_identification:_identify(src/ros_cpp) by extensions ['colcon_meta']
[0.214s] Level 1:colcon.colcon_core.package_identification:_identify(src/ros_cpp) by extension 'colcon_meta'
[0.214s] Level 1:colcon.colcon_core.package_identification:_identify(src/ros_cpp) by extensions ['ros']
[0.214s] Level 1:colcon.colcon_core.package_identification:_identify(src/ros_cpp) by extension 'ros'
[0.215s] DEBUG:colcon.colcon_core.package_identification:Package 'src/ros_cpp' with type 'ros.ament_cmake' and name 'ros_cpp'
[0.215s] Level 1:colcon.colcon_core.package_identification:_identify(src/ros_python) by extensions ['ignore', 'ignore_ament_install']
[0.215s] Level 1:colcon.colcon_core.package_identification:_identify(src/ros_python) by extension 'ignore'
[0.215s] Level 1:colcon.colcon_core.package_identification:_identify(src/ros_python) by extension 'ignore_ament_install'
[0.215s] Level 1:colcon.colcon_core.package_identification:_identify(src/ros_python) by extensions ['colcon_pkg']
[0.215s] Level 1:colcon.colcon_core.package_identification:_identify(src/ros_python) by extension 'colcon_pkg'
[0.215s] Level 1:colcon.colcon_core.package_identification:_identify(src/ros_python) by extensions ['colcon_meta']
[0.215s] Level 1:colcon.colcon_core.package_identification:_identify(src/ros_python) by extension 'colcon_meta'
[0.215s] Level 1:colcon.colcon_core.package_identification:_identify(src/ros_python) by extensions ['ros']
[0.215s] Level 1:colcon.colcon_core.package_identification:_identify(src/ros_python) by extension 'ros'
[0.215s] DEBUG:colcon.colcon_core.package_identification:Package 'src/ros_python' with type 'ros.ament_python' and name 'ros_python'
[0.215s] Level 1:colcon.colcon_core.package_discovery:discover_packages(recursive) using defaults
[0.215s] Level 1:colcon.colcon_core.package_discovery:discover_packages(ignore) discover
[0.215s] Level 1:colcon.colcon_core.package_discovery:discover_packages(ignore) using defaults
[0.215s] Level 1:colcon.colcon_core.package_discovery:discover_packages(path) discover
[0.215s] Level 1:colcon.colcon_core.package_discovery:discover_packages(path) using defaults
[0.243s] Level 1:colcon.colcon_core.package_discovery:discover_packages(prefix_path) check parameters
[0.243s] Level 1:colcon.colcon_core.package_discovery:discover_packages(prefix_path) discover
[0.244s] DEBUG:colcon.colcon_installed_package_information.package_discovery:Found 5 installed packages in /home/mehmet/ros/install
[0.245s] DEBUG:colcon.colcon_installed_package_information.package_discovery:Found 357 installed packages in /opt/ros/humble
[0.247s] Level 1:colcon.colcon_core.package_discovery:discover_packages(prefix_path) using defaults
[0.277s] Level 5:colcon.colcon_core.verb:set package 'bot_controller' build argument 'cmake_args' from command line to 'None'
[0.277s] Level 5:colcon.colcon_core.verb:set package 'bot_controller' build argument 'cmake_target' from command line to 'None'
[0.277s] Level 5:colcon.colcon_core.verb:set package 'bot_controller' build argument 'cmake_target_skip_unavailable' from command line to 'False'
[0.277s] Level 5:colcon.colcon_core.verb:set package 'bot_controller' build argument 'cmake_clean_cache' from command line to 'False'
[0.277s] Level 5:colcon.colcon_core.verb:set package 'bot_controller' build argument 'cmake_clean_first' from command line to 'False'
[0.277s] Level 5:colcon.colcon_core.verb:set package 'bot_controller' build argument 'cmake_force_configure' from command line to 'False'
[0.277s] Level 5:colcon.colcon_core.verb:set package 'bot_controller' build argument 'ament_cmake_args' from command line to 'None'
[0.277s] Level 5:colcon.colcon_core.verb:set package 'bot_controller' build argument 'catkin_cmake_args' from command line to 'None'
[0.278s] Level 5:colcon.colcon_core.verb:set package 'bot_controller' build argument 'catkin_skip_building_tests' from command line to 'False'
[0.278s] DEBUG:colcon.colcon_core.verb:Building package 'bot_controller' with the following arguments: {'ament_cmake_args': None, 'build_base': '/home/mehmet/ros/build/bot_controller', 'catkin_cmake_args': None, 'catkin_skip_building_tests': False, 'cmake_args': None, 'cmake_clean_cache': False, 'cmake_clean_first': False, 'cmake_force_configure': False, 'cmake_target': None, 'cmake_target_skip_unavailable': False, 'install_base': '/home/mehmet/ros/install/bot_controller', 'merge_install': False, 'path': '/home/mehmet/ros/src/bot_controller', 'symlink_install': False, 'test_result_base': None}
[0.278s] Level 5:colcon.colcon_core.verb:set package 'bot_description' build argument 'cmake_args' from command line to 'None'
[0.278s] Level 5:colcon.colcon_core.verb:set package 'bot_description' build argument 'cmake_target' from command line to 'None'
[0.278s] Level 5:colcon.colcon_core.verb:set package 'bot_description' build argument 'cmake_target_skip_unavailable' from command line to 'False'
[0.278s] Level 5:colcon.colcon_core.verb:set package 'bot_description' build argument 'cmake_clean_cache' from command line to 'False'
[0.278s] Level 5:colcon.colcon_core.verb:set package 'bot_description' build argument 'cmake_clean_first' from command line to 'False'
[0.278s] Level 5:colcon.colcon_core.verb:set package 'bot_description' build argument 'cmake_force_configure' from command line to 'False'
[0.278s] Level 5:colcon.colcon_core.verb:set package 'bot_description' build argument 'ament_cmake_args' from command line to 'None'
[0.278s] Level 5:colcon.colcon_core.verb:set package 'bot_description' build argument 'catkin_cmake_args' from command line to 'None'
[0.278s] Level 5:colcon.colcon_core.verb:set package 'bot_description' build argument 'catkin_skip_building_tests' from command line to 'False'
[0.278s] DEBUG:colcon.colcon_core.verb:Building package 'bot_description' with the following arguments: {'ament_cmake_args': None, 'build_base': '/home/mehmet/ros/build/bot_description', 'catkin_cmake_args': None, 'catkin_skip_building_tests': False, 'cmake_args': None, 'cmake_clean_cache': False, 'cmake_clean_first': False, 'cmake_force_configure': False, 'cmake_target': None, 'cmake_target_skip_unavailable': False, 'install_base': '/home/mehmet/ros/install/bot_description', 'merge_install': False, 'path': '/home/mehmet/ros/src/bot_description', 'symlink_install': False, 'test_result_base': None}
[0.278s] Level 5:colcon.colcon_core.verb:set package 'bot_msgs' build argument 'cmake_args' from command line to 'None'
[0.278s] Level 5:colcon.colcon_core.verb:set package 'bot_msgs' build argument 'cmake_target' from command line to 'None'
[0.278s] Level 5:colcon.colcon_core.verb:set package 'bot_msgs' build argument 'cmake_target_skip_unavailable' from command line to 'False'
[0.278s] Level 5:colcon.colcon_core.verb:set package 'bot_msgs' build argument 'cmake_clean_cache' from command line to 'False'
[0.278s] Level 5:colcon.colcon_core.verb:set package 'bot_msgs' build argument 'cmake_clean_first' from command line to 'False'
[0.278s] Level 5:colcon.colcon_core.verb:set package 'bot_msgs' build argument 'cmake_force_configure' from command line to 'False'
[0.278s] Level 5:colcon.colcon_core.verb:set package 'bot_msgs' build argument 'ament_cmake_args' from command line to 'None'
[0.278s] Level 5:colcon.colcon_core.verb:set package 'bot_msgs' build argument 'catkin_cmake_args' from command line to 'None'
[0.278s] Level 5:colcon.colcon_core.verb:set package 'bot_msgs' build argument 'catkin_skip_building_tests' from command line to 'False'
[0.278s] DEBUG:colcon.colcon_core.verb:Building package 'bot_msgs' with the following arguments: {'ament_cmake_args': None, 'build_base': '/home/mehmet/ros/build/bot_msgs', 'catkin_cmake_args': None, 'catkin_skip_building_tests': False, 'cmake_args': None, 'cmake_clean_cache': False, 'cmake_clean_first': False, 'cmake_force_configure': False, 'cmake_target': None, 'cmake_target_skip_unavailable': False, 'install_base': '/home/mehmet/ros/install/bot_msgs', 'merge_install': False, 'path': '/home/mehmet/ros/src/bot_msgs', 'symlink_install': False, 'test_result_base': None}
[0.278s] Level 5:colcon.colcon_core.verb:set package 'ros_cpp' build argument 'cmake_args' from command line to 'None'
[0.278s] Level 5:colcon.colcon_core.verb:set package 'ros_cpp' build argument 'cmake_target' from command line to 'None'
[0.278s] Level 5:colcon.colcon_core.verb:set package 'ros_cpp' build argument 'cmake_target_skip_unavailable' from command line to 'False'
[0.278s] Level 5:colcon.colcon_core.verb:set package 'ros_cpp' build argument 'cmake_clean_cache' from command line to 'False'
[0.279s] Level 5:colcon.colcon_core.verb:set package 'ros_cpp' build argument 'cmake_clean_first' from command line to 'False'
[0.279s] Level 5:colcon.colcon_core.verb:set package 'ros_cpp' build argument 'cmake_force_configure' from command line to 'False'
[0.279s] Level 5:colcon.colcon_core.verb:set package 'ros_cpp' build argument 'ament_cmake_args' from command line to 'None'
[0.279s] Level 5:colcon.colcon_core.verb:set package 'ros_cpp' build argument 'catkin_cmake_args' from command line to 'None'
[0.279s] Level 5:colcon.colcon_core.verb:set package 'ros_cpp' build argument 'catkin_skip_building_tests' from command line to 'False'
[0.279s] DEBUG:colcon.colcon_core.verb:Building package 'ros_cpp' with the following arguments: {'ament_cmake_args': None, 'build_base': '/home/mehmet/ros/build/ros_cpp', 'catkin_cmake_args': None, 'catkin_skip_building_tests': False, 'cmake_args': None, 'cmake_clean_cache': False, 'cmake_clean_first': False, 'cmake_force_configure': False, 'cmake_target': None, 'cmake_target_skip_unavailable': False, 'install_base': '/home/mehmet/ros/install/ros_cpp', 'merge_install': False, 'path': '/home/mehmet/ros/src/ros_cpp', 'symlink_install': False, 'test_result_base': None}
[0.279s] Level 5:colcon.colcon_core.verb:set package 'ros_python' build argument 'cmake_args' from command line to 'None'
[0.279s] Level 5:colcon.colcon_core.verb:set package 'ros_python' build argument 'cmake_target' from command line to 'None'
[0.279s] Level 5:colcon.colcon_core.verb:set package 'ros_python' build argument 'cmake_target_skip_unavailable' from command line to 'False'
[0.279s] Level 5:colcon.colcon_core.verb:set package 'ros_python' build argument 'cmake_clean_cache' from command line to 'False'
[0.279s] Level 5:colcon.colcon_core.verb:set package 'ros_python' build argument 'cmake_clean_first' from command line to 'False'
[0.279s] Level 5:colcon.colcon_core.verb:set package 'ros_python' build argument 'cmake_force_configure' from command line to 'False'
[0.279s] Level 5:colcon.colcon_core.verb:set package 'ros_python' build argument 'ament_cmake_args' from command line to 'None'
[0.279s] Level 5:colcon.colcon_core.verb:set package 'ros_python' build argument 'catkin_cmake_args' from command line to 'None'
[0.279s] Level 5:colcon.colcon_core.verb:set package 'ros_python' build argument 'catkin_skip_building_tests' from command line to 'False'
[0.279s] DEBUG:colcon.colcon_core.verb:Building package 'ros_python' with the following arguments: {'ament_cmake_args': None, 'build_base': '/home/mehmet/ros/build/ros_python', 'catkin_cmake_args': None, 'catkin_skip_building_tests': False, 'cmake_args': None, 'cmake_clean_cache': False, 'cmake_clean_first': False, 'cmake_force_configure': False, 'cmake_target': None, 'cmake_target_skip_unavailable': False, 'install_base': '/home/mehmet/ros/install/ros_python', 'merge_install': False, 'path': '/home/mehmet/ros/src/ros_python', 'symlink_install': False, 'test_result_base': None}
[0.279s] INFO:colcon.colcon_core.executor:Executing jobs using 'parallel' executor
[0.280s] DEBUG:colcon.colcon_parallel_executor.executor.parallel:run_until_complete
[0.280s] INFO:colcon.colcon_ros.task.ament_cmake.build:Building ROS package in '/home/mehmet/ros/src/bot_msgs' with build type 'ament_cmake'
[0.280s] INFO:colcon.colcon_cmake.task.cmake.build:Building CMake package in '/home/mehmet/ros/src/bot_msgs'
[0.282s] INFO:colcon.colcon_core.plugin_system:Skipping extension 'colcon_core.shell.bat': Not used on non-Windows systems
[0.282s] INFO:colcon.colcon_core.shell:Skip shell extension 'powershell' for command environment: Not usable outside of PowerShell
[0.282s] DEBUG:colcon.colcon_core.shell:Skip shell extension 'dsv' for command environment
[0.285s] INFO:colcon.colcon_ros.task.ament_cmake.build:Building ROS package in '/home/mehmet/ros/src/bot_controller' with build type 'ament_cmake'
[0.285s] INFO:colcon.colcon_cmake.task.cmake.build:Building CMake package in '/home/mehmet/ros/src/bot_controller'
[0.285s] INFO:colcon.colcon_core.shell:Skip shell extension 'powershell' for command environment: Not usable outside of PowerShell
[0.285s] DEBUG:colcon.colcon_core.shell:Skip shell extension 'dsv' for command environment
[0.289s] INFO:colcon.colcon_ros.task.ament_cmake.build:Building ROS package in '/home/mehmet/ros/src/bot_description' with build type 'ament_cmake'
[0.289s] INFO:colcon.colcon_cmake.task.cmake.build:Building CMake package in '/home/mehmet/ros/src/bot_description'
[0.289s] INFO:colcon.colcon_core.shell:Skip shell extension 'powershell' for command environment: Not usable outside of PowerShell
[0.289s] DEBUG:colcon.colcon_core.shell:Skip shell extension 'dsv' for command environment
[0.292s] INFO:colcon.colcon_ros.task.ament_cmake.build:Building ROS package in '/home/mehmet/ros/src/ros_cpp' with build type 'ament_cmake'
[0.292s] INFO:colcon.colcon_cmake.task.cmake.build:Building CMake package in '/home/mehmet/ros/src/ros_cpp'
[0.292s] INFO:colcon.colcon_core.shell:Skip shell extension 'powershell' for command environment: Not usable outside of PowerShell
[0.292s] DEBUG:colcon.colcon_core.shell:Skip shell extension 'dsv' for command environment
[0.299s] DEBUG:colcon.colcon_core.event_handler.log_command:Invoking command in '/home/mehmet/ros/build/bot_msgs': CMAKE_PREFIX_PATH=${CMAKE_PREFIX_PATH}:/home/mehmet/ros/install/ros_python:/opt/ros/humble /usr/bin/cmake --build /home/mehmet/ros/build/bot_msgs -- -j16 -l16
[0.301s] DEBUG:colcon.colcon_core.event_handler.log_command:Invoking command in '/home/mehmet/ros/build/bot_controller': CMAKE_PREFIX_PATH=${CMAKE_PREFIX_PATH}:/home/mehmet/ros/install/ros_python:/opt/ros/humble /usr/bin/cmake --build /home/mehmet/ros/build/bot_controller -- -j16 -l16
[0.304s] DEBUG:colcon.colcon_core.event_handler.log_command:Invoking command in '/home/mehmet/ros/build/bot_description': CMAKE_PREFIX_PATH=${CMAKE_PREFIX_PATH}:/home/mehmet/ros/install/ros_python:/opt/ros/humble /usr/bin/cmake --build /home/mehmet/ros/build/bot_description -- -j16 -l16
[0.308s] DEBUG:colcon.colcon_core.event_handler.log_command:Invoking command in '/home/mehmet/ros/build/ros_cpp': CMAKE_PREFIX_PATH=${CMAKE_PREFIX_PATH}:/home/mehmet/ros/install/ros_python:/opt/ros/humble /usr/bin/cmake --build /home/mehmet/ros/build/ros_cpp -- -j16 -l16
[0.334s] DEBUG:colcon.colcon_core.event_handler.log_command:Invoked command in '/home/mehmet/ros/build/bot_description' returned '0': CMAKE_PREFIX_PATH=${CMAKE_PREFIX_PATH}:/home/mehmet/ros/install/ros_python:/opt/ros/humble /usr/bin/cmake --build /home/mehmet/ros/build/bot_description -- -j16 -l16
[0.345s] DEBUG:colcon.colcon_core.event_handler.log_command:Invoking command in '/home/mehmet/ros/build/bot_description': CMAKE_PREFIX_PATH=${CMAKE_PREFIX_PATH}:/home/mehmet/ros/install/ros_python:/opt/ros/humble /usr/bin/cmake --install /home/mehmet/ros/build/bot_description
[0.356s] Level 1:colcon.colcon_core.environment:create_environment_scripts_only(bot_description)
[0.357s] DEBUG:colcon.colcon_core.event_handler.log_command:Invoked command in '/home/mehmet/ros/build/bot_description' returned '0': CMAKE_PREFIX_PATH=${CMAKE_PREFIX_PATH}:/home/mehmet/ros/install/ros_python:/opt/ros/humble /usr/bin/cmake --install /home/mehmet/ros/build/bot_description
[0.360s] Level 1:colcon.colcon_core.environment:checking '/home/mehmet/ros/install/bot_description' for CMake module files
[0.360s] Level 1:colcon.colcon_core.environment:checking '/home/mehmet/ros/install/bot_description' for CMake config files
[0.361s] Level 1:colcon.colcon_core.shell:create_environment_hook('bot_description', 'cmake_prefix_path')
[0.361s] INFO:colcon.colcon_core.shell:Creating environment hook '/home/mehmet/ros/install/bot_description/share/bot_description/hook/cmake_prefix_path.ps1'
[0.361s] INFO:colcon.colcon_core.shell:Creating environment descriptor '/home/mehmet/ros/install/bot_description/share/bot_description/hook/cmake_prefix_path.dsv'
[0.362s] INFO:colcon.colcon_core.shell:Creating environment hook '/home/mehmet/ros/install/bot_description/share/bot_description/hook/cmake_prefix_path.sh'
[0.363s] Level 1:colcon.colcon_core.environment:checking '/home/mehmet/ros/install/bot_description/bin'
[0.363s] Level 1:colcon.colcon_core.environment:checking '/home/mehmet/ros/install/bot_description/lib/pkgconfig/bot_description.pc'
[0.363s] Level 1:colcon.colcon_core.environment:checking '/home/mehmet/ros/install/bot_description/lib/python3.10/site-packages'
[0.363s] Level 1:colcon.colcon_core.environment:checking '/home/mehmet/ros/install/bot_description/bin'
[0.364s] INFO:colcon.colcon_core.shell:Creating package script '/home/mehmet/ros/install/bot_description/share/bot_description/package.ps1'
[0.366s] INFO:colcon.colcon_core.shell:Creating package descriptor '/home/mehmet/ros/install/bot_description/share/bot_description/package.dsv'
[0.368s] INFO:colcon.colcon_core.shell:Creating package script '/home/mehmet/ros/install/bot_description/share/bot_description/package.sh'
[0.369s] INFO:colcon.colcon_core.shell:Creating package script '/home/mehmet/ros/install/bot_description/share/bot_description/package.bash'
[0.370s] INFO:colcon.colcon_core.shell:Creating package script '/home/mehmet/ros/install/bot_description/share/bot_description/package.zsh'
[0.370s] Level 1:colcon.colcon_core.environment:create_file_with_runtime_dependencies(/home/mehmet/ros/install/bot_description/share/colcon-core/packages/bot_description)
[0.371s] Level 1:colcon.colcon_core.environment:create_environment_scripts_only(bot_description)
[0.371s] Level 1:colcon.colcon_core.environment:checking '/home/mehmet/ros/install/bot_description' for CMake module files
[0.371s] Level 1:colcon.colcon_core.environment:checking '/home/mehmet/ros/install/bot_description' for CMake config files
[0.372s] Level 1:colcon.colcon_core.shell:create_environment_hook('bot_description', 'cmake_prefix_path')
[0.372s] INFO:colcon.colcon_core.shell:Creating environment hook '/home/mehmet/ros/install/bot_description/share/bot_description/hook/cmake_prefix_path.ps1'
[0.372s] INFO:colcon.colcon_core.shell:Creating environment descriptor '/home/mehmet/ros/install/bot_description/share/bot_description/hook/cmake_prefix_path.dsv'
[0.373s] INFO:colcon.colcon_core.shell:Creating environment hook '/home/mehmet/ros/install/bot_description/share/bot_description/hook/cmake_prefix_path.sh'
[0.373s] Level 1:colcon.colcon_core.environment:checking '/home/mehmet/ros/install/bot_description/bin'
[0.373s] Level 1:colcon.colcon_core.environment:checking '/home/mehmet/ros/install/bot_description/lib/pkgconfig/bot_description.pc'
[0.374s] Level 1:colcon.colcon_core.environment:checking '/home/mehmet/ros/install/bot_description/lib/python3.10/site-packages'
[0.374s] Level 1:colcon.colcon_core.environment:checking '/home/mehmet/ros/install/bot_description/bin'
[0.374s] INFO:colcon.colcon_core.shell:Creating package script '/home/mehmet/ros/install/bot_description/share/bot_description/package.ps1'
[0.375s] INFO:colcon.colcon_core.shell:Creating package descriptor '/home/mehmet/ros/install/bot_description/share/bot_description/package.dsv'
[0.376s] INFO:colcon.colcon_core.shell:Creating package script '/home/mehmet/ros/install/bot_description/share/bot_description/package.sh'
[0.376s] INFO:colcon.colcon_core.shell:Creating package script '/home/mehmet/ros/install/bot_description/share/bot_description/package.bash'
[0.376s] INFO:colcon.colcon_core.shell:Creating package script '/home/mehmet/ros/install/bot_description/share/bot_description/package.zsh'
[0.377s] Level 1:colcon.colcon_core.environment:create_file_with_runtime_dependencies(/home/mehmet/ros/install/bot_description/share/colcon-core/packages/bot_description)
[0.380s] DEBUG:colcon.colcon_core.event_handler.log_command:Invoked command in '/home/mehmet/ros/build/ros_cpp' returned '0': CMAKE_PREFIX_PATH=${CMAKE_PREFIX_PATH}:/home/mehmet/ros/install/ros_python:/opt/ros/humble /usr/bin/cmake --build /home/mehmet/ros/build/ros_cpp -- -j16 -l16
[0.381s] DEBUG:colcon.colcon_core.event_handler.log_command:Invoking command in '/home/mehmet/ros/build/ros_cpp': CMAKE_PREFIX_PATH=${CMAKE_PREFIX_PATH}:/home/mehmet/ros/install/ros_python:/opt/ros/humble /usr/bin/cmake --install /home/mehmet/ros/build/ros_cpp
[0.392s] Level 1:colcon.colcon_core.environment:create_environment_scripts_only(ros_cpp)
[0.393s] Level 1:colcon.colcon_core.environment:checking '/home/mehmet/ros/install/ros_cpp' for CMake module files
[0.394s] DEBUG:colcon.colcon_core.event_handler.log_command:Invoked command in '/home/mehmet/ros/build/ros_cpp' returned '0': CMAKE_PREFIX_PATH=${CMAKE_PREFIX_PATH}:/home/mehmet/ros/install/ros_python:/opt/ros/humble /usr/bin/cmake --install /home/mehmet/ros/build/ros_cpp
[0.394s] Level 1:colcon.colcon_core.environment:checking '/home/mehmet/ros/install/ros_cpp' for CMake config files
[0.394s] Level 1:colcon.colcon_core.shell:create_environment_hook('ros_cpp', 'cmake_prefix_path')
[0.394s] INFO:colcon.colcon_core.shell:Creating environment hook '/home/mehmet/ros/install/ros_cpp/share/ros_cpp/hook/cmake_prefix_path.ps1'
[0.395s] INFO:colcon.colcon_core.shell:Creating environment descriptor '/home/mehmet/ros/install/ros_cpp/share/ros_cpp/hook/cmake_prefix_path.dsv'
[0.395s] INFO:colcon.colcon_core.shell:Creating environment hook '/home/mehmet/ros/install/ros_cpp/share/ros_cpp/hook/cmake_prefix_path.sh'
[0.396s] Level 1:colcon.colcon_core.environment:checking '/home/mehmet/ros/install/ros_cpp/lib'
[0.396s] Level 1:colcon.colcon_core.environment:checking '/home/mehmet/ros/install/ros_cpp/bin'
[0.396s] Level 1:colcon.colcon_core.environment:checking '/home/mehmet/ros/install/ros_cpp/lib/pkgconfig/ros_cpp.pc'
[0.396s] Level 1:colcon.colcon_core.environment:checking '/home/mehmet/ros/install/ros_cpp/lib/python3.10/site-packages'
[0.397s] Level 1:colcon.colcon_core.environment:checking '/home/mehmet/ros/install/ros_cpp/bin'
[0.397s] INFO:colcon.colcon_core.shell:Creating package script '/home/mehmet/ros/install/ros_cpp/share/ros_cpp/package.ps1'
[0.398s] INFO:colcon.colcon_core.shell:Creating package descriptor '/home/mehmet/ros/install/ros_cpp/share/ros_cpp/package.dsv'
[0.398s] INFO:colcon.colcon_core.shell:Creating package script '/home/mehmet/ros/install/ros_cpp/share/ros_cpp/package.sh'
[0.399s] INFO:colcon.colcon_core.shell:Creating package script '/home/mehmet/ros/install/ros_cpp/share/ros_cpp/package.bash'
[0.399s] INFO:colcon.colcon_core.shell:Creating package script '/home/mehmet/ros/install/ros_cpp/share/ros_cpp/package.zsh'
[0.399s] Level 1:colcon.colcon_core.environment:create_file_with_runtime_dependencies(/home/mehmet/ros/install/ros_cpp/share/colcon-core/packages/ros_cpp)
[0.400s] Level 1:colcon.colcon_core.environment:create_environment_scripts_only(ros_cpp)
[0.400s] Level 1:colcon.colcon_core.environment:checking '/home/mehmet/ros/install/ros_cpp' for CMake module files
[0.400s] Level 1:colcon.colcon_core.environment:checking '/home/mehmet/ros/install/ros_cpp' for CMake config files
[0.401s] Level 1:colcon.colcon_core.shell:create_environment_hook('ros_cpp', 'cmake_prefix_path')
[0.401s] INFO:colcon.colcon_core.shell:Creating environment hook '/home/mehmet/ros/install/ros_cpp/share/ros_cpp/hook/cmake_prefix_path.ps1'
[0.401s] INFO:colcon.colcon_core.shell:Creating environment descriptor '/home/mehmet/ros/install/ros_cpp/share/ros_cpp/hook/cmake_prefix_path.dsv'
[0.402s] INFO:colcon.colcon_core.shell:Creating environment hook '/home/mehmet/ros/install/ros_cpp/share/ros_cpp/hook/cmake_prefix_path.sh'
[0.402s] Level 1:colcon.colcon_core.environment:checking '/home/mehmet/ros/install/ros_cpp/lib'
[0.402s] Level 1:colcon.colcon_core.environment:checking '/home/mehmet/ros/install/ros_cpp/bin'
[0.402s] Level 1:colcon.colcon_core.environment:checking '/home/mehmet/ros/install/ros_cpp/lib/pkgconfig/ros_cpp.pc'
[0.402s] Level 1:colcon.colcon_core.environment:checking '/home/mehmet/ros/install/ros_cpp/lib/python3.10/site-packages'
[0.403s] Level 1:colcon.colcon_core.environment:checking '/home/mehmet/ros/install/ros_cpp/bin'
[0.403s] INFO:colcon.colcon_core.shell:Creating package script '/home/mehmet/ros/install/ros_cpp/share/ros_cpp/package.ps1'
[0.404s] INFO:colcon.colcon_core.shell:Creating package descriptor '/home/mehmet/ros/install/ros_cpp/share/ros_cpp/package.dsv'
[0.404s] INFO:colcon.colcon_core.shell:Creating package script '/home/mehmet/ros/install/ros_cpp/share/ros_cpp/package.sh'
[0.405s] INFO:colcon.colcon_core.shell:Creating package script '/home/mehmet/ros/install/ros_cpp/share/ros_cpp/package.bash'
[0.405s] INFO:colcon.colcon_core.shell:Creating package script '/home/mehmet/ros/install/ros_cpp/share/ros_cpp/package.zsh'
[0.406s] Level 1:colcon.colcon_core.environment:create_file_with_runtime_dependencies(/home/mehmet/ros/install/ros_cpp/share/colcon-core/packages/ros_cpp)
[0.636s] DEBUG:colcon.colcon_core.event_handler.log_command:Invoked command in '/home/mehmet/ros/build/bot_controller' returned '0': CMAKE_PREFIX_PATH=${CMAKE_PREFIX_PATH}:/home/mehmet/ros/install/ros_python:/opt/ros/humble /usr/bin/cmake --build /home/mehmet/ros/build/bot_controller -- -j16 -l16
[0.637s] DEBUG:colcon.colcon_core.event_handler.log_command:Invoking command in '/home/mehmet/ros/build/bot_controller': CMAKE_PREFIX_PATH=${CMAKE_PREFIX_PATH}:/home/mehmet/ros/install/ros_python:/opt/ros/humble /usr/bin/cmake --install /home/mehmet/ros/build/bot_controller
[0.638s] DEBUG:colcon.colcon_core.event_handler.log_command:Invoked command in '/home/mehmet/ros/build/bot_msgs' returned '0': CMAKE_PREFIX_PATH=${CMAKE_PREFIX_PATH}:/home/mehmet/ros/install/ros_python:/opt/ros/humble /usr/bin/cmake --build /home/mehmet/ros/build/bot_msgs -- -j16 -l16
[0.638s] DEBUG:colcon.colcon_core.event_handler.log_command:Invoking command in '/home/mehmet/ros/build/bot_msgs': CMAKE_PREFIX_PATH=${CMAKE_PREFIX_PATH}:/home/mehmet/ros/install/ros_python:/opt/ros/humble /usr/bin/cmake --install /home/mehmet/ros/build/bot_msgs
[0.685s] Level 1:colcon.colcon_core.environment:create_environment_scripts_only(bot_controller)
[0.686s] Level 1:colcon.colcon_core.environment:checking '/home/mehmet/ros/install/bot_controller' for CMake module files
[0.687s] DEBUG:colcon.colcon_core.event_handler.log_command:Invoked command in '/home/mehmet/ros/build/bot_controller' returned '0': CMAKE_PREFIX_PATH=${CMAKE_PREFIX_PATH}:/home/mehmet/ros/install/ros_python:/opt/ros/humble /usr/bin/cmake --install /home/mehmet/ros/build/bot_controller
[0.687s] Level 1:colcon.colcon_core.environment:checking '/home/mehmet/ros/install/bot_controller' for CMake config files
[0.687s] Level 1:colcon.colcon_core.shell:create_environment_hook('bot_controller', 'cmake_prefix_path')
[0.687s] INFO:colcon.colcon_core.shell:Creating environment hook '/home/mehmet/ros/install/bot_controller/share/bot_controller/hook/cmake_prefix_path.ps1'
[0.688s] INFO:colcon.colcon_core.shell:Creating environment descriptor '/home/mehmet/ros/install/bot_controller/share/bot_controller/hook/cmake_prefix_path.dsv'
[0.688s] INFO:colcon.colcon_core.shell:Creating environment hook '/home/mehmet/ros/install/bot_controller/share/bot_controller/hook/cmake_prefix_path.sh'
[0.688s] Level 1:colcon.colcon_core.environment:checking '/home/mehmet/ros/install/bot_controller/lib'
[0.688s] Level 1:colcon.colcon_core.environment:checking '/home/mehmet/ros/install/bot_controller/bin'
[0.689s] Level 1:colcon.colcon_core.environment:checking '/home/mehmet/ros/install/bot_controller/lib/pkgconfig/bot_controller.pc'
[0.689s] Level 1:colcon.colcon_core.environment:checking '/home/mehmet/ros/install/bot_controller/lib/python3.10/site-packages'
[0.689s] Level 1:colcon.colcon_core.environment:checking '/home/mehmet/ros/install/bot_controller/bin'
[0.689s] INFO:colcon.colcon_core.shell:Creating package script '/home/mehmet/ros/install/bot_controller/share/bot_controller/package.ps1'
[0.690s] INFO:colcon.colcon_core.shell:Creating package descriptor '/home/mehmet/ros/install/bot_controller/share/bot_controller/package.dsv'
[0.690s] INFO:colcon.colcon_core.shell:Creating package script '/home/mehmet/ros/install/bot_controller/share/bot_controller/package.sh'
[0.690s] INFO:colcon.colcon_core.shell:Creating package script '/home/mehmet/ros/install/bot_controller/share/bot_controller/package.bash'
[0.691s] INFO:colcon.colcon_core.shell:Creating package script '/home/mehmet/ros/install/bot_controller/share/bot_controller/package.zsh'
[0.691s] Level 1:colcon.colcon_core.environment:create_file_with_runtime_dependencies(/home/mehmet/ros/install/bot_controller/share/colcon-core/packages/bot_controller)
[0.692s] Level 1:colcon.colcon_core.environment:create_environment_scripts_only(bot_controller)
[0.692s] Level 1:colcon.colcon_core.environment:checking '/home/mehmet/ros/install/bot_controller' for CMake module files
[0.692s] Level 1:colcon.colcon_core.environment:checking '/home/mehmet/ros/install/bot_controller' for CMake config files
[0.692s] Level 1:colcon.colcon_core.shell:create_environment_hook('bot_controller', 'cmake_prefix_path')
[0.692s] INFO:colcon.colcon_core.shell:Creating environment hook '/home/mehmet/ros/install/bot_controller/share/bot_controller/hook/cmake_prefix_path.ps1'
[0.693s] INFO:colcon.colcon_core.shell:Creating environment descriptor '/home/mehmet/ros/install/bot_controller/share/bot_controller/hook/cmake_prefix_path.dsv'
[0.693s] INFO:colcon.colcon_core.shell:Creating environment hook '/home/mehmet/ros/install/bot_controller/share/bot_controller/hook/cmake_prefix_path.sh'
[0.694s] Level 1:colcon.colcon_core.environment:checking '/home/mehmet/ros/install/bot_controller/lib'
[0.694s] Level 1:colcon.colcon_core.environment:checking '/home/mehmet/ros/install/bot_controller/bin'
[0.694s] Level 1:colcon.colcon_core.environment:checking '/home/mehmet/ros/install/bot_controller/lib/pkgconfig/bot_controller.pc'
[0.694s] Level 1:colcon.colcon_core.environment:checking '/home/mehmet/ros/install/bot_controller/lib/python3.10/site-packages'
[0.694s] Level 1:colcon.colcon_core.environment:checking '/home/mehmet/ros/install/bot_controller/bin'
[0.694s] INFO:colcon.colcon_core.shell:Creating package script '/home/mehmet/ros/install/bot_controller/share/bot_controller/package.ps1'
[0.695s] INFO:colcon.colcon_core.shell:Creating package descriptor '/home/mehmet/ros/install/bot_controller/share/bot_controller/package.dsv'
[0.695s] INFO:colcon.colcon_core.shell:Creating package script '/home/mehmet/ros/install/bot_controller/share/bot_controller/package.sh'
[0.696s] INFO:colcon.colcon_core.shell:Creating package script '/home/mehmet/ros/install/bot_controller/share/bot_controller/package.bash'
[0.696s] INFO:colcon.colcon_core.shell:Creating package script '/home/mehmet/ros/install/bot_controller/share/bot_controller/package.zsh'
[0.696s] Level 1:colcon.colcon_core.environment:create_file_with_runtime_dependencies(/home/mehmet/ros/install/bot_controller/share/colcon-core/packages/bot_controller)
[0.697s] Level 1:colcon.colcon_core.environment:create_environment_scripts_only(bot_msgs)
[0.697s] Level 1:colcon.colcon_core.environment:checking '/home/mehmet/ros/install/bot_msgs' for CMake module files
[0.698s] DEBUG:colcon.colcon_core.event_handler.log_command:Invoked command in '/home/mehmet/ros/build/bot_msgs' returned '0': CMAKE_PREFIX_PATH=${CMAKE_PREFIX_PATH}:/home/mehmet/ros/install/ros_python:/opt/ros/humble /usr/bin/cmake --install /home/mehmet/ros/build/bot_msgs
[0.699s] Level 1:colcon.colcon_core.environment:checking '/home/mehmet/ros/install/bot_msgs' for CMake config files
[0.699s] Level 1:colcon.colcon_core.shell:create_environment_hook('bot_msgs', 'cmake_prefix_path')
[0.699s] INFO:colcon.colcon_core.shell:Creating environment hook '/home/mehmet/ros/install/bot_msgs/share/bot_msgs/hook/cmake_prefix_path.ps1'
[0.700s] INFO:colcon.colcon_core.shell:Creating environment descriptor '/home/mehmet/ros/install/bot_msgs/share/bot_msgs/hook/cmake_prefix_path.dsv'
[0.701s] INFO:colcon.colcon_core.shell:Creating environment hook '/home/mehmet/ros/install/bot_msgs/share/bot_msgs/hook/cmake_prefix_path.sh'
[0.701s] Level 1:colcon.colcon_core.environment:checking '/home/mehmet/ros/install/bot_msgs/lib'
[0.701s] Level 1:colcon.colcon_core.shell:create_environment_hook('bot_msgs', 'ld_library_path_lib')
[0.702s] INFO:colcon.colcon_core.shell:Creating environment hook '/home/mehmet/ros/install/bot_msgs/share/bot_msgs/hook/ld_library_path_lib.ps1'
[0.702s] INFO:colcon.colcon_core.shell:Creating environment descriptor '/home/mehmet/ros/install/bot_msgs/share/bot_msgs/hook/ld_library_path_lib.dsv'
[0.702s] INFO:colcon.colcon_core.shell:Creating environment hook '/home/mehmet/ros/install/bot_msgs/share/bot_msgs/hook/ld_library_path_lib.sh'
[0.703s] Level 1:colcon.colcon_core.environment:checking '/home/mehmet/ros/install/bot_msgs/bin'
[0.703s] Level 1:colcon.colcon_core.environment:checking '/home/mehmet/ros/install/bot_msgs/lib/pkgconfig/bot_msgs.pc'
[0.703s] Level 1:colcon.colcon_core.environment:checking '/home/mehmet/ros/install/bot_msgs/lib/python3.10/site-packages'
[0.703s] Level 1:colcon.colcon_core.environment:checking '/home/mehmet/ros/install/bot_msgs/bin'
[0.704s] INFO:colcon.colcon_core.shell:Creating package script '/home/mehmet/ros/install/bot_msgs/share/bot_msgs/package.ps1'
[0.704s] INFO:colcon.colcon_core.shell:Creating package descriptor '/home/mehmet/ros/install/bot_msgs/share/bot_msgs/package.dsv'
[0.704s] INFO:colcon.colcon_core.shell:Creating package script '/home/mehmet/ros/install/bot_msgs/share/bot_msgs/package.sh'
[0.705s] INFO:colcon.colcon_core.shell:Creating package script '/home/mehmet/ros/install/bot_msgs/share/bot_msgs/package.bash'
[0.705s] INFO:colcon.colcon_core.shell:Creating package script '/home/mehmet/ros/install/bot_msgs/share/bot_msgs/package.zsh'
[0.705s] Level 1:colcon.colcon_core.environment:create_file_with_runtime_dependencies(/home/mehmet/ros/install/bot_msgs/share/colcon-core/packages/bot_msgs)
[0.706s] Level 1:colcon.colcon_core.environment:create_environment_scripts_only(bot_msgs)
[0.706s] Level 1:colcon.colcon_core.environment:checking '/home/mehmet/ros/install/bot_msgs' for CMake module files
[0.706s] Level 1:colcon.colcon_core.environment:checking '/home/mehmet/ros/install/bot_msgs' for CMake config files
[0.707s] Level 1:colcon.colcon_core.shell:create_environment_hook('bot_msgs', 'cmake_prefix_path')
[0.707s] INFO:colcon.colcon_core.shell:Creating environment hook '/home/mehmet/ros/install/bot_msgs/share/bot_msgs/hook/cmake_prefix_path.ps1'
[0.707s] INFO:colcon.colcon_core.shell:Creating environment descriptor '/home/mehmet/ros/install/bot_msgs/share/bot_msgs/hook/cmake_prefix_path.dsv'
[0.708s] INFO:colcon.colcon_core.shell:Creating environment hook '/home/mehmet/ros/install/bot_msgs/share/bot_msgs/hook/cmake_prefix_path.sh'
[0.708s] Level 1:colcon.colcon_core.environment:checking '/home/mehmet/ros/install/bot_msgs/lib'
[0.708s] Level 1:colcon.colcon_core.shell:create_environment_hook('bot_msgs', 'ld_library_path_lib')
[0.708s] INFO:colcon.colcon_core.shell:Creating environment hook '/home/mehmet/ros/install/bot_msgs/share/bot_msgs/hook/ld_library_path_lib.ps1'
[0.708s] INFO:colcon.colcon_core.shell:Creating environment descriptor '/home/mehmet/ros/install/bot_msgs/share/bot_msgs/hook/ld_library_path_lib.dsv'
[0.709s] INFO:colcon.colcon_core.shell:Creating environment hook '/home/mehmet/ros/install/bot_msgs/share/bot_msgs/hook/ld_library_path_lib.sh'
[0.709s] Level 1:colcon.colcon_core.environment:checking '/home/mehmet/ros/install/bot_msgs/bin'
[0.709s] Level 1:colcon.colcon_core.environment:checking '/home/mehmet/ros/install/bot_msgs/lib/pkgconfig/bot_msgs.pc'
[0.709s] Level 1:colcon.colcon_core.environment:checking '/home/mehmet/ros/install/bot_msgs/lib/python3.10/site-packages'
[0.709s] Level 1:colcon.colcon_core.environment:checking '/home/mehmet/ros/install/bot_msgs/bin'
[0.710s] INFO:colcon.colcon_core.shell:Creating package script '/home/mehmet/ros/install/bot_msgs/share/bot_msgs/package.ps1'
[0.710s] INFO:colcon.colcon_core.shell:Creating package descriptor '/home/mehmet/ros/install/bot_msgs/share/bot_msgs/package.dsv'
[0.711s] INFO:colcon.colcon_core.shell:Creating package script '/home/mehmet/ros/install/bot_msgs/share/bot_msgs/package.sh'
[0.711s] INFO:colcon.colcon_core.shell:Creating package script '/home/mehmet/ros/install/bot_msgs/share/bot_msgs/package.bash'
[0.711s] INFO:colcon.colcon_core.shell:Creating package script '/home/mehmet/ros/install/bot_msgs/share/bot_msgs/package.zsh'
[0.712s] Level 1:colcon.colcon_core.environment:create_file_with_runtime_dependencies(/home/mehmet/ros/install/bot_msgs/share/colcon-core/packages/bot_msgs)
[0.712s] INFO:colcon.colcon_ros.task.ament_python.build:Building ROS package in '/home/mehmet/ros/src/ros_python' with build type 'ament_python'
[0.712s] Level 1:colcon.colcon_core.shell:create_environment_hook('ros_python', 'ament_prefix_path')
[0.712s] INFO:colcon.colcon_core.shell:Creating environment hook '/home/mehmet/ros/install/ros_python/share/ros_python/hook/ament_prefix_path.ps1'
[0.713s] INFO:colcon.colcon_core.shell:Creating environment descriptor '/home/mehmet/ros/install/ros_python/share/ros_python/hook/ament_prefix_path.dsv'
[0.713s] INFO:colcon.colcon_core.shell:Creating environment hook '/home/mehmet/ros/install/ros_python/share/ros_python/hook/ament_prefix_path.sh'
[0.713s] INFO:colcon.colcon_core.shell:Skip shell extension 'powershell' for command environment: Not usable outside of PowerShell
[0.713s] DEBUG:colcon.colcon_core.shell:Skip shell extension 'dsv' for command environment
[0.913s] INFO:colcon.colcon_core.task.python.build:Building Python package in '/home/mehmet/ros/src/ros_python'
[0.913s] INFO:colcon.colcon_core.shell:Skip shell extension 'powershell' for command environment: Not usable outside of PowerShell
[0.913s] DEBUG:colcon.colcon_core.shell:Skip shell extension 'dsv' for command environment
[1.199s] DEBUG:colcon.colcon_core.event_handler.log_command:Invoking command in '/home/mehmet/ros/src/ros_python': CMAKE_PREFIX_PATH=/home/mehmet/ros/install/bot_msgs:/home/mehmet/ros/install/ros_cpp:/home/mehmet/ros/install/bot_description:/home/mehmet/ros/install/bot_controller PYTHONPATH=/home/mehmet/ros/build/ros_python/prefix_override:/usr/lib/python3/dist-packages/colcon_core/task/python/colcon_distutils_commands:/home/mehmet/ros/install/ros_python/lib/python3.10/site-packages:${PYTHONPATH} /usr/bin/python3 -W ignore:setup.py install is deprecated -W ignore:easy_install command is deprecated setup.py egg_info --egg-base ../../build/ros_python build --build-base /home/mehmet/ros/build/ros_python/build install --record /home/mehmet/ros/build/ros_python/install.log --single-version-externally-managed install_data
[1.425s] Level 1:colcon.colcon_core.environment:checking '/home/mehmet/ros/install/ros_python' for CMake module files
[1.426s] DEBUG:colcon.colcon_core.event_handler.log_command:Invoked command in '/home/mehmet/ros/src/ros_python' returned '0': CMAKE_PREFIX_PATH=/home/mehmet/ros/install/bot_msgs:/home/mehmet/ros/install/ros_cpp:/home/mehmet/ros/install/bot_description:/home/mehmet/ros/install/bot_controller PYTHONPATH=/home/mehmet/ros/build/ros_python/prefix_override:/usr/lib/python3/dist-packages/colcon_core/task/python/colcon_distutils_commands:/home/mehmet/ros/install/ros_python/lib/python3.10/site-packages:${PYTHONPATH} /usr/bin/python3 -W ignore:setup.py install is deprecated -W ignore:easy_install command is deprecated setup.py egg_info --egg-base ../../build/ros_python build --build-base /home/mehmet/ros/build/ros_python/build install --record /home/mehmet/ros/build/ros_python/install.log --single-version-externally-managed install_data
[1.426s] Level 1:colcon.colcon_core.environment:checking '/home/mehmet/ros/install/ros_python' for CMake config files
[1.426s] Level 1:colcon.colcon_core.environment:checking '/home/mehmet/ros/install/ros_python/lib'
[1.426s] Level 1:colcon.colcon_core.environment:checking '/home/mehmet/ros/install/ros_python/bin'
[1.427s] Level 1:colcon.colcon_core.environment:checking '/home/mehmet/ros/install/ros_python/lib/pkgconfig/ros_python.pc'
[1.427s] Level 1:colcon.colcon_core.environment:checking '/home/mehmet/ros/install/ros_python/lib/python3.10/site-packages'
[1.427s] Level 1:colcon.colcon_core.shell:create_environment_hook('ros_python', 'pythonpath')
[1.427s] INFO:colcon.colcon_core.shell:Creating environment hook '/home/mehmet/ros/install/ros_python/share/ros_python/hook/pythonpath.ps1'
[1.427s] INFO:colcon.colcon_core.shell:Creating environment descriptor '/home/mehmet/ros/install/ros_python/share/ros_python/hook/pythonpath.dsv'
[1.428s] INFO:colcon.colcon_core.shell:Creating environment hook '/home/mehmet/ros/install/ros_python/share/ros_python/hook/pythonpath.sh'
[1.428s] Level 1:colcon.colcon_core.environment:checking '/home/mehmet/ros/install/ros_python/bin'
[1.428s] Level 1:colcon.colcon_core.environment:create_environment_scripts_only(ros_python)
[1.428s] INFO:colcon.colcon_core.shell:Creating package script '/home/mehmet/ros/install/ros_python/share/ros_python/package.ps1'
[1.429s] INFO:colcon.colcon_core.shell:Creating package descriptor '/home/mehmet/ros/install/ros_python/share/ros_python/package.dsv'
[1.429s] INFO:colcon.colcon_core.shell:Creating package script '/home/mehmet/ros/install/ros_python/share/ros_python/package.sh'
[1.429s] INFO:colcon.colcon_core.shell:Creating package script '/home/mehmet/ros/install/ros_python/share/ros_python/package.bash'
[1.429s] INFO:colcon.colcon_core.shell:Creating package script '/home/mehmet/ros/install/ros_python/share/ros_python/package.zsh'
[1.429s] Level 1:colcon.colcon_core.environment:create_file_with_runtime_dependencies(/home/mehmet/ros/install/ros_python/share/colcon-core/packages/ros_python)
[1.430s] DEBUG:colcon.colcon_parallel_executor.executor.parallel:closing loop
[1.430s] DEBUG:colcon.colcon_parallel_executor.executor.parallel:loop closed
[1.430s] DEBUG:colcon.colcon_parallel_executor.executor.parallel:run_until_complete finished with '0'
[1.430s] DEBUG:colcon.colcon_core.event_reactor:joining thread
[1.434s] INFO:colcon.colcon_core.plugin_system:Skipping extension 'colcon_notification.desktop_notification.terminal_notifier': Not used on non-Darwin systems
[1.434s] INFO:colcon.colcon_core.plugin_system:Skipping extension 'colcon_notification.desktop_notification.win32': Not used on non-Windows systems
[1.434s] INFO:colcon.colcon_notification.desktop_notification:Sending desktop notification using 'notify2'
[1.444s] DEBUG:colcon.colcon_core.event_reactor:joined thread
[1.444s] INFO:colcon.colcon_core.shell:Creating prefix script '/home/mehmet/ros/install/local_setup.ps1'
[1.445s] INFO:colcon.colcon_core.shell:Creating prefix util module '/home/mehmet/ros/install/_local_setup_util_ps1.py'
[1.446s] INFO:colcon.colcon_core.shell:Creating prefix chain script '/home/mehmet/ros/install/setup.ps1'
[1.446s] INFO:colcon.colcon_core.shell:Creating prefix script '/home/mehmet/ros/install/local_setup.sh'
[1.447s] INFO:colcon.colcon_core.shell:Creating prefix util module '/home/mehmet/ros/install/_local_setup_util_sh.py'
[1.447s] INFO:colcon.colcon_core.shell:Creating prefix chain script '/home/mehmet/ros/install/setup.sh'
[1.447s] INFO:colcon.colcon_core.shell:Creating prefix script '/home/mehmet/ros/install/local_setup.bash'
[1.448s] INFO:colcon.colcon_core.shell:Creating prefix chain script '/home/mehmet/ros/install/setup.bash'
[1.448s] INFO:colcon.colcon_core.shell:Creating prefix script '/home/mehmet/ros/install/local_setup.zsh'
[1.449s] INFO:colcon.colcon_core.shell:Creating prefix chain script '/home/mehmet/ros/install/setup.zsh'
