[0.358s] Invoking command in '/home/murtazam/ros2_ws/src/ros_python': PYTHONPATH=/home/murtazam/ros2_ws/build/ros_python/prefix_override:/usr/lib/python3/dist-packages/colcon_core/task/python/colcon_distutils_commands:/home/murtazam/ros2_ws/install/ros_python/lib/python3.10/site-packages:${PYTHONPATH} /usr/bin/python3 -W ignore:setup.py install is deprecated -W ignore:easy_install command is deprecated setup.py egg_info --egg-base ../../build/ros_python build --build-base /home/murtazam/ros2_ws/build/ros_python/build install --record /home/murtazam/ros2_ws/build/ros_python/install.log --single-version-externally-managed install_data
[0.468s] running egg_info
[0.469s] creating ../../build/ros_python/ros_python.egg-info
[0.469s] writing ../../build/ros_python/ros_python.egg-info/PKG-INFO
[0.469s] writing dependency_links to ../../build/ros_python/ros_python.egg-info/dependency_links.txt
[0.469s] writing entry points to ../../build/ros_python/ros_python.egg-info/entry_points.txt
[0.469s] writing requirements to ../../build/ros_python/ros_python.egg-info/requires.txt
[0.469s] writing top-level names to ../../build/ros_python/ros_python.egg-info/top_level.txt
[0.469s] writing manifest file '../../build/ros_python/ros_python.egg-info/SOURCES.txt'
[0.470s] reading manifest file '../../build/ros_python/ros_python.egg-info/SOURCES.txt'
[0.471s] writing manifest file '../../build/ros_python/ros_python.egg-info/SOURCES.txt'
[0.471s] running build
[0.471s] running build_py
[0.471s] creating /home/murtazam/ros2_ws/build/ros_python/build
[0.471s] creating /home/murtazam/ros2_ws/build/ros_python/build/lib
[0.471s] creating /home/murtazam/ros2_ws/build/ros_python/build/lib/ros_python
[0.471s] copying ros_python/parameter.py -> /home/murtazam/ros2_ws/build/ros_python/build/lib/ros_python
[0.471s] copying ros_python/subscriber.py -> /home/murtazam/ros2_ws/build/ros_python/build/lib/ros_python
[0.471s] copying ros_python/__init__.py -> /home/murtazam/ros2_ws/build/ros_python/build/lib/ros_python
[0.471s] copying ros_python/publisher.py -> /home/murtazam/ros2_ws/build/ros_python/build/lib/ros_python
[0.471s] running install
[0.471s] running install_lib
[0.472s] creating /home/murtazam/ros2_ws/install/ros_python/lib/python3.10/site-packages/ros_python
[0.472s] copying /home/murtazam/ros2_ws/build/ros_python/build/lib/ros_python/parameter.py -> /home/murtazam/ros2_ws/install/ros_python/lib/python3.10/site-packages/ros_python
[0.472s] copying /home/murtazam/ros2_ws/build/ros_python/build/lib/ros_python/subscriber.py -> /home/murtazam/ros2_ws/install/ros_python/lib/python3.10/site-packages/ros_python
[0.472s] copying /home/murtazam/ros2_ws/build/ros_python/build/lib/ros_python/__init__.py -> /home/murtazam/ros2_ws/install/ros_python/lib/python3.10/site-packages/ros_python
[0.472s] copying /home/murtazam/ros2_ws/build/ros_python/build/lib/ros_python/publisher.py -> /home/murtazam/ros2_ws/install/ros_python/lib/python3.10/site-packages/ros_python
[0.472s] byte-compiling /home/murtazam/ros2_ws/install/ros_python/lib/python3.10/site-packages/ros_python/parameter.py to parameter.cpython-310.pyc
[0.472s] byte-compiling /home/murtazam/ros2_ws/install/ros_python/lib/python3.10/site-packages/ros_python/subscriber.py to subscriber.cpython-310.pyc
[0.472s] byte-compiling /home/murtazam/ros2_ws/install/ros_python/lib/python3.10/site-packages/ros_python/__init__.py to __init__.cpython-310.pyc
[0.472s] byte-compiling /home/murtazam/ros2_ws/install/ros_python/lib/python3.10/site-packages/ros_python/publisher.py to publisher.cpython-310.pyc
[0.472s] running install_data
[0.472s] creating /home/murtazam/ros2_ws/install/ros_python/share/ament_index
[0.473s] creating /home/murtazam/ros2_ws/install/ros_python/share/ament_index/resource_index
[0.473s] creating /home/murtazam/ros2_ws/install/ros_python/share/ament_index/resource_index/packages
[0.473s] copying resource/ros_python -> /home/murtazam/ros2_ws/install/ros_python/share/ament_index/resource_index/packages
[0.473s] copying package.xml -> /home/murtazam/ros2_ws/install/ros_python/share/ros_python
[0.473s] running install_egg_info
[0.473s] Copying ../../build/ros_python/ros_python.egg-info to /home/murtazam/ros2_ws/install/ros_python/lib/python3.10/site-packages/ros_python-0.0.0-py3.10.egg-info
[0.474s] running install_scripts
[0.483s] Installing parameter script to /home/murtazam/ros2_ws/install/ros_python/lib/ros_python
[0.483s] Installing publisher script to /home/murtazam/ros2_ws/install/ros_python/lib/ros_python
[0.483s] Installing subscriber script to /home/murtazam/ros2_ws/install/ros_python/lib/ros_python
[0.483s] writing list of installed files to '/home/murtazam/ros2_ws/build/ros_python/install.log'
[0.493s] Invoked command in '/home/murtazam/ros2_ws/src/ros_python' returned '0': PYTHONPATH=/home/murtazam/ros2_ws/build/ros_python/prefix_override:/usr/lib/python3/dist-packages/colcon_core/task/python/colcon_distutils_commands:/home/murtazam/ros2_ws/install/ros_python/lib/python3.10/site-packages:${PYTHONPATH} /usr/bin/python3 -W ignore:setup.py install is deprecated -W ignore:easy_install command is deprecated setup.py egg_info --egg-base ../../build/ros_python build --build-base /home/murtazam/ros2_ws/build/ros_python/build install --record /home/murtazam/ros2_ws/build/ros_python/install.log --single-version-externally-managed install_data
