[0.084s] DEBUG:colcon:Command line arguments: ['/usr/bin/colcon', 'build']
[0.084s] DEBUG:colcon:Parsed command line arguments: Namespace(log_base=None, log_level=None, verb_name='build', build_base='build', install_base='install', merge_install=False, symlink_install=False, test_result_base=None, continue_on_error=False, executor='parallel', parallel_workers=5, event_handlers=None, ignore_user_meta=False, metas=['./colcon.meta'], base_paths=['.'], packages_ignore=None, packages_ignore_regex=None, paths=None, packages_up_to=None, packages_up_to_regex=None, packages_above=None, packages_above_and_dependencies=None, packages_above_depth=None, packages_select_by_dep=None, packages_skip_by_dep=None, packages_skip_up_to=None, packages_select_build_failed=False, packages_skip_build_finished=False, packages_select_test_failures=False, packages_skip_test_passed=False, packages_select=None, packages_skip=None, packages_select_regex=None, packages_skip_regex=None, packages_start=None, packages_end=None, allow_overriding=[], cmake_args=None, cmake_target=None, cmake_target_skip_unavailable=False, cmake_clean_cache=False, cmake_clean_first=False, cmake_force_configure=False, ament_cmake_args=None, catkin_cmake_args=None, catkin_skip_building_tests=False, mixin_files=None, mixin=None, verb_parser=<colcon_mixin.mixin.mixin_argument.MixinArgumentDecorator object at 0xffff8127aad0>, verb_extension=<colcon_core.verb.build.BuildVerb object at 0xffff8141b760>, main=<bound method BuildVerb.main of <colcon_core.verb.build.BuildVerb object at 0xffff8141b760>>, mixin_verb=('build',))
[0.228s] Level 1:colcon.colcon_core.package_discovery:discover_packages(colcon_meta) check parameters
[0.228s] Level 1:colcon.colcon_core.package_discovery:discover_packages(recursive) check parameters
[0.228s] Level 1:colcon.colcon_core.package_discovery:discover_packages(ignore) check parameters
[0.228s] Level 1:colcon.colcon_core.package_discovery:discover_packages(path) check parameters
[0.228s] Level 1:colcon.colcon_core.package_discovery:discover_packages(colcon_meta) discover
[0.228s] Level 1:colcon.colcon_core.package_discovery:discover_packages(recursive) discover
[0.228s] INFO:colcon.colcon_core.package_discovery:Crawling recursively for packages in '/home/murtazam/ros2_ws'
[0.228s] Level 1:colcon.colcon_core.package_identification:_identify(.) by extensions ['ignore', 'ignore_ament_install']
[0.228s] Level 1:colcon.colcon_core.package_identification:_identify(.) by extension 'ignore'
[0.228s] Level 1:colcon.colcon_core.package_identification:_identify(.) by extension 'ignore_ament_install'
[0.228s] Level 1:colcon.colcon_core.package_identification:_identify(.) by extensions ['colcon_pkg']
[0.228s] Level 1:colcon.colcon_core.package_identification:_identify(.) by extension 'colcon_pkg'
[0.228s] Level 1:colcon.colcon_core.package_identification:_identify(.) by extensions ['colcon_meta']
[0.228s] Level 1:colcon.colcon_core.package_identification:_identify(.) by extension 'colcon_meta'
[0.228s] Level 1:colcon.colcon_core.package_identification:_identify(.) by extensions ['ros']
[0.228s] Level 1:colcon.colcon_core.package_identification:_identify(.) by extension 'ros'
[0.233s] Level 1:colcon.colcon_core.package_identification:_identify(.) by extensions ['cmake', 'python']
[0.233s] Level 1:colcon.colcon_core.package_identification:_identify(.) by extension 'cmake'
[0.233s] Level 1:colcon.colcon_core.package_identification:_identify(.) by extension 'python'
[0.234s] Level 1:colcon.colcon_core.package_identification:_identify(.) by extensions ['python_setup_py']
[0.234s] Level 1:colcon.colcon_core.package_identification:_identify(.) by extension 'python_setup_py'
[0.234s] Level 1:colcon.colcon_core.package_identification:_identify(build) by extensions ['ignore', 'ignore_ament_install']
[0.234s] Level 1:colcon.colcon_core.package_identification:_identify(build) by extension 'ignore'
[0.234s] Level 1:colcon.colcon_core.package_identification:_identify(build) ignored
[0.234s] Level 1:colcon.colcon_core.package_identification:_identify(install) by extensions ['ignore', 'ignore_ament_install']
[0.234s] Level 1:colcon.colcon_core.package_identification:_identify(install) by extension 'ignore'
[0.234s] Level 1:colcon.colcon_core.package_identification:_identify(install) ignored
[0.234s] Level 1:colcon.colcon_core.package_identification:_identify(log) by extensions ['ignore', 'ignore_ament_install']
[0.234s] Level 1:colcon.colcon_core.package_identification:_identify(log) by extension 'ignore'
[0.234s] Level 1:colcon.colcon_core.package_identification:_identify(log) ignored
[0.234s] Level 1:colcon.colcon_core.package_identification:_identify(src) by extensions ['ignore', 'ignore_ament_install']
[0.234s] Level 1:colcon.colcon_core.package_identification:_identify(src) by extension 'ignore'
[0.234s] Level 1:colcon.colcon_core.package_identification:_identify(src) by extension 'ignore_ament_install'
[0.234s] Level 1:colcon.colcon_core.package_identification:_identify(src) by extensions ['colcon_pkg']
[0.234s] Level 1:colcon.colcon_core.package_identification:_identify(src) by extension 'colcon_pkg'
[0.234s] Level 1:colcon.colcon_core.package_identification:_identify(src) by extensions ['colcon_meta']
[0.234s] Level 1:colcon.colcon_core.package_identification:_identify(src) by extension 'colcon_meta'
[0.234s] Level 1:colcon.colcon_core.package_identification:_identify(src) by extensions ['ros']
[0.234s] Level 1:colcon.colcon_core.package_identification:_identify(src) by extension 'ros'
[0.234s] Level 1:colcon.colcon_core.package_identification:_identify(src) by extensions ['cmake', 'python']
[0.234s] Level 1:colcon.colcon_core.package_identification:_identify(src) by extension 'cmake'
[0.234s] Level 1:colcon.colcon_core.package_identification:_identify(src) by extension 'python'
[0.234s] Level 1:colcon.colcon_core.package_identification:_identify(src) by extensions ['python_setup_py']
[0.234s] Level 1:colcon.colcon_core.package_identification:_identify(src) by extension 'python_setup_py'
[0.234s] Level 1:colcon.colcon_core.package_identification:_identify(src/bot_description) by extensions ['ignore', 'ignore_ament_install']
[0.234s] Level 1:colcon.colcon_core.package_identification:_identify(src/bot_description) by extension 'ignore'
[0.234s] Level 1:colcon.colcon_core.package_identification:_identify(src/bot_description) by extension 'ignore_ament_install'
[0.234s] Level 1:colcon.colcon_core.package_identification:_identify(src/bot_description) by extensions ['colcon_pkg']
[0.234s] Level 1:colcon.colcon_core.package_identification:_identify(src/bot_description) by extension 'colcon_pkg'
[0.234s] Level 1:colcon.colcon_core.package_identification:_identify(src/bot_description) by extensions ['colcon_meta']
[0.234s] Level 1:colcon.colcon_core.package_identification:_identify(src/bot_description) by extension 'colcon_meta'
[0.234s] Level 1:colcon.colcon_core.package_identification:_identify(src/bot_description) by extensions ['ros']
[0.234s] Level 1:colcon.colcon_core.package_identification:_identify(src/bot_description) by extension 'ros'
[0.240s] DEBUG:colcon.colcon_core.package_identification:Package 'src/bot_description' with type 'ros.ament_cmake' and name 'bot_description'
[0.240s] Level 1:colcon.colcon_core.package_identification:_identify(src/controller) by extensions ['ignore', 'ignore_ament_install']
[0.240s] Level 1:colcon.colcon_core.package_identification:_identify(src/controller) by extension 'ignore'
[0.240s] Level 1:colcon.colcon_core.package_identification:_identify(src/controller) by extension 'ignore_ament_install'
[0.240s] Level 1:colcon.colcon_core.package_identification:_identify(src/controller) by extensions ['colcon_pkg']
[0.240s] Level 1:colcon.colcon_core.package_identification:_identify(src/controller) by extension 'colcon_pkg'
[0.240s] Level 1:colcon.colcon_core.package_identification:_identify(src/controller) by extensions ['colcon_meta']
[0.240s] Level 1:colcon.colcon_core.package_identification:_identify(src/controller) by extension 'colcon_meta'
[0.240s] Level 1:colcon.colcon_core.package_identification:_identify(src/controller) by extensions ['ros']
[0.240s] Level 1:colcon.colcon_core.package_identification:_identify(src/controller) by extension 'ros'
[0.240s] DEBUG:colcon.colcon_core.package_identification:Package 'src/controller' with type 'ros.ament_cmake' and name 'controller'
[0.240s] Level 1:colcon.colcon_core.package_identification:_identify(src/ros_cpp) by extensions ['ignore', 'ignore_ament_install']
[0.240s] Level 1:colcon.colcon_core.package_identification:_identify(src/ros_cpp) by extension 'ignore'
[0.240s] Level 1:colcon.colcon_core.package_identification:_identify(src/ros_cpp) by extension 'ignore_ament_install'
[0.240s] Level 1:colcon.colcon_core.package_identification:_identify(src/ros_cpp) by extensions ['colcon_pkg']
[0.240s] Level 1:colcon.colcon_core.package_identification:_identify(src/ros_cpp) by extension 'colcon_pkg'
[0.240s] Level 1:colcon.colcon_core.package_identification:_identify(src/ros_cpp) by extensions ['colcon_meta']
[0.240s] Level 1:colcon.colcon_core.package_identification:_identify(src/ros_cpp) by extension 'colcon_meta'
[0.240s] Level 1:colcon.colcon_core.package_identification:_identify(src/ros_cpp) by extensions ['ros']
[0.240s] Level 1:colcon.colcon_core.package_identification:_identify(src/ros_cpp) by extension 'ros'
[0.241s] DEBUG:colcon.colcon_core.package_identification:Package 'src/ros_cpp' with type 'ros.ament_cmake' and name 'ros_cpp'
[0.241s] Level 1:colcon.colcon_core.package_identification:_identify(src/ros_python) by extensions ['ignore', 'ignore_ament_install']
[0.241s] Level 1:colcon.colcon_core.package_identification:_identify(src/ros_python) by extension 'ignore'
[0.241s] Level 1:colcon.colcon_core.package_identification:_identify(src/ros_python) by extension 'ignore_ament_install'
[0.241s] Level 1:colcon.colcon_core.package_identification:_identify(src/ros_python) by extensions ['colcon_pkg']
[0.241s] Level 1:colcon.colcon_core.package_identification:_identify(src/ros_python) by extension 'colcon_pkg'
[0.241s] Level 1:colcon.colcon_core.package_identification:_identify(src/ros_python) by extensions ['colcon_meta']
[0.241s] Level 1:colcon.colcon_core.package_identification:_identify(src/ros_python) by extension 'colcon_meta'
[0.241s] Level 1:colcon.colcon_core.package_identification:_identify(src/ros_python) by extensions ['ros']
[0.241s] Level 1:colcon.colcon_core.package_identification:_identify(src/ros_python) by extension 'ros'
[0.242s] DEBUG:colcon.colcon_core.package_identification:Package 'src/ros_python' with type 'ros.ament_python' and name 'ros_python'
[0.242s] Level 1:colcon.colcon_core.package_discovery:discover_packages(recursive) using defaults
[0.242s] Level 1:colcon.colcon_core.package_discovery:discover_packages(ignore) discover
[0.242s] Level 1:colcon.colcon_core.package_discovery:discover_packages(ignore) using defaults
[0.242s] Level 1:colcon.colcon_core.package_discovery:discover_packages(path) discover
[0.242s] Level 1:colcon.colcon_core.package_discovery:discover_packages(path) using defaults
[0.256s] Level 1:colcon.colcon_core.package_discovery:discover_packages(prefix_path) check parameters
[0.256s] Level 1:colcon.colcon_core.package_discovery:discover_packages(prefix_path) discover
[0.258s] DEBUG:colcon.colcon_installed_package_information.package_discovery:Found 3 installed packages in /home/murtazam/ros2_ws/install
[0.258s] DEBUG:colcon.colcon_installed_package_information.package_discovery:Found 359 installed packages in /opt/ros/humble
[0.259s] Level 1:colcon.colcon_core.package_discovery:discover_packages(prefix_path) using defaults
[0.281s] Level 5:colcon.colcon_core.verb:set package 'bot_description' build argument 'cmake_args' from command line to 'None'
[0.281s] Level 5:colcon.colcon_core.verb:set package 'bot_description' build argument 'cmake_target' from command line to 'None'
[0.281s] Level 5:colcon.colcon_core.verb:set package 'bot_description' build argument 'cmake_target_skip_unavailable' from command line to 'False'
[0.281s] Level 5:colcon.colcon_core.verb:set package 'bot_description' build argument 'cmake_clean_cache' from command line to 'False'
[0.281s] Level 5:colcon.colcon_core.verb:set package 'bot_description' build argument 'cmake_clean_first' from command line to 'False'
[0.281s] Level 5:colcon.colcon_core.verb:set package 'bot_description' build argument 'cmake_force_configure' from command line to 'False'
[0.281s] Level 5:colcon.colcon_core.verb:set package 'bot_description' build argument 'ament_cmake_args' from command line to 'None'
[0.281s] Level 5:colcon.colcon_core.verb:set package 'bot_description' build argument 'catkin_cmake_args' from command line to 'None'
[0.281s] Level 5:colcon.colcon_core.verb:set package 'bot_description' build argument 'catkin_skip_building_tests' from command line to 'False'
[0.281s] DEBUG:colcon.colcon_core.verb:Building package 'bot_description' with the following arguments: {'ament_cmake_args': None, 'build_base': '/home/murtazam/ros2_ws/build/bot_description', 'catkin_cmake_args': None, 'catkin_skip_building_tests': False, 'cmake_args': None, 'cmake_clean_cache': False, 'cmake_clean_first': False, 'cmake_force_configure': False, 'cmake_target': None, 'cmake_target_skip_unavailable': False, 'install_base': '/home/murtazam/ros2_ws/install/bot_description', 'merge_install': False, 'path': '/home/murtazam/ros2_ws/src/bot_description', 'symlink_install': False, 'test_result_base': None}
[0.281s] Level 5:colcon.colcon_core.verb:set package 'controller' build argument 'cmake_args' from command line to 'None'
[0.281s] Level 5:colcon.colcon_core.verb:set package 'controller' build argument 'cmake_target' from command line to 'None'
[0.281s] Level 5:colcon.colcon_core.verb:set package 'controller' build argument 'cmake_target_skip_unavailable' from command line to 'False'
[0.281s] Level 5:colcon.colcon_core.verb:set package 'controller' build argument 'cmake_clean_cache' from command line to 'False'
[0.281s] Level 5:colcon.colcon_core.verb:set package 'controller' build argument 'cmake_clean_first' from command line to 'False'
[0.281s] Level 5:colcon.colcon_core.verb:set package 'controller' build argument 'cmake_force_configure' from command line to 'False'
[0.281s] Level 5:colcon.colcon_core.verb:set package 'controller' build argument 'ament_cmake_args' from command line to 'None'
[0.281s] Level 5:colcon.colcon_core.verb:set package 'controller' build argument 'catkin_cmake_args' from command line to 'None'
[0.281s] Level 5:colcon.colcon_core.verb:set package 'controller' build argument 'catkin_skip_building_tests' from command line to 'False'
[0.281s] DEBUG:colcon.colcon_core.verb:Building package 'controller' with the following arguments: {'ament_cmake_args': None, 'build_base': '/home/murtazam/ros2_ws/build/controller', 'catkin_cmake_args': None, 'catkin_skip_building_tests': False, 'cmake_args': None, 'cmake_clean_cache': False, 'cmake_clean_first': False, 'cmake_force_configure': False, 'cmake_target': None, 'cmake_target_skip_unavailable': False, 'install_base': '/home/murtazam/ros2_ws/install/controller', 'merge_install': False, 'path': '/home/murtazam/ros2_ws/src/controller', 'symlink_install': False, 'test_result_base': None}
[0.281s] Level 5:colcon.colcon_core.verb:set package 'ros_cpp' build argument 'cmake_args' from command line to 'None'
[0.281s] Level 5:colcon.colcon_core.verb:set package 'ros_cpp' build argument 'cmake_target' from command line to 'None'
[0.281s] Level 5:colcon.colcon_core.verb:set package 'ros_cpp' build argument 'cmake_target_skip_unavailable' from command line to 'False'
[0.281s] Level 5:colcon.colcon_core.verb:set package 'ros_cpp' build argument 'cmake_clean_cache' from command line to 'False'
[0.281s] Level 5:colcon.colcon_core.verb:set package 'ros_cpp' build argument 'cmake_clean_first' from command line to 'False'
[0.281s] Level 5:colcon.colcon_core.verb:set package 'ros_cpp' build argument 'cmake_force_configure' from command line to 'False'
[0.281s] Level 5:colcon.colcon_core.verb:set package 'ros_cpp' build argument 'ament_cmake_args' from command line to 'None'
[0.281s] Level 5:colcon.colcon_core.verb:set package 'ros_cpp' build argument 'catkin_cmake_args' from command line to 'None'
[0.281s] Level 5:colcon.colcon_core.verb:set package 'ros_cpp' build argument 'catkin_skip_building_tests' from command line to 'False'
[0.281s] DEBUG:colcon.colcon_core.verb:Building package 'ros_cpp' with the following arguments: {'ament_cmake_args': None, 'build_base': '/home/murtazam/ros2_ws/build/ros_cpp', 'catkin_cmake_args': None, 'catkin_skip_building_tests': False, 'cmake_args': None, 'cmake_clean_cache': False, 'cmake_clean_first': False, 'cmake_force_configure': False, 'cmake_target': None, 'cmake_target_skip_unavailable': False, 'install_base': '/home/murtazam/ros2_ws/install/ros_cpp', 'merge_install': False, 'path': '/home/murtazam/ros2_ws/src/ros_cpp', 'symlink_install': False, 'test_result_base': None}
[0.282s] Level 5:colcon.colcon_core.verb:set package 'ros_python' build argument 'cmake_args' from command line to 'None'
[0.282s] Level 5:colcon.colcon_core.verb:set package 'ros_python' build argument 'cmake_target' from command line to 'None'
[0.282s] Level 5:colcon.colcon_core.verb:set package 'ros_python' build argument 'cmake_target_skip_unavailable' from command line to 'False'
[0.282s] Level 5:colcon.colcon_core.verb:set package 'ros_python' build argument 'cmake_clean_cache' from command line to 'False'
[0.282s] Level 5:colcon.colcon_core.verb:set package 'ros_python' build argument 'cmake_clean_first' from command line to 'False'
[0.282s] Level 5:colcon.colcon_core.verb:set package 'ros_python' build argument 'cmake_force_configure' from command line to 'False'
[0.282s] Level 5:colcon.colcon_core.verb:set package 'ros_python' build argument 'ament_cmake_args' from command line to 'None'
[0.282s] Level 5:colcon.colcon_core.verb:set package 'ros_python' build argument 'catkin_cmake_args' from command line to 'None'
[0.282s] Level 5:colcon.colcon_core.verb:set package 'ros_python' build argument 'catkin_skip_building_tests' from command line to 'False'
[0.282s] DEBUG:colcon.colcon_core.verb:Building package 'ros_python' with the following arguments: {'ament_cmake_args': None, 'build_base': '/home/murtazam/ros2_ws/build/ros_python', 'catkin_cmake_args': None, 'catkin_skip_building_tests': False, 'cmake_args': None, 'cmake_clean_cache': False, 'cmake_clean_first': False, 'cmake_force_configure': False, 'cmake_target': None, 'cmake_target_skip_unavailable': False, 'install_base': '/home/murtazam/ros2_ws/install/ros_python', 'merge_install': False, 'path': '/home/murtazam/ros2_ws/src/ros_python', 'symlink_install': False, 'test_result_base': None}
[0.282s] INFO:colcon.colcon_core.executor:Executing jobs using 'parallel' executor
[0.282s] DEBUG:colcon.colcon_parallel_executor.executor.parallel:run_until_complete
[0.282s] INFO:colcon.colcon_ros.task.ament_cmake.build:Building ROS package in '/home/murtazam/ros2_ws/src/bot_description' with build type 'ament_cmake'
[0.282s] INFO:colcon.colcon_cmake.task.cmake.build:Building CMake package in '/home/murtazam/ros2_ws/src/bot_description'
[0.285s] INFO:colcon.colcon_core.plugin_system:Skipping extension 'colcon_core.shell.bat': Not used on non-Windows systems
[0.285s] INFO:colcon.colcon_core.shell:Skip shell extension 'powershell' for command environment: Not usable outside of PowerShell
[0.285s] DEBUG:colcon.colcon_core.shell:Skip shell extension 'dsv' for command environment
[0.287s] INFO:colcon.colcon_ros.task.ament_cmake.build:Building ROS package in '/home/murtazam/ros2_ws/src/controller' with build type 'ament_cmake'
[0.287s] INFO:colcon.colcon_cmake.task.cmake.build:Building CMake package in '/home/murtazam/ros2_ws/src/controller'
[0.287s] INFO:colcon.colcon_core.shell:Skip shell extension 'powershell' for command environment: Not usable outside of PowerShell
[0.287s] DEBUG:colcon.colcon_core.shell:Skip shell extension 'dsv' for command environment
[0.290s] INFO:colcon.colcon_ros.task.ament_cmake.build:Building ROS package in '/home/murtazam/ros2_ws/src/ros_cpp' with build type 'ament_cmake'
[0.290s] INFO:colcon.colcon_cmake.task.cmake.build:Building CMake package in '/home/murtazam/ros2_ws/src/ros_cpp'
[0.290s] INFO:colcon.colcon_core.shell:Skip shell extension 'powershell' for command environment: Not usable outside of PowerShell
[0.290s] DEBUG:colcon.colcon_core.shell:Skip shell extension 'dsv' for command environment
[0.292s] INFO:colcon.colcon_ros.task.ament_python.build:Building ROS package in '/home/murtazam/ros2_ws/src/ros_python' with build type 'ament_python'
[0.292s] Level 1:colcon.colcon_core.shell:create_environment_hook('ros_python', 'ament_prefix_path')
[0.292s] INFO:colcon.colcon_core.shell:Creating environment hook '/home/murtazam/ros2_ws/install/ros_python/share/ros_python/hook/ament_prefix_path.ps1'
[0.292s] INFO:colcon.colcon_core.shell:Creating environment descriptor '/home/murtazam/ros2_ws/install/ros_python/share/ros_python/hook/ament_prefix_path.dsv'
[0.293s] INFO:colcon.colcon_core.shell:Creating environment hook '/home/murtazam/ros2_ws/install/ros_python/share/ros_python/hook/ament_prefix_path.sh'
[0.293s] INFO:colcon.colcon_core.shell:Skip shell extension 'powershell' for command environment: Not usable outside of PowerShell
[0.293s] DEBUG:colcon.colcon_core.shell:Skip shell extension 'dsv' for command environment
[0.297s] DEBUG:colcon.colcon_core.event_handler.log_command:Invoking command in '/home/murtazam/ros2_ws/build/bot_description': CMAKE_PREFIX_PATH=${CMAKE_PREFIX_PATH}:/home/murtazam/ros2_ws/install/ros_python:/opt/ros/humble /usr/bin/cmake --build /home/murtazam/ros2_ws/build/bot_description -- -j5 -l5
[0.299s] DEBUG:colcon.colcon_core.event_handler.log_command:Invoking command in '/home/murtazam/ros2_ws/build/controller': CMAKE_PREFIX_PATH=${CMAKE_PREFIX_PATH}:/home/murtazam/ros2_ws/install/ros_python:/opt/ros/humble /usr/bin/cmake /home/murtazam/ros2_ws/src/controller -DCMAKE_INSTALL_PREFIX=/home/murtazam/ros2_ws/install/controller
[0.301s] DEBUG:colcon.colcon_core.event_handler.log_command:Invoking command in '/home/murtazam/ros2_ws/build/ros_cpp': CMAKE_PREFIX_PATH=${CMAKE_PREFIX_PATH}:/home/murtazam/ros2_ws/install/ros_python:/opt/ros/humble /usr/bin/cmake --build /home/murtazam/ros2_ws/build/ros_cpp -- -j5 -l5
[0.427s] INFO:colcon.colcon_core.task.python.build:Building Python package in '/home/murtazam/ros2_ws/src/ros_python'
[0.428s] INFO:colcon.colcon_core.shell:Skip shell extension 'powershell' for command environment: Not usable outside of PowerShell
[0.428s] DEBUG:colcon.colcon_core.shell:Skip shell extension 'dsv' for command environment
[0.431s] DEBUG:colcon.colcon_core.event_handler.log_command:Invoked command in '/home/murtazam/ros2_ws/build/ros_cpp' returned '0': CMAKE_PREFIX_PATH=${CMAKE_PREFIX_PATH}:/home/murtazam/ros2_ws/install/ros_python:/opt/ros/humble /usr/bin/cmake --build /home/murtazam/ros2_ws/build/ros_cpp -- -j5 -l5
[0.436s] DEBUG:colcon.colcon_core.event_handler.log_command:Invoking command in '/home/murtazam/ros2_ws/build/ros_cpp': CMAKE_PREFIX_PATH=${CMAKE_PREFIX_PATH}:/home/murtazam/ros2_ws/install/ros_python:/opt/ros/humble /usr/bin/cmake --install /home/murtazam/ros2_ws/build/ros_cpp
[0.436s] DEBUG:colcon.colcon_core.event_handler.log_command:Invoked command in '/home/murtazam/ros2_ws/build/bot_description' returned '0': CMAKE_PREFIX_PATH=${CMAKE_PREFIX_PATH}:/home/murtazam/ros2_ws/install/ros_python:/opt/ros/humble /usr/bin/cmake --build /home/murtazam/ros2_ws/build/bot_description -- -j5 -l5
[0.438s] DEBUG:colcon.colcon_core.event_handler.log_command:Invoking command in '/home/murtazam/ros2_ws/build/bot_description': CMAKE_PREFIX_PATH=${CMAKE_PREFIX_PATH}:/home/murtazam/ros2_ws/install/ros_python:/opt/ros/humble /usr/bin/cmake --install /home/murtazam/ros2_ws/build/bot_description
[0.443s] Level 1:colcon.colcon_core.environment:create_environment_scripts_only(ros_cpp)
[0.443s] DEBUG:colcon.colcon_core.event_handler.log_command:Invoked command in '/home/murtazam/ros2_ws/build/ros_cpp' returned '0': CMAKE_PREFIX_PATH=${CMAKE_PREFIX_PATH}:/home/murtazam/ros2_ws/install/ros_python:/opt/ros/humble /usr/bin/cmake --install /home/murtazam/ros2_ws/build/ros_cpp
[0.447s] Level 1:colcon.colcon_core.environment:checking '/home/murtazam/ros2_ws/install/ros_cpp' for CMake module files
[0.447s] Level 1:colcon.colcon_core.environment:checking '/home/murtazam/ros2_ws/install/ros_cpp' for CMake config files
[0.447s] Level 1:colcon.colcon_core.shell:create_environment_hook('ros_cpp', 'cmake_prefix_path')
[0.448s] INFO:colcon.colcon_core.shell:Creating environment hook '/home/murtazam/ros2_ws/install/ros_cpp/share/ros_cpp/hook/cmake_prefix_path.ps1'
[0.448s] INFO:colcon.colcon_core.shell:Creating environment descriptor '/home/murtazam/ros2_ws/install/ros_cpp/share/ros_cpp/hook/cmake_prefix_path.dsv'
[0.448s] INFO:colcon.colcon_core.shell:Creating environment hook '/home/murtazam/ros2_ws/install/ros_cpp/share/ros_cpp/hook/cmake_prefix_path.sh'
[0.448s] Level 1:colcon.colcon_core.environment:checking '/home/murtazam/ros2_ws/install/ros_cpp/lib'
[0.448s] Level 1:colcon.colcon_core.environment:checking '/home/murtazam/ros2_ws/install/ros_cpp/bin'
[0.448s] Level 1:colcon.colcon_core.environment:checking '/home/murtazam/ros2_ws/install/ros_cpp/lib/pkgconfig/ros_cpp.pc'
[0.448s] Level 1:colcon.colcon_core.environment:checking '/home/murtazam/ros2_ws/install/ros_cpp/lib/python3.10/site-packages'
[0.449s] Level 1:colcon.colcon_core.environment:checking '/home/murtazam/ros2_ws/install/ros_cpp/bin'
[0.449s] INFO:colcon.colcon_core.shell:Creating package script '/home/murtazam/ros2_ws/install/ros_cpp/share/ros_cpp/package.ps1'
[0.449s] INFO:colcon.colcon_core.shell:Creating package descriptor '/home/murtazam/ros2_ws/install/ros_cpp/share/ros_cpp/package.dsv'
[0.450s] INFO:colcon.colcon_core.shell:Creating package script '/home/murtazam/ros2_ws/install/ros_cpp/share/ros_cpp/package.sh'
[0.450s] INFO:colcon.colcon_core.shell:Creating package script '/home/murtazam/ros2_ws/install/ros_cpp/share/ros_cpp/package.bash'
[0.451s] INFO:colcon.colcon_core.shell:Creating package script '/home/murtazam/ros2_ws/install/ros_cpp/share/ros_cpp/package.zsh'
[0.451s] Level 1:colcon.colcon_core.environment:create_file_with_runtime_dependencies(/home/murtazam/ros2_ws/install/ros_cpp/share/colcon-core/packages/ros_cpp)
[0.452s] Level 1:colcon.colcon_core.environment:create_environment_scripts_only(ros_cpp)
[0.452s] Level 1:colcon.colcon_core.environment:checking '/home/murtazam/ros2_ws/install/ros_cpp' for CMake module files
[0.452s] Level 1:colcon.colcon_core.environment:checking '/home/murtazam/ros2_ws/install/ros_cpp' for CMake config files
[0.452s] Level 1:colcon.colcon_core.shell:create_environment_hook('ros_cpp', 'cmake_prefix_path')
[0.452s] INFO:colcon.colcon_core.shell:Creating environment hook '/home/murtazam/ros2_ws/install/ros_cpp/share/ros_cpp/hook/cmake_prefix_path.ps1'
[0.452s] INFO:colcon.colcon_core.shell:Creating environment descriptor '/home/murtazam/ros2_ws/install/ros_cpp/share/ros_cpp/hook/cmake_prefix_path.dsv'
[0.452s] INFO:colcon.colcon_core.shell:Creating environment hook '/home/murtazam/ros2_ws/install/ros_cpp/share/ros_cpp/hook/cmake_prefix_path.sh'
[0.453s] Level 1:colcon.colcon_core.environment:checking '/home/murtazam/ros2_ws/install/ros_cpp/lib'
[0.453s] Level 1:colcon.colcon_core.environment:checking '/home/murtazam/ros2_ws/install/ros_cpp/bin'
[0.453s] Level 1:colcon.colcon_core.environment:checking '/home/murtazam/ros2_ws/install/ros_cpp/lib/pkgconfig/ros_cpp.pc'
[0.453s] Level 1:colcon.colcon_core.environment:checking '/home/murtazam/ros2_ws/install/ros_cpp/lib/python3.10/site-packages'
[0.453s] Level 1:colcon.colcon_core.environment:checking '/home/murtazam/ros2_ws/install/ros_cpp/bin'
[0.453s] INFO:colcon.colcon_core.shell:Creating package script '/home/murtazam/ros2_ws/install/ros_cpp/share/ros_cpp/package.ps1'
[0.453s] INFO:colcon.colcon_core.shell:Creating package descriptor '/home/murtazam/ros2_ws/install/ros_cpp/share/ros_cpp/package.dsv'
[0.453s] INFO:colcon.colcon_core.shell:Creating package script '/home/murtazam/ros2_ws/install/ros_cpp/share/ros_cpp/package.sh'
[0.453s] INFO:colcon.colcon_core.shell:Creating package script '/home/murtazam/ros2_ws/install/ros_cpp/share/ros_cpp/package.bash'
[0.454s] INFO:colcon.colcon_core.shell:Creating package script '/home/murtazam/ros2_ws/install/ros_cpp/share/ros_cpp/package.zsh'
[0.454s] Level 1:colcon.colcon_core.environment:create_file_with_runtime_dependencies(/home/murtazam/ros2_ws/install/ros_cpp/share/colcon-core/packages/ros_cpp)
[0.454s] Level 1:colcon.colcon_core.environment:create_environment_scripts_only(bot_description)
[0.455s] Level 1:colcon.colcon_core.environment:checking '/home/murtazam/ros2_ws/install/bot_description' for CMake module files
[0.455s] DEBUG:colcon.colcon_core.event_handler.log_command:Invoked command in '/home/murtazam/ros2_ws/build/bot_description' returned '0': CMAKE_PREFIX_PATH=${CMAKE_PREFIX_PATH}:/home/murtazam/ros2_ws/install/ros_python:/opt/ros/humble /usr/bin/cmake --install /home/murtazam/ros2_ws/build/bot_description
[0.455s] Level 1:colcon.colcon_core.environment:checking '/home/murtazam/ros2_ws/install/bot_description' for CMake config files
[0.455s] Level 1:colcon.colcon_core.shell:create_environment_hook('bot_description', 'cmake_prefix_path')
[0.455s] INFO:colcon.colcon_core.shell:Creating environment hook '/home/murtazam/ros2_ws/install/bot_description/share/bot_description/hook/cmake_prefix_path.ps1'
[0.455s] INFO:colcon.colcon_core.shell:Creating environment descriptor '/home/murtazam/ros2_ws/install/bot_description/share/bot_description/hook/cmake_prefix_path.dsv'
[0.456s] INFO:colcon.colcon_core.shell:Creating environment hook '/home/murtazam/ros2_ws/install/bot_description/share/bot_description/hook/cmake_prefix_path.sh'
[0.456s] Level 1:colcon.colcon_core.environment:checking '/home/murtazam/ros2_ws/install/bot_description/bin'
[0.456s] Level 1:colcon.colcon_core.environment:checking '/home/murtazam/ros2_ws/install/bot_description/lib/pkgconfig/bot_description.pc'
[0.456s] Level 1:colcon.colcon_core.environment:checking '/home/murtazam/ros2_ws/install/bot_description/lib/python3.10/site-packages'
[0.456s] Level 1:colcon.colcon_core.environment:checking '/home/murtazam/ros2_ws/install/bot_description/bin'
[0.456s] INFO:colcon.colcon_core.shell:Creating package script '/home/murtazam/ros2_ws/install/bot_description/share/bot_description/package.ps1'
[0.456s] INFO:colcon.colcon_core.shell:Creating package descriptor '/home/murtazam/ros2_ws/install/bot_description/share/bot_description/package.dsv'
[0.457s] INFO:colcon.colcon_core.shell:Creating package script '/home/murtazam/ros2_ws/install/bot_description/share/bot_description/package.sh'
[0.457s] INFO:colcon.colcon_core.shell:Creating package script '/home/murtazam/ros2_ws/install/bot_description/share/bot_description/package.bash'
[0.457s] INFO:colcon.colcon_core.shell:Creating package script '/home/murtazam/ros2_ws/install/bot_description/share/bot_description/package.zsh'
[0.457s] Level 1:colcon.colcon_core.environment:create_file_with_runtime_dependencies(/home/murtazam/ros2_ws/install/bot_description/share/colcon-core/packages/bot_description)
[0.457s] Level 1:colcon.colcon_core.environment:create_environment_scripts_only(bot_description)
[0.457s] Level 1:colcon.colcon_core.environment:checking '/home/murtazam/ros2_ws/install/bot_description' for CMake module files
[0.457s] Level 1:colcon.colcon_core.environment:checking '/home/murtazam/ros2_ws/install/bot_description' for CMake config files
[0.457s] Level 1:colcon.colcon_core.shell:create_environment_hook('bot_description', 'cmake_prefix_path')
[0.458s] INFO:colcon.colcon_core.shell:Creating environment hook '/home/murtazam/ros2_ws/install/bot_description/share/bot_description/hook/cmake_prefix_path.ps1'
[0.458s] INFO:colcon.colcon_core.shell:Creating environment descriptor '/home/murtazam/ros2_ws/install/bot_description/share/bot_description/hook/cmake_prefix_path.dsv'
[0.458s] INFO:colcon.colcon_core.shell:Creating environment hook '/home/murtazam/ros2_ws/install/bot_description/share/bot_description/hook/cmake_prefix_path.sh'
[0.459s] Level 1:colcon.colcon_core.environment:checking '/home/murtazam/ros2_ws/install/bot_description/bin'
[0.459s] Level 1:colcon.colcon_core.environment:checking '/home/murtazam/ros2_ws/install/bot_description/lib/pkgconfig/bot_description.pc'
[0.459s] Level 1:colcon.colcon_core.environment:checking '/home/murtazam/ros2_ws/install/bot_description/lib/python3.10/site-packages'
[0.460s] Level 1:colcon.colcon_core.environment:checking '/home/murtazam/ros2_ws/install/bot_description/bin'
[0.460s] INFO:colcon.colcon_core.shell:Creating package script '/home/murtazam/ros2_ws/install/bot_description/share/bot_description/package.ps1'
[0.460s] INFO:colcon.colcon_core.shell:Creating package descriptor '/home/murtazam/ros2_ws/install/bot_description/share/bot_description/package.dsv'
[0.461s] INFO:colcon.colcon_core.shell:Creating package script '/home/murtazam/ros2_ws/install/bot_description/share/bot_description/package.sh'
[0.461s] INFO:colcon.colcon_core.shell:Creating package script '/home/murtazam/ros2_ws/install/bot_description/share/bot_description/package.bash'
[0.461s] INFO:colcon.colcon_core.shell:Creating package script '/home/murtazam/ros2_ws/install/bot_description/share/bot_description/package.zsh'
[0.461s] Level 1:colcon.colcon_core.environment:create_file_with_runtime_dependencies(/home/murtazam/ros2_ws/install/bot_description/share/colcon-core/packages/bot_description)
[0.659s] DEBUG:colcon.colcon_core.event_handler.log_command:Invoking command in '/home/murtazam/ros2_ws/src/ros_python': PYTHONPATH=/home/murtazam/ros2_ws/build/ros_python/prefix_override:/usr/lib/python3/dist-packages/colcon_core/task/python/colcon_distutils_commands:/home/murtazam/ros2_ws/install/ros_python/lib/python3.10/site-packages:${PYTHONPATH} /usr/bin/python3 -W ignore:setup.py install is deprecated -W ignore:easy_install command is deprecated setup.py egg_info --egg-base ../../build/ros_python build --build-base /home/murtazam/ros2_ws/build/ros_python/build install --record /home/murtazam/ros2_ws/build/ros_python/install.log --single-version-externally-managed install_data
[0.710s] DEBUG:colcon.colcon_core.event_handler.log_command:Invoked command in '/home/murtazam/ros2_ws/build/controller' returned '0': CMAKE_PREFIX_PATH=${CMAKE_PREFIX_PATH}:/home/murtazam/ros2_ws/install/ros_python:/opt/ros/humble /usr/bin/cmake /home/murtazam/ros2_ws/src/controller -DCMAKE_INSTALL_PREFIX=/home/murtazam/ros2_ws/install/controller
[0.710s] DEBUG:colcon.colcon_core.event_handler.log_command:Invoking command in '/home/murtazam/ros2_ws/build/controller': CMAKE_PREFIX_PATH=${CMAKE_PREFIX_PATH}:/home/murtazam/ros2_ws/install/ros_python:/opt/ros/humble /usr/bin/cmake --build /home/murtazam/ros2_ws/build/controller -- -j5 -l5
[0.726s] DEBUG:colcon.colcon_core.event_handler.log_command:Invoked command in '/home/murtazam/ros2_ws/build/controller' returned '0': CMAKE_PREFIX_PATH=${CMAKE_PREFIX_PATH}:/home/murtazam/ros2_ws/install/ros_python:/opt/ros/humble /usr/bin/cmake --build /home/murtazam/ros2_ws/build/controller -- -j5 -l5
[0.726s] DEBUG:colcon.colcon_core.event_handler.log_command:Invoking command in '/home/murtazam/ros2_ws/build/controller': CMAKE_PREFIX_PATH=${CMAKE_PREFIX_PATH}:/home/murtazam/ros2_ws/install/ros_python:/opt/ros/humble /usr/bin/cmake --install /home/murtazam/ros2_ws/build/controller
[0.730s] Level 1:colcon.colcon_core.environment:create_environment_scripts_only(controller)
[0.730s] Level 1:colcon.colcon_core.environment:checking '/home/murtazam/ros2_ws/install/controller' for CMake module files
[0.730s] DEBUG:colcon.colcon_core.event_handler.log_command:Invoked command in '/home/murtazam/ros2_ws/build/controller' returned '0': CMAKE_PREFIX_PATH=${CMAKE_PREFIX_PATH}:/home/murtazam/ros2_ws/install/ros_python:/opt/ros/humble /usr/bin/cmake --install /home/murtazam/ros2_ws/build/controller
[0.731s] Level 1:colcon.colcon_core.environment:checking '/home/murtazam/ros2_ws/install/controller' for CMake config files
[0.731s] Level 1:colcon.colcon_core.shell:create_environment_hook('controller', 'cmake_prefix_path')
[0.731s] INFO:colcon.colcon_core.shell:Creating environment hook '/home/murtazam/ros2_ws/install/controller/share/controller/hook/cmake_prefix_path.ps1'
[0.731s] INFO:colcon.colcon_core.shell:Creating environment descriptor '/home/murtazam/ros2_ws/install/controller/share/controller/hook/cmake_prefix_path.dsv'
[0.731s] INFO:colcon.colcon_core.shell:Creating environment hook '/home/murtazam/ros2_ws/install/controller/share/controller/hook/cmake_prefix_path.sh'
[0.731s] Level 1:colcon.colcon_core.environment:checking '/home/murtazam/ros2_ws/install/controller/bin'
[0.731s] Level 1:colcon.colcon_core.environment:checking '/home/murtazam/ros2_ws/install/controller/lib/pkgconfig/controller.pc'
[0.731s] Level 1:colcon.colcon_core.environment:checking '/home/murtazam/ros2_ws/install/controller/lib/python3.10/site-packages'
[0.731s] Level 1:colcon.colcon_core.environment:checking '/home/murtazam/ros2_ws/install/controller/bin'
[0.732s] INFO:colcon.colcon_core.shell:Creating package script '/home/murtazam/ros2_ws/install/controller/share/controller/package.ps1'
[0.732s] INFO:colcon.colcon_core.shell:Creating package descriptor '/home/murtazam/ros2_ws/install/controller/share/controller/package.dsv'
[0.732s] INFO:colcon.colcon_core.shell:Creating package script '/home/murtazam/ros2_ws/install/controller/share/controller/package.sh'
[0.732s] INFO:colcon.colcon_core.shell:Creating package script '/home/murtazam/ros2_ws/install/controller/share/controller/package.bash'
[0.732s] INFO:colcon.colcon_core.shell:Creating package script '/home/murtazam/ros2_ws/install/controller/share/controller/package.zsh'
[0.732s] Level 1:colcon.colcon_core.environment:create_file_with_runtime_dependencies(/home/murtazam/ros2_ws/install/controller/share/colcon-core/packages/controller)
[0.732s] Level 1:colcon.colcon_core.environment:create_environment_scripts_only(controller)
[0.732s] Level 1:colcon.colcon_core.environment:checking '/home/murtazam/ros2_ws/install/controller' for CMake module files
[0.733s] Level 1:colcon.colcon_core.environment:checking '/home/murtazam/ros2_ws/install/controller' for CMake config files
[0.733s] Level 1:colcon.colcon_core.shell:create_environment_hook('controller', 'cmake_prefix_path')
[0.733s] INFO:colcon.colcon_core.shell:Creating environment hook '/home/murtazam/ros2_ws/install/controller/share/controller/hook/cmake_prefix_path.ps1'
[0.733s] INFO:colcon.colcon_core.shell:Creating environment descriptor '/home/murtazam/ros2_ws/install/controller/share/controller/hook/cmake_prefix_path.dsv'
[0.733s] INFO:colcon.colcon_core.shell:Creating environment hook '/home/murtazam/ros2_ws/install/controller/share/controller/hook/cmake_prefix_path.sh'
[0.733s] Level 1:colcon.colcon_core.environment:checking '/home/murtazam/ros2_ws/install/controller/bin'
[0.733s] Level 1:colcon.colcon_core.environment:checking '/home/murtazam/ros2_ws/install/controller/lib/pkgconfig/controller.pc'
[0.734s] Level 1:colcon.colcon_core.environment:checking '/home/murtazam/ros2_ws/install/controller/lib/python3.10/site-packages'
[0.734s] Level 1:colcon.colcon_core.environment:checking '/home/murtazam/ros2_ws/install/controller/bin'
[0.734s] INFO:colcon.colcon_core.shell:Creating package script '/home/murtazam/ros2_ws/install/controller/share/controller/package.ps1'
[0.735s] INFO:colcon.colcon_core.shell:Creating package descriptor '/home/murtazam/ros2_ws/install/controller/share/controller/package.dsv'
[0.735s] INFO:colcon.colcon_core.shell:Creating package script '/home/murtazam/ros2_ws/install/controller/share/controller/package.sh'
[0.735s] INFO:colcon.colcon_core.shell:Creating package script '/home/murtazam/ros2_ws/install/controller/share/controller/package.bash'
[0.736s] INFO:colcon.colcon_core.shell:Creating package script '/home/murtazam/ros2_ws/install/controller/share/controller/package.zsh'
[0.736s] Level 1:colcon.colcon_core.environment:create_file_with_runtime_dependencies(/home/murtazam/ros2_ws/install/controller/share/colcon-core/packages/controller)
[0.793s] Level 1:colcon.colcon_core.environment:checking '/home/murtazam/ros2_ws/install/ros_python' for CMake module files
[0.793s] DEBUG:colcon.colcon_core.event_handler.log_command:Invoked command in '/home/murtazam/ros2_ws/src/ros_python' returned '0': PYTHONPATH=/home/murtazam/ros2_ws/build/ros_python/prefix_override:/usr/lib/python3/dist-packages/colcon_core/task/python/colcon_distutils_commands:/home/murtazam/ros2_ws/install/ros_python/lib/python3.10/site-packages:${PYTHONPATH} /usr/bin/python3 -W ignore:setup.py install is deprecated -W ignore:easy_install command is deprecated setup.py egg_info --egg-base ../../build/ros_python build --build-base /home/murtazam/ros2_ws/build/ros_python/build install --record /home/murtazam/ros2_ws/build/ros_python/install.log --single-version-externally-managed install_data
[0.793s] Level 1:colcon.colcon_core.environment:checking '/home/murtazam/ros2_ws/install/ros_python' for CMake config files
[0.794s] Level 1:colcon.colcon_core.environment:checking '/home/murtazam/ros2_ws/install/ros_python/lib'
[0.794s] Level 1:colcon.colcon_core.environment:checking '/home/murtazam/ros2_ws/install/ros_python/bin'
[0.794s] Level 1:colcon.colcon_core.environment:checking '/home/murtazam/ros2_ws/install/ros_python/lib/pkgconfig/ros_python.pc'
[0.794s] Level 1:colcon.colcon_core.environment:checking '/home/murtazam/ros2_ws/install/ros_python/lib/python3.10/site-packages'
[0.794s] Level 1:colcon.colcon_core.shell:create_environment_hook('ros_python', 'pythonpath')
[0.794s] INFO:colcon.colcon_core.shell:Creating environment hook '/home/murtazam/ros2_ws/install/ros_python/share/ros_python/hook/pythonpath.ps1'
[0.794s] INFO:colcon.colcon_core.shell:Creating environment descriptor '/home/murtazam/ros2_ws/install/ros_python/share/ros_python/hook/pythonpath.dsv'
[0.794s] INFO:colcon.colcon_core.shell:Creating environment hook '/home/murtazam/ros2_ws/install/ros_python/share/ros_python/hook/pythonpath.sh'
[0.795s] Level 1:colcon.colcon_core.environment:checking '/home/murtazam/ros2_ws/install/ros_python/bin'
[0.795s] Level 1:colcon.colcon_core.environment:create_environment_scripts_only(ros_python)
[0.795s] INFO:colcon.colcon_core.shell:Creating package script '/home/murtazam/ros2_ws/install/ros_python/share/ros_python/package.ps1'
[0.795s] INFO:colcon.colcon_core.shell:Creating package descriptor '/home/murtazam/ros2_ws/install/ros_python/share/ros_python/package.dsv'
[0.795s] INFO:colcon.colcon_core.shell:Creating package script '/home/murtazam/ros2_ws/install/ros_python/share/ros_python/package.sh'
[0.795s] INFO:colcon.colcon_core.shell:Creating package script '/home/murtazam/ros2_ws/install/ros_python/share/ros_python/package.bash'
[0.795s] INFO:colcon.colcon_core.shell:Creating package script '/home/murtazam/ros2_ws/install/ros_python/share/ros_python/package.zsh'
[0.795s] Level 1:colcon.colcon_core.environment:create_file_with_runtime_dependencies(/home/murtazam/ros2_ws/install/ros_python/share/colcon-core/packages/ros_python)
[0.796s] DEBUG:colcon.colcon_parallel_executor.executor.parallel:closing loop
[0.796s] DEBUG:colcon.colcon_parallel_executor.executor.parallel:loop closed
[0.796s] DEBUG:colcon.colcon_parallel_executor.executor.parallel:run_until_complete finished with '0'
[0.796s] DEBUG:colcon.colcon_core.event_reactor:joining thread
[0.800s] INFO:colcon.colcon_core.plugin_system:Skipping extension 'colcon_notification.desktop_notification.terminal_notifier': Not used on non-Darwin systems
[0.800s] INFO:colcon.colcon_core.plugin_system:Skipping extension 'colcon_notification.desktop_notification.win32': Not used on non-Windows systems
[0.800s] INFO:colcon.colcon_notification.desktop_notification:Sending desktop notification using 'notify2'
[0.808s] DEBUG:colcon.colcon_core.event_reactor:joined thread
[0.808s] INFO:colcon.colcon_core.shell:Creating prefix script '/home/murtazam/ros2_ws/install/local_setup.ps1'
[0.809s] INFO:colcon.colcon_core.shell:Creating prefix util module '/home/murtazam/ros2_ws/install/_local_setup_util_ps1.py'
[0.810s] INFO:colcon.colcon_core.shell:Creating prefix chain script '/home/murtazam/ros2_ws/install/setup.ps1'
[0.811s] INFO:colcon.colcon_core.shell:Creating prefix script '/home/murtazam/ros2_ws/install/local_setup.sh'
[0.811s] INFO:colcon.colcon_core.shell:Creating prefix util module '/home/murtazam/ros2_ws/install/_local_setup_util_sh.py'
[0.811s] INFO:colcon.colcon_core.shell:Creating prefix chain script '/home/murtazam/ros2_ws/install/setup.sh'
[0.812s] INFO:colcon.colcon_core.shell:Creating prefix script '/home/murtazam/ros2_ws/install/local_setup.bash'
[0.812s] INFO:colcon.colcon_core.shell:Creating prefix chain script '/home/murtazam/ros2_ws/install/setup.bash'
[0.813s] INFO:colcon.colcon_core.shell:Creating prefix script '/home/murtazam/ros2_ws/install/local_setup.zsh'
[0.813s] INFO:colcon.colcon_core.shell:Creating prefix chain script '/home/murtazam/ros2_ws/install/setup.zsh'
