Built target ament_cmake_python_copy_bot_controller
running egg_info
writing bot_controller.egg-info/PKG-INFO
writing dependency_links to bot_controller.egg-info/dependency_links.txt
writing top-level names to bot_controller.egg-info/top_level.txt
reading manifest file 'bot_controller.egg-info/SOURCES.txt'
writing manifest file 'bot_controller.egg-info/SOURCES.txt'
Built target ament_cmake_python_build_bot_controller_egg
-- Install configuration: ""
-- Up-to-date: /home/mehmet/ros/install/bot_controller/share/bot_controller/environment/pythonpath.sh
-- Up-to-date: /home/mehmet/ros/install/bot_controller/share/bot_controller/environment/pythonpath.dsv
-- Up-to-date: /home/mehmet/ros/install/bot_controller/local/lib/python3.10/dist-packages/bot_controller-0.0.0-py3.10.egg-info
-- Installing: /home/mehmet/ros/install/bot_controller/local/lib/python3.10/dist-packages/bot_controller-0.0.0-py3.10.egg-info/dependency_links.txt
-- Installing: /home/mehmet/ros/install/bot_controller/local/lib/python3.10/dist-packages/bot_controller-0.0.0-py3.10.egg-info/PKG-INFO
-- Installing: /home/mehmet/ros/install/bot_controller/local/lib/python3.10/dist-packages/bot_controller-0.0.0-py3.10.egg-info/SOURCES.txt
-- Installing: /home/mehmet/ros/install/bot_controller/local/lib/python3.10/dist-packages/bot_controller-0.0.0-py3.10.egg-info/top_level.txt
-- Up-to-date: /home/mehmet/ros/install/bot_controller/local/lib/python3.10/dist-packages/bot_controller
-- Up-to-date: /home/mehmet/ros/install/bot_controller/local/lib/python3.10/dist-packages/bot_controller/simple_controller.py
-- Up-to-date: /home/mehmet/ros/install/bot_controller/local/lib/python3.10/dist-packages/bot_controller/__init__.py
Listing '/home/mehmet/ros/install/bot_controller/local/lib/python3.10/dist-packages/bot_controller'...
-- Up-to-date: /home/mehmet/ros/install/bot_controller/share/bot_controller/config
-- Up-to-date: /home/mehmet/ros/install/bot_controller/share/bot_controller/config/bot_controller.yaml
-- Up-to-date: /home/mehmet/ros/install/bot_controller/share/bot_controller/launch
-- Up-to-date: /home/mehmet/ros/install/bot_controller/share/bot_controller/launch/controller.launch.py
-- Up-to-date: /home/mehmet/ros/install/bot_controller/lib/bot_controller/simple_controller.py
-- Up-to-date: /home/mehmet/ros/install/bot_controller/share/ament_index/resource_index/package_run_dependencies/bot_controller
-- Up-to-date: /home/mehmet/ros/install/bot_controller/share/ament_index/resource_index/parent_prefix_path/bot_controller
-- Up-to-date: /home/mehmet/ros/install/bot_controller/share/bot_controller/environment/ament_prefix_path.sh
-- Up-to-date: /home/mehmet/ros/install/bot_controller/share/bot_controller/environment/ament_prefix_path.dsv
-- Up-to-date: /home/mehmet/ros/install/bot_controller/share/bot_controller/environment/path.sh
-- Up-to-date: /home/mehmet/ros/install/bot_controller/share/bot_controller/environment/path.dsv
-- Up-to-date: /home/mehmet/ros/install/bot_controller/share/bot_controller/local_setup.bash
-- Up-to-date: /home/mehmet/ros/install/bot_controller/share/bot_controller/local_setup.sh
-- Up-to-date: /home/mehmet/ros/install/bot_controller/share/bot_controller/local_setup.zsh
-- Up-to-date: /home/mehmet/ros/install/bot_controller/share/bot_controller/local_setup.dsv
-- Installing: /home/mehmet/ros/install/bot_controller/share/bot_controller/package.dsv
-- Up-to-date: /home/mehmet/ros/install/bot_controller/share/ament_index/resource_index/packages/bot_controller
-- Up-to-date: /home/mehmet/ros/install/bot_controller/share/bot_controller/cmake/bot_controllerConfig.cmake
-- Up-to-date: /home/mehmet/ros/install/bot_controller/share/bot_controller/cmake/bot_controllerConfig-version.cmake
-- Up-to-date: /home/mehmet/ros/install/bot_controller/share/bot_controller/package.xml
