[0.009s] Invoking command in '/home/murtazam/ros2_ws/build/bot_description': CMAKE_PREFIX_PATH=${CMAKE_PREFIX_PATH}:/opt/ros/humble /usr/bin/cmake /home/murtazam/ros2_ws/src/bot_description -DCMAKE_INSTALL_PREFIX=/home/murtazam/ros2_ws/install/bot_description
[0.080s] -- The C compiler identification is GNU 11.4.0
[0.140s] -- The CXX compiler identification is GNU 11.4.0
[0.147s] -- Detecting C compiler ABI info
[0.176s] -- Detecting C compiler ABI info - done
[0.180s] -- Check for working C compiler: /usr/bin/cc - skipped
[0.180s] -- Detecting C compile features
[0.181s] -- Detecting C compile features - done
[0.182s] -- Detecting CXX compiler ABI info
[0.219s] -- Detecting CXX compiler ABI info - done
[0.222s] -- Check for working CXX compiler: /usr/bin/c++ - skipped
[0.223s] -- Detecting CXX compile features
[0.223s] -- Detecting CXX compile features - done
[0.226s] -- Found ament_cmake: 1.3.12 (/opt/ros/humble/share/ament_cmake/cmake)
[0.298s] -- Found Python3: /usr/bin/python3 (found version "3.10.12") found components: Interpreter 
[0.353s] -- Found ament_lint_auto: 0.12.14 (/opt/ros/humble/share/ament_lint_auto/cmake)
[0.399s] -- Added test 'lint_cmake' to check CMake code style
[0.400s] -- Added test 'xmllint' to check XML markup files
[0.400s] -- Configuring done
[0.401s] -- Generating done
[0.402s] -- Build files have been written to: /home/murtazam/ros2_ws/build/bot_description
[0.405s] Invoked command in '/home/murtazam/ros2_ws/build/bot_description' returned '0': CMAKE_PREFIX_PATH=${CMAKE_PREFIX_PATH}:/opt/ros/humble /usr/bin/cmake /home/murtazam/ros2_ws/src/bot_description -DCMAKE_INSTALL_PREFIX=/home/murtazam/ros2_ws/install/bot_description
[0.406s] Invoking command in '/home/murtazam/ros2_ws/build/bot_description': CMAKE_PREFIX_PATH=${CMAKE_PREFIX_PATH}:/opt/ros/humble /usr/bin/cmake --build /home/murtazam/ros2_ws/build/bot_description -- -j5 -l5
[0.419s] Invoked command in '/home/murtazam/ros2_ws/build/bot_description' returned '0': CMAKE_PREFIX_PATH=${CMAKE_PREFIX_PATH}:/opt/ros/humble /usr/bin/cmake --build /home/murtazam/ros2_ws/build/bot_description -- -j5 -l5
[0.420s] Invoking command in '/home/murtazam/ros2_ws/build/bot_description': CMAKE_PREFIX_PATH=${CMAKE_PREFIX_PATH}:/opt/ros/humble /usr/bin/cmake --install /home/murtazam/ros2_ws/build/bot_description
[0.422s] -- Install configuration: ""
[0.422s] -- Installing: /home/murtazam/ros2_ws/install/bot_description/share/bot_description/meshes
[0.422s] -- Installing: /home/murtazam/ros2_ws/install/bot_description/share/bot_description/meshes/caster_front_link.STL
[0.424s] -- Installing: /home/murtazam/ros2_ws/install/bot_description/share/bot_description/meshes/wheel_right_link.STL
[0.426s] -- Installing: /home/murtazam/ros2_ws/install/bot_description/share/bot_description/meshes/imu_link.STL
[0.426s] -- Installing: /home/murtazam/ros2_ws/install/bot_description/share/bot_description/meshes/wheel_left_link.STL
[0.428s] -- Installing: /home/murtazam/ros2_ws/install/bot_description/share/bot_description/meshes/base_link.STL
[0.446s] -- Installing: /home/murtazam/ros2_ws/install/bot_description/share/bot_description/meshes/caster_rear_link.STL
[0.447s] -- Installing: /home/murtazam/ros2_ws/install/bot_description/share/bot_description/urdf
[0.447s] -- Installing: /home/murtazam/ros2_ws/install/bot_description/share/bot_description/urdf/bot.xacro
[0.447s] -- Installing: /home/murtazam/ros2_ws/install/bot_description/share/bot_description/urdf/bot.urdf
[0.447s] -- Installing: /home/murtazam/ros2_ws/install/bot_description/share/ament_index/resource_index/package_run_dependencies/bot_description
[0.447s] -- Installing: /home/murtazam/ros2_ws/install/bot_description/share/ament_index/resource_index/parent_prefix_path/bot_description
[0.447s] -- Installing: /home/murtazam/ros2_ws/install/bot_description/share/bot_description/environment/ament_prefix_path.sh
[0.448s] -- Installing: /home/murtazam/ros2_ws/install/bot_description/share/bot_description/environment/ament_prefix_path.dsv
[0.448s] -- Installing: /home/murtazam/ros2_ws/install/bot_description/share/bot_description/environment/path.sh
[0.448s] -- Installing: /home/murtazam/ros2_ws/install/bot_description/share/bot_description/environment/path.dsv
[0.448s] -- Installing: /home/murtazam/ros2_ws/install/bot_description/share/bot_description/local_setup.bash
[0.448s] -- Installing: /home/murtazam/ros2_ws/install/bot_description/share/bot_description/local_setup.sh
[0.448s] -- Installing: /home/murtazam/ros2_ws/install/bot_description/share/bot_description/local_setup.zsh
[0.448s] -- Installing: /home/murtazam/ros2_ws/install/bot_description/share/bot_description/local_setup.dsv
[0.448s] -- Installing: /home/murtazam/ros2_ws/install/bot_description/share/bot_description/package.dsv
[0.448s] -- Installing: /home/murtazam/ros2_ws/install/bot_description/share/ament_index/resource_index/packages/bot_description
[0.448s] -- Installing: /home/murtazam/ros2_ws/install/bot_description/share/bot_description/cmake/bot_descriptionConfig.cmake
[0.448s] -- Installing: /home/murtazam/ros2_ws/install/bot_description/share/bot_description/cmake/bot_descriptionConfig-version.cmake
[0.448s] -- Installing: /home/murtazam/ros2_ws/install/bot_description/share/bot_description/package.xml
[0.449s] Invoked command in '/home/murtazam/ros2_ws/build/bot_description' returned '0': CMAKE_PREFIX_PATH=${CMAKE_PREFIX_PATH}:/opt/ros/humble /usr/bin/cmake --install /home/murtazam/ros2_ws/build/bot_description
