[0.011s] Invoking command in '/home/mehmet/ros/build/bot_description': CMAKE_PREFIX_PATH=/opt/ros/humble /usr/bin/cmake /home/mehmet/ros/src/bot_description -DCMAKE_INSTALL_PREFIX=/home/mehmet/ros/install/bot_description
[0.090s] -- The C compiler identification is GNU 11.4.0
[0.164s] -- The CXX compiler identification is GNU 11.4.0
[0.172s] -- Detecting C compiler ABI info
[0.219s] -- Detecting C compiler ABI info - done
[0.224s] -- Check for working C compiler: /usr/bin/cc - skipped
[0.224s] -- Detecting C compile features
[0.225s] -- Detecting C compile features - done
[0.227s] -- Detecting CXX compiler ABI info
[0.277s] -- Detecting CXX compiler ABI info - done
[0.282s] -- Check for working CXX compiler: /usr/bin/c++ - skipped
[0.282s] -- Detecting CXX compile features
[0.282s] -- Detecting CXX compile features - done
[0.286s] -- Found ament_cmake: 1.3.12 (/opt/ros/humble/share/ament_cmake/cmake)
[0.390s] -- Found Python3: /usr/bin/python3 (found version "3.10.12") found components: Interpreter 
[0.445s] -- Found ament_lint_auto: 0.12.14 (/opt/ros/humble/share/ament_lint_auto/cmake)
[0.498s] -- Added test 'flake8' to check Python code syntax and style conventions
[0.499s] -- Added test 'lint_cmake' to check CMake code style
[0.499s] -- Added test 'pep257' to check Python code against some of the docstring style conventions in PEP 257
[0.500s] -- Added test 'xmllint' to check XML markup files
[0.501s] -- Configuring done
[0.502s] -- Generating done
[0.503s] -- Build files have been written to: /home/mehmet/ros/build/bot_description
[0.508s] Invoked command in '/home/mehmet/ros/build/bot_description' returned '0': CMAKE_PREFIX_PATH=/opt/ros/humble /usr/bin/cmake /home/mehmet/ros/src/bot_description -DCMAKE_INSTALL_PREFIX=/home/mehmet/ros/install/bot_description
[0.509s] Invoking command in '/home/mehmet/ros/build/bot_description': CMAKE_PREFIX_PATH=/opt/ros/humble /usr/bin/cmake --build /home/mehmet/ros/build/bot_description -- -j16 -l16
[0.539s] Invoked command in '/home/mehmet/ros/build/bot_description' returned '0': CMAKE_PREFIX_PATH=/opt/ros/humble /usr/bin/cmake --build /home/mehmet/ros/build/bot_description -- -j16 -l16
[0.540s] Invoking command in '/home/mehmet/ros/build/bot_description': CMAKE_PREFIX_PATH=/opt/ros/humble /usr/bin/cmake --install /home/mehmet/ros/build/bot_description
[0.544s] -- Install configuration: ""
[0.544s] -- Installing: /home/mehmet/ros/install/bot_description/share/bot_description/meshes
[0.544s] -- Installing: /home/mehmet/ros/install/bot_description/share/bot_description/meshes/can.STL
[0.545s] -- Installing: /home/mehmet/ros/install/bot_description/share/bot_description/meshes/base_link.STL
[0.570s] -- Installing: /home/mehmet/ros/install/bot_description/share/bot_description/meshes/imu_link.STL
[0.570s] -- Installing: /home/mehmet/ros/install/bot_description/share/bot_description/meshes/wheel_left_link.STL
[0.572s] -- Installing: /home/mehmet/ros/install/bot_description/share/bot_description/meshes/caster_front_link.STL
[0.573s] -- Installing: /home/mehmet/ros/install/bot_description/share/bot_description/meshes/caster_rear_link.STL
[0.574s] -- Installing: /home/mehmet/ros/install/bot_description/share/bot_description/meshes/wheel_right_link.STL
[0.575s] -- Installing: /home/mehmet/ros/install/bot_description/share/bot_description/urdf
[0.576s] -- Installing: /home/mehmet/ros/install/bot_description/share/bot_description/urdf/bot.xacro
[0.576s] -- Installing: /home/mehmet/ros/install/bot_description/share/bot_description/urdf/bot.urdf
[0.576s] -- Installing: /home/mehmet/ros/install/bot_description/share/bot_description/urdf/bot_control.xacro
[0.576s] -- Installing: /home/mehmet/ros/install/bot_description/share/bot_description/urdf/bot_gazebo.xacro
[0.576s] -- Installing: /home/mehmet/ros/install/bot_description/share/bot_description/rviz_model
[0.576s] -- Installing: /home/mehmet/ros/install/bot_description/share/bot_description/rviz_model/display.rviz
[0.577s] -- Installing: /home/mehmet/ros/install/bot_description/share/bot_description/launch
[0.577s] -- Installing: /home/mehmet/ros/install/bot_description/share/bot_description/launch/gazebo.launch.py
[0.577s] -- Installing: /home/mehmet/ros/install/bot_description/share/bot_description/launch/display.launch.py
[0.577s] -- Installing: /home/mehmet/ros/install/bot_description/share/ament_index/resource_index/package_run_dependencies/bot_description
[0.577s] -- Installing: /home/mehmet/ros/install/bot_description/share/ament_index/resource_index/parent_prefix_path/bot_description
[0.577s] -- Installing: /home/mehmet/ros/install/bot_description/share/bot_description/environment/ament_prefix_path.sh
[0.577s] -- Installing: /home/mehmet/ros/install/bot_description/share/bot_description/environment/ament_prefix_path.dsv
[0.577s] -- Installing: /home/mehmet/ros/install/bot_description/share/bot_description/environment/path.sh
[0.577s] -- Installing: /home/mehmet/ros/install/bot_description/share/bot_description/environment/path.dsv
[0.577s] -- Installing: /home/mehmet/ros/install/bot_description/share/bot_description/local_setup.bash
[0.577s] -- Installing: /home/mehmet/ros/install/bot_description/share/bot_description/local_setup.sh
[0.577s] -- Installing: /home/mehmet/ros/install/bot_description/share/bot_description/local_setup.zsh
[0.577s] -- Installing: /home/mehmet/ros/install/bot_description/share/bot_description/local_setup.dsv
[0.577s] -- Installing: /home/mehmet/ros/install/bot_description/share/bot_description/package.dsv
[0.577s] -- Installing: /home/mehmet/ros/install/bot_description/share/ament_index/resource_index/packages/bot_description
[0.577s] -- Installing: /home/mehmet/ros/install/bot_description/share/bot_description/cmake/bot_descriptionConfig.cmake
[0.577s] -- Installing: /home/mehmet/ros/install/bot_description/share/bot_description/cmake/bot_descriptionConfig-version.cmake
[0.577s] -- Installing: /home/mehmet/ros/install/bot_description/share/bot_description/package.xml
[0.579s] Invoked command in '/home/mehmet/ros/build/bot_description' returned '0': CMAKE_PREFIX_PATH=/opt/ros/humble /usr/bin/cmake --install /home/mehmet/ros/build/bot_description
