[0.012s] Invoking command in '/home/mehmet/ros/build/bot_controller': CMAKE_PREFIX_PATH=/opt/ros/humble /usr/bin/cmake --build /home/mehmet/ros/build/bot_controller -- -j16 -l16
[0.027s] -- Found ament_cmake: 1.3.12 (/opt/ros/humble/share/ament_cmake/cmake)
[0.110s] [31mCMake Error at CMakeLists.txt:9 (find_package):
[0.111s]   find_package called with invalid argument "python"
[0.111s] 
[0.111s] [0m
[0.111s] -- Found rclpy: 3.3.19 (/opt/ros/humble/share/rclpy/cmake)
[0.111s] -- Found std_msgs: 4.9.0 (/opt/ros/humble/share/std_msgs/cmake)
[0.126s] -- Found rosidl_generator_c: 3.1.8 (/opt/ros/humble/share/rosidl_generator_c/cmake)
[0.127s] -- Found rosidl_adapter: 3.1.8 (/opt/ros/humble/share/rosidl_adapter/cmake)
[0.131s] -- Found rosidl_generator_cpp: 3.1.8 (/opt/ros/humble/share/rosidl_generator_cpp/cmake)
[0.137s] -- Using all available rosidl_typesupport_c: rosidl_typesupport_fastrtps_c;rosidl_typesupport_introspection_c
[0.144s] -- Using all available rosidl_typesupport_cpp: rosidl_typesupport_fastrtps_cpp;rosidl_typesupport_introspection_cpp
[0.158s] -- Found geometry_msgs: 4.9.0 (/opt/ros/humble/share/geometry_msgs/cmake)
[0.210s] [31mCMake Error at /opt/ros/humble/share/ament_cmake_python/cmake/ament_python_install_package.cmake:66 (message):
[0.210s]   ament_python_install_package() the Python package folder
[0.210s]   '/home/mehmet/ros/src/bot_controller/$(PROJECT_NAME)' doesn't contain an
[0.210s]   '__init__.py' file
[0.210s] Call Stack (most recent call first):
[0.211s]   /opt/ros/humble/share/ament_cmake_python/cmake/ament_python_install_package.cmake:39 (_ament_cmake_python_install_package)
[0.211s]   CMakeLists.txt:14 (ament_python_install_package)
[0.211s] 
[0.211s] [0m
[0.211s] -- Configuring incomplete, errors occurred!
[0.211s] See also "/home/mehmet/ros/build/bot_controller/CMakeFiles/CMakeOutput.log".
[0.214s] gmake: *** [Makefile:226: cmake_check_build_system] Error 1
[0.217s] Invoked command in '/home/mehmet/ros/build/bot_controller' returned '2': CMAKE_PREFIX_PATH=/opt/ros/humble /usr/bin/cmake --build /home/mehmet/ros/build/bot_controller -- -j16 -l16
