[0.000000] (-) TimerEvent: {}
[0.000227] (bot_description) JobQueued: {'identifier': 'bot_description', 'dependencies': OrderedDict()}
[0.000250] (ros_cpp) JobQueued: {'identifier': 'ros_cpp', 'dependencies': OrderedDict()}
[0.000266] (ros_python) JobQueued: {'identifier': 'ros_python', 'dependencies': OrderedDict()}
[0.000275] (bot_description) JobStarted: {'identifier': 'bot_description'}
[0.002519] (ros_cpp) JobStarted: {'identifier': 'ros_cpp'}
[0.004847] (ros_python) JobStarted: {'identifier': 'ros_python'}
[0.007911] (bot_description) JobProgress: {'identifier': 'bot_description', 'progress': 'cmake'}
[0.008682] (bot_description) JobProgress: {'identifier': 'bot_description', 'progress': 'build'}
[0.008711] (bot_description) Command: {'cmd': ['/usr/bin/cmake', '--build', '/home/murtazam/ros2_ws/build/bot_description', '--', '-j5', '-l5'], 'cwd': '/home/murtazam/ros2_ws/build/bot_description', 'env': OrderedDict([('GJS_DEBUG_TOPICS', 'JS ERROR;JS LOG'), ('USER', 'murtazam'), ('XDG_SESSION_TYPE', 'wayland'), ('SHLVL', '1'), ('LD_LIBRARY_PATH', '/opt/ros/humble/opt/rviz_ogre_vendor/lib:/opt/ros/humble/lib/aarch64-linux-gnu:/opt/ros/humble/lib'), ('HOME', '/home/murtazam'), ('OLDPWD', '/home/murtazam'), ('DESKTOP_SESSION', 'ubuntu'), ('GIO_LAUNCHED_DESKTOP_FILE', '/usr/share/applications/terminator.desktop'), ('ROS_PYTHON_VERSION', '3'), ('GNOME_SHELL_SESSION_MODE', 'ubuntu'), ('GTK_MODULES', 'gail:atk-bridge'), ('MANAGERPID', '1383'), ('SYSTEMD_EXEC_PID', '1492'), ('DBUS_SESSION_BUS_ADDRESS', 'unix:path=/run/user/1000/bus'), ('COLORTERM', 'truecolor'), ('TERMINATOR_DBUS_NAME', 'net.tenshu.Terminator25ef4b219e3b005583550f2b0f9f990c3'), ('GIO_LAUNCHED_DESKTOP_FILE_PID', '4357'), ('IM_CONFIG_PHASE', '1'), ('WAYLAND_DISPLAY', 'wayland-0'), ('COLCON_PREFIX_PATH', '/home/murtazam/ros2_ws/install'), ('ROS_DISTRO', 'humble'), ('LOGNAME', 'murtazam'), ('JOURNAL_STREAM', '8:26481'), ('_', '/usr/bin/colcon'), ('ROS_VERSION', '2'), ('XDG_SESSION_CLASS', 'user'), ('USERNAME', 'murtazam'), ('TERM', 'xterm-256color'), ('GNOME_DESKTOP_SESSION_ID', 'this-is-deprecated'), ('ROS_LOCALHOST_ONLY', '0'), ('PATH', '/opt/ros/humble/bin:/usr/local/sbin:/usr/local/bin:/usr/sbin:/usr/bin:/sbin:/bin:/usr/games:/usr/local/games:/snap/bin:/snap/bin'), ('SESSION_MANAGER', 'local/ubuntu-ros:@/tmp/.ICE-unix/1470,unix/ubuntu-ros:/tmp/.ICE-unix/1470'), ('INVOCATION_ID', '384fef180a9f4fe49658b68bfd104f19'), ('XDG_MENU_PREFIX', 'gnome-'), ('GNOME_SETUP_DISPLAY', ':1'), ('XDG_RUNTIME_DIR', '/run/user/1000'), ('DISPLAY', ':0'), ('TERMINATOR_DBUS_PATH', '/net/tenshu/Terminator2'), ('LANG', 'en_US.UTF-8'), ('XDG_CURRENT_DESKTOP', 'ubuntu:GNOME'), ('IBUS_DISABLE_SNOOPER', '1'), ('XMODIFIERS', '@im=ibus'), ('XDG_SESSION_DESKTOP', 'ubuntu'), ('XAUTHORITY', '/run/user/1000/.mutter-Xwaylandauth.JIL2E3'), ('SSH_AGENT_LAUNCHER', 'gnome-keyring'), ('SSH_AUTH_SOCK', '/run/user/1000/keyring/ssh'), ('AMENT_PREFIX_PATH', '/home/murtazam/ros2_ws/install/ros_python:/home/murtazam/ros2_ws/install/ros_cpp:/home/murtazam/ros2_ws/install/bot_description:/opt/ros/humble'), ('SHELL', '/bin/bash'), ('TERMINATOR_UUID', 'urn:uuid:6e4d4559-fd30-4530-ad17-99cdfb0a3215'), ('QT_ACCESSIBILITY', '1'), ('GDMSESSION', 'ubuntu'), ('GJS_DEBUG_OUTPUT', 'stderr'), ('QT_IM_MODULE', 'ibus'), ('PWD', '/home/murtazam/ros2_ws/build/bot_description'), ('LC_ALL', 'en_US.UTF-8'), ('XDG_CONFIG_DIRS', '/etc/xdg/xdg-ubuntu:/etc/xdg'), ('XDG_DATA_DIRS', '/usr/share/ubuntu:/usr/local/share/:/usr/share/:/var/lib/snapd/desktop'), ('PYTHONPATH', '/home/murtazam/ros2_ws/install/ros_python/lib/python3.10/site-packages:/opt/ros/humble/lib/python3.10/site-packages:/opt/ros/humble/local/lib/python3.10/dist-packages'), ('COLCON', '1'), ('VTE_VERSION', '6800'), ('CMAKE_PREFIX_PATH', '/home/murtazam/ros2_ws/install/ros_cpp:/home/murtazam/ros2_ws/install/bot_description:/home/murtazam/ros2_ws/install/ros_python:/opt/ros/humble')]), 'shell': False}
[0.009821] (ros_cpp) JobProgress: {'identifier': 'ros_cpp', 'progress': 'cmake'}
[0.010078] (ros_cpp) JobProgress: {'identifier': 'ros_cpp', 'progress': 'build'}
[0.010722] (ros_cpp) Command: {'cmd': ['/usr/bin/cmake', '--build', '/home/murtazam/ros2_ws/build/ros_cpp', '--', '-j5', '-l5'], 'cwd': '/home/murtazam/ros2_ws/build/ros_cpp', 'env': OrderedDict([('GJS_DEBUG_TOPICS', 'JS ERROR;JS LOG'), ('USER', 'murtazam'), ('XDG_SESSION_TYPE', 'wayland'), ('SHLVL', '1'), ('LD_LIBRARY_PATH', '/opt/ros/humble/opt/rviz_ogre_vendor/lib:/opt/ros/humble/lib/aarch64-linux-gnu:/opt/ros/humble/lib'), ('HOME', '/home/murtazam'), ('OLDPWD', '/home/murtazam'), ('DESKTOP_SESSION', 'ubuntu'), ('GIO_LAUNCHED_DESKTOP_FILE', '/usr/share/applications/terminator.desktop'), ('ROS_PYTHON_VERSION', '3'), ('GNOME_SHELL_SESSION_MODE', 'ubuntu'), ('GTK_MODULES', 'gail:atk-bridge'), ('MANAGERPID', '1383'), ('SYSTEMD_EXEC_PID', '1492'), ('DBUS_SESSION_BUS_ADDRESS', 'unix:path=/run/user/1000/bus'), ('COLORTERM', 'truecolor'), ('TERMINATOR_DBUS_NAME', 'net.tenshu.Terminator25ef4b219e3b005583550f2b0f9f990c3'), ('GIO_LAUNCHED_DESKTOP_FILE_PID', '4357'), ('IM_CONFIG_PHASE', '1'), ('WAYLAND_DISPLAY', 'wayland-0'), ('COLCON_PREFIX_PATH', '/home/murtazam/ros2_ws/install'), ('ROS_DISTRO', 'humble'), ('LOGNAME', 'murtazam'), ('JOURNAL_STREAM', '8:26481'), ('_', '/usr/bin/colcon'), ('ROS_VERSION', '2'), ('XDG_SESSION_CLASS', 'user'), ('USERNAME', 'murtazam'), ('TERM', 'xterm-256color'), ('GNOME_DESKTOP_SESSION_ID', 'this-is-deprecated'), ('ROS_LOCALHOST_ONLY', '0'), ('PATH', '/opt/ros/humble/bin:/usr/local/sbin:/usr/local/bin:/usr/sbin:/usr/bin:/sbin:/bin:/usr/games:/usr/local/games:/snap/bin:/snap/bin'), ('SESSION_MANAGER', 'local/ubuntu-ros:@/tmp/.ICE-unix/1470,unix/ubuntu-ros:/tmp/.ICE-unix/1470'), ('INVOCATION_ID', '384fef180a9f4fe49658b68bfd104f19'), ('XDG_MENU_PREFIX', 'gnome-'), ('GNOME_SETUP_DISPLAY', ':1'), ('XDG_RUNTIME_DIR', '/run/user/1000'), ('DISPLAY', ':0'), ('TERMINATOR_DBUS_PATH', '/net/tenshu/Terminator2'), ('LANG', 'en_US.UTF-8'), ('XDG_CURRENT_DESKTOP', 'ubuntu:GNOME'), ('IBUS_DISABLE_SNOOPER', '1'), ('XMODIFIERS', '@im=ibus'), ('XDG_SESSION_DESKTOP', 'ubuntu'), ('XAUTHORITY', '/run/user/1000/.mutter-Xwaylandauth.JIL2E3'), ('SSH_AGENT_LAUNCHER', 'gnome-keyring'), ('SSH_AUTH_SOCK', '/run/user/1000/keyring/ssh'), ('AMENT_PREFIX_PATH', '/home/murtazam/ros2_ws/install/ros_python:/home/murtazam/ros2_ws/install/ros_cpp:/home/murtazam/ros2_ws/install/bot_description:/opt/ros/humble'), ('SHELL', '/bin/bash'), ('TERMINATOR_UUID', 'urn:uuid:6e4d4559-fd30-4530-ad17-99cdfb0a3215'), ('QT_ACCESSIBILITY', '1'), ('GDMSESSION', 'ubuntu'), ('GJS_DEBUG_OUTPUT', 'stderr'), ('QT_IM_MODULE', 'ibus'), ('PWD', '/home/murtazam/ros2_ws/build/ros_cpp'), ('LC_ALL', 'en_US.UTF-8'), ('XDG_CONFIG_DIRS', '/etc/xdg/xdg-ubuntu:/etc/xdg'), ('XDG_DATA_DIRS', '/usr/share/ubuntu:/usr/local/share/:/usr/share/:/var/lib/snapd/desktop'), ('PYTHONPATH', '/home/murtazam/ros2_ws/install/ros_python/lib/python3.10/site-packages:/opt/ros/humble/lib/python3.10/site-packages:/opt/ros/humble/local/lib/python3.10/dist-packages'), ('COLCON', '1'), ('VTE_VERSION', '6800'), ('CMAKE_PREFIX_PATH', '/home/murtazam/ros2_ws/install/ros_cpp:/home/murtazam/ros2_ws/install/bot_description:/home/murtazam/ros2_ws/install/ros_python:/opt/ros/humble')]), 'shell': False}
[0.031345] (ros_cpp) StdoutLine: {'line': b'[ 50%] Built target publisher\n'}
[0.033215] (ros_cpp) StdoutLine: {'line': b'[100%] Built target subscriber\n'}
[0.099226] (-) TimerEvent: {}
[0.120290] (bot_description) CommandEnded: {'returncode': 0}
[0.120689] (bot_description) JobProgress: {'identifier': 'bot_description', 'progress': 'install'}
[0.123625] (bot_description) Command: {'cmd': ['/usr/bin/cmake', '--install', '/home/murtazam/ros2_ws/build/bot_description'], 'cwd': '/home/murtazam/ros2_ws/build/bot_description', 'env': OrderedDict([('GJS_DEBUG_TOPICS', 'JS ERROR;JS LOG'), ('USER', 'murtazam'), ('XDG_SESSION_TYPE', 'wayland'), ('SHLVL', '1'), ('LD_LIBRARY_PATH', '/opt/ros/humble/opt/rviz_ogre_vendor/lib:/opt/ros/humble/lib/aarch64-linux-gnu:/opt/ros/humble/lib'), ('HOME', '/home/murtazam'), ('OLDPWD', '/home/murtazam'), ('DESKTOP_SESSION', 'ubuntu'), ('GIO_LAUNCHED_DESKTOP_FILE', '/usr/share/applications/terminator.desktop'), ('ROS_PYTHON_VERSION', '3'), ('GNOME_SHELL_SESSION_MODE', 'ubuntu'), ('GTK_MODULES', 'gail:atk-bridge'), ('MANAGERPID', '1383'), ('SYSTEMD_EXEC_PID', '1492'), ('DBUS_SESSION_BUS_ADDRESS', 'unix:path=/run/user/1000/bus'), ('COLORTERM', 'truecolor'), ('TERMINATOR_DBUS_NAME', 'net.tenshu.Terminator25ef4b219e3b005583550f2b0f9f990c3'), ('GIO_LAUNCHED_DESKTOP_FILE_PID', '4357'), ('IM_CONFIG_PHASE', '1'), ('WAYLAND_DISPLAY', 'wayland-0'), ('COLCON_PREFIX_PATH', '/home/murtazam/ros2_ws/install'), ('ROS_DISTRO', 'humble'), ('LOGNAME', 'murtazam'), ('JOURNAL_STREAM', '8:26481'), ('_', '/usr/bin/colcon'), ('ROS_VERSION', '2'), ('XDG_SESSION_CLASS', 'user'), ('USERNAME', 'murtazam'), ('TERM', 'xterm-256color'), ('GNOME_DESKTOP_SESSION_ID', 'this-is-deprecated'), ('ROS_LOCALHOST_ONLY', '0'), ('PATH', '/opt/ros/humble/bin:/usr/local/sbin:/usr/local/bin:/usr/sbin:/usr/bin:/sbin:/bin:/usr/games:/usr/local/games:/snap/bin:/snap/bin'), ('SESSION_MANAGER', 'local/ubuntu-ros:@/tmp/.ICE-unix/1470,unix/ubuntu-ros:/tmp/.ICE-unix/1470'), ('INVOCATION_ID', '384fef180a9f4fe49658b68bfd104f19'), ('XDG_MENU_PREFIX', 'gnome-'), ('GNOME_SETUP_DISPLAY', ':1'), ('XDG_RUNTIME_DIR', '/run/user/1000'), ('DISPLAY', ':0'), ('TERMINATOR_DBUS_PATH', '/net/tenshu/Terminator2'), ('LANG', 'en_US.UTF-8'), ('XDG_CURRENT_DESKTOP', 'ubuntu:GNOME'), ('IBUS_DISABLE_SNOOPER', '1'), ('XMODIFIERS', '@im=ibus'), ('XDG_SESSION_DESKTOP', 'ubuntu'), ('XAUTHORITY', '/run/user/1000/.mutter-Xwaylandauth.JIL2E3'), ('SSH_AGENT_LAUNCHER', 'gnome-keyring'), ('SSH_AUTH_SOCK', '/run/user/1000/keyring/ssh'), ('AMENT_PREFIX_PATH', '/home/murtazam/ros2_ws/install/ros_python:/home/murtazam/ros2_ws/install/ros_cpp:/home/murtazam/ros2_ws/install/bot_description:/opt/ros/humble'), ('SHELL', '/bin/bash'), ('TERMINATOR_UUID', 'urn:uuid:6e4d4559-fd30-4530-ad17-99cdfb0a3215'), ('QT_ACCESSIBILITY', '1'), ('GDMSESSION', 'ubuntu'), ('GJS_DEBUG_OUTPUT', 'stderr'), ('QT_IM_MODULE', 'ibus'), ('PWD', '/home/murtazam/ros2_ws/build/bot_description'), ('LC_ALL', 'en_US.UTF-8'), ('XDG_CONFIG_DIRS', '/etc/xdg/xdg-ubuntu:/etc/xdg'), ('XDG_DATA_DIRS', '/usr/share/ubuntu:/usr/local/share/:/usr/share/:/var/lib/snapd/desktop'), ('PYTHONPATH', '/home/murtazam/ros2_ws/install/ros_python/lib/python3.10/site-packages:/opt/ros/humble/lib/python3.10/site-packages:/opt/ros/humble/local/lib/python3.10/dist-packages'), ('COLCON', '1'), ('VTE_VERSION', '6800'), ('CMAKE_PREFIX_PATH', '/home/murtazam/ros2_ws/install/ros_cpp:/home/murtazam/ros2_ws/install/bot_description:/home/murtazam/ros2_ws/install/ros_python:/opt/ros/humble')]), 'shell': False}
[0.125419] (ros_cpp) CommandEnded: {'returncode': 0}
[0.125709] (ros_cpp) JobProgress: {'identifier': 'ros_cpp', 'progress': 'install'}
[0.125926] (ros_cpp) Command: {'cmd': ['/usr/bin/cmake', '--install', '/home/murtazam/ros2_ws/build/ros_cpp'], 'cwd': '/home/murtazam/ros2_ws/build/ros_cpp', 'env': OrderedDict([('GJS_DEBUG_TOPICS', 'JS ERROR;JS LOG'), ('USER', 'murtazam'), ('XDG_SESSION_TYPE', 'wayland'), ('SHLVL', '1'), ('LD_LIBRARY_PATH', '/opt/ros/humble/opt/rviz_ogre_vendor/lib:/opt/ros/humble/lib/aarch64-linux-gnu:/opt/ros/humble/lib'), ('HOME', '/home/murtazam'), ('OLDPWD', '/home/murtazam'), ('DESKTOP_SESSION', 'ubuntu'), ('GIO_LAUNCHED_DESKTOP_FILE', '/usr/share/applications/terminator.desktop'), ('ROS_PYTHON_VERSION', '3'), ('GNOME_SHELL_SESSION_MODE', 'ubuntu'), ('GTK_MODULES', 'gail:atk-bridge'), ('MANAGERPID', '1383'), ('SYSTEMD_EXEC_PID', '1492'), ('DBUS_SESSION_BUS_ADDRESS', 'unix:path=/run/user/1000/bus'), ('COLORTERM', 'truecolor'), ('TERMINATOR_DBUS_NAME', 'net.tenshu.Terminator25ef4b219e3b005583550f2b0f9f990c3'), ('GIO_LAUNCHED_DESKTOP_FILE_PID', '4357'), ('IM_CONFIG_PHASE', '1'), ('WAYLAND_DISPLAY', 'wayland-0'), ('COLCON_PREFIX_PATH', '/home/murtazam/ros2_ws/install'), ('ROS_DISTRO', 'humble'), ('LOGNAME', 'murtazam'), ('JOURNAL_STREAM', '8:26481'), ('_', '/usr/bin/colcon'), ('ROS_VERSION', '2'), ('XDG_SESSION_CLASS', 'user'), ('USERNAME', 'murtazam'), ('TERM', 'xterm-256color'), ('GNOME_DESKTOP_SESSION_ID', 'this-is-deprecated'), ('ROS_LOCALHOST_ONLY', '0'), ('PATH', '/opt/ros/humble/bin:/usr/local/sbin:/usr/local/bin:/usr/sbin:/usr/bin:/sbin:/bin:/usr/games:/usr/local/games:/snap/bin:/snap/bin'), ('SESSION_MANAGER', 'local/ubuntu-ros:@/tmp/.ICE-unix/1470,unix/ubuntu-ros:/tmp/.ICE-unix/1470'), ('INVOCATION_ID', '384fef180a9f4fe49658b68bfd104f19'), ('XDG_MENU_PREFIX', 'gnome-'), ('GNOME_SETUP_DISPLAY', ':1'), ('XDG_RUNTIME_DIR', '/run/user/1000'), ('DISPLAY', ':0'), ('TERMINATOR_DBUS_PATH', '/net/tenshu/Terminator2'), ('LANG', 'en_US.UTF-8'), ('XDG_CURRENT_DESKTOP', 'ubuntu:GNOME'), ('IBUS_DISABLE_SNOOPER', '1'), ('XMODIFIERS', '@im=ibus'), ('XDG_SESSION_DESKTOP', 'ubuntu'), ('XAUTHORITY', '/run/user/1000/.mutter-Xwaylandauth.JIL2E3'), ('SSH_AGENT_LAUNCHER', 'gnome-keyring'), ('SSH_AUTH_SOCK', '/run/user/1000/keyring/ssh'), ('AMENT_PREFIX_PATH', '/home/murtazam/ros2_ws/install/ros_python:/home/murtazam/ros2_ws/install/ros_cpp:/home/murtazam/ros2_ws/install/bot_description:/opt/ros/humble'), ('SHELL', '/bin/bash'), ('TERMINATOR_UUID', 'urn:uuid:6e4d4559-fd30-4530-ad17-99cdfb0a3215'), ('QT_ACCESSIBILITY', '1'), ('GDMSESSION', 'ubuntu'), ('GJS_DEBUG_OUTPUT', 'stderr'), ('QT_IM_MODULE', 'ibus'), ('PWD', '/home/murtazam/ros2_ws/build/ros_cpp'), ('LC_ALL', 'en_US.UTF-8'), ('XDG_CONFIG_DIRS', '/etc/xdg/xdg-ubuntu:/etc/xdg'), ('XDG_DATA_DIRS', '/usr/share/ubuntu:/usr/local/share/:/usr/share/:/var/lib/snapd/desktop'), ('PYTHONPATH', '/home/murtazam/ros2_ws/install/ros_python/lib/python3.10/site-packages:/opt/ros/humble/lib/python3.10/site-packages:/opt/ros/humble/local/lib/python3.10/dist-packages'), ('COLCON', '1'), ('VTE_VERSION', '6800'), ('CMAKE_PREFIX_PATH', '/home/murtazam/ros2_ws/install/ros_cpp:/home/murtazam/ros2_ws/install/bot_description:/home/murtazam/ros2_ws/install/ros_python:/opt/ros/humble')]), 'shell': False}
[0.129099] (bot_description) StdoutLine: {'line': b'-- Install configuration: ""\n'}
[0.129245] (bot_description) StdoutLine: {'line': b'-- Up-to-date: /home/murtazam/ros2_ws/install/bot_description/share/bot_description/meshes\n'}
[0.129276] (bot_description) StdoutLine: {'line': b'-- Up-to-date: /home/murtazam/ros2_ws/install/bot_description/share/bot_description/meshes/caster_front_link.STL\n'}
[0.129300] (bot_description) StdoutLine: {'line': b'-- Up-to-date: /home/murtazam/ros2_ws/install/bot_description/share/bot_description/meshes/wheel_right_link.STL\n'}
[0.129323] (bot_description) StdoutLine: {'line': b'-- Up-to-date: /home/murtazam/ros2_ws/install/bot_description/share/bot_description/meshes/imu_link.STL\n'}
[0.129345] (bot_description) StdoutLine: {'line': b'-- Up-to-date: /home/murtazam/ros2_ws/install/bot_description/share/bot_description/meshes/wheel_left_link.STL\n'}
[0.129367] (bot_description) StdoutLine: {'line': b'-- Up-to-date: /home/murtazam/ros2_ws/install/bot_description/share/bot_description/meshes/base_link.STL\n'}
[0.129389] (bot_description) StdoutLine: {'line': b'-- Up-to-date: /home/murtazam/ros2_ws/install/bot_description/share/bot_description/meshes/caster_rear_link.STL\n'}
[0.129410] (bot_description) StdoutLine: {'line': b'-- Up-to-date: /home/murtazam/ros2_ws/install/bot_description/share/bot_description/urdf\n'}
[0.129432] (bot_description) StdoutLine: {'line': b'-- Up-to-date: /home/murtazam/ros2_ws/install/bot_description/share/bot_description/urdf/bot.xacro\n'}
[0.129454] (bot_description) StdoutLine: {'line': b'-- Up-to-date: /home/murtazam/ros2_ws/install/bot_description/share/bot_description/urdf/bot.urdf\n'}
[0.129476] (bot_description) StdoutLine: {'line': b'-- Up-to-date: /home/murtazam/ros2_ws/install/bot_description/share/ament_index/resource_index/package_run_dependencies/bot_description\n'}
[0.129500] (bot_description) StdoutLine: {'line': b'-- Up-to-date: /home/murtazam/ros2_ws/install/bot_description/share/ament_index/resource_index/parent_prefix_path/bot_description\n'}
[0.129522] (bot_description) StdoutLine: {'line': b'-- Up-to-date: /home/murtazam/ros2_ws/install/bot_description/share/bot_description/environment/ament_prefix_path.sh\n'}
[0.129544] (bot_description) StdoutLine: {'line': b'-- Up-to-date: /home/murtazam/ros2_ws/install/bot_description/share/bot_description/environment/ament_prefix_path.dsv\n'}
[0.129571] (bot_description) StdoutLine: {'line': b'-- Up-to-date: /home/murtazam/ros2_ws/install/bot_description/share/bot_description/environment/path.sh\n'}
[0.129593] (bot_description) StdoutLine: {'line': b'-- Up-to-date: /home/murtazam/ros2_ws/install/bot_description/share/bot_description/environment/path.dsv\n'}
[0.129615] (bot_description) StdoutLine: {'line': b'-- Up-to-date: /home/murtazam/ros2_ws/install/bot_description/share/bot_description/local_setup.bash\n'}
[0.129636] (bot_description) StdoutLine: {'line': b'-- Up-to-date: /home/murtazam/ros2_ws/install/bot_description/share/bot_description/local_setup.sh\n'}
[0.129658] (bot_description) StdoutLine: {'line': b'-- Up-to-date: /home/murtazam/ros2_ws/install/bot_description/share/bot_description/local_setup.zsh\n'}
[0.129679] (bot_description) StdoutLine: {'line': b'-- Up-to-date: /home/murtazam/ros2_ws/install/bot_description/share/bot_description/local_setup.dsv\n'}
[0.129700] (bot_description) StdoutLine: {'line': b'-- Installing: /home/murtazam/ros2_ws/install/bot_description/share/bot_description/package.dsv\n'}
[0.129722] (bot_description) StdoutLine: {'line': b'-- Up-to-date: /home/murtazam/ros2_ws/install/bot_description/share/ament_index/resource_index/packages/bot_description\n'}
[0.129743] (bot_description) StdoutLine: {'line': b'-- Up-to-date: /home/murtazam/ros2_ws/install/bot_description/share/bot_description/cmake/bot_descriptionConfig.cmake\n'}
[0.129764] (bot_description) StdoutLine: {'line': b'-- Up-to-date: /home/murtazam/ros2_ws/install/bot_description/share/bot_description/cmake/bot_descriptionConfig-version.cmake\n'}
[0.129786] (bot_description) StdoutLine: {'line': b'-- Up-to-date: /home/murtazam/ros2_ws/install/bot_description/share/bot_description/package.xml\n'}
[0.130796] (ros_cpp) StdoutLine: {'line': b'-- Install configuration: ""\n'}
[0.130878] (ros_cpp) StdoutLine: {'line': b'-- Up-to-date: /home/murtazam/ros2_ws/install/ros_cpp/lib/ros_cpp/publisher\n'}
[0.131036] (ros_cpp) StdoutLine: {'line': b'-- Up-to-date: /home/murtazam/ros2_ws/install/ros_cpp/lib/ros_cpp/subscriber\n'}
[0.131153] (ros_cpp) StdoutLine: {'line': b'-- Up-to-date: /home/murtazam/ros2_ws/install/ros_cpp/share/ament_index/resource_index/package_run_dependencies/ros_cpp\n'}
[0.131216] (ros_cpp) StdoutLine: {'line': b'-- Up-to-date: /home/murtazam/ros2_ws/install/ros_cpp/share/ament_index/resource_index/parent_prefix_path/ros_cpp\n'}
[0.131247] (ros_cpp) StdoutLine: {'line': b'-- Up-to-date: /home/murtazam/ros2_ws/install/ros_cpp/share/ros_cpp/environment/ament_prefix_path.sh\n'}
[0.131270] (ros_cpp) StdoutLine: {'line': b'-- Up-to-date: /home/murtazam/ros2_ws/install/ros_cpp/share/ros_cpp/environment/ament_prefix_path.dsv\n'}
[0.131293] (ros_cpp) StdoutLine: {'line': b'-- Up-to-date: /home/murtazam/ros2_ws/install/ros_cpp/share/ros_cpp/environment/path.sh\n'}
[0.131318] (ros_cpp) StdoutLine: {'line': b'-- Up-to-date: /home/murtazam/ros2_ws/install/ros_cpp/share/ros_cpp/environment/path.dsv\n'}
[0.131348] (ros_cpp) StdoutLine: {'line': b'-- Up-to-date: /home/murtazam/ros2_ws/install/ros_cpp/share/ros_cpp/local_setup.bash\n'}
[0.131369] (ros_cpp) StdoutLine: {'line': b'-- Up-to-date: /home/murtazam/ros2_ws/install/ros_cpp/share/ros_cpp/local_setup.sh\n'}
[0.131407] (ros_cpp) StdoutLine: {'line': b'-- Up-to-date: /home/murtazam/ros2_ws/install/ros_cpp/share/ros_cpp/local_setup.zsh\n'}
[0.131430] (ros_cpp) StdoutLine: {'line': b'-- Up-to-date: /home/murtazam/ros2_ws/install/ros_cpp/share/ros_cpp/local_setup.dsv\n'}
[0.131451] (ros_cpp) StdoutLine: {'line': b'-- Installing: /home/murtazam/ros2_ws/install/ros_cpp/share/ros_cpp/package.dsv\n'}
[0.131473] (ros_cpp) StdoutLine: {'line': b'-- Up-to-date: /home/murtazam/ros2_ws/install/ros_cpp/share/ament_index/resource_index/packages/ros_cpp\n'}
[0.131499] (ros_cpp) StdoutLine: {'line': b'-- Up-to-date: /home/murtazam/ros2_ws/install/ros_cpp/share/ros_cpp/cmake/ros_cppConfig.cmake\n'}
[0.131555] (ros_cpp) StdoutLine: {'line': b'-- Up-to-date: /home/murtazam/ros2_ws/install/ros_cpp/share/ros_cpp/cmake/ros_cppConfig-version.cmake\n'}
[0.131595] (ros_cpp) StdoutLine: {'line': b'-- Up-to-date: /home/murtazam/ros2_ws/install/ros_cpp/share/ros_cpp/package.xml\n'}
[0.132408] (ros_cpp) CommandEnded: {'returncode': 0}
[0.140432] (ros_cpp) JobEnded: {'identifier': 'ros_cpp', 'rc': 0}
[0.141221] (bot_description) CommandEnded: {'returncode': 0}
[0.146152] (bot_description) JobEnded: {'identifier': 'bot_description', 'rc': 0}
[0.199863] (-) TimerEvent: {}
[0.269787] (ros_python) Command: {'cmd': ['/usr/bin/python3', '-W', 'ignore:setup.py install is deprecated', '-W', 'ignore:easy_install command is deprecated', 'setup.py', 'egg_info', '--egg-base', '../../build/ros_python', 'build', '--build-base', '/home/murtazam/ros2_ws/build/ros_python/build', 'install', '--record', '/home/murtazam/ros2_ws/build/ros_python/install.log', '--single-version-externally-managed', 'install_data'], 'cwd': '/home/murtazam/ros2_ws/src/ros_python', 'env': {'GJS_DEBUG_TOPICS': 'JS ERROR;JS LOG', 'USER': 'murtazam', 'XDG_SESSION_TYPE': 'wayland', 'SHLVL': '1', 'LD_LIBRARY_PATH': '/opt/ros/humble/opt/rviz_ogre_vendor/lib:/opt/ros/humble/lib/aarch64-linux-gnu:/opt/ros/humble/lib', 'HOME': '/home/murtazam', 'OLDPWD': '/home/murtazam', 'DESKTOP_SESSION': 'ubuntu', 'GIO_LAUNCHED_DESKTOP_FILE': '/usr/share/applications/terminator.desktop', 'ROS_PYTHON_VERSION': '3', 'GNOME_SHELL_SESSION_MODE': 'ubuntu', 'GTK_MODULES': 'gail:atk-bridge', 'MANAGERPID': '1383', 'SYSTEMD_EXEC_PID': '1492', 'DBUS_SESSION_BUS_ADDRESS': 'unix:path=/run/user/1000/bus', 'COLORTERM': 'truecolor', 'TERMINATOR_DBUS_NAME': 'net.tenshu.Terminator25ef4b219e3b005583550f2b0f9f990c3', 'GIO_LAUNCHED_DESKTOP_FILE_PID': '4357', 'IM_CONFIG_PHASE': '1', 'WAYLAND_DISPLAY': 'wayland-0', 'COLCON_PREFIX_PATH': '/home/murtazam/ros2_ws/install', 'ROS_DISTRO': 'humble', 'LOGNAME': 'murtazam', 'JOURNAL_STREAM': '8:26481', '_': '/usr/bin/colcon', 'ROS_VERSION': '2', 'XDG_SESSION_CLASS': 'user', 'USERNAME': 'murtazam', 'TERM': 'xterm-256color', 'GNOME_DESKTOP_SESSION_ID': 'this-is-deprecated', 'ROS_LOCALHOST_ONLY': '0', 'PATH': '/opt/ros/humble/bin:/usr/local/sbin:/usr/local/bin:/usr/sbin:/usr/bin:/sbin:/bin:/usr/games:/usr/local/games:/snap/bin:/snap/bin', 'SESSION_MANAGER': 'local/ubuntu-ros:@/tmp/.ICE-unix/1470,unix/ubuntu-ros:/tmp/.ICE-unix/1470', 'INVOCATION_ID': '384fef180a9f4fe49658b68bfd104f19', 'XDG_MENU_PREFIX': 'gnome-', 'GNOME_SETUP_DISPLAY': ':1', 'XDG_RUNTIME_DIR': '/run/user/1000', 'DISPLAY': ':0', 'TERMINATOR_DBUS_PATH': '/net/tenshu/Terminator2', 'LANG': 'en_US.UTF-8', 'XDG_CURRENT_DESKTOP': 'ubuntu:GNOME', 'IBUS_DISABLE_SNOOPER': '1', 'XMODIFIERS': '@im=ibus', 'XDG_SESSION_DESKTOP': 'ubuntu', 'XAUTHORITY': '/run/user/1000/.mutter-Xwaylandauth.JIL2E3', 'SSH_AGENT_LAUNCHER': 'gnome-keyring', 'SSH_AUTH_SOCK': '/run/user/1000/keyring/ssh', 'AMENT_PREFIX_PATH': '/home/murtazam/ros2_ws/install/ros_python:/home/murtazam/ros2_ws/install/ros_cpp:/home/murtazam/ros2_ws/install/bot_description:/opt/ros/humble', 'SHELL': '/bin/bash', 'TERMINATOR_UUID': 'urn:uuid:6e4d4559-fd30-4530-ad17-99cdfb0a3215', 'QT_ACCESSIBILITY': '1', 'GDMSESSION': 'ubuntu', 'GJS_DEBUG_OUTPUT': 'stderr', 'QT_IM_MODULE': 'ibus', 'PWD': '/home/murtazam/ros2_ws/build/ros_python', 'LC_ALL': 'en_US.UTF-8', 'XDG_CONFIG_DIRS': '/etc/xdg/xdg-ubuntu:/etc/xdg', 'XDG_DATA_DIRS': '/usr/share/ubuntu:/usr/local/share/:/usr/share/:/var/lib/snapd/desktop', 'PYTHONPATH': '/home/murtazam/ros2_ws/build/ros_python/prefix_override:/usr/lib/python3/dist-packages/colcon_core/task/python/colcon_distutils_commands:/home/murtazam/ros2_ws/install/ros_python/lib/python3.10/site-packages:/home/murtazam/ros2_ws/install/ros_python/lib/python3.10/site-packages:/opt/ros/humble/lib/python3.10/site-packages:/opt/ros/humble/local/lib/python3.10/dist-packages', 'COLCON': '1', 'VTE_VERSION': '6800', 'CMAKE_PREFIX_PATH': '/home/murtazam/ros2_ws/install/ros_cpp:/home/murtazam/ros2_ws/install/bot_description'}, 'shell': False}
[0.300607] (-) TimerEvent: {}
[0.365221] (ros_python) StdoutLine: {'line': b'running egg_info\n'}
[0.365470] (ros_python) StdoutLine: {'line': b'writing ../../build/ros_python/ros_python.egg-info/PKG-INFO\n'}
[0.365711] (ros_python) StdoutLine: {'line': b'writing dependency_links to ../../build/ros_python/ros_python.egg-info/dependency_links.txt\n'}
[0.365968] (ros_python) StdoutLine: {'line': b'writing entry points to ../../build/ros_python/ros_python.egg-info/entry_points.txt\n'}
[0.366132] (ros_python) StdoutLine: {'line': b'writing requirements to ../../build/ros_python/ros_python.egg-info/requires.txt\n'}
[0.366211] (ros_python) StdoutLine: {'line': b'writing top-level names to ../../build/ros_python/ros_python.egg-info/top_level.txt\n'}
[0.366997] (ros_python) StdoutLine: {'line': b"reading manifest file '../../build/ros_python/ros_python.egg-info/SOURCES.txt'\n"}
[0.367449] (ros_python) StdoutLine: {'line': b"writing manifest file '../../build/ros_python/ros_python.egg-info/SOURCES.txt'\n"}
[0.367498] (ros_python) StdoutLine: {'line': b'running build\n'}
[0.367588] (ros_python) StdoutLine: {'line': b'running build_py\n'}
[0.367644] (ros_python) StdoutLine: {'line': b'copying ros_python/parameter.py -> /home/murtazam/ros2_ws/build/ros_python/build/lib/ros_python\n'}
[0.367778] (ros_python) StdoutLine: {'line': b'running install\n'}
[0.367939] (ros_python) StdoutLine: {'line': b'running install_lib\n'}
[0.368246] (ros_python) StdoutLine: {'line': b'copying /home/murtazam/ros2_ws/build/ros_python/build/lib/ros_python/parameter.py -> /home/murtazam/ros2_ws/install/ros_python/lib/python3.10/site-packages/ros_python\n'}
[0.368620] (ros_python) StdoutLine: {'line': b'byte-compiling /home/murtazam/ros2_ws/install/ros_python/lib/python3.10/site-packages/ros_python/parameter.py to parameter.cpython-310.pyc\n'}
[0.368930] (ros_python) StdoutLine: {'line': b'running install_data\n'}
[0.369047] (ros_python) StdoutLine: {'line': b'running install_egg_info\n'}
[0.369750] (ros_python) StdoutLine: {'line': b"removing '/home/murtazam/ros2_ws/install/ros_python/lib/python3.10/site-packages/ros_python-0.0.0-py3.10.egg-info' (and everything under it)\n"}
[0.369874] (ros_python) StdoutLine: {'line': b'Copying ../../build/ros_python/ros_python.egg-info to /home/murtazam/ros2_ws/install/ros_python/lib/python3.10/site-packages/ros_python-0.0.0-py3.10.egg-info\n'}
[0.370155] (ros_python) StdoutLine: {'line': b'running install_scripts\n'}
[0.378067] (ros_python) StdoutLine: {'line': b'Installing parameter script to /home/murtazam/ros2_ws/install/ros_python/lib/ros_python\n'}
[0.378182] (ros_python) StdoutLine: {'line': b'Installing publisher script to /home/murtazam/ros2_ws/install/ros_python/lib/ros_python\n'}
[0.378355] (ros_python) StdoutLine: {'line': b'Installing subscriber script to /home/murtazam/ros2_ws/install/ros_python/lib/ros_python\n'}
[0.378628] (ros_python) StdoutLine: {'line': b"writing list of installed files to '/home/murtazam/ros2_ws/build/ros_python/install.log'\n"}
[0.389103] (ros_python) CommandEnded: {'returncode': 0}
[0.392289] (ros_python) JobEnded: {'identifier': 'ros_python', 'rc': 0}
[0.392792] (-) EventReactorShutdown: {}
