[0.285s] Invoking command in '/home/murtazam/ros2_ws/src/ros_python': PYTHONPATH=/home/murtazam/ros2_ws/build/ros_python/prefix_override:/usr/lib/python3/dist-packages/colcon_core/task/python/colcon_distutils_commands:/home/murtazam/ros2_ws/install/ros_python/lib/python3.10/site-packages:${PYTHONPATH} /usr/bin/python3 -W ignore:setup.py install is deprecated -W ignore:easy_install command is deprecated setup.py egg_info --egg-base ../../build/ros_python build --build-base /home/murtazam/ros2_ws/build/ros_python/build install --record /home/murtazam/ros2_ws/build/ros_python/install.log --single-version-externally-managed install_data
[0.378s] running egg_info
[0.379s] writing ../../build/ros_python/ros_python.egg-info/PKG-INFO
[0.379s] writing dependency_links to ../../build/ros_python/ros_python.egg-info/dependency_links.txt
[0.379s] writing entry points to ../../build/ros_python/ros_python.egg-info/entry_points.txt
[0.379s] writing requirements to ../../build/ros_python/ros_python.egg-info/requires.txt
[0.379s] writing top-level names to ../../build/ros_python/ros_python.egg-info/top_level.txt
[0.380s] reading manifest file '../../build/ros_python/ros_python.egg-info/SOURCES.txt'
[0.381s] writing manifest file '../../build/ros_python/ros_python.egg-info/SOURCES.txt'
[0.381s] running build
[0.381s] running build_py
[0.381s] running install
[0.381s] running install_lib
[0.381s] running install_data
[0.382s] running install_egg_info
[0.382s] removing '/home/murtazam/ros2_ws/install/ros_python/lib/python3.10/site-packages/ros_python-0.0.0-py3.10.egg-info' (and everything under it)
[0.382s] Copying ../../build/ros_python/ros_python.egg-info to /home/murtazam/ros2_ws/install/ros_python/lib/python3.10/site-packages/ros_python-0.0.0-py3.10.egg-info
[0.383s] running install_scripts
[0.392s] Installing parameter script to /home/murtazam/ros2_ws/install/ros_python/lib/ros_python
[0.392s] Installing publisher script to /home/murtazam/ros2_ws/install/ros_python/lib/ros_python
[0.393s] Installing subscriber script to /home/murtazam/ros2_ws/install/ros_python/lib/ros_python
[0.393s] writing list of installed files to '/home/murtazam/ros2_ws/build/ros_python/install.log'
[0.403s] Invoked command in '/home/murtazam/ros2_ws/src/ros_python' returned '0': PYTHONPATH=/home/murtazam/ros2_ws/build/ros_python/prefix_override:/usr/lib/python3/dist-packages/colcon_core/task/python/colcon_distutils_commands:/home/murtazam/ros2_ws/install/ros_python/lib/python3.10/site-packages:${PYTHONPATH} /usr/bin/python3 -W ignore:setup.py install is deprecated -W ignore:easy_install command is deprecated setup.py egg_info --egg-base ../../build/ros_python build --build-base /home/murtazam/ros2_ws/build/ros_python/build install --record /home/murtazam/ros2_ws/build/ros_python/install.log --single-version-externally-managed install_data
