[0.031s] Invoking command in '/home/mehmet/ros/build/bot_description': CMAKE_PREFIX_PATH=${CMAKE_PREFIX_PATH}:/home/mehmet/ros/install/ros_python:/opt/ros/humble /usr/bin/cmake --build /home/mehmet/ros/build/bot_description -- -j16 -l16
[0.173s] Invoked command in '/home/mehmet/ros/build/bot_description' returned '0': CMAKE_PREFIX_PATH=${CMAKE_PREFIX_PATH}:/home/mehmet/ros/install/ros_python:/opt/ros/humble /usr/bin/cmake --build /home/mehmet/ros/build/bot_description -- -j16 -l16
[0.173s] Invoking command in '/home/mehmet/ros/build/bot_description': CMAKE_PREFIX_PATH=${CMAKE_PREFIX_PATH}:/home/mehmet/ros/install/ros_python:/opt/ros/humble /usr/bin/cmake --install /home/mehmet/ros/build/bot_description
[0.177s] -- Install configuration: ""
[0.178s] -- Up-to-date: /home/mehmet/ros/install/bot_description/share/bot_description/meshes
[0.178s] -- Up-to-date: /home/mehmet/ros/install/bot_description/share/bot_description/meshes/can.STL
[0.178s] -- Up-to-date: /home/mehmet/ros/install/bot_description/share/bot_description/meshes/base_link.STL
[0.178s] -- Up-to-date: /home/mehmet/ros/install/bot_description/share/bot_description/meshes/imu_link.STL
[0.178s] -- Up-to-date: /home/mehmet/ros/install/bot_description/share/bot_description/meshes/wheel_left_link.STL
[0.178s] -- Up-to-date: /home/mehmet/ros/install/bot_description/share/bot_description/meshes/caster_front_link.STL
[0.178s] -- Up-to-date: /home/mehmet/ros/install/bot_description/share/bot_description/meshes/caster_rear_link.STL
[0.178s] -- Up-to-date: /home/mehmet/ros/install/bot_description/share/bot_description/meshes/wheel_right_link.STL
[0.178s] -- Up-to-date: /home/mehmet/ros/install/bot_description/share/bot_description/urdf
[0.178s] -- Up-to-date: /home/mehmet/ros/install/bot_description/share/bot_description/urdf/bot.xacro
[0.178s] -- Up-to-date: /home/mehmet/ros/install/bot_description/share/bot_description/urdf/bot.urdf
[0.178s] -- Up-to-date: /home/mehmet/ros/install/bot_description/share/bot_description/urdf/bot_control.xacro
[0.178s] -- Up-to-date: /home/mehmet/ros/install/bot_description/share/bot_description/urdf/bot_gazebo.xacro
[0.178s] -- Up-to-date: /home/mehmet/ros/install/bot_description/share/bot_description/rviz_model
[0.178s] -- Up-to-date: /home/mehmet/ros/install/bot_description/share/bot_description/rviz_model/display.rviz
[0.178s] -- Up-to-date: /home/mehmet/ros/install/bot_description/share/bot_description/launch
[0.178s] -- Up-to-date: /home/mehmet/ros/install/bot_description/share/bot_description/launch/gazebo.launch.py
[0.178s] -- Up-to-date: /home/mehmet/ros/install/bot_description/share/bot_description/launch/display.launch.py
[0.178s] -- Up-to-date: /home/mehmet/ros/install/bot_description/share/ament_index/resource_index/package_run_dependencies/bot_description
[0.178s] -- Up-to-date: /home/mehmet/ros/install/bot_description/share/ament_index/resource_index/parent_prefix_path/bot_description
[0.178s] -- Up-to-date: /home/mehmet/ros/install/bot_description/share/bot_description/environment/ament_prefix_path.sh
[0.178s] -- Up-to-date: /home/mehmet/ros/install/bot_description/share/bot_description/environment/ament_prefix_path.dsv
[0.178s] -- Up-to-date: /home/mehmet/ros/install/bot_description/share/bot_description/environment/path.sh
[0.178s] -- Up-to-date: /home/mehmet/ros/install/bot_description/share/bot_description/environment/path.dsv
[0.178s] -- Up-to-date: /home/mehmet/ros/install/bot_description/share/bot_description/local_setup.bash
[0.178s] -- Up-to-date: /home/mehmet/ros/install/bot_description/share/bot_description/local_setup.sh
[0.178s] -- Up-to-date: /home/mehmet/ros/install/bot_description/share/bot_description/local_setup.zsh
[0.178s] -- Up-to-date: /home/mehmet/ros/install/bot_description/share/bot_description/local_setup.dsv
[0.178s] -- Installing: /home/mehmet/ros/install/bot_description/share/bot_description/package.dsv
[0.179s] -- Up-to-date: /home/mehmet/ros/install/bot_description/share/ament_index/resource_index/packages/bot_description
[0.179s] -- Up-to-date: /home/mehmet/ros/install/bot_description/share/bot_description/cmake/bot_descriptionConfig.cmake
[0.179s] -- Up-to-date: /home/mehmet/ros/install/bot_description/share/bot_description/cmake/bot_descriptionConfig-version.cmake
[0.179s] -- Up-to-date: /home/mehmet/ros/install/bot_description/share/bot_description/package.xml
[0.189s] Invoked command in '/home/mehmet/ros/build/bot_description' returned '0': CMAKE_PREFIX_PATH=${CMAKE_PREFIX_PATH}:/home/mehmet/ros/install/ros_python:/opt/ros/humble /usr/bin/cmake --install /home/mehmet/ros/build/bot_description
