[0.316s] Invoking command in '/home/mehmet/ros/build/ros_python': PYTHONPATH=/home/mehmet/ros/build/ros_python/prefix_override:/usr/lib/python3/dist-packages/colcon_core/task/python/colcon_distutils_commands:/home/mehmet/ros/install/ros_python/lib/python3.10/site-packages:${PYTHONPATH} /usr/bin/python3 -W ignore:setup.py install is deprecated -W ignore:easy_install command is deprecated setup.py develop --uninstall --editable --build-directory /home/mehmet/ros/build/ros_python/build
[0.439s] running develop
[0.509s] Removing /home/mehmet/ros/install/ros_python/lib/python3.10/site-packages/ros-python.egg-link (link to .)
[0.524s] Invoked command in '/home/mehmet/ros/build/ros_python' returned '0': PYTHONPATH=/home/mehmet/ros/build/ros_python/prefix_override:/usr/lib/python3/dist-packages/colcon_core/task/python/colcon_distutils_commands:/home/mehmet/ros/install/ros_python/lib/python3.10/site-packages:${PYTHONPATH} /usr/bin/python3 -W ignore:setup.py install is deprecated -W ignore:easy_install command is deprecated setup.py develop --uninstall --editable --build-directory /home/mehmet/ros/build/ros_python/build
[0.525s] Invoking command in '/home/mehmet/ros/src/ros_python': PYTHONPATH=/home/mehmet/ros/build/ros_python/prefix_override:/usr/lib/python3/dist-packages/colcon_core/task/python/colcon_distutils_commands:/home/mehmet/ros/install/ros_python/lib/python3.10/site-packages:${PYTHONPATH} /usr/bin/python3 -W ignore:setup.py install is deprecated -W ignore:easy_install command is deprecated setup.py egg_info --egg-base ../../build/ros_python build --build-base /home/mehmet/ros/build/ros_python/build install --record /home/mehmet/ros/build/ros_python/install.log --single-version-externally-managed install_data --force
[0.641s] running egg_info
[0.641s] writing ../../build/ros_python/ros_python.egg-info/PKG-INFO
[0.641s] writing dependency_links to ../../build/ros_python/ros_python.egg-info/dependency_links.txt
[0.641s] writing entry points to ../../build/ros_python/ros_python.egg-info/entry_points.txt
[0.641s] writing requirements to ../../build/ros_python/ros_python.egg-info/requires.txt
[0.641s] writing top-level names to ../../build/ros_python/ros_python.egg-info/top_level.txt
[0.642s] reading manifest file '../../build/ros_python/ros_python.egg-info/SOURCES.txt'
[0.643s] writing manifest file '../../build/ros_python/ros_python.egg-info/SOURCES.txt'
[0.643s] running build
[0.643s] running build_py
[0.643s] creating /home/mehmet/ros/build/ros_python/build
[0.643s] creating /home/mehmet/ros/build/ros_python/build/lib
[0.643s] creating /home/mehmet/ros/build/ros_python/build/lib/ros_python
[0.643s] copying ros_python/publisher.py -> /home/mehmet/ros/build/ros_python/build/lib/ros_python
[0.643s] copying ros_python/parameter.py -> /home/mehmet/ros/build/ros_python/build/lib/ros_python
[0.643s] copying ros_python/__init__.py -> /home/mehmet/ros/build/ros_python/build/lib/ros_python
[0.643s] copying ros_python/subscriber.py -> /home/mehmet/ros/build/ros_python/build/lib/ros_python
[0.643s] running install
[0.643s] running install_lib
[0.643s] creating /home/mehmet/ros/install/ros_python/lib/python3.10/site-packages/ros_python
[0.643s] copying /home/mehmet/ros/build/ros_python/build/lib/ros_python/publisher.py -> /home/mehmet/ros/install/ros_python/lib/python3.10/site-packages/ros_python
[0.644s] copying /home/mehmet/ros/build/ros_python/build/lib/ros_python/parameter.py -> /home/mehmet/ros/install/ros_python/lib/python3.10/site-packages/ros_python
[0.644s] copying /home/mehmet/ros/build/ros_python/build/lib/ros_python/__init__.py -> /home/mehmet/ros/install/ros_python/lib/python3.10/site-packages/ros_python
[0.644s] copying /home/mehmet/ros/build/ros_python/build/lib/ros_python/subscriber.py -> /home/mehmet/ros/install/ros_python/lib/python3.10/site-packages/ros_python
[0.644s] byte-compiling /home/mehmet/ros/install/ros_python/lib/python3.10/site-packages/ros_python/publisher.py to publisher.cpython-310.pyc
[0.644s] byte-compiling /home/mehmet/ros/install/ros_python/lib/python3.10/site-packages/ros_python/parameter.py to parameter.cpython-310.pyc
[0.644s] byte-compiling /home/mehmet/ros/install/ros_python/lib/python3.10/site-packages/ros_python/__init__.py to __init__.cpython-310.pyc
[0.644s] byte-compiling /home/mehmet/ros/install/ros_python/lib/python3.10/site-packages/ros_python/subscriber.py to subscriber.cpython-310.pyc
[0.645s] running install_data
[0.645s] copying resource/ros_python -> /home/mehmet/ros/install/ros_python/share/ament_index/resource_index/packages
[0.645s] copying package.xml -> /home/mehmet/ros/install/ros_python/share/ros_python
[0.645s] running install_egg_info
[0.646s] Copying ../../build/ros_python/ros_python.egg-info to /home/mehmet/ros/install/ros_python/lib/python3.10/site-packages/ros_python-0.0.0-py3.10.egg-info
[0.646s] running install_scripts
[0.657s] Installing parameter script to /home/mehmet/ros/install/ros_python/lib/ros_python
[0.657s] Installing publisher script to /home/mehmet/ros/install/ros_python/lib/ros_python
[0.657s] Installing subscriber script to /home/mehmet/ros/install/ros_python/lib/ros_python
[0.657s] writing list of installed files to '/home/mehmet/ros/build/ros_python/install.log'
[0.670s] Invoked command in '/home/mehmet/ros/src/ros_python' returned '0': PYTHONPATH=/home/mehmet/ros/build/ros_python/prefix_override:/usr/lib/python3/dist-packages/colcon_core/task/python/colcon_distutils_commands:/home/mehmet/ros/install/ros_python/lib/python3.10/site-packages:${PYTHONPATH} /usr/bin/python3 -W ignore:setup.py install is deprecated -W ignore:easy_install command is deprecated setup.py egg_info --egg-base ../../build/ros_python build --build-base /home/mehmet/ros/build/ros_python/build install --record /home/mehmet/ros/build/ros_python/install.log --single-version-externally-managed install_data --force
