[0.063s] DEBUG:colcon:Command line arguments: ['/usr/bin/colcon', 'build']
[0.063s] DEBUG:colcon:Parsed command line arguments: Namespace(log_base=None, log_level=None, verb_name='build', build_base='build', install_base='install', merge_install=False, symlink_install=False, test_result_base=None, continue_on_error=False, executor='parallel', parallel_workers=16, event_handlers=None, ignore_user_meta=False, metas=['./colcon.meta'], base_paths=['.'], packages_ignore=None, packages_ignore_regex=None, paths=None, packages_up_to=None, packages_up_to_regex=None, packages_above=None, packages_above_and_dependencies=None, packages_above_depth=None, packages_select_by_dep=None, packages_skip_by_dep=None, packages_skip_up_to=None, packages_select_build_failed=False, packages_skip_build_finished=False, packages_select_test_failures=False, packages_skip_test_passed=False, packages_select=None, packages_skip=None, packages_select_regex=None, packages_skip_regex=None, packages_start=None, packages_end=None, allow_overriding=[], cmake_args=None, cmake_target=None, cmake_target_skip_unavailable=False, cmake_clean_cache=False, cmake_clean_first=False, cmake_force_configure=False, ament_cmake_args=None, catkin_cmake_args=None, catkin_skip_building_tests=False, mixin_files=None, mixin=None, verb_parser=<colcon_mixin.mixin.mixin_argument.MixinArgumentDecorator object at 0x7f027235e470>, verb_extension=<colcon_core.verb.build.BuildVerb object at 0x7f02724df970>, main=<bound method BuildVerb.main of <colcon_core.verb.build.BuildVerb object at 0x7f02724df970>>, mixin_verb=('build',))
[0.153s] Level 1:colcon.colcon_core.package_discovery:discover_packages(colcon_meta) check parameters
[0.153s] Level 1:colcon.colcon_core.package_discovery:discover_packages(recursive) check parameters
[0.153s] Level 1:colcon.colcon_core.package_discovery:discover_packages(ignore) check parameters
[0.153s] Level 1:colcon.colcon_core.package_discovery:discover_packages(path) check parameters
[0.153s] Level 1:colcon.colcon_core.package_discovery:discover_packages(colcon_meta) discover
[0.153s] Level 1:colcon.colcon_core.package_discovery:discover_packages(recursive) discover
[0.153s] INFO:colcon.colcon_core.package_discovery:Crawling recursively for packages in '/home/mehmet/ros'
[0.153s] Level 1:colcon.colcon_core.package_identification:_identify(.) by extensions ['ignore', 'ignore_ament_install']
[0.153s] Level 1:colcon.colcon_core.package_identification:_identify(.) by extension 'ignore'
[0.153s] Level 1:colcon.colcon_core.package_identification:_identify(.) by extension 'ignore_ament_install'
[0.153s] Level 1:colcon.colcon_core.package_identification:_identify(.) by extensions ['colcon_pkg']
[0.153s] Level 1:colcon.colcon_core.package_identification:_identify(.) by extension 'colcon_pkg'
[0.153s] Level 1:colcon.colcon_core.package_identification:_identify(.) by extensions ['colcon_meta']
[0.153s] Level 1:colcon.colcon_core.package_identification:_identify(.) by extension 'colcon_meta'
[0.153s] Level 1:colcon.colcon_core.package_identification:_identify(.) by extensions ['ros']
[0.153s] Level 1:colcon.colcon_core.package_identification:_identify(.) by extension 'ros'
[0.177s] Level 1:colcon.colcon_core.package_identification:_identify(.) by extensions ['cmake', 'python']
[0.177s] Level 1:colcon.colcon_core.package_identification:_identify(.) by extension 'cmake'
[0.177s] Level 1:colcon.colcon_core.package_identification:_identify(.) by extension 'python'
[0.177s] Level 1:colcon.colcon_core.package_identification:_identify(.) by extensions ['python_setup_py']
[0.177s] Level 1:colcon.colcon_core.package_identification:_identify(.) by extension 'python_setup_py'
[0.177s] Level 1:colcon.colcon_core.package_identification:_identify(build) by extensions ['ignore', 'ignore_ament_install']
[0.177s] Level 1:colcon.colcon_core.package_identification:_identify(build) by extension 'ignore'
[0.177s] Level 1:colcon.colcon_core.package_identification:_identify(build) ignored
[0.177s] Level 1:colcon.colcon_core.package_identification:_identify(install) by extensions ['ignore', 'ignore_ament_install']
[0.177s] Level 1:colcon.colcon_core.package_identification:_identify(install) by extension 'ignore'
[0.177s] Level 1:colcon.colcon_core.package_identification:_identify(install) ignored
[0.177s] Level 1:colcon.colcon_core.package_identification:_identify(log) by extensions ['ignore', 'ignore_ament_install']
[0.177s] Level 1:colcon.colcon_core.package_identification:_identify(log) by extension 'ignore'
[0.177s] Level 1:colcon.colcon_core.package_identification:_identify(log) ignored
[0.177s] Level 1:colcon.colcon_core.package_identification:_identify(src) by extensions ['ignore', 'ignore_ament_install']
[0.177s] Level 1:colcon.colcon_core.package_identification:_identify(src) by extension 'ignore'
[0.178s] Level 1:colcon.colcon_core.package_identification:_identify(src) by extension 'ignore_ament_install'
[0.178s] Level 1:colcon.colcon_core.package_identification:_identify(src) by extensions ['colcon_pkg']
[0.178s] Level 1:colcon.colcon_core.package_identification:_identify(src) by extension 'colcon_pkg'
[0.178s] Level 1:colcon.colcon_core.package_identification:_identify(src) by extensions ['colcon_meta']
[0.178s] Level 1:colcon.colcon_core.package_identification:_identify(src) by extension 'colcon_meta'
[0.178s] Level 1:colcon.colcon_core.package_identification:_identify(src) by extensions ['ros']
[0.178s] Level 1:colcon.colcon_core.package_identification:_identify(src) by extension 'ros'
[0.178s] Level 1:colcon.colcon_core.package_identification:_identify(src) by extensions ['cmake', 'python']
[0.178s] Level 1:colcon.colcon_core.package_identification:_identify(src) by extension 'cmake'
[0.178s] Level 1:colcon.colcon_core.package_identification:_identify(src) by extension 'python'
[0.178s] Level 1:colcon.colcon_core.package_identification:_identify(src) by extensions ['python_setup_py']
[0.178s] Level 1:colcon.colcon_core.package_identification:_identify(src) by extension 'python_setup_py'
[0.178s] Level 1:colcon.colcon_core.package_identification:_identify(src/bot_controller) by extensions ['ignore', 'ignore_ament_install']
[0.178s] Level 1:colcon.colcon_core.package_identification:_identify(src/bot_controller) by extension 'ignore'
[0.178s] Level 1:colcon.colcon_core.package_identification:_identify(src/bot_controller) by extension 'ignore_ament_install'
[0.178s] Level 1:colcon.colcon_core.package_identification:_identify(src/bot_controller) by extensions ['colcon_pkg']
[0.178s] Level 1:colcon.colcon_core.package_identification:_identify(src/bot_controller) by extension 'colcon_pkg'
[0.178s] Level 1:colcon.colcon_core.package_identification:_identify(src/bot_controller) by extensions ['colcon_meta']
[0.178s] Level 1:colcon.colcon_core.package_identification:_identify(src/bot_controller) by extension 'colcon_meta'
[0.178s] Level 1:colcon.colcon_core.package_identification:_identify(src/bot_controller) by extensions ['ros']
[0.178s] Level 1:colcon.colcon_core.package_identification:_identify(src/bot_controller) by extension 'ros'
[0.180s] DEBUG:colcon.colcon_core.package_identification:Package 'src/bot_controller' with type 'ros.ament_cmake' and name 'bot_controller'
[0.180s] Level 1:colcon.colcon_core.package_identification:_identify(src/bot_description) by extensions ['ignore', 'ignore_ament_install']
[0.180s] Level 1:colcon.colcon_core.package_identification:_identify(src/bot_description) by extension 'ignore'
[0.180s] Level 1:colcon.colcon_core.package_identification:_identify(src/bot_description) by extension 'ignore_ament_install'
[0.180s] Level 1:colcon.colcon_core.package_identification:_identify(src/bot_description) by extensions ['colcon_pkg']
[0.180s] Level 1:colcon.colcon_core.package_identification:_identify(src/bot_description) by extension 'colcon_pkg'
[0.180s] Level 1:colcon.colcon_core.package_identification:_identify(src/bot_description) by extensions ['colcon_meta']
[0.180s] Level 1:colcon.colcon_core.package_identification:_identify(src/bot_description) by extension 'colcon_meta'
[0.180s] Level 1:colcon.colcon_core.package_identification:_identify(src/bot_description) by extensions ['ros']
[0.180s] Level 1:colcon.colcon_core.package_identification:_identify(src/bot_description) by extension 'ros'
[0.180s] DEBUG:colcon.colcon_core.package_identification:Package 'src/bot_description' with type 'ros.ament_cmake' and name 'bot_description'
[0.181s] Level 1:colcon.colcon_core.package_identification:_identify(src/bot_msgs) by extensions ['ignore', 'ignore_ament_install']
[0.181s] Level 1:colcon.colcon_core.package_identification:_identify(src/bot_msgs) by extension 'ignore'
[0.181s] Level 1:colcon.colcon_core.package_identification:_identify(src/bot_msgs) by extension 'ignore_ament_install'
[0.181s] Level 1:colcon.colcon_core.package_identification:_identify(src/bot_msgs) by extensions ['colcon_pkg']
[0.181s] Level 1:colcon.colcon_core.package_identification:_identify(src/bot_msgs) by extension 'colcon_pkg'
[0.181s] Level 1:colcon.colcon_core.package_identification:_identify(src/bot_msgs) by extensions ['colcon_meta']
[0.181s] Level 1:colcon.colcon_core.package_identification:_identify(src/bot_msgs) by extension 'colcon_meta'
[0.181s] Level 1:colcon.colcon_core.package_identification:_identify(src/bot_msgs) by extensions ['ros']
[0.181s] Level 1:colcon.colcon_core.package_identification:_identify(src/bot_msgs) by extension 'ros'
[0.181s] DEBUG:colcon.colcon_core.package_identification:Package 'src/bot_msgs' with type 'ros.ament_cmake' and name 'bot_msgs'
[0.181s] Level 1:colcon.colcon_core.package_identification:_identify(src/ros_cpp) by extensions ['ignore', 'ignore_ament_install']
[0.181s] Level 1:colcon.colcon_core.package_identification:_identify(src/ros_cpp) by extension 'ignore'
[0.181s] Level 1:colcon.colcon_core.package_identification:_identify(src/ros_cpp) by extension 'ignore_ament_install'
[0.181s] Level 1:colcon.colcon_core.package_identification:_identify(src/ros_cpp) by extensions ['colcon_pkg']
[0.181s] Level 1:colcon.colcon_core.package_identification:_identify(src/ros_cpp) by extension 'colcon_pkg'
[0.181s] Level 1:colcon.colcon_core.package_identification:_identify(src/ros_cpp) by extensions ['colcon_meta']
[0.181s] Level 1:colcon.colcon_core.package_identification:_identify(src/ros_cpp) by extension 'colcon_meta'
[0.181s] Level 1:colcon.colcon_core.package_identification:_identify(src/ros_cpp) by extensions ['ros']
[0.181s] Level 1:colcon.colcon_core.package_identification:_identify(src/ros_cpp) by extension 'ros'
[0.182s] DEBUG:colcon.colcon_core.package_identification:Package 'src/ros_cpp' with type 'ros.ament_cmake' and name 'ros_cpp'
[0.182s] Level 1:colcon.colcon_core.package_identification:_identify(src/ros_python) by extensions ['ignore', 'ignore_ament_install']
[0.182s] Level 1:colcon.colcon_core.package_identification:_identify(src/ros_python) by extension 'ignore'
[0.182s] Level 1:colcon.colcon_core.package_identification:_identify(src/ros_python) by extension 'ignore_ament_install'
[0.182s] Level 1:colcon.colcon_core.package_identification:_identify(src/ros_python) by extensions ['colcon_pkg']
[0.182s] Level 1:colcon.colcon_core.package_identification:_identify(src/ros_python) by extension 'colcon_pkg'
[0.182s] Level 1:colcon.colcon_core.package_identification:_identify(src/ros_python) by extensions ['colcon_meta']
[0.182s] Level 1:colcon.colcon_core.package_identification:_identify(src/ros_python) by extension 'colcon_meta'
[0.182s] Level 1:colcon.colcon_core.package_identification:_identify(src/ros_python) by extensions ['ros']
[0.182s] Level 1:colcon.colcon_core.package_identification:_identify(src/ros_python) by extension 'ros'
[0.182s] DEBUG:colcon.colcon_core.package_identification:Package 'src/ros_python' with type 'ros.ament_python' and name 'ros_python'
[0.182s] Level 1:colcon.colcon_core.package_discovery:discover_packages(recursive) using defaults
[0.182s] Level 1:colcon.colcon_core.package_discovery:discover_packages(ignore) discover
[0.182s] Level 1:colcon.colcon_core.package_discovery:discover_packages(ignore) using defaults
[0.182s] Level 1:colcon.colcon_core.package_discovery:discover_packages(path) discover
[0.182s] Level 1:colcon.colcon_core.package_discovery:discover_packages(path) using defaults
[0.194s] Level 1:colcon.colcon_core.package_discovery:discover_packages(prefix_path) check parameters
[0.194s] Level 1:colcon.colcon_core.package_discovery:discover_packages(prefix_path) discover
[0.196s] DEBUG:colcon.colcon_installed_package_information.package_discovery:Found 382 installed packages in /opt/ros/humble
[0.197s] Level 1:colcon.colcon_core.package_discovery:discover_packages(prefix_path) using defaults
[0.220s] Level 5:colcon.colcon_core.verb:set package 'bot_controller' build argument 'cmake_args' from command line to 'None'
[0.220s] Level 5:colcon.colcon_core.verb:set package 'bot_controller' build argument 'cmake_target' from command line to 'None'
[0.220s] Level 5:colcon.colcon_core.verb:set package 'bot_controller' build argument 'cmake_target_skip_unavailable' from command line to 'False'
[0.220s] Level 5:colcon.colcon_core.verb:set package 'bot_controller' build argument 'cmake_clean_cache' from command line to 'False'
[0.220s] Level 5:colcon.colcon_core.verb:set package 'bot_controller' build argument 'cmake_clean_first' from command line to 'False'
[0.220s] Level 5:colcon.colcon_core.verb:set package 'bot_controller' build argument 'cmake_force_configure' from command line to 'False'
[0.220s] Level 5:colcon.colcon_core.verb:set package 'bot_controller' build argument 'ament_cmake_args' from command line to 'None'
[0.220s] Level 5:colcon.colcon_core.verb:set package 'bot_controller' build argument 'catkin_cmake_args' from command line to 'None'
[0.220s] Level 5:colcon.colcon_core.verb:set package 'bot_controller' build argument 'catkin_skip_building_tests' from command line to 'False'
[0.220s] DEBUG:colcon.colcon_core.verb:Building package 'bot_controller' with the following arguments: {'ament_cmake_args': None, 'build_base': '/home/mehmet/ros/build/bot_controller', 'catkin_cmake_args': None, 'catkin_skip_building_tests': False, 'cmake_args': None, 'cmake_clean_cache': False, 'cmake_clean_first': False, 'cmake_force_configure': False, 'cmake_target': None, 'cmake_target_skip_unavailable': False, 'install_base': '/home/mehmet/ros/install/bot_controller', 'merge_install': False, 'path': '/home/mehmet/ros/src/bot_controller', 'symlink_install': False, 'test_result_base': None}
[0.220s] Level 5:colcon.colcon_core.verb:set package 'bot_description' build argument 'cmake_args' from command line to 'None'
[0.220s] Level 5:colcon.colcon_core.verb:set package 'bot_description' build argument 'cmake_target' from command line to 'None'
[0.220s] Level 5:colcon.colcon_core.verb:set package 'bot_description' build argument 'cmake_target_skip_unavailable' from command line to 'False'
[0.220s] Level 5:colcon.colcon_core.verb:set package 'bot_description' build argument 'cmake_clean_cache' from command line to 'False'
[0.220s] Level 5:colcon.colcon_core.verb:set package 'bot_description' build argument 'cmake_clean_first' from command line to 'False'
[0.220s] Level 5:colcon.colcon_core.verb:set package 'bot_description' build argument 'cmake_force_configure' from command line to 'False'
[0.220s] Level 5:colcon.colcon_core.verb:set package 'bot_description' build argument 'ament_cmake_args' from command line to 'None'
[0.220s] Level 5:colcon.colcon_core.verb:set package 'bot_description' build argument 'catkin_cmake_args' from command line to 'None'
[0.220s] Level 5:colcon.colcon_core.verb:set package 'bot_description' build argument 'catkin_skip_building_tests' from command line to 'False'
[0.220s] DEBUG:colcon.colcon_core.verb:Building package 'bot_description' with the following arguments: {'ament_cmake_args': None, 'build_base': '/home/mehmet/ros/build/bot_description', 'catkin_cmake_args': None, 'catkin_skip_building_tests': False, 'cmake_args': None, 'cmake_clean_cache': False, 'cmake_clean_first': False, 'cmake_force_configure': False, 'cmake_target': None, 'cmake_target_skip_unavailable': False, 'install_base': '/home/mehmet/ros/install/bot_description', 'merge_install': False, 'path': '/home/mehmet/ros/src/bot_description', 'symlink_install': False, 'test_result_base': None}
[0.221s] Level 5:colcon.colcon_core.verb:set package 'bot_msgs' build argument 'cmake_args' from command line to 'None'
[0.221s] Level 5:colcon.colcon_core.verb:set package 'bot_msgs' build argument 'cmake_target' from command line to 'None'
[0.221s] Level 5:colcon.colcon_core.verb:set package 'bot_msgs' build argument 'cmake_target_skip_unavailable' from command line to 'False'
[0.221s] Level 5:colcon.colcon_core.verb:set package 'bot_msgs' build argument 'cmake_clean_cache' from command line to 'False'
[0.221s] Level 5:colcon.colcon_core.verb:set package 'bot_msgs' build argument 'cmake_clean_first' from command line to 'False'
[0.221s] Level 5:colcon.colcon_core.verb:set package 'bot_msgs' build argument 'cmake_force_configure' from command line to 'False'
[0.221s] Level 5:colcon.colcon_core.verb:set package 'bot_msgs' build argument 'ament_cmake_args' from command line to 'None'
[0.221s] Level 5:colcon.colcon_core.verb:set package 'bot_msgs' build argument 'catkin_cmake_args' from command line to 'None'
[0.221s] Level 5:colcon.colcon_core.verb:set package 'bot_msgs' build argument 'catkin_skip_building_tests' from command line to 'False'
[0.221s] DEBUG:colcon.colcon_core.verb:Building package 'bot_msgs' with the following arguments: {'ament_cmake_args': None, 'build_base': '/home/mehmet/ros/build/bot_msgs', 'catkin_cmake_args': None, 'catkin_skip_building_tests': False, 'cmake_args': None, 'cmake_clean_cache': False, 'cmake_clean_first': False, 'cmake_force_configure': False, 'cmake_target': None, 'cmake_target_skip_unavailable': False, 'install_base': '/home/mehmet/ros/install/bot_msgs', 'merge_install': False, 'path': '/home/mehmet/ros/src/bot_msgs', 'symlink_install': False, 'test_result_base': None}
[0.221s] Level 5:colcon.colcon_core.verb:set package 'ros_cpp' build argument 'cmake_args' from command line to 'None'
[0.221s] Level 5:colcon.colcon_core.verb:set package 'ros_cpp' build argument 'cmake_target' from command line to 'None'
[0.221s] Level 5:colcon.colcon_core.verb:set package 'ros_cpp' build argument 'cmake_target_skip_unavailable' from command line to 'False'
[0.221s] Level 5:colcon.colcon_core.verb:set package 'ros_cpp' build argument 'cmake_clean_cache' from command line to 'False'
[0.221s] Level 5:colcon.colcon_core.verb:set package 'ros_cpp' build argument 'cmake_clean_first' from command line to 'False'
[0.221s] Level 5:colcon.colcon_core.verb:set package 'ros_cpp' build argument 'cmake_force_configure' from command line to 'False'
[0.221s] Level 5:colcon.colcon_core.verb:set package 'ros_cpp' build argument 'ament_cmake_args' from command line to 'None'
[0.221s] Level 5:colcon.colcon_core.verb:set package 'ros_cpp' build argument 'catkin_cmake_args' from command line to 'None'
[0.221s] Level 5:colcon.colcon_core.verb:set package 'ros_cpp' build argument 'catkin_skip_building_tests' from command line to 'False'
[0.221s] DEBUG:colcon.colcon_core.verb:Building package 'ros_cpp' with the following arguments: {'ament_cmake_args': None, 'build_base': '/home/mehmet/ros/build/ros_cpp', 'catkin_cmake_args': None, 'catkin_skip_building_tests': False, 'cmake_args': None, 'cmake_clean_cache': False, 'cmake_clean_first': False, 'cmake_force_configure': False, 'cmake_target': None, 'cmake_target_skip_unavailable': False, 'install_base': '/home/mehmet/ros/install/ros_cpp', 'merge_install': False, 'path': '/home/mehmet/ros/src/ros_cpp', 'symlink_install': False, 'test_result_base': None}
[0.221s] Level 5:colcon.colcon_core.verb:set package 'ros_python' build argument 'cmake_args' from command line to 'None'
[0.221s] Level 5:colcon.colcon_core.verb:set package 'ros_python' build argument 'cmake_target' from command line to 'None'
[0.221s] Level 5:colcon.colcon_core.verb:set package 'ros_python' build argument 'cmake_target_skip_unavailable' from command line to 'False'
[0.221s] Level 5:colcon.colcon_core.verb:set package 'ros_python' build argument 'cmake_clean_cache' from command line to 'False'
[0.221s] Level 5:colcon.colcon_core.verb:set package 'ros_python' build argument 'cmake_clean_first' from command line to 'False'
[0.221s] Level 5:colcon.colcon_core.verb:set package 'ros_python' build argument 'cmake_force_configure' from command line to 'False'
[0.221s] Level 5:colcon.colcon_core.verb:set package 'ros_python' build argument 'ament_cmake_args' from command line to 'None'
[0.221s] Level 5:colcon.colcon_core.verb:set package 'ros_python' build argument 'catkin_cmake_args' from command line to 'None'
[0.221s] Level 5:colcon.colcon_core.verb:set package 'ros_python' build argument 'catkin_skip_building_tests' from command line to 'False'
[0.221s] DEBUG:colcon.colcon_core.verb:Building package 'ros_python' with the following arguments: {'ament_cmake_args': None, 'build_base': '/home/mehmet/ros/build/ros_python', 'catkin_cmake_args': None, 'catkin_skip_building_tests': False, 'cmake_args': None, 'cmake_clean_cache': False, 'cmake_clean_first': False, 'cmake_force_configure': False, 'cmake_target': None, 'cmake_target_skip_unavailable': False, 'install_base': '/home/mehmet/ros/install/ros_python', 'merge_install': False, 'path': '/home/mehmet/ros/src/ros_python', 'symlink_install': False, 'test_result_base': None}
[0.221s] INFO:colcon.colcon_core.executor:Executing jobs using 'parallel' executor
[0.222s] DEBUG:colcon.colcon_parallel_executor.executor.parallel:run_until_complete
[0.222s] INFO:colcon.colcon_ros.task.ament_cmake.build:Building ROS package in '/home/mehmet/ros/src/bot_msgs' with build type 'ament_cmake'
[0.222s] INFO:colcon.colcon_cmake.task.cmake.build:Building CMake package in '/home/mehmet/ros/src/bot_msgs'
[0.223s] INFO:colcon.colcon_core.plugin_system:Skipping extension 'colcon_core.shell.bat': Not used on non-Windows systems
[0.223s] INFO:colcon.colcon_core.shell:Skip shell extension 'powershell' for command environment: Not usable outside of PowerShell
[0.223s] DEBUG:colcon.colcon_core.shell:Skip shell extension 'dsv' for command environment
[0.225s] INFO:colcon.colcon_ros.task.ament_cmake.build:Building ROS package in '/home/mehmet/ros/src/bot_controller' with build type 'ament_cmake'
[0.225s] INFO:colcon.colcon_cmake.task.cmake.build:Building CMake package in '/home/mehmet/ros/src/bot_controller'
[0.225s] INFO:colcon.colcon_core.shell:Skip shell extension 'powershell' for command environment: Not usable outside of PowerShell
[0.225s] DEBUG:colcon.colcon_core.shell:Skip shell extension 'dsv' for command environment
[0.227s] INFO:colcon.colcon_ros.task.ament_cmake.build:Building ROS package in '/home/mehmet/ros/src/bot_description' with build type 'ament_cmake'
[0.227s] INFO:colcon.colcon_cmake.task.cmake.build:Building CMake package in '/home/mehmet/ros/src/bot_description'
[0.227s] INFO:colcon.colcon_core.shell:Skip shell extension 'powershell' for command environment: Not usable outside of PowerShell
[0.227s] DEBUG:colcon.colcon_core.shell:Skip shell extension 'dsv' for command environment
[0.229s] INFO:colcon.colcon_ros.task.ament_cmake.build:Building ROS package in '/home/mehmet/ros/src/ros_cpp' with build type 'ament_cmake'
[0.229s] INFO:colcon.colcon_cmake.task.cmake.build:Building CMake package in '/home/mehmet/ros/src/ros_cpp'
[0.229s] INFO:colcon.colcon_core.shell:Skip shell extension 'powershell' for command environment: Not usable outside of PowerShell
[0.229s] DEBUG:colcon.colcon_core.shell:Skip shell extension 'dsv' for command environment
[0.233s] DEBUG:colcon.colcon_core.event_handler.log_command:Invoking command in '/home/mehmet/ros/build/bot_msgs': CMAKE_PREFIX_PATH=/opt/ros/humble /usr/bin/cmake --build /home/mehmet/ros/build/bot_msgs -- -j16 -l16
[0.234s] DEBUG:colcon.colcon_core.event_handler.log_command:Invoking command in '/home/mehmet/ros/build/bot_controller': CMAKE_PREFIX_PATH=/opt/ros/humble /usr/bin/cmake --build /home/mehmet/ros/build/bot_controller -- -j16 -l16
[0.236s] DEBUG:colcon.colcon_core.event_handler.log_command:Invoking command in '/home/mehmet/ros/build/bot_description': CMAKE_PREFIX_PATH=/opt/ros/humble /usr/bin/cmake --build /home/mehmet/ros/build/bot_description -- -j16 -l16
[0.238s] DEBUG:colcon.colcon_core.event_handler.log_command:Invoking command in '/home/mehmet/ros/build/ros_cpp': CMAKE_PREFIX_PATH=/opt/ros/humble /usr/bin/cmake --build /home/mehmet/ros/build/ros_cpp -- -j16 -l16
[0.259s] DEBUG:colcon.colcon_core.event_handler.log_command:Invoked command in '/home/mehmet/ros/build/bot_description' returned '0': CMAKE_PREFIX_PATH=/opt/ros/humble /usr/bin/cmake --build /home/mehmet/ros/build/bot_description -- -j16 -l16
[0.265s] DEBUG:colcon.colcon_core.event_handler.log_command:Invoking command in '/home/mehmet/ros/build/bot_description': CMAKE_PREFIX_PATH=/opt/ros/humble /usr/bin/cmake --install /home/mehmet/ros/build/bot_description
[0.272s] Level 1:colcon.colcon_core.environment:create_environment_scripts_only(bot_description)
[0.273s] DEBUG:colcon.colcon_core.event_handler.log_command:Invoked command in '/home/mehmet/ros/build/bot_description' returned '0': CMAKE_PREFIX_PATH=/opt/ros/humble /usr/bin/cmake --install /home/mehmet/ros/build/bot_description
[0.275s] Level 1:colcon.colcon_core.environment:checking '/home/mehmet/ros/install/bot_description' for CMake module files
[0.275s] Level 1:colcon.colcon_core.environment:checking '/home/mehmet/ros/install/bot_description' for CMake config files
[0.275s] Level 1:colcon.colcon_core.shell:create_environment_hook('bot_description', 'cmake_prefix_path')
[0.276s] INFO:colcon.colcon_core.shell:Creating environment hook '/home/mehmet/ros/install/bot_description/share/bot_description/hook/cmake_prefix_path.ps1'
[0.276s] INFO:colcon.colcon_core.shell:Creating environment descriptor '/home/mehmet/ros/install/bot_description/share/bot_description/hook/cmake_prefix_path.dsv'
[0.277s] INFO:colcon.colcon_core.shell:Creating environment hook '/home/mehmet/ros/install/bot_description/share/bot_description/hook/cmake_prefix_path.sh'
[0.277s] Level 1:colcon.colcon_core.environment:checking '/home/mehmet/ros/install/bot_description/bin'
[0.277s] Level 1:colcon.colcon_core.environment:checking '/home/mehmet/ros/install/bot_description/lib/pkgconfig/bot_description.pc'
[0.277s] Level 1:colcon.colcon_core.environment:checking '/home/mehmet/ros/install/bot_description/lib/python3.10/site-packages'
[0.278s] Level 1:colcon.colcon_core.environment:checking '/home/mehmet/ros/install/bot_description/bin'
[0.278s] INFO:colcon.colcon_core.shell:Creating package script '/home/mehmet/ros/install/bot_description/share/bot_description/package.ps1'
[0.279s] INFO:colcon.colcon_core.shell:Creating package descriptor '/home/mehmet/ros/install/bot_description/share/bot_description/package.dsv'
[0.280s] INFO:colcon.colcon_core.shell:Creating package script '/home/mehmet/ros/install/bot_description/share/bot_description/package.sh'
[0.280s] INFO:colcon.colcon_core.shell:Creating package script '/home/mehmet/ros/install/bot_description/share/bot_description/package.bash'
[0.281s] INFO:colcon.colcon_core.shell:Creating package script '/home/mehmet/ros/install/bot_description/share/bot_description/package.zsh'
[0.282s] Level 1:colcon.colcon_core.environment:create_file_with_runtime_dependencies(/home/mehmet/ros/install/bot_description/share/colcon-core/packages/bot_description)
[0.283s] Level 1:colcon.colcon_core.environment:create_environment_scripts_only(bot_description)
[0.283s] Level 1:colcon.colcon_core.environment:checking '/home/mehmet/ros/install/bot_description' for CMake module files
[0.284s] Level 1:colcon.colcon_core.environment:checking '/home/mehmet/ros/install/bot_description' for CMake config files
[0.284s] Level 1:colcon.colcon_core.shell:create_environment_hook('bot_description', 'cmake_prefix_path')
[0.284s] INFO:colcon.colcon_core.shell:Creating environment hook '/home/mehmet/ros/install/bot_description/share/bot_description/hook/cmake_prefix_path.ps1'
[0.285s] INFO:colcon.colcon_core.shell:Creating environment descriptor '/home/mehmet/ros/install/bot_description/share/bot_description/hook/cmake_prefix_path.dsv'
[0.285s] INFO:colcon.colcon_core.shell:Creating environment hook '/home/mehmet/ros/install/bot_description/share/bot_description/hook/cmake_prefix_path.sh'
[0.286s] Level 1:colcon.colcon_core.environment:checking '/home/mehmet/ros/install/bot_description/bin'
[0.286s] Level 1:colcon.colcon_core.environment:checking '/home/mehmet/ros/install/bot_description/lib/pkgconfig/bot_description.pc'
[0.286s] Level 1:colcon.colcon_core.environment:checking '/home/mehmet/ros/install/bot_description/lib/python3.10/site-packages'
[0.286s] Level 1:colcon.colcon_core.environment:checking '/home/mehmet/ros/install/bot_description/bin'
[0.287s] INFO:colcon.colcon_core.shell:Creating package script '/home/mehmet/ros/install/bot_description/share/bot_description/package.ps1'
[0.287s] INFO:colcon.colcon_core.shell:Creating package descriptor '/home/mehmet/ros/install/bot_description/share/bot_description/package.dsv'
[0.287s] INFO:colcon.colcon_core.shell:Creating package script '/home/mehmet/ros/install/bot_description/share/bot_description/package.sh'
[0.288s] INFO:colcon.colcon_core.shell:Creating package script '/home/mehmet/ros/install/bot_description/share/bot_description/package.bash'
[0.288s] INFO:colcon.colcon_core.shell:Creating package script '/home/mehmet/ros/install/bot_description/share/bot_description/package.zsh'
[0.288s] Level 1:colcon.colcon_core.environment:create_file_with_runtime_dependencies(/home/mehmet/ros/install/bot_description/share/colcon-core/packages/bot_description)
[0.295s] DEBUG:colcon.colcon_core.event_handler.log_command:Invoked command in '/home/mehmet/ros/build/ros_cpp' returned '0': CMAKE_PREFIX_PATH=/opt/ros/humble /usr/bin/cmake --build /home/mehmet/ros/build/ros_cpp -- -j16 -l16
[0.296s] DEBUG:colcon.colcon_core.event_handler.log_command:Invoking command in '/home/mehmet/ros/build/ros_cpp': CMAKE_PREFIX_PATH=/opt/ros/humble /usr/bin/cmake --install /home/mehmet/ros/build/ros_cpp
[0.304s] Level 1:colcon.colcon_core.environment:create_environment_scripts_only(ros_cpp)
[0.304s] Level 1:colcon.colcon_core.environment:checking '/home/mehmet/ros/install/ros_cpp' for CMake module files
[0.305s] DEBUG:colcon.colcon_core.event_handler.log_command:Invoked command in '/home/mehmet/ros/build/ros_cpp' returned '0': CMAKE_PREFIX_PATH=/opt/ros/humble /usr/bin/cmake --install /home/mehmet/ros/build/ros_cpp
[0.305s] Level 1:colcon.colcon_core.environment:checking '/home/mehmet/ros/install/ros_cpp' for CMake config files
[0.305s] Level 1:colcon.colcon_core.shell:create_environment_hook('ros_cpp', 'cmake_prefix_path')
[0.305s] INFO:colcon.colcon_core.shell:Creating environment hook '/home/mehmet/ros/install/ros_cpp/share/ros_cpp/hook/cmake_prefix_path.ps1'
[0.306s] INFO:colcon.colcon_core.shell:Creating environment descriptor '/home/mehmet/ros/install/ros_cpp/share/ros_cpp/hook/cmake_prefix_path.dsv'
[0.306s] INFO:colcon.colcon_core.shell:Creating environment hook '/home/mehmet/ros/install/ros_cpp/share/ros_cpp/hook/cmake_prefix_path.sh'
[0.306s] Level 1:colcon.colcon_core.environment:checking '/home/mehmet/ros/install/ros_cpp/lib'
[0.307s] Level 1:colcon.colcon_core.environment:checking '/home/mehmet/ros/install/ros_cpp/bin'
[0.307s] Level 1:colcon.colcon_core.environment:checking '/home/mehmet/ros/install/ros_cpp/lib/pkgconfig/ros_cpp.pc'
[0.307s] Level 1:colcon.colcon_core.environment:checking '/home/mehmet/ros/install/ros_cpp/lib/python3.10/site-packages'
[0.307s] Level 1:colcon.colcon_core.environment:checking '/home/mehmet/ros/install/ros_cpp/bin'
[0.307s] INFO:colcon.colcon_core.shell:Creating package script '/home/mehmet/ros/install/ros_cpp/share/ros_cpp/package.ps1'
[0.308s] INFO:colcon.colcon_core.shell:Creating package descriptor '/home/mehmet/ros/install/ros_cpp/share/ros_cpp/package.dsv'
[0.308s] INFO:colcon.colcon_core.shell:Creating package script '/home/mehmet/ros/install/ros_cpp/share/ros_cpp/package.sh'
[0.308s] INFO:colcon.colcon_core.shell:Creating package script '/home/mehmet/ros/install/ros_cpp/share/ros_cpp/package.bash'
[0.308s] INFO:colcon.colcon_core.shell:Creating package script '/home/mehmet/ros/install/ros_cpp/share/ros_cpp/package.zsh'
[0.309s] Level 1:colcon.colcon_core.environment:create_file_with_runtime_dependencies(/home/mehmet/ros/install/ros_cpp/share/colcon-core/packages/ros_cpp)
[0.309s] Level 1:colcon.colcon_core.environment:create_environment_scripts_only(ros_cpp)
[0.309s] Level 1:colcon.colcon_core.environment:checking '/home/mehmet/ros/install/ros_cpp' for CMake module files
[0.310s] Level 1:colcon.colcon_core.environment:checking '/home/mehmet/ros/install/ros_cpp' for CMake config files
[0.310s] Level 1:colcon.colcon_core.shell:create_environment_hook('ros_cpp', 'cmake_prefix_path')
[0.310s] INFO:colcon.colcon_core.shell:Creating environment hook '/home/mehmet/ros/install/ros_cpp/share/ros_cpp/hook/cmake_prefix_path.ps1'
[0.310s] INFO:colcon.colcon_core.shell:Creating environment descriptor '/home/mehmet/ros/install/ros_cpp/share/ros_cpp/hook/cmake_prefix_path.dsv'
[0.311s] INFO:colcon.colcon_core.shell:Creating environment hook '/home/mehmet/ros/install/ros_cpp/share/ros_cpp/hook/cmake_prefix_path.sh'
[0.311s] Level 1:colcon.colcon_core.environment:checking '/home/mehmet/ros/install/ros_cpp/lib'
[0.311s] Level 1:colcon.colcon_core.environment:checking '/home/mehmet/ros/install/ros_cpp/bin'
[0.311s] Level 1:colcon.colcon_core.environment:checking '/home/mehmet/ros/install/ros_cpp/lib/pkgconfig/ros_cpp.pc'
[0.311s] Level 1:colcon.colcon_core.environment:checking '/home/mehmet/ros/install/ros_cpp/lib/python3.10/site-packages'
[0.312s] Level 1:colcon.colcon_core.environment:checking '/home/mehmet/ros/install/ros_cpp/bin'
[0.312s] INFO:colcon.colcon_core.shell:Creating package script '/home/mehmet/ros/install/ros_cpp/share/ros_cpp/package.ps1'
[0.312s] INFO:colcon.colcon_core.shell:Creating package descriptor '/home/mehmet/ros/install/ros_cpp/share/ros_cpp/package.dsv'
[0.312s] INFO:colcon.colcon_core.shell:Creating package script '/home/mehmet/ros/install/ros_cpp/share/ros_cpp/package.sh'
[0.313s] INFO:colcon.colcon_core.shell:Creating package script '/home/mehmet/ros/install/ros_cpp/share/ros_cpp/package.bash'
[0.313s] INFO:colcon.colcon_core.shell:Creating package script '/home/mehmet/ros/install/ros_cpp/share/ros_cpp/package.zsh'
[0.313s] Level 1:colcon.colcon_core.environment:create_file_with_runtime_dependencies(/home/mehmet/ros/install/ros_cpp/share/colcon-core/packages/ros_cpp)
[0.467s] DEBUG:colcon.colcon_core.event_handler.log_command:Invoked command in '/home/mehmet/ros/build/bot_msgs' returned '0': CMAKE_PREFIX_PATH=/opt/ros/humble /usr/bin/cmake --build /home/mehmet/ros/build/bot_msgs -- -j16 -l16
[0.469s] DEBUG:colcon.colcon_core.event_handler.log_command:Invoking command in '/home/mehmet/ros/build/bot_msgs': CMAKE_PREFIX_PATH=/opt/ros/humble /usr/bin/cmake --install /home/mehmet/ros/build/bot_msgs
[0.470s] DEBUG:colcon.colcon_core.event_handler.log_command:Invoked command in '/home/mehmet/ros/build/bot_controller' returned '0': CMAKE_PREFIX_PATH=/opt/ros/humble /usr/bin/cmake --build /home/mehmet/ros/build/bot_controller -- -j16 -l16
[0.470s] DEBUG:colcon.colcon_core.event_handler.log_command:Invoking command in '/home/mehmet/ros/build/bot_controller': CMAKE_PREFIX_PATH=/opt/ros/humble /usr/bin/cmake --install /home/mehmet/ros/build/bot_controller
[0.502s] Level 1:colcon.colcon_core.environment:create_environment_scripts_only(bot_controller)
[0.503s] Level 1:colcon.colcon_core.environment:checking '/home/mehmet/ros/install/bot_controller' for CMake module files
[0.503s] DEBUG:colcon.colcon_core.event_handler.log_command:Invoked command in '/home/mehmet/ros/build/bot_controller' returned '0': CMAKE_PREFIX_PATH=/opt/ros/humble /usr/bin/cmake --install /home/mehmet/ros/build/bot_controller
[0.503s] Level 1:colcon.colcon_core.environment:checking '/home/mehmet/ros/install/bot_controller' for CMake config files
[0.504s] Level 1:colcon.colcon_core.shell:create_environment_hook('bot_controller', 'cmake_prefix_path')
[0.504s] INFO:colcon.colcon_core.shell:Creating environment hook '/home/mehmet/ros/install/bot_controller/share/bot_controller/hook/cmake_prefix_path.ps1'
[0.504s] INFO:colcon.colcon_core.shell:Creating environment descriptor '/home/mehmet/ros/install/bot_controller/share/bot_controller/hook/cmake_prefix_path.dsv'
[0.504s] INFO:colcon.colcon_core.shell:Creating environment hook '/home/mehmet/ros/install/bot_controller/share/bot_controller/hook/cmake_prefix_path.sh'
[0.505s] Level 1:colcon.colcon_core.environment:checking '/home/mehmet/ros/install/bot_controller/lib'
[0.505s] Level 1:colcon.colcon_core.environment:checking '/home/mehmet/ros/install/bot_controller/bin'
[0.505s] Level 1:colcon.colcon_core.environment:checking '/home/mehmet/ros/install/bot_controller/lib/pkgconfig/bot_controller.pc'
[0.505s] Level 1:colcon.colcon_core.environment:checking '/home/mehmet/ros/install/bot_controller/lib/python3.10/site-packages'
[0.505s] Level 1:colcon.colcon_core.environment:checking '/home/mehmet/ros/install/bot_controller/bin'
[0.505s] INFO:colcon.colcon_core.shell:Creating package script '/home/mehmet/ros/install/bot_controller/share/bot_controller/package.ps1'
[0.505s] INFO:colcon.colcon_core.shell:Creating package descriptor '/home/mehmet/ros/install/bot_controller/share/bot_controller/package.dsv'
[0.506s] INFO:colcon.colcon_core.shell:Creating package script '/home/mehmet/ros/install/bot_controller/share/bot_controller/package.sh'
[0.506s] INFO:colcon.colcon_core.shell:Creating package script '/home/mehmet/ros/install/bot_controller/share/bot_controller/package.bash'
[0.506s] INFO:colcon.colcon_core.shell:Creating package script '/home/mehmet/ros/install/bot_controller/share/bot_controller/package.zsh'
[0.506s] Level 1:colcon.colcon_core.environment:create_file_with_runtime_dependencies(/home/mehmet/ros/install/bot_controller/share/colcon-core/packages/bot_controller)
[0.507s] Level 1:colcon.colcon_core.environment:create_environment_scripts_only(bot_controller)
[0.507s] Level 1:colcon.colcon_core.environment:checking '/home/mehmet/ros/install/bot_controller' for CMake module files
[0.507s] Level 1:colcon.colcon_core.environment:checking '/home/mehmet/ros/install/bot_controller' for CMake config files
[0.507s] Level 1:colcon.colcon_core.shell:create_environment_hook('bot_controller', 'cmake_prefix_path')
[0.507s] INFO:colcon.colcon_core.shell:Creating environment hook '/home/mehmet/ros/install/bot_controller/share/bot_controller/hook/cmake_prefix_path.ps1'
[0.507s] INFO:colcon.colcon_core.shell:Creating environment descriptor '/home/mehmet/ros/install/bot_controller/share/bot_controller/hook/cmake_prefix_path.dsv'
[0.508s] INFO:colcon.colcon_core.shell:Creating environment hook '/home/mehmet/ros/install/bot_controller/share/bot_controller/hook/cmake_prefix_path.sh'
[0.508s] Level 1:colcon.colcon_core.environment:checking '/home/mehmet/ros/install/bot_controller/lib'
[0.508s] Level 1:colcon.colcon_core.environment:checking '/home/mehmet/ros/install/bot_controller/bin'
[0.508s] Level 1:colcon.colcon_core.environment:checking '/home/mehmet/ros/install/bot_controller/lib/pkgconfig/bot_controller.pc'
[0.508s] Level 1:colcon.colcon_core.environment:checking '/home/mehmet/ros/install/bot_controller/lib/python3.10/site-packages'
[0.508s] Level 1:colcon.colcon_core.environment:checking '/home/mehmet/ros/install/bot_controller/bin'
[0.508s] INFO:colcon.colcon_core.shell:Creating package script '/home/mehmet/ros/install/bot_controller/share/bot_controller/package.ps1'
[0.509s] INFO:colcon.colcon_core.shell:Creating package descriptor '/home/mehmet/ros/install/bot_controller/share/bot_controller/package.dsv'
[0.509s] INFO:colcon.colcon_core.shell:Creating package script '/home/mehmet/ros/install/bot_controller/share/bot_controller/package.sh'
[0.509s] INFO:colcon.colcon_core.shell:Creating package script '/home/mehmet/ros/install/bot_controller/share/bot_controller/package.bash'
[0.509s] INFO:colcon.colcon_core.shell:Creating package script '/home/mehmet/ros/install/bot_controller/share/bot_controller/package.zsh'
[0.510s] Level 1:colcon.colcon_core.environment:create_file_with_runtime_dependencies(/home/mehmet/ros/install/bot_controller/share/colcon-core/packages/bot_controller)
[0.510s] Level 1:colcon.colcon_core.environment:create_environment_scripts_only(bot_msgs)
[0.510s] Level 1:colcon.colcon_core.environment:checking '/home/mehmet/ros/install/bot_msgs' for CMake module files
[0.511s] DEBUG:colcon.colcon_core.event_handler.log_command:Invoked command in '/home/mehmet/ros/build/bot_msgs' returned '0': CMAKE_PREFIX_PATH=/opt/ros/humble /usr/bin/cmake --install /home/mehmet/ros/build/bot_msgs
[0.511s] Level 1:colcon.colcon_core.environment:checking '/home/mehmet/ros/install/bot_msgs' for CMake config files
[0.511s] Level 1:colcon.colcon_core.shell:create_environment_hook('bot_msgs', 'cmake_prefix_path')
[0.511s] INFO:colcon.colcon_core.shell:Creating environment hook '/home/mehmet/ros/install/bot_msgs/share/bot_msgs/hook/cmake_prefix_path.ps1'
[0.511s] INFO:colcon.colcon_core.shell:Creating environment descriptor '/home/mehmet/ros/install/bot_msgs/share/bot_msgs/hook/cmake_prefix_path.dsv'
[0.512s] INFO:colcon.colcon_core.shell:Creating environment hook '/home/mehmet/ros/install/bot_msgs/share/bot_msgs/hook/cmake_prefix_path.sh'
[0.512s] Level 1:colcon.colcon_core.environment:checking '/home/mehmet/ros/install/bot_msgs/lib'
[0.512s] Level 1:colcon.colcon_core.shell:create_environment_hook('bot_msgs', 'ld_library_path_lib')
[0.512s] INFO:colcon.colcon_core.shell:Creating environment hook '/home/mehmet/ros/install/bot_msgs/share/bot_msgs/hook/ld_library_path_lib.ps1'
[0.512s] INFO:colcon.colcon_core.shell:Creating environment descriptor '/home/mehmet/ros/install/bot_msgs/share/bot_msgs/hook/ld_library_path_lib.dsv'
[0.512s] INFO:colcon.colcon_core.shell:Creating environment hook '/home/mehmet/ros/install/bot_msgs/share/bot_msgs/hook/ld_library_path_lib.sh'
[0.513s] Level 1:colcon.colcon_core.environment:checking '/home/mehmet/ros/install/bot_msgs/bin'
[0.513s] Level 1:colcon.colcon_core.environment:checking '/home/mehmet/ros/install/bot_msgs/lib/pkgconfig/bot_msgs.pc'
[0.513s] Level 1:colcon.colcon_core.environment:checking '/home/mehmet/ros/install/bot_msgs/lib/python3.10/site-packages'
[0.513s] Level 1:colcon.colcon_core.environment:checking '/home/mehmet/ros/install/bot_msgs/bin'
[0.513s] INFO:colcon.colcon_core.shell:Creating package script '/home/mehmet/ros/install/bot_msgs/share/bot_msgs/package.ps1'
[0.513s] INFO:colcon.colcon_core.shell:Creating package descriptor '/home/mehmet/ros/install/bot_msgs/share/bot_msgs/package.dsv'
[0.514s] INFO:colcon.colcon_core.shell:Creating package script '/home/mehmet/ros/install/bot_msgs/share/bot_msgs/package.sh'
[0.514s] INFO:colcon.colcon_core.shell:Creating package script '/home/mehmet/ros/install/bot_msgs/share/bot_msgs/package.bash'
[0.514s] INFO:colcon.colcon_core.shell:Creating package script '/home/mehmet/ros/install/bot_msgs/share/bot_msgs/package.zsh'
[0.514s] Level 1:colcon.colcon_core.environment:create_file_with_runtime_dependencies(/home/mehmet/ros/install/bot_msgs/share/colcon-core/packages/bot_msgs)
[0.515s] Level 1:colcon.colcon_core.environment:create_environment_scripts_only(bot_msgs)
[0.515s] Level 1:colcon.colcon_core.environment:checking '/home/mehmet/ros/install/bot_msgs' for CMake module files
[0.515s] Level 1:colcon.colcon_core.environment:checking '/home/mehmet/ros/install/bot_msgs' for CMake config files
[0.515s] Level 1:colcon.colcon_core.shell:create_environment_hook('bot_msgs', 'cmake_prefix_path')
[0.515s] INFO:colcon.colcon_core.shell:Creating environment hook '/home/mehmet/ros/install/bot_msgs/share/bot_msgs/hook/cmake_prefix_path.ps1'
[0.516s] INFO:colcon.colcon_core.shell:Creating environment descriptor '/home/mehmet/ros/install/bot_msgs/share/bot_msgs/hook/cmake_prefix_path.dsv'
[0.516s] INFO:colcon.colcon_core.shell:Creating environment hook '/home/mehmet/ros/install/bot_msgs/share/bot_msgs/hook/cmake_prefix_path.sh'
[0.516s] Level 1:colcon.colcon_core.environment:checking '/home/mehmet/ros/install/bot_msgs/lib'
[0.516s] Level 1:colcon.colcon_core.shell:create_environment_hook('bot_msgs', 'ld_library_path_lib')
[0.516s] INFO:colcon.colcon_core.shell:Creating environment hook '/home/mehmet/ros/install/bot_msgs/share/bot_msgs/hook/ld_library_path_lib.ps1'
[0.516s] INFO:colcon.colcon_core.shell:Creating environment descriptor '/home/mehmet/ros/install/bot_msgs/share/bot_msgs/hook/ld_library_path_lib.dsv'
[0.517s] INFO:colcon.colcon_core.shell:Creating environment hook '/home/mehmet/ros/install/bot_msgs/share/bot_msgs/hook/ld_library_path_lib.sh'
[0.517s] Level 1:colcon.colcon_core.environment:checking '/home/mehmet/ros/install/bot_msgs/bin'
[0.517s] Level 1:colcon.colcon_core.environment:checking '/home/mehmet/ros/install/bot_msgs/lib/pkgconfig/bot_msgs.pc'
[0.517s] Level 1:colcon.colcon_core.environment:checking '/home/mehmet/ros/install/bot_msgs/lib/python3.10/site-packages'
[0.517s] Level 1:colcon.colcon_core.environment:checking '/home/mehmet/ros/install/bot_msgs/bin'
[0.517s] INFO:colcon.colcon_core.shell:Creating package script '/home/mehmet/ros/install/bot_msgs/share/bot_msgs/package.ps1'
[0.518s] INFO:colcon.colcon_core.shell:Creating package descriptor '/home/mehmet/ros/install/bot_msgs/share/bot_msgs/package.dsv'
[0.518s] INFO:colcon.colcon_core.shell:Creating package script '/home/mehmet/ros/install/bot_msgs/share/bot_msgs/package.sh'
[0.518s] INFO:colcon.colcon_core.shell:Creating package script '/home/mehmet/ros/install/bot_msgs/share/bot_msgs/package.bash'
[0.519s] INFO:colcon.colcon_core.shell:Creating package script '/home/mehmet/ros/install/bot_msgs/share/bot_msgs/package.zsh'
[0.519s] Level 1:colcon.colcon_core.environment:create_file_with_runtime_dependencies(/home/mehmet/ros/install/bot_msgs/share/colcon-core/packages/bot_msgs)
[0.519s] INFO:colcon.colcon_ros.task.ament_python.build:Building ROS package in '/home/mehmet/ros/src/ros_python' with build type 'ament_python'
[0.519s] Level 1:colcon.colcon_core.shell:create_environment_hook('ros_python', 'ament_prefix_path')
[0.519s] INFO:colcon.colcon_core.shell:Creating environment hook '/home/mehmet/ros/install/ros_python/share/ros_python/hook/ament_prefix_path.ps1'
[0.520s] INFO:colcon.colcon_core.shell:Creating environment descriptor '/home/mehmet/ros/install/ros_python/share/ros_python/hook/ament_prefix_path.dsv'
[0.520s] INFO:colcon.colcon_core.shell:Creating environment hook '/home/mehmet/ros/install/ros_python/share/ros_python/hook/ament_prefix_path.sh'
[0.520s] INFO:colcon.colcon_core.shell:Skip shell extension 'powershell' for command environment: Not usable outside of PowerShell
[0.520s] DEBUG:colcon.colcon_core.shell:Skip shell extension 'dsv' for command environment
[0.672s] INFO:colcon.colcon_core.task.python.build:Building Python package in '/home/mehmet/ros/src/ros_python'
[0.672s] INFO:colcon.colcon_core.shell:Skip shell extension 'powershell' for command environment: Not usable outside of PowerShell
[0.672s] DEBUG:colcon.colcon_core.shell:Skip shell extension 'dsv' for command environment
[0.883s] DEBUG:colcon.colcon_core.event_handler.log_command:Invoking command in '/home/mehmet/ros/src/ros_python': AMENT_PREFIX_PATH=/home/mehmet/ros/install/bot_msgs:${AMENT_PREFIX_PATH} CMAKE_PREFIX_PATH=/home/mehmet/ros/install/bot_msgs LD_LIBRARY_PATH=/home/mehmet/ros/install/bot_msgs/lib:${LD_LIBRARY_PATH} PYTHONPATH=/home/mehmet/ros/build/ros_python/prefix_override:/usr/lib/python3/dist-packages/colcon_core/task/python/colcon_distutils_commands:/home/mehmet/ros/install/ros_python/lib/python3.10/site-packages:/home/mehmet/ros/install/bot_msgs/local/lib/python3.10/dist-packages:${PYTHONPATH} /usr/bin/python3 -W ignore:setup.py install is deprecated -W ignore:easy_install command is deprecated setup.py egg_info --egg-base ../../build/ros_python build --build-base /home/mehmet/ros/build/ros_python/build install --record /home/mehmet/ros/build/ros_python/install.log --single-version-externally-managed install_data
[1.063s] Level 1:colcon.colcon_core.environment:checking '/home/mehmet/ros/install/ros_python' for CMake module files
[1.063s] DEBUG:colcon.colcon_core.event_handler.log_command:Invoked command in '/home/mehmet/ros/src/ros_python' returned '0': AMENT_PREFIX_PATH=/home/mehmet/ros/install/bot_msgs:${AMENT_PREFIX_PATH} CMAKE_PREFIX_PATH=/home/mehmet/ros/install/bot_msgs LD_LIBRARY_PATH=/home/mehmet/ros/install/bot_msgs/lib:${LD_LIBRARY_PATH} PYTHONPATH=/home/mehmet/ros/build/ros_python/prefix_override:/usr/lib/python3/dist-packages/colcon_core/task/python/colcon_distutils_commands:/home/mehmet/ros/install/ros_python/lib/python3.10/site-packages:/home/mehmet/ros/install/bot_msgs/local/lib/python3.10/dist-packages:${PYTHONPATH} /usr/bin/python3 -W ignore:setup.py install is deprecated -W ignore:easy_install command is deprecated setup.py egg_info --egg-base ../../build/ros_python build --build-base /home/mehmet/ros/build/ros_python/build install --record /home/mehmet/ros/build/ros_python/install.log --single-version-externally-managed install_data
[1.064s] Level 1:colcon.colcon_core.environment:checking '/home/mehmet/ros/install/ros_python' for CMake config files
[1.064s] Level 1:colcon.colcon_core.environment:checking '/home/mehmet/ros/install/ros_python/lib'
[1.064s] Level 1:colcon.colcon_core.environment:checking '/home/mehmet/ros/install/ros_python/bin'
[1.064s] Level 1:colcon.colcon_core.environment:checking '/home/mehmet/ros/install/ros_python/lib/pkgconfig/ros_python.pc'
[1.064s] Level 1:colcon.colcon_core.environment:checking '/home/mehmet/ros/install/ros_python/lib/python3.10/site-packages'
[1.064s] Level 1:colcon.colcon_core.shell:create_environment_hook('ros_python', 'pythonpath')
[1.064s] INFO:colcon.colcon_core.shell:Creating environment hook '/home/mehmet/ros/install/ros_python/share/ros_python/hook/pythonpath.ps1'
[1.065s] INFO:colcon.colcon_core.shell:Creating environment descriptor '/home/mehmet/ros/install/ros_python/share/ros_python/hook/pythonpath.dsv'
[1.065s] INFO:colcon.colcon_core.shell:Creating environment hook '/home/mehmet/ros/install/ros_python/share/ros_python/hook/pythonpath.sh'
[1.065s] Level 1:colcon.colcon_core.environment:checking '/home/mehmet/ros/install/ros_python/bin'
[1.065s] Level 1:colcon.colcon_core.environment:create_environment_scripts_only(ros_python)
[1.066s] INFO:colcon.colcon_core.shell:Creating package script '/home/mehmet/ros/install/ros_python/share/ros_python/package.ps1'
[1.066s] INFO:colcon.colcon_core.shell:Creating package descriptor '/home/mehmet/ros/install/ros_python/share/ros_python/package.dsv'
[1.066s] INFO:colcon.colcon_core.shell:Creating package script '/home/mehmet/ros/install/ros_python/share/ros_python/package.sh'
[1.066s] INFO:colcon.colcon_core.shell:Creating package script '/home/mehmet/ros/install/ros_python/share/ros_python/package.bash'
[1.066s] INFO:colcon.colcon_core.shell:Creating package script '/home/mehmet/ros/install/ros_python/share/ros_python/package.zsh'
[1.067s] Level 1:colcon.colcon_core.environment:create_file_with_runtime_dependencies(/home/mehmet/ros/install/ros_python/share/colcon-core/packages/ros_python)
[1.067s] DEBUG:colcon.colcon_parallel_executor.executor.parallel:closing loop
[1.067s] DEBUG:colcon.colcon_parallel_executor.executor.parallel:loop closed
[1.067s] DEBUG:colcon.colcon_parallel_executor.executor.parallel:run_until_complete finished with '0'
[1.067s] DEBUG:colcon.colcon_core.event_reactor:joining thread
[1.070s] INFO:colcon.colcon_core.plugin_system:Skipping extension 'colcon_notification.desktop_notification.terminal_notifier': Not used on non-Darwin systems
[1.070s] INFO:colcon.colcon_core.plugin_system:Skipping extension 'colcon_notification.desktop_notification.win32': Not used on non-Windows systems
[1.070s] INFO:colcon.colcon_notification.desktop_notification:Sending desktop notification using 'notify2'
[1.079s] DEBUG:colcon.colcon_core.event_reactor:joined thread
[1.079s] INFO:colcon.colcon_core.shell:Creating prefix script '/home/mehmet/ros/install/local_setup.ps1'
[1.080s] INFO:colcon.colcon_core.shell:Creating prefix util module '/home/mehmet/ros/install/_local_setup_util_ps1.py'
[1.081s] INFO:colcon.colcon_core.shell:Creating prefix chain script '/home/mehmet/ros/install/setup.ps1'
[1.081s] INFO:colcon.colcon_core.shell:Creating prefix script '/home/mehmet/ros/install/local_setup.sh'
[1.082s] INFO:colcon.colcon_core.shell:Creating prefix util module '/home/mehmet/ros/install/_local_setup_util_sh.py'
[1.082s] INFO:colcon.colcon_core.shell:Creating prefix chain script '/home/mehmet/ros/install/setup.sh'
[1.082s] INFO:colcon.colcon_core.shell:Creating prefix script '/home/mehmet/ros/install/local_setup.bash'
[1.083s] INFO:colcon.colcon_core.shell:Creating prefix chain script '/home/mehmet/ros/install/setup.bash'
[1.083s] INFO:colcon.colcon_core.shell:Creating prefix script '/home/mehmet/ros/install/local_setup.zsh'
[1.083s] INFO:colcon.colcon_core.shell:Creating prefix chain script '/home/mehmet/ros/install/setup.zsh'
