[0.008s] Invoking command in '/home/mehmet/ros/build/bot_controller': CMAKE_PREFIX_PATH=/opt/ros/humble /usr/bin/cmake /home/mehmet/ros/src/bot_controller -DCMAKE_INSTALL_PREFIX=/home/mehmet/ros/install/bot_controller
[0.043s] -- The C compiler identification is GNU 11.4.0
[0.086s] -- The CXX compiler identification is GNU 11.4.0
[0.092s] -- Detecting C compiler ABI info
[0.142s] -- Detecting C compiler ABI info - done
[0.150s] -- Check for working C compiler: /usr/bin/cc - skipped
[0.150s] -- Detecting C compile features
[0.150s] -- Detecting C compile features - done
[0.153s] -- Detecting CXX compiler ABI info
[0.210s] -- Detecting CXX compiler ABI info - done
[0.218s] -- Check for working CXX compiler: /usr/bin/c++ - skipped
[0.218s] -- Detecting CXX compile features
[0.219s] -- Detecting CXX compile features - done
[0.220s] -- Found ament_cmake: 1.3.12 (/opt/ros/humble/share/ament_cmake/cmake)
[0.324s] -- Found Python3: /usr/bin/python3 (found version "3.10.12") found components: Interpreter 
[0.437s] -- Found ament_lint_auto: 0.12.14 (/opt/ros/humble/share/ament_lint_auto/cmake)
[0.491s] -- Added test 'copyright' to check source files copyright and LICENSE
[0.492s] -- Added test 'flake8' to check Python code syntax and style conventions
[0.492s] -- Added test 'lint_cmake' to check CMake code style
[0.492s] -- Added test 'pep257' to check Python code against some of the docstring style conventions in PEP 257
[0.493s] -- Added test 'xmllint' to check XML markup files
[0.494s] -- Configuring done
[0.496s] -- Generating done
[0.497s] -- Build files have been written to: /home/mehmet/ros/build/bot_controller
[0.500s] Invoked command in '/home/mehmet/ros/build/bot_controller' returned '0': CMAKE_PREFIX_PATH=/opt/ros/humble /usr/bin/cmake /home/mehmet/ros/src/bot_controller -DCMAKE_INSTALL_PREFIX=/home/mehmet/ros/install/bot_controller
[0.501s] Invoking command in '/home/mehmet/ros/build/bot_controller': CMAKE_PREFIX_PATH=/opt/ros/humble /usr/bin/cmake --build /home/mehmet/ros/build/bot_controller -- -j16 -l16
[0.542s] Built target ament_cmake_python_copy_bot_controller
[0.697s] running egg_info
[0.697s] creating bot_controller.egg-info
[0.697s] writing bot_controller.egg-info/PKG-INFO
[0.697s] writing dependency_links to bot_controller.egg-info/dependency_links.txt
[0.697s] writing top-level names to bot_controller.egg-info/top_level.txt
[0.697s] writing manifest file 'bot_controller.egg-info/SOURCES.txt'
[0.698s] reading manifest file 'bot_controller.egg-info/SOURCES.txt'
[0.699s] writing manifest file 'bot_controller.egg-info/SOURCES.txt'
[0.716s] Built target ament_cmake_python_build_bot_controller_egg
[0.722s] Invoked command in '/home/mehmet/ros/build/bot_controller' returned '0': CMAKE_PREFIX_PATH=/opt/ros/humble /usr/bin/cmake --build /home/mehmet/ros/build/bot_controller -- -j16 -l16
[0.723s] Invoking command in '/home/mehmet/ros/build/bot_controller': CMAKE_PREFIX_PATH=/opt/ros/humble /usr/bin/cmake --install /home/mehmet/ros/build/bot_controller
[0.727s] -- Install configuration: ""
[0.728s] -- Installing: /home/mehmet/ros/install/bot_controller/share/bot_controller/environment/pythonpath.sh
[0.728s] -- Installing: /home/mehmet/ros/install/bot_controller/share/bot_controller/environment/pythonpath.dsv
[0.728s] -- Installing: /home/mehmet/ros/install/bot_controller/local/lib/python3.10/dist-packages/bot_controller-0.0.0-py3.10.egg-info
[0.728s] -- Installing: /home/mehmet/ros/install/bot_controller/local/lib/python3.10/dist-packages/bot_controller-0.0.0-py3.10.egg-info/dependency_links.txt
[0.728s] -- Installing: /home/mehmet/ros/install/bot_controller/local/lib/python3.10/dist-packages/bot_controller-0.0.0-py3.10.egg-info/PKG-INFO
[0.728s] -- Installing: /home/mehmet/ros/install/bot_controller/local/lib/python3.10/dist-packages/bot_controller-0.0.0-py3.10.egg-info/SOURCES.txt
[0.728s] -- Installing: /home/mehmet/ros/install/bot_controller/local/lib/python3.10/dist-packages/bot_controller-0.0.0-py3.10.egg-info/top_level.txt
[0.728s] -- Installing: /home/mehmet/ros/install/bot_controller/local/lib/python3.10/dist-packages/bot_controller
[0.728s] -- Installing: /home/mehmet/ros/install/bot_controller/local/lib/python3.10/dist-packages/bot_controller/simple_controller.py
[0.728s] -- Installing: /home/mehmet/ros/install/bot_controller/local/lib/python3.10/dist-packages/bot_controller/__init__.py
[0.748s] Listing '/home/mehmet/ros/install/bot_controller/local/lib/python3.10/dist-packages/bot_controller'...
[0.748s] Compiling '/home/mehmet/ros/install/bot_controller/local/lib/python3.10/dist-packages/bot_controller/__init__.py'...
[0.748s] Compiling '/home/mehmet/ros/install/bot_controller/local/lib/python3.10/dist-packages/bot_controller/simple_controller.py'...
[0.751s] -- Installing: /home/mehmet/ros/install/bot_controller/share/bot_controller/config
[0.751s] -- Installing: /home/mehmet/ros/install/bot_controller/share/bot_controller/config/bot_controller.yaml
[0.751s] -- Installing: /home/mehmet/ros/install/bot_controller/share/bot_controller/launch
[0.751s] -- Installing: /home/mehmet/ros/install/bot_controller/share/bot_controller/launch/controller.launch.py
[0.751s] -- Installing: /home/mehmet/ros/install/bot_controller/lib/bot_controller/simple_controller.py
[0.751s] -- Installing: /home/mehmet/ros/install/bot_controller/share/ament_index/resource_index/package_run_dependencies/bot_controller
[0.751s] -- Installing: /home/mehmet/ros/install/bot_controller/share/ament_index/resource_index/parent_prefix_path/bot_controller
[0.751s] -- Installing: /home/mehmet/ros/install/bot_controller/share/bot_controller/environment/ament_prefix_path.sh
[0.751s] -- Installing: /home/mehmet/ros/install/bot_controller/share/bot_controller/environment/ament_prefix_path.dsv
[0.751s] -- Installing: /home/mehmet/ros/install/bot_controller/share/bot_controller/environment/path.sh
[0.751s] -- Installing: /home/mehmet/ros/install/bot_controller/share/bot_controller/environment/path.dsv
[0.751s] -- Installing: /home/mehmet/ros/install/bot_controller/share/bot_controller/local_setup.bash
[0.751s] -- Installing: /home/mehmet/ros/install/bot_controller/share/bot_controller/local_setup.sh
[0.751s] -- Installing: /home/mehmet/ros/install/bot_controller/share/bot_controller/local_setup.zsh
[0.751s] -- Installing: /home/mehmet/ros/install/bot_controller/share/bot_controller/local_setup.dsv
[0.751s] -- Installing: /home/mehmet/ros/install/bot_controller/share/bot_controller/package.dsv
[0.752s] -- Installing: /home/mehmet/ros/install/bot_controller/share/ament_index/resource_index/packages/bot_controller
[0.752s] -- Installing: /home/mehmet/ros/install/bot_controller/share/bot_controller/cmake/bot_controllerConfig.cmake
[0.752s] -- Installing: /home/mehmet/ros/install/bot_controller/share/bot_controller/cmake/bot_controllerConfig-version.cmake
[0.752s] -- Installing: /home/mehmet/ros/install/bot_controller/share/bot_controller/package.xml
[0.753s] Invoked command in '/home/mehmet/ros/build/bot_controller' returned '0': CMAKE_PREFIX_PATH=/opt/ros/humble /usr/bin/cmake --install /home/mehmet/ros/build/bot_controller
