[0.014s] Invoking command in '/home/mehmet/ros/build/bot_msgs': CMAKE_PREFIX_PATH=/opt/ros/humble /usr/bin/cmake --build /home/mehmet/ros/build/bot_msgs -- -j16 -l16
[0.054s] -- Found ament_cmake: 1.3.12 (/opt/ros/humble/share/ament_cmake/cmake)
[0.154s] -- Found std_msgs: 4.9.0 (/opt/ros/humble/share/std_msgs/cmake)
[0.181s] -- Found rosidl_generator_c: 3.1.8 (/opt/ros/humble/share/rosidl_generator_c/cmake)
[0.184s] -- Found rosidl_adapter: 3.1.8 (/opt/ros/humble/share/rosidl_adapter/cmake)
[0.190s] -- Found rosidl_generator_cpp: 3.1.8 (/opt/ros/humble/share/rosidl_generator_cpp/cmake)
[0.199s] -- Using all available rosidl_typesupport_c: rosidl_typesupport_fastrtps_c;rosidl_typesupport_introspection_c
[0.210s] -- Using all available rosidl_typesupport_cpp: rosidl_typesupport_fastrtps_cpp;rosidl_typesupport_introspection_cpp
[0.228s] -- Found geometry_msgs: 4.9.0 (/opt/ros/humble/share/geometry_msgs/cmake)
[0.239s] -- Found rosidl_default_generators: 1.2.0 (/opt/ros/humble/share/rosidl_default_generators/cmake)
[0.429s] -- Found ament_cmake_ros: 0.10.0 (/opt/ros/humble/share/ament_cmake_ros/cmake)
[0.676s] -- Using all available rosidl_typesupport_c: rosidl_typesupport_fastrtps_c;rosidl_typesupport_introspection_c
[0.773s] -- Using all available rosidl_typesupport_cpp: rosidl_typesupport_fastrtps_cpp;rosidl_typesupport_introspection_cpp
[0.788s] -- Found python_cmake_module: 0.10.0 (/opt/ros/humble/share/python_cmake_module/cmake)
[0.803s] -- Using PYTHON_EXECUTABLE: /usr/bin/python3
[0.804s] -- Using PYTHON_INCLUDE_DIRS: /usr/include/python3.10
[0.804s] -- Using PYTHON_LIBRARIES: /usr/lib/x86_64-linux-gnu/libpython3.10.so
[0.827s] -- Found ament_lint_auto: 0.12.14 (/opt/ros/humble/share/ament_lint_auto/cmake)
[0.840s] -- Added test 'lint_cmake' to check CMake code style
[0.841s] -- Added test 'xmllint' to check XML markup files
[0.843s] -- Configuring done
[0.886s] -- Generating done
[0.894s] -- Build files have been written to: /home/mehmet/ros/build/bot_msgs
[0.911s] [  2%] [34m[1mGenerating C code for ROS interfaces[0m
[0.917s] [  5%] [34m[1mGenerating C++ code for ROS interfaces[0m
[0.925s] [  5%] Built target ament_cmake_python_copy_bot_msgs
[1.061s] running egg_info
[1.062s] writing bot_msgs.egg-info/PKG-INFO
[1.062s] writing dependency_links to bot_msgs.egg-info/dependency_links.txt
[1.062s] writing top-level names to bot_msgs.egg-info/top_level.txt
[1.063s] reading manifest file 'bot_msgs.egg-info/SOURCES.txt'
[1.064s] writing manifest file 'bot_msgs.egg-info/SOURCES.txt'
[1.082s] [  5%] Built target ament_cmake_python_build_bot_msgs_egg
[1.128s] [  5%] Built target bot_msgs__cpp
[1.135s] [  7%] [34m[1mGenerating C++ type support for eProsima Fast-RTPS[0m
[1.135s] [ 10%] [34m[1mGenerating C++ introspection for ROS interfaces[0m
[1.135s] [35m[1mConsolidate compiler generated dependencies of target bot_msgs__rosidl_generator_c[0m
[1.136s] [ 12%] [34m[1mGenerating C++ type support dispatch for ROS interfaces[0m
[1.142s] [ 15%] [32mBuilding C object CMakeFiles/bot_msgs__rosidl_generator_c.dir/rosidl_generator_c/bot_msgs/srv/detail/add_two_ints__functions.c.o[0m
[1.144s] [ 17%] [32mBuilding C object CMakeFiles/bot_msgs__rosidl_generator_c.dir/rosidl_generator_c/bot_msgs/srv/detail/get_transform__functions.c.o[0m
[1.218s] [ 20%] [32m[1mLinking C shared library libbot_msgs__rosidl_generator_c.so[0m
[1.249s] [ 20%] Built target bot_msgs__rosidl_generator_c
[1.256s] [ 23%] [34m[1mGenerating C type support for eProsima Fast-RTPS[0m
[1.257s] [ 25%] [34m[1mGenerating C type support dispatch for ROS interfaces[0m
[1.257s] [ 28%] [34m[1mGenerating C introspection for ROS interfaces[0m
[1.342s] [35m[1mConsolidate compiler generated dependencies of target bot_msgs__rosidl_typesupport_cpp[0m
[1.353s] [35m[1mConsolidate compiler generated dependencies of target bot_msgs__rosidl_typesupport_introspection_cpp[0m
[1.353s] [ 30%] [32mBuilding CXX object CMakeFiles/bot_msgs__rosidl_typesupport_cpp.dir/rosidl_typesupport_cpp/bot_msgs/srv/get_transform__type_support.cpp.o[0m
[1.353s] [ 33%] [32mBuilding CXX object CMakeFiles/bot_msgs__rosidl_typesupport_cpp.dir/rosidl_typesupport_cpp/bot_msgs/srv/add_two_ints__type_support.cpp.o[0m
[1.363s] [ 38%] [32mBuilding CXX object CMakeFiles/bot_msgs__rosidl_typesupport_introspection_cpp.dir/rosidl_typesupport_introspection_cpp/bot_msgs/srv/detail/add_two_ints__type_support.cpp.o[0m
[1.363s] [ 38%] [32mBuilding CXX object CMakeFiles/bot_msgs__rosidl_typesupport_introspection_cpp.dir/rosidl_typesupport_introspection_cpp/bot_msgs/srv/detail/get_transform__type_support.cpp.o[0m
[1.387s] [35m[1mConsolidate compiler generated dependencies of target bot_msgs__rosidl_typesupport_fastrtps_cpp[0m
[1.397s] [ 41%] [32mBuilding CXX object CMakeFiles/bot_msgs__rosidl_typesupport_fastrtps_cpp.dir/rosidl_typesupport_fastrtps_cpp/bot_msgs/srv/detail/dds_fastrtps/get_transform__type_support.cpp.o[0m
[1.398s] [ 43%] [32mBuilding CXX object CMakeFiles/bot_msgs__rosidl_typesupport_fastrtps_cpp.dir/rosidl_typesupport_fastrtps_cpp/bot_msgs/srv/detail/dds_fastrtps/add_two_ints__type_support.cpp.o[0m
[1.487s] [35m[1mConsolidate compiler generated dependencies of target bot_msgs__rosidl_typesupport_c[0m
[1.496s] [ 46%] [32mBuilding CXX object CMakeFiles/bot_msgs__rosidl_typesupport_c.dir/rosidl_typesupport_c/bot_msgs/srv/add_two_ints__type_support.cpp.o[0m
[1.497s] [ 48%] [32mBuilding CXX object CMakeFiles/bot_msgs__rosidl_typesupport_c.dir/rosidl_typesupport_c/bot_msgs/srv/get_transform__type_support.cpp.o[0m
[1.514s] [35m[1mConsolidate compiler generated dependencies of target bot_msgs__rosidl_typesupport_introspection_c[0m
[1.525s] [35m[1mConsolidate compiler generated dependencies of target bot_msgs__rosidl_typesupport_fastrtps_c[0m
[1.526s] [ 51%] [32mBuilding C object CMakeFiles/bot_msgs__rosidl_typesupport_introspection_c.dir/rosidl_typesupport_introspection_c/bot_msgs/srv/detail/get_transform__type_support.c.o[0m
[1.527s] [ 53%] [32mBuilding C object CMakeFiles/bot_msgs__rosidl_typesupport_introspection_c.dir/rosidl_typesupport_introspection_c/bot_msgs/srv/detail/add_two_ints__type_support.c.o[0m
[1.535s] [ 56%] [32m[1mLinking CXX shared library libbot_msgs__rosidl_typesupport_c.so[0m
[1.539s] [ 58%] [32mBuilding CXX object CMakeFiles/bot_msgs__rosidl_typesupport_fastrtps_c.dir/rosidl_typesupport_fastrtps_c/bot_msgs/srv/detail/get_transform__type_support_c.cpp.o[0m
[1.539s] [ 61%] [32mBuilding CXX object CMakeFiles/bot_msgs__rosidl_typesupport_fastrtps_c.dir/rosidl_typesupport_fastrtps_c/bot_msgs/srv/detail/add_two_ints__type_support_c.cpp.o[0m
[1.564s] [ 64%] [32m[1mLinking C shared library libbot_msgs__rosidl_typesupport_introspection_c.so[0m
[1.580s] [ 64%] Built target bot_msgs__rosidl_typesupport_c
[1.591s] [ 64%] Built target bot_msgs__rosidl_typesupport_introspection_c
[1.694s] [ 66%] [32m[1mLinking CXX shared library libbot_msgs__rosidl_typesupport_cpp.so[0m
[1.730s] [ 69%] [32m[1mLinking CXX shared library libbot_msgs__rosidl_typesupport_fastrtps_cpp.so[0m
[1.733s] [ 69%] Built target bot_msgs__rosidl_typesupport_cpp
[1.781s] [ 71%] [32m[1mLinking CXX shared library libbot_msgs__rosidl_typesupport_introspection_cpp.so[0m
[1.785s] [ 71%] Built target bot_msgs__rosidl_typesupport_fastrtps_cpp
[1.786s] [ 74%] [32m[1mLinking CXX shared library libbot_msgs__rosidl_typesupport_fastrtps_c.so[0m
[1.824s] [ 74%] Built target bot_msgs__rosidl_typesupport_introspection_cpp
[1.832s] [ 74%] Built target bot_msgs__rosidl_typesupport_fastrtps_c
[1.846s] [ 74%] Built target bot_msgs
[1.859s] [ 76%] [34m[1mGenerating Python code for ROS interfaces[0m
[2.154s] [ 76%] Built target bot_msgs__py
[2.160s] [35m[1mConsolidate compiler generated dependencies of target bot_msgs__rosidl_generator_py[0m
[2.168s] [ 82%] [32mBuilding C object CMakeFiles/bot_msgs__rosidl_generator_py.dir/rosidl_generator_py/bot_msgs/srv/_add_two_ints_s.c.o[0m
[2.168s] [ 82%] [32mBuilding C object CMakeFiles/bot_msgs__rosidl_generator_py.dir/rosidl_generator_py/bot_msgs/srv/_get_transform_s.c.o[0m
[2.249s] [ 84%] [32m[1mLinking C shared library rosidl_generator_py/bot_msgs/libbot_msgs__rosidl_generator_py.so[0m
[2.278s] [ 84%] Built target bot_msgs__rosidl_generator_py
[2.285s] [35m[1mConsolidate compiler generated dependencies of target bot_msgs__rosidl_typesupport_c__pyext[0m
[2.285s] [35m[1mConsolidate compiler generated dependencies of target bot_msgs__rosidl_typesupport_introspection_c__pyext[0m
[2.285s] [35m[1mConsolidate compiler generated dependencies of target bot_msgs__rosidl_typesupport_fastrtps_c__pyext[0m
[2.292s] [ 87%] [32mBuilding C object CMakeFiles/bot_msgs__rosidl_typesupport_c__pyext.dir/rosidl_generator_py/bot_msgs/_bot_msgs_s.ep.rosidl_typesupport_c.c.o[0m
[2.293s] [ 89%] [32mBuilding C object CMakeFiles/bot_msgs__rosidl_typesupport_fastrtps_c__pyext.dir/rosidl_generator_py/bot_msgs/_bot_msgs_s.ep.rosidl_typesupport_fastrtps_c.c.o[0m
[2.293s] [ 92%] [32mBuilding C object CMakeFiles/bot_msgs__rosidl_typesupport_introspection_c__pyext.dir/rosidl_generator_py/bot_msgs/_bot_msgs_s.ep.rosidl_typesupport_introspection_c.c.o[0m
[2.354s] [ 94%] [32m[1mLinking C shared library rosidl_generator_py/bot_msgs/bot_msgs_s__rosidl_typesupport_introspection_c.cpython-310-x86_64-linux-gnu.so[0m
[2.355s] [100%] [32m[1mLinking C shared library rosidl_generator_py/bot_msgs/bot_msgs_s__rosidl_typesupport_fastrtps_c.cpython-310-x86_64-linux-gnu.so[0m
[2.355s] [100%] [32m[1mLinking C shared library rosidl_generator_py/bot_msgs/bot_msgs_s__rosidl_typesupport_c.cpython-310-x86_64-linux-gnu.so[0m
[2.379s] [100%] Built target bot_msgs__rosidl_typesupport_introspection_c__pyext
[2.379s] [100%] Built target bot_msgs__rosidl_typesupport_fastrtps_c__pyext
[2.380s] [100%] Built target bot_msgs__rosidl_typesupport_c__pyext
[2.386s] Invoked command in '/home/mehmet/ros/build/bot_msgs' returned '0': CMAKE_PREFIX_PATH=/opt/ros/humble /usr/bin/cmake --build /home/mehmet/ros/build/bot_msgs -- -j16 -l16
[2.388s] Invoking command in '/home/mehmet/ros/build/bot_msgs': CMAKE_PREFIX_PATH=/opt/ros/humble /usr/bin/cmake --install /home/mehmet/ros/build/bot_msgs
[2.394s] -- Install configuration: ""
[2.394s] -- Installing: /home/mehmet/ros/install/bot_msgs/share/ament_index/resource_index/rosidl_interfaces/bot_msgs
[2.394s] -- Up-to-date: /home/mehmet/ros/install/bot_msgs/include/bot_msgs/bot_msgs
[2.394s] -- Up-to-date: /home/mehmet/ros/install/bot_msgs/include/bot_msgs/bot_msgs/srv
[2.394s] -- Installing: /home/mehmet/ros/install/bot_msgs/include/bot_msgs/bot_msgs/srv/add_two_ints.h
[2.394s] -- Up-to-date: /home/mehmet/ros/install/bot_msgs/include/bot_msgs/bot_msgs/srv/detail
[2.394s] -- Installing: /home/mehmet/ros/install/bot_msgs/include/bot_msgs/bot_msgs/srv/detail/get_transform__struct.h
[2.395s] -- Installing: /home/mehmet/ros/install/bot_msgs/include/bot_msgs/bot_msgs/srv/detail/add_two_ints__functions.h
[2.395s] -- Installing: /home/mehmet/ros/install/bot_msgs/include/bot_msgs/bot_msgs/srv/detail/get_transform__functions.h
[2.395s] -- Installing: /home/mehmet/ros/install/bot_msgs/include/bot_msgs/bot_msgs/srv/detail/get_transform__type_support.h
[2.395s] -- Installing: /home/mehmet/ros/install/bot_msgs/include/bot_msgs/bot_msgs/srv/detail/get_transform__functions.c
[2.395s] -- Installing: /home/mehmet/ros/install/bot_msgs/include/bot_msgs/bot_msgs/srv/detail/add_two_ints__type_support.h
[2.395s] -- Installing: /home/mehmet/ros/install/bot_msgs/include/bot_msgs/bot_msgs/srv/detail/add_two_ints__functions.c
[2.395s] -- Installing: /home/mehmet/ros/install/bot_msgs/include/bot_msgs/bot_msgs/srv/detail/add_two_ints__struct.h
[2.395s] -- Installing: /home/mehmet/ros/install/bot_msgs/include/bot_msgs/bot_msgs/srv/get_transform.h
[2.395s] -- Up-to-date: /home/mehmet/ros/install/bot_msgs/include/bot_msgs/bot_msgs/msg
[2.395s] -- Up-to-date: /home/mehmet/ros/install/bot_msgs/include/bot_msgs/bot_msgs/msg/rosidl_generator_c__visibility_control.h
[2.395s] -- Up-to-date: /home/mehmet/ros/install/bot_msgs/share/bot_msgs/environment/library_path.sh
[2.395s] -- Installing: /home/mehmet/ros/install/bot_msgs/share/bot_msgs/environment/library_path.dsv
[2.396s] -- Installing: /home/mehmet/ros/install/bot_msgs/lib/libbot_msgs__rosidl_generator_c.so
[2.396s] -- Set runtime path of "/home/mehmet/ros/install/bot_msgs/lib/libbot_msgs__rosidl_generator_c.so" to ""
[2.396s] -- Up-to-date: /home/mehmet/ros/install/bot_msgs/include/bot_msgs/bot_msgs
[2.396s] -- Up-to-date: /home/mehmet/ros/install/bot_msgs/include/bot_msgs/bot_msgs/srv
[2.396s] -- Up-to-date: /home/mehmet/ros/install/bot_msgs/include/bot_msgs/bot_msgs/srv/detail
[2.396s] -- Installing: /home/mehmet/ros/install/bot_msgs/include/bot_msgs/bot_msgs/srv/detail/get_transform__rosidl_typesupport_fastrtps_c.h
[2.396s] -- Installing: /home/mehmet/ros/install/bot_msgs/include/bot_msgs/bot_msgs/srv/detail/add_two_ints__rosidl_typesupport_fastrtps_c.h
[2.396s] -- Up-to-date: /home/mehmet/ros/install/bot_msgs/include/bot_msgs/bot_msgs/msg
[2.396s] -- Up-to-date: /home/mehmet/ros/install/bot_msgs/include/bot_msgs/bot_msgs/msg/rosidl_typesupport_fastrtps_c__visibility_control.h
[2.397s] -- Installing: /home/mehmet/ros/install/bot_msgs/lib/libbot_msgs__rosidl_typesupport_fastrtps_c.so
[2.397s] -- Set runtime path of "/home/mehmet/ros/install/bot_msgs/lib/libbot_msgs__rosidl_typesupport_fastrtps_c.so" to ""
[2.397s] -- Up-to-date: /home/mehmet/ros/install/bot_msgs/include/bot_msgs/bot_msgs
[2.397s] -- Up-to-date: /home/mehmet/ros/install/bot_msgs/include/bot_msgs/bot_msgs/srv
[2.397s] -- Up-to-date: /home/mehmet/ros/install/bot_msgs/include/bot_msgs/bot_msgs/srv/detail
[2.397s] -- Installing: /home/mehmet/ros/install/bot_msgs/include/bot_msgs/bot_msgs/srv/detail/get_transform__traits.hpp
[2.397s] -- Installing: /home/mehmet/ros/install/bot_msgs/include/bot_msgs/bot_msgs/srv/detail/get_transform__struct.hpp
[2.397s] -- Installing: /home/mehmet/ros/install/bot_msgs/include/bot_msgs/bot_msgs/srv/detail/add_two_ints__struct.hpp
[2.397s] -- Installing: /home/mehmet/ros/install/bot_msgs/include/bot_msgs/bot_msgs/srv/detail/add_two_ints__traits.hpp
[2.397s] -- Installing: /home/mehmet/ros/install/bot_msgs/include/bot_msgs/bot_msgs/srv/detail/add_two_ints__builder.hpp
[2.397s] -- Installing: /home/mehmet/ros/install/bot_msgs/include/bot_msgs/bot_msgs/srv/detail/get_transform__type_support.hpp
[2.397s] -- Installing: /home/mehmet/ros/install/bot_msgs/include/bot_msgs/bot_msgs/srv/detail/add_two_ints__type_support.hpp
[2.397s] -- Installing: /home/mehmet/ros/install/bot_msgs/include/bot_msgs/bot_msgs/srv/detail/get_transform__builder.hpp
[2.397s] -- Installing: /home/mehmet/ros/install/bot_msgs/include/bot_msgs/bot_msgs/srv/add_two_ints.hpp
[2.397s] -- Installing: /home/mehmet/ros/install/bot_msgs/include/bot_msgs/bot_msgs/srv/get_transform.hpp
[2.397s] -- Up-to-date: /home/mehmet/ros/install/bot_msgs/include/bot_msgs/bot_msgs/msg
[2.397s] -- Up-to-date: /home/mehmet/ros/install/bot_msgs/include/bot_msgs/bot_msgs/msg/rosidl_generator_cpp__visibility_control.hpp
[2.397s] -- Up-to-date: /home/mehmet/ros/install/bot_msgs/include/bot_msgs/bot_msgs
[2.397s] -- Up-to-date: /home/mehmet/ros/install/bot_msgs/include/bot_msgs/bot_msgs/srv
[2.397s] -- Up-to-date: /home/mehmet/ros/install/bot_msgs/include/bot_msgs/bot_msgs/srv/detail
[2.397s] -- Up-to-date: /home/mehmet/ros/install/bot_msgs/include/bot_msgs/bot_msgs/srv/detail/dds_fastrtps
[2.397s] -- Installing: /home/mehmet/ros/install/bot_msgs/include/bot_msgs/bot_msgs/srv/detail/add_two_ints__rosidl_typesupport_fastrtps_cpp.hpp
[2.397s] -- Installing: /home/mehmet/ros/install/bot_msgs/include/bot_msgs/bot_msgs/srv/detail/get_transform__rosidl_typesupport_fastrtps_cpp.hpp
[2.397s] -- Up-to-date: /home/mehmet/ros/install/bot_msgs/include/bot_msgs/bot_msgs/msg
[2.398s] -- Up-to-date: /home/mehmet/ros/install/bot_msgs/include/bot_msgs/bot_msgs/msg/rosidl_typesupport_fastrtps_cpp__visibility_control.h
[2.398s] -- Installing: /home/mehmet/ros/install/bot_msgs/lib/libbot_msgs__rosidl_typesupport_fastrtps_cpp.so
[2.398s] -- Set runtime path of "/home/mehmet/ros/install/bot_msgs/lib/libbot_msgs__rosidl_typesupport_fastrtps_cpp.so" to ""
[2.398s] -- Up-to-date: /home/mehmet/ros/install/bot_msgs/include/bot_msgs/bot_msgs
[2.398s] -- Up-to-date: /home/mehmet/ros/install/bot_msgs/include/bot_msgs/bot_msgs/srv
[2.398s] -- Up-to-date: /home/mehmet/ros/install/bot_msgs/include/bot_msgs/bot_msgs/srv/detail
[2.398s] -- Installing: /home/mehmet/ros/install/bot_msgs/include/bot_msgs/bot_msgs/srv/detail/get_transform__rosidl_typesupport_introspection_c.h
[2.398s] -- Installing: /home/mehmet/ros/install/bot_msgs/include/bot_msgs/bot_msgs/srv/detail/add_two_ints__rosidl_typesupport_introspection_c.h
[2.398s] -- Installing: /home/mehmet/ros/install/bot_msgs/include/bot_msgs/bot_msgs/srv/detail/get_transform__type_support.c
[2.398s] -- Installing: /home/mehmet/ros/install/bot_msgs/include/bot_msgs/bot_msgs/srv/detail/add_two_ints__type_support.c
[2.398s] -- Up-to-date: /home/mehmet/ros/install/bot_msgs/include/bot_msgs/bot_msgs/msg
[2.398s] -- Up-to-date: /home/mehmet/ros/install/bot_msgs/include/bot_msgs/bot_msgs/msg/rosidl_typesupport_introspection_c__visibility_control.h
[2.398s] -- Installing: /home/mehmet/ros/install/bot_msgs/lib/libbot_msgs__rosidl_typesupport_introspection_c.so
[2.398s] -- Set runtime path of "/home/mehmet/ros/install/bot_msgs/lib/libbot_msgs__rosidl_typesupport_introspection_c.so" to ""
[2.398s] -- Installing: /home/mehmet/ros/install/bot_msgs/lib/libbot_msgs__rosidl_typesupport_c.so
[2.398s] -- Set runtime path of "/home/mehmet/ros/install/bot_msgs/lib/libbot_msgs__rosidl_typesupport_c.so" to ""
[2.398s] -- Up-to-date: /home/mehmet/ros/install/bot_msgs/include/bot_msgs/bot_msgs
[2.398s] -- Up-to-date: /home/mehmet/ros/install/bot_msgs/include/bot_msgs/bot_msgs/srv
[2.399s] -- Up-to-date: /home/mehmet/ros/install/bot_msgs/include/bot_msgs/bot_msgs/srv/detail
[2.399s] -- Installing: /home/mehmet/ros/install/bot_msgs/include/bot_msgs/bot_msgs/srv/detail/add_two_ints__rosidl_typesupport_introspection_cpp.hpp
[2.399s] -- Installing: /home/mehmet/ros/install/bot_msgs/include/bot_msgs/bot_msgs/srv/detail/get_transform__type_support.cpp
[2.399s] -- Installing: /home/mehmet/ros/install/bot_msgs/include/bot_msgs/bot_msgs/srv/detail/add_two_ints__type_support.cpp
[2.399s] -- Installing: /home/mehmet/ros/install/bot_msgs/include/bot_msgs/bot_msgs/srv/detail/get_transform__rosidl_typesupport_introspection_cpp.hpp
[2.399s] -- Installing: /home/mehmet/ros/install/bot_msgs/lib/libbot_msgs__rosidl_typesupport_introspection_cpp.so
[2.399s] -- Set runtime path of "/home/mehmet/ros/install/bot_msgs/lib/libbot_msgs__rosidl_typesupport_introspection_cpp.so" to ""
[2.399s] -- Installing: /home/mehmet/ros/install/bot_msgs/lib/libbot_msgs__rosidl_typesupport_cpp.so
[2.399s] -- Set runtime path of "/home/mehmet/ros/install/bot_msgs/lib/libbot_msgs__rosidl_typesupport_cpp.so" to ""
[2.399s] -- Up-to-date: /home/mehmet/ros/install/bot_msgs/share/bot_msgs/environment/pythonpath.sh
[2.399s] -- Installing: /home/mehmet/ros/install/bot_msgs/share/bot_msgs/environment/pythonpath.dsv
[2.400s] -- Up-to-date: /home/mehmet/ros/install/bot_msgs/local/lib/python3.10/dist-packages/bot_msgs-0.0.0-py3.10.egg-info
[2.400s] -- Installing: /home/mehmet/ros/install/bot_msgs/local/lib/python3.10/dist-packages/bot_msgs-0.0.0-py3.10.egg-info/dependency_links.txt
[2.400s] -- Installing: /home/mehmet/ros/install/bot_msgs/local/lib/python3.10/dist-packages/bot_msgs-0.0.0-py3.10.egg-info/PKG-INFO
[2.400s] -- Installing: /home/mehmet/ros/install/bot_msgs/local/lib/python3.10/dist-packages/bot_msgs-0.0.0-py3.10.egg-info/SOURCES.txt
[2.400s] -- Installing: /home/mehmet/ros/install/bot_msgs/local/lib/python3.10/dist-packages/bot_msgs-0.0.0-py3.10.egg-info/top_level.txt
[2.400s] -- Up-to-date: /home/mehmet/ros/install/bot_msgs/local/lib/python3.10/dist-packages/bot_msgs
[2.400s] -- Up-to-date: /home/mehmet/ros/install/bot_msgs/local/lib/python3.10/dist-packages/bot_msgs/srv
[2.401s] -- Installing: /home/mehmet/ros/install/bot_msgs/local/lib/python3.10/dist-packages/bot_msgs/srv/_get_transform.py
[2.401s] -- Installing: /home/mehmet/ros/install/bot_msgs/local/lib/python3.10/dist-packages/bot_msgs/srv/__init__.py
[2.401s] -- Installing: /home/mehmet/ros/install/bot_msgs/local/lib/python3.10/dist-packages/bot_msgs/srv/_get_transform_s.c
[2.401s] -- Installing: /home/mehmet/ros/install/bot_msgs/local/lib/python3.10/dist-packages/bot_msgs/srv/_add_two_ints.py
[2.401s] -- Installing: /home/mehmet/ros/install/bot_msgs/local/lib/python3.10/dist-packages/bot_msgs/srv/_add_two_ints_s.c
[2.401s] -- Installing: /home/mehmet/ros/install/bot_msgs/local/lib/python3.10/dist-packages/bot_msgs/bot_msgs_s__rosidl_typesupport_introspection_c.cpython-310-x86_64-linux-gnu.so
[2.401s] -- Installing: /home/mehmet/ros/install/bot_msgs/local/lib/python3.10/dist-packages/bot_msgs/libbot_msgs__rosidl_generator_py.so
[2.401s] -- Installing: /home/mehmet/ros/install/bot_msgs/local/lib/python3.10/dist-packages/bot_msgs/__init__.py
[2.401s] -- Installing: /home/mehmet/ros/install/bot_msgs/local/lib/python3.10/dist-packages/bot_msgs/_bot_msgs_s.ep.rosidl_typesupport_c.c
[2.401s] -- Installing: /home/mehmet/ros/install/bot_msgs/local/lib/python3.10/dist-packages/bot_msgs/bot_msgs_s__rosidl_typesupport_c.cpython-310-x86_64-linux-gnu.so
[2.401s] -- Installing: /home/mehmet/ros/install/bot_msgs/local/lib/python3.10/dist-packages/bot_msgs/_bot_msgs_s.ep.rosidl_typesupport_introspection_c.c
[2.401s] -- Installing: /home/mehmet/ros/install/bot_msgs/local/lib/python3.10/dist-packages/bot_msgs/bot_msgs_s__rosidl_typesupport_fastrtps_c.cpython-310-x86_64-linux-gnu.so
[2.402s] -- Installing: /home/mehmet/ros/install/bot_msgs/local/lib/python3.10/dist-packages/bot_msgs/_bot_msgs_s.ep.rosidl_typesupport_fastrtps_c.c
[2.424s] Listing '/home/mehmet/ros/install/bot_msgs/local/lib/python3.10/dist-packages/bot_msgs'...
[2.424s] Compiling '/home/mehmet/ros/install/bot_msgs/local/lib/python3.10/dist-packages/bot_msgs/__init__.py'...
[2.424s] Listing '/home/mehmet/ros/install/bot_msgs/local/lib/python3.10/dist-packages/bot_msgs/srv'...
[2.424s] Compiling '/home/mehmet/ros/install/bot_msgs/local/lib/python3.10/dist-packages/bot_msgs/srv/__init__.py'...
[2.425s] Compiling '/home/mehmet/ros/install/bot_msgs/local/lib/python3.10/dist-packages/bot_msgs/srv/_add_two_ints.py'...
[2.425s] Compiling '/home/mehmet/ros/install/bot_msgs/local/lib/python3.10/dist-packages/bot_msgs/srv/_get_transform.py'...
[2.427s] -- Installing: /home/mehmet/ros/install/bot_msgs/local/lib/python3.10/dist-packages/bot_msgs/bot_msgs_s__rosidl_typesupport_fastrtps_c.cpython-310-x86_64-linux-gnu.so
[2.427s] -- Set runtime path of "/home/mehmet/ros/install/bot_msgs/local/lib/python3.10/dist-packages/bot_msgs/bot_msgs_s__rosidl_typesupport_fastrtps_c.cpython-310-x86_64-linux-gnu.so" to ""
[2.427s] -- Installing: /home/mehmet/ros/install/bot_msgs/local/lib/python3.10/dist-packages/bot_msgs/bot_msgs_s__rosidl_typesupport_introspection_c.cpython-310-x86_64-linux-gnu.so
[2.427s] -- Set runtime path of "/home/mehmet/ros/install/bot_msgs/local/lib/python3.10/dist-packages/bot_msgs/bot_msgs_s__rosidl_typesupport_introspection_c.cpython-310-x86_64-linux-gnu.so" to ""
[2.427s] -- Installing: /home/mehmet/ros/install/bot_msgs/local/lib/python3.10/dist-packages/bot_msgs/bot_msgs_s__rosidl_typesupport_c.cpython-310-x86_64-linux-gnu.so
[2.427s] -- Set runtime path of "/home/mehmet/ros/install/bot_msgs/local/lib/python3.10/dist-packages/bot_msgs/bot_msgs_s__rosidl_typesupport_c.cpython-310-x86_64-linux-gnu.so" to ""
[2.428s] -- Installing: /home/mehmet/ros/install/bot_msgs/lib/libbot_msgs__rosidl_generator_py.so
[2.428s] -- Set runtime path of "/home/mehmet/ros/install/bot_msgs/lib/libbot_msgs__rosidl_generator_py.so" to ""
[2.428s] -- Up-to-date: /home/mehmet/ros/install/bot_msgs/share/bot_msgs/srv/AddTwoInts.idl
[2.428s] -- Installing: /home/mehmet/ros/install/bot_msgs/share/bot_msgs/srv/GetTransform.idl
[2.428s] -- Up-to-date: /home/mehmet/ros/install/bot_msgs/share/bot_msgs/srv/AddTwoInts.srv
[2.428s] -- Up-to-date: /home/mehmet/ros/install/bot_msgs/share/bot_msgs/srv/AddTwoInts_Request.msg
[2.428s] -- Up-to-date: /home/mehmet/ros/install/bot_msgs/share/bot_msgs/srv/AddTwoInts_Response.msg
[2.429s] -- Installing: /home/mehmet/ros/install/bot_msgs/share/bot_msgs/srv/GetTransform.srv
[2.429s] -- Installing: /home/mehmet/ros/install/bot_msgs/share/bot_msgs/srv/GetTransform_Request.msg
[2.429s] -- Installing: /home/mehmet/ros/install/bot_msgs/share/bot_msgs/srv/GetTransform_Response.msg
[2.429s] -- Installing: /home/mehmet/ros/install/bot_msgs/share/ament_index/resource_index/package_run_dependencies/bot_msgs
[2.429s] -- Up-to-date: /home/mehmet/ros/install/bot_msgs/share/ament_index/resource_index/parent_prefix_path/bot_msgs
[2.429s] -- Up-to-date: /home/mehmet/ros/install/bot_msgs/share/bot_msgs/environment/ament_prefix_path.sh
[2.429s] -- Installing: /home/mehmet/ros/install/bot_msgs/share/bot_msgs/environment/ament_prefix_path.dsv
[2.429s] -- Up-to-date: /home/mehmet/ros/install/bot_msgs/share/bot_msgs/environment/path.sh
[2.429s] -- Installing: /home/mehmet/ros/install/bot_msgs/share/bot_msgs/environment/path.dsv
[2.429s] -- Up-to-date: /home/mehmet/ros/install/bot_msgs/share/bot_msgs/local_setup.bash
[2.429s] -- Up-to-date: /home/mehmet/ros/install/bot_msgs/share/bot_msgs/local_setup.sh
[2.429s] -- Up-to-date: /home/mehmet/ros/install/bot_msgs/share/bot_msgs/local_setup.zsh
[2.429s] -- Installing: /home/mehmet/ros/install/bot_msgs/share/bot_msgs/local_setup.dsv
[2.429s] -- Installing: /home/mehmet/ros/install/bot_msgs/share/bot_msgs/package.dsv
[2.429s] -- Up-to-date: /home/mehmet/ros/install/bot_msgs/share/ament_index/resource_index/packages/bot_msgs
[2.429s] -- Old export file "/home/mehmet/ros/install/bot_msgs/share/bot_msgs/cmake/export_bot_msgs__rosidl_generator_cExport.cmake" will be replaced.  Removing files [/home/mehmet/ros/install/bot_msgs/share/bot_msgs/cmake/export_bot_msgs__rosidl_generator_cExport-noconfig.cmake].
[2.430s] -- Installing: /home/mehmet/ros/install/bot_msgs/share/bot_msgs/cmake/export_bot_msgs__rosidl_generator_cExport.cmake
[2.430s] -- Installing: /home/mehmet/ros/install/bot_msgs/share/bot_msgs/cmake/export_bot_msgs__rosidl_generator_cExport-noconfig.cmake
[2.430s] -- Old export file "/home/mehmet/ros/install/bot_msgs/share/bot_msgs/cmake/export_bot_msgs__rosidl_typesupport_fastrtps_cExport.cmake" will be replaced.  Removing files [/home/mehmet/ros/install/bot_msgs/share/bot_msgs/cmake/export_bot_msgs__rosidl_typesupport_fastrtps_cExport-noconfig.cmake].
[2.430s] -- Installing: /home/mehmet/ros/install/bot_msgs/share/bot_msgs/cmake/export_bot_msgs__rosidl_typesupport_fastrtps_cExport.cmake
[2.430s] -- Installing: /home/mehmet/ros/install/bot_msgs/share/bot_msgs/cmake/export_bot_msgs__rosidl_typesupport_fastrtps_cExport-noconfig.cmake
[2.430s] -- Installing: /home/mehmet/ros/install/bot_msgs/share/bot_msgs/cmake/export_bot_msgs__rosidl_generator_cppExport.cmake
[2.430s] -- Old export file "/home/mehmet/ros/install/bot_msgs/share/bot_msgs/cmake/export_bot_msgs__rosidl_typesupport_fastrtps_cppExport.cmake" will be replaced.  Removing files [/home/mehmet/ros/install/bot_msgs/share/bot_msgs/cmake/export_bot_msgs__rosidl_typesupport_fastrtps_cppExport-noconfig.cmake].
[2.430s] -- Installing: /home/mehmet/ros/install/bot_msgs/share/bot_msgs/cmake/export_bot_msgs__rosidl_typesupport_fastrtps_cppExport.cmake
[2.430s] -- Installing: /home/mehmet/ros/install/bot_msgs/share/bot_msgs/cmake/export_bot_msgs__rosidl_typesupport_fastrtps_cppExport-noconfig.cmake
[2.430s] -- Old export file "/home/mehmet/ros/install/bot_msgs/share/bot_msgs/cmake/bot_msgs__rosidl_typesupport_introspection_cExport.cmake" will be replaced.  Removing files [/home/mehmet/ros/install/bot_msgs/share/bot_msgs/cmake/bot_msgs__rosidl_typesupport_introspection_cExport-noconfig.cmake].
[2.430s] -- Installing: /home/mehmet/ros/install/bot_msgs/share/bot_msgs/cmake/bot_msgs__rosidl_typesupport_introspection_cExport.cmake
[2.430s] -- Installing: /home/mehmet/ros/install/bot_msgs/share/bot_msgs/cmake/bot_msgs__rosidl_typesupport_introspection_cExport-noconfig.cmake
[2.430s] -- Old export file "/home/mehmet/ros/install/bot_msgs/share/bot_msgs/cmake/bot_msgs__rosidl_typesupport_cExport.cmake" will be replaced.  Removing files [/home/mehmet/ros/install/bot_msgs/share/bot_msgs/cmake/bot_msgs__rosidl_typesupport_cExport-noconfig.cmake].
[2.430s] -- Installing: /home/mehmet/ros/install/bot_msgs/share/bot_msgs/cmake/bot_msgs__rosidl_typesupport_cExport.cmake
[2.430s] -- Installing: /home/mehmet/ros/install/bot_msgs/share/bot_msgs/cmake/bot_msgs__rosidl_typesupport_cExport-noconfig.cmake
[2.431s] -- Old export file "/home/mehmet/ros/install/bot_msgs/share/bot_msgs/cmake/bot_msgs__rosidl_typesupport_introspection_cppExport.cmake" will be replaced.  Removing files [/home/mehmet/ros/install/bot_msgs/share/bot_msgs/cmake/bot_msgs__rosidl_typesupport_introspection_cppExport-noconfig.cmake].
[2.431s] -- Installing: /home/mehmet/ros/install/bot_msgs/share/bot_msgs/cmake/bot_msgs__rosidl_typesupport_introspection_cppExport.cmake
[2.431s] -- Installing: /home/mehmet/ros/install/bot_msgs/share/bot_msgs/cmake/bot_msgs__rosidl_typesupport_introspection_cppExport-noconfig.cmake
[2.431s] -- Old export file "/home/mehmet/ros/install/bot_msgs/share/bot_msgs/cmake/bot_msgs__rosidl_typesupport_cppExport.cmake" will be replaced.  Removing files [/home/mehmet/ros/install/bot_msgs/share/bot_msgs/cmake/bot_msgs__rosidl_typesupport_cppExport-noconfig.cmake].
[2.431s] -- Installing: /home/mehmet/ros/install/bot_msgs/share/bot_msgs/cmake/bot_msgs__rosidl_typesupport_cppExport.cmake
[2.431s] -- Installing: /home/mehmet/ros/install/bot_msgs/share/bot_msgs/cmake/bot_msgs__rosidl_typesupport_cppExport-noconfig.cmake
[2.431s] -- Old export file "/home/mehmet/ros/install/bot_msgs/share/bot_msgs/cmake/export_bot_msgs__rosidl_generator_pyExport.cmake" will be replaced.  Removing files [/home/mehmet/ros/install/bot_msgs/share/bot_msgs/cmake/export_bot_msgs__rosidl_generator_pyExport-noconfig.cmake].
[2.431s] -- Installing: /home/mehmet/ros/install/bot_msgs/share/bot_msgs/cmake/export_bot_msgs__rosidl_generator_pyExport.cmake
[2.431s] -- Installing: /home/mehmet/ros/install/bot_msgs/share/bot_msgs/cmake/export_bot_msgs__rosidl_generator_pyExport-noconfig.cmake
[2.431s] -- Installing: /home/mehmet/ros/install/bot_msgs/share/bot_msgs/cmake/rosidl_cmake-extras.cmake
[2.431s] -- Installing: /home/mehmet/ros/install/bot_msgs/share/bot_msgs/cmake/ament_cmake_export_dependencies-extras.cmake
[2.431s] -- Up-to-date: /home/mehmet/ros/install/bot_msgs/share/bot_msgs/cmake/ament_cmake_export_include_directories-extras.cmake
[2.431s] -- Up-to-date: /home/mehmet/ros/install/bot_msgs/share/bot_msgs/cmake/ament_cmake_export_libraries-extras.cmake
[2.431s] -- Up-to-date: /home/mehmet/ros/install/bot_msgs/share/bot_msgs/cmake/ament_cmake_export_targets-extras.cmake
[2.431s] -- Up-to-date: /home/mehmet/ros/install/bot_msgs/share/bot_msgs/cmake/rosidl_cmake_export_typesupport_targets-extras.cmake
[2.431s] -- Up-to-date: /home/mehmet/ros/install/bot_msgs/share/bot_msgs/cmake/rosidl_cmake_export_typesupport_libraries-extras.cmake
[2.431s] -- Up-to-date: /home/mehmet/ros/install/bot_msgs/share/bot_msgs/cmake/bot_msgsConfig.cmake
[2.431s] -- Up-to-date: /home/mehmet/ros/install/bot_msgs/share/bot_msgs/cmake/bot_msgsConfig-version.cmake
[2.431s] -- Installing: /home/mehmet/ros/install/bot_msgs/share/bot_msgs/package.xml
[2.433s] Invoked command in '/home/mehmet/ros/build/bot_msgs' returned '0': CMAKE_PREFIX_PATH=/opt/ros/humble /usr/bin/cmake --install /home/mehmet/ros/build/bot_msgs
