[0.015s] Invoking command in '/home/murtazam/ros2_ws/build/controller': CMAKE_PREFIX_PATH=${CMAKE_PREFIX_PATH}:/home/murtazam/ros2_ws/install/ros_python:/opt/ros/humble /usr/bin/cmake --build /home/murtazam/ros2_ws/build/controller -- -j5 -l5
[0.137s] Invoked command in '/home/murtazam/ros2_ws/build/controller' returned '0': CMAKE_PREFIX_PATH=${CMAKE_PREFIX_PATH}:/home/murtazam/ros2_ws/install/ros_python:/opt/ros/humble /usr/bin/cmake --build /home/murtazam/ros2_ws/build/controller -- -j5 -l5
[0.138s] Invoking command in '/home/murtazam/ros2_ws/build/controller': CMAKE_PREFIX_PATH=${CMAKE_PREFIX_PATH}:/home/murtazam/ros2_ws/install/ros_python:/opt/ros/humble /usr/bin/cmake --install /home/murtazam/ros2_ws/build/controller
[0.148s] -- Install configuration: ""
[0.148s] -- Up-to-date: /home/murtazam/ros2_ws/install/controller/share/ament_index/resource_index/package_run_dependencies/controller
[0.148s] -- Up-to-date: /home/murtazam/ros2_ws/install/controller/share/ament_index/resource_index/parent_prefix_path/controller
[0.148s] -- Up-to-date: /home/murtazam/ros2_ws/install/controller/share/controller/environment/ament_prefix_path.sh
[0.148s] -- Up-to-date: /home/murtazam/ros2_ws/install/controller/share/controller/environment/ament_prefix_path.dsv
[0.148s] -- Up-to-date: /home/murtazam/ros2_ws/install/controller/share/controller/environment/path.sh
[0.148s] -- Up-to-date: /home/murtazam/ros2_ws/install/controller/share/controller/environment/path.dsv
[0.148s] -- Up-to-date: /home/murtazam/ros2_ws/install/controller/share/controller/local_setup.bash
[0.148s] -- Up-to-date: /home/murtazam/ros2_ws/install/controller/share/controller/local_setup.sh
[0.148s] -- Up-to-date: /home/murtazam/ros2_ws/install/controller/share/controller/local_setup.zsh
[0.148s] -- Up-to-date: /home/murtazam/ros2_ws/install/controller/share/controller/local_setup.dsv
[0.148s] -- Up-to-date: /home/murtazam/ros2_ws/install/controller/share/controller/package.dsv
[0.148s] -- Up-to-date: /home/murtazam/ros2_ws/install/controller/share/ament_index/resource_index/packages/controller
[0.148s] -- Up-to-date: /home/murtazam/ros2_ws/install/controller/share/controller/cmake/controllerConfig.cmake
[0.148s] -- Up-to-date: /home/murtazam/ros2_ws/install/controller/share/controller/cmake/controllerConfig-version.cmake
[0.148s] -- Up-to-date: /home/murtazam/ros2_ws/install/controller/share/controller/package.xml
[0.165s] Invoked command in '/home/murtazam/ros2_ws/build/controller' returned '0': CMAKE_PREFIX_PATH=${CMAKE_PREFIX_PATH}:/home/murtazam/ros2_ws/install/ros_python:/opt/ros/humble /usr/bin/cmake --install /home/murtazam/ros2_ws/build/controller
