[0.010s] Invoking command in '/home/mehmet/ros/build/ros_cpp': CMAKE_PREFIX_PATH=${CMAKE_PREFIX_PATH}:/home/mehmet/ros/install/ros_python:/opt/ros/humble /usr/bin/cmake --build /home/mehmet/ros/build/ros_cpp -- -j16 -l16
[0.043s] [ 50%] Built target subscriber
[0.043s] [100%] Built target publisher
[0.146s] Invoked command in '/home/mehmet/ros/build/ros_cpp' returned '0': CMAKE_PREFIX_PATH=${CMAKE_PREFIX_PATH}:/home/mehmet/ros/install/ros_python:/opt/ros/humble /usr/bin/cmake --build /home/mehmet/ros/build/ros_cpp -- -j16 -l16
[0.147s] Invoking command in '/home/mehmet/ros/build/ros_cpp': CMAKE_PREFIX_PATH=${CMAKE_PREFIX_PATH}:/home/mehmet/ros/install/ros_python:/opt/ros/humble /usr/bin/cmake --install /home/mehmet/ros/build/ros_cpp
[0.151s] -- Install configuration: ""
[0.152s] -- Execute custom install script
[0.153s] -- Up-to-date symlink: /home/mehmet/ros/install/ros_cpp/lib/ros_cpp/publisher
[0.153s] -- Up-to-date symlink: /home/mehmet/ros/install/ros_cpp/lib/ros_cpp/subscriber
[0.153s] -- Up-to-date symlink: /home/mehmet/ros/install/ros_cpp/share/ament_index/resource_index/package_run_dependencies/ros_cpp
[0.153s] -- Up-to-date symlink: /home/mehmet/ros/install/ros_cpp/share/ament_index/resource_index/parent_prefix_path/ros_cpp
[0.154s] -- Up-to-date symlink: /home/mehmet/ros/install/ros_cpp/share/ros_cpp/environment/ament_prefix_path.sh
[0.154s] -- Up-to-date symlink: /home/mehmet/ros/install/ros_cpp/share/ros_cpp/environment/ament_prefix_path.dsv
[0.154s] -- Up-to-date symlink: /home/mehmet/ros/install/ros_cpp/share/ros_cpp/environment/path.sh
[0.154s] -- Up-to-date symlink: /home/mehmet/ros/install/ros_cpp/share/ros_cpp/environment/path.dsv
[0.154s] -- Up-to-date symlink: /home/mehmet/ros/install/ros_cpp/share/ros_cpp/local_setup.bash
[0.154s] -- Up-to-date symlink: /home/mehmet/ros/install/ros_cpp/share/ros_cpp/local_setup.sh
[0.154s] -- Up-to-date symlink: /home/mehmet/ros/install/ros_cpp/share/ros_cpp/local_setup.zsh
[0.154s] -- Up-to-date symlink: /home/mehmet/ros/install/ros_cpp/share/ros_cpp/local_setup.dsv
[0.154s] -- Symlinking: /home/mehmet/ros/install/ros_cpp/share/ros_cpp/package.dsv
[0.157s] -- Up-to-date symlink: /home/mehmet/ros/install/ros_cpp/share/ament_index/resource_index/packages/ros_cpp
[0.157s] -- Up-to-date symlink: /home/mehmet/ros/install/ros_cpp/share/ros_cpp/cmake/ros_cppConfig.cmake
[0.157s] -- Up-to-date symlink: /home/mehmet/ros/install/ros_cpp/share/ros_cpp/cmake/ros_cppConfig-version.cmake
[0.157s] -- Up-to-date symlink: /home/mehmet/ros/install/ros_cpp/share/ros_cpp/package.xml
[0.171s] Invoked command in '/home/mehmet/ros/build/ros_cpp' returned '0': CMAKE_PREFIX_PATH=${CMAKE_PREFIX_PATH}:/home/mehmet/ros/install/ros_python:/opt/ros/humble /usr/bin/cmake --install /home/mehmet/ros/build/ros_cpp
