[0.364s] Invoking command in '/home/mehmet/ros/src/ros_python': PYTHONPATH=/home/mehmet/ros/build/ros_python/prefix_override:/usr/lib/python3/dist-packages/colcon_core/task/python/colcon_distutils_commands:/home/mehmet/ros/install/ros_python/lib/python3.10/site-packages:${PYTHONPATH} /usr/bin/python3 -W ignore:setup.py install is deprecated -W ignore:easy_install command is deprecated setup.py egg_info --egg-base ../../build/ros_python build --build-base /home/mehmet/ros/build/ros_python/build install --record /home/mehmet/ros/build/ros_python/install.log --single-version-externally-managed install_data
[0.491s] running egg_info
[0.492s] writing ../../build/ros_python/ros_python.egg-info/PKG-INFO
[0.492s] writing dependency_links to ../../build/ros_python/ros_python.egg-info/dependency_links.txt
[0.492s] writing entry points to ../../build/ros_python/ros_python.egg-info/entry_points.txt
[0.492s] writing requirements to ../../build/ros_python/ros_python.egg-info/requires.txt
[0.492s] writing top-level names to ../../build/ros_python/ros_python.egg-info/top_level.txt
[0.493s] reading manifest file '../../build/ros_python/ros_python.egg-info/SOURCES.txt'
[0.493s] writing manifest file '../../build/ros_python/ros_python.egg-info/SOURCES.txt'
[0.493s] running build
[0.493s] running build_py
[0.493s] copying ros_python/turtlesim.py -> /home/mehmet/ros/build/ros_python/build/lib/ros_python
[0.493s] running install
[0.494s] running install_lib
[0.494s] copying /home/mehmet/ros/build/ros_python/build/lib/ros_python/turtlesim.py -> /home/mehmet/ros/install/ros_python/lib/python3.10/site-packages/ros_python
[0.494s] byte-compiling /home/mehmet/ros/install/ros_python/lib/python3.10/site-packages/ros_python/turtlesim.py to turtlesim.cpython-310.pyc
[0.495s] running install_data
[0.495s] copying package.xml -> /home/mehmet/ros/install/ros_python/share/ros_python
[0.495s] running install_egg_info
[0.497s] removing '/home/mehmet/ros/install/ros_python/lib/python3.10/site-packages/ros_python-0.0.0-py3.10.egg-info' (and everything under it)
[0.497s] Copying ../../build/ros_python/ros_python.egg-info to /home/mehmet/ros/install/ros_python/lib/python3.10/site-packages/ros_python-0.0.0-py3.10.egg-info
[0.497s] running install_scripts
[0.510s] Installing parameter = ros_python.parameter:mainturtlesim script to /home/mehmet/ros/install/ros_python/lib/ros_python
[0.510s] Installing publisher script to /home/mehmet/ros/install/ros_python/lib/ros_python
[0.510s] Installing subscriber script to /home/mehmet/ros/install/ros_python/lib/ros_python
[0.510s] writing list of installed files to '/home/mehmet/ros/build/ros_python/install.log'
[0.525s] Invoked command in '/home/mehmet/ros/src/ros_python' returned '0': PYTHONPATH=/home/mehmet/ros/build/ros_python/prefix_override:/usr/lib/python3/dist-packages/colcon_core/task/python/colcon_distutils_commands:/home/mehmet/ros/install/ros_python/lib/python3.10/site-packages:${PYTHONPATH} /usr/bin/python3 -W ignore:setup.py install is deprecated -W ignore:easy_install command is deprecated setup.py egg_info --egg-base ../../build/ros_python build --build-base /home/mehmet/ros/build/ros_python/build install --record /home/mehmet/ros/build/ros_python/install.log --single-version-externally-managed install_data
