[0.010s] Invoking command in '/home/murtazam/ros2_ws/build/bot_description': CMAKE_PREFIX_PATH=${CMAKE_PREFIX_PATH}:/home/murtazam/ros2_ws/install/ros_python:/opt/ros/humble /usr/bin/cmake --build /home/murtazam/ros2_ws/build/bot_description -- -j5 -l5
[0.126s] Invoked command in '/home/murtazam/ros2_ws/build/bot_description' returned '0': CMAKE_PREFIX_PATH=${CMAKE_PREFIX_PATH}:/home/murtazam/ros2_ws/install/ros_python:/opt/ros/humble /usr/bin/cmake --build /home/murtazam/ros2_ws/build/bot_description -- -j5 -l5
[0.127s] Invoking command in '/home/murtazam/ros2_ws/build/bot_description': CMAKE_PREFIX_PATH=${CMAKE_PREFIX_PATH}:/home/murtazam/ros2_ws/install/ros_python:/opt/ros/humble /usr/bin/cmake --install /home/murtazam/ros2_ws/build/bot_description
[0.130s] -- Install configuration: ""
[0.131s] -- Up-to-date: /home/murtazam/ros2_ws/install/bot_description/share/ament_index/resource_index/package_run_dependencies/bot_description
[0.131s] -- Up-to-date: /home/murtazam/ros2_ws/install/bot_description/share/ament_index/resource_index/parent_prefix_path/bot_description
[0.131s] -- Up-to-date: /home/murtazam/ros2_ws/install/bot_description/share/bot_description/environment/ament_prefix_path.sh
[0.131s] -- Up-to-date: /home/murtazam/ros2_ws/install/bot_description/share/bot_description/environment/ament_prefix_path.dsv
[0.131s] -- Up-to-date: /home/murtazam/ros2_ws/install/bot_description/share/bot_description/environment/path.sh
[0.131s] -- Up-to-date: /home/murtazam/ros2_ws/install/bot_description/share/bot_description/environment/path.dsv
[0.131s] -- Up-to-date: /home/murtazam/ros2_ws/install/bot_description/share/bot_description/local_setup.bash
[0.131s] -- Up-to-date: /home/murtazam/ros2_ws/install/bot_description/share/bot_description/local_setup.sh
[0.131s] -- Up-to-date: /home/murtazam/ros2_ws/install/bot_description/share/bot_description/local_setup.zsh
[0.131s] -- Up-to-date: /home/murtazam/ros2_ws/install/bot_description/share/bot_description/local_setup.dsv
[0.132s] -- Up-to-date: /home/murtazam/ros2_ws/install/bot_description/share/bot_description/package.dsv
[0.132s] -- Up-to-date: /home/murtazam/ros2_ws/install/bot_description/share/ament_index/resource_index/packages/bot_description
[0.132s] -- Up-to-date: /home/murtazam/ros2_ws/install/bot_description/share/bot_description/cmake/bot_descriptionConfig.cmake
[0.132s] -- Up-to-date: /home/murtazam/ros2_ws/install/bot_description/share/bot_description/cmake/bot_descriptionConfig-version.cmake
[0.132s] -- Up-to-date: /home/murtazam/ros2_ws/install/bot_description/share/bot_description/package.xml
[0.133s] Invoked command in '/home/murtazam/ros2_ws/build/bot_description' returned '0': CMAKE_PREFIX_PATH=${CMAKE_PREFIX_PATH}:/home/murtazam/ros2_ws/install/ros_python:/opt/ros/humble /usr/bin/cmake --install /home/murtazam/ros2_ws/build/bot_description
