[0.009s] Invoking command in '/home/mehmet/ros/build/bot_controller': CMAKE_PREFIX_PATH=/home/mehmet/Downloads/agriculture/install/virtual_maize_field:/opt/ros/humble /usr/bin/cmake /home/mehmet/ros/src/bot_controller -DCMAKE_INSTALL_PREFIX=/home/mehmet/ros/install/bot_controller
[0.042s] -- The C compiler identification is GNU 11.4.0
[0.077s] -- The CXX compiler identification is GNU 11.4.0
[0.081s] -- Detecting C compiler ABI info
[0.126s] -- Detecting C compiler ABI info - done
[0.132s] -- Check for working C compiler: /usr/bin/cc - skipped
[0.132s] -- Detecting C compile features
[0.132s] -- Detecting C compile features - done
[0.134s] -- Detecting CXX compiler ABI info
[0.184s] -- Detecting CXX compiler ABI info - done
[0.189s] -- Check for working CXX compiler: /usr/bin/c++ - skipped
[0.189s] -- Detecting CXX compile features
[0.189s] -- Detecting CXX compile features - done
[0.191s] -- Found ament_cmake: 1.3.12 (/opt/ros/humble/share/ament_cmake/cmake)
[0.293s] -- Found Python3: /usr/bin/python3 (found version "3.10.12") found components: Interpreter 
[0.351s] -- Found rclpy: 3.3.19 (/opt/ros/humble/share/rclpy/cmake)
[0.352s] -- Found std_msgs: 4.9.0 (/opt/ros/humble/share/std_msgs/cmake)
[0.374s] -- Found rosidl_generator_c: 3.1.8 (/opt/ros/humble/share/rosidl_generator_c/cmake)
[0.377s] -- Found rosidl_adapter: 3.1.8 (/opt/ros/humble/share/rosidl_adapter/cmake)
[0.382s] -- Found rosidl_generator_cpp: 3.1.8 (/opt/ros/humble/share/rosidl_generator_cpp/cmake)
[0.390s] -- Using all available rosidl_typesupport_c: rosidl_typesupport_fastrtps_c;rosidl_typesupport_introspection_c
[0.400s] -- Using all available rosidl_typesupport_cpp: rosidl_typesupport_fastrtps_cpp;rosidl_typesupport_introspection_cpp
[0.417s] -- Found geometry_msgs: 4.9.0 (/opt/ros/humble/share/geometry_msgs/cmake)
[0.425s] -- Found sensor_msgs: 4.9.0 (/opt/ros/humble/share/sensor_msgs/cmake)
[0.493s] -- Found ament_lint_auto: 0.12.14 (/opt/ros/humble/share/ament_lint_auto/cmake)
[0.547s] -- Added test 'copyright' to check source files copyright and LICENSE
[0.548s] -- Added test 'flake8' to check Python code syntax and style conventions
[0.549s] -- Added test 'lint_cmake' to check CMake code style
[0.549s] -- Added test 'pep257' to check Python code against some of the docstring style conventions in PEP 257
[0.550s] -- Added test 'xmllint' to check XML markup files
[0.550s] -- Configuring done
[0.552s] -- Generating done
[0.554s] -- Build files have been written to: /home/mehmet/ros/build/bot_controller
[0.558s] Invoked command in '/home/mehmet/ros/build/bot_controller' returned '0': CMAKE_PREFIX_PATH=/home/mehmet/Downloads/agriculture/install/virtual_maize_field:/opt/ros/humble /usr/bin/cmake /home/mehmet/ros/src/bot_controller -DCMAKE_INSTALL_PREFIX=/home/mehmet/ros/install/bot_controller
[0.559s] Invoking command in '/home/mehmet/ros/build/bot_controller': CMAKE_PREFIX_PATH=/home/mehmet/Downloads/agriculture/install/virtual_maize_field:/opt/ros/humble /usr/bin/cmake --build /home/mehmet/ros/build/bot_controller -- -j16 -l16
[0.595s] Built target ament_cmake_python_copy_bot_controller
[0.739s] running egg_info
[0.740s] creating bot_controller.egg-info
[0.740s] writing bot_controller.egg-info/PKG-INFO
[0.740s] writing dependency_links to bot_controller.egg-info/dependency_links.txt
[0.740s] writing top-level names to bot_controller.egg-info/top_level.txt
[0.740s] writing manifest file 'bot_controller.egg-info/SOURCES.txt'
[0.741s] reading manifest file 'bot_controller.egg-info/SOURCES.txt'
[0.742s] writing manifest file 'bot_controller.egg-info/SOURCES.txt'
[0.759s] Built target ament_cmake_python_build_bot_controller_egg
[0.767s] Invoked command in '/home/mehmet/ros/build/bot_controller' returned '0': CMAKE_PREFIX_PATH=/home/mehmet/Downloads/agriculture/install/virtual_maize_field:/opt/ros/humble /usr/bin/cmake --build /home/mehmet/ros/build/bot_controller -- -j16 -l16
[0.767s] Invoking command in '/home/mehmet/ros/build/bot_controller': CMAKE_PREFIX_PATH=/home/mehmet/Downloads/agriculture/install/virtual_maize_field:/opt/ros/humble /usr/bin/cmake --install /home/mehmet/ros/build/bot_controller
[0.772s] -- Install configuration: ""
[0.773s] -- Installing: /home/mehmet/ros/install/bot_controller/share/bot_controller/environment/pythonpath.sh
[0.773s] -- Installing: /home/mehmet/ros/install/bot_controller/share/bot_controller/environment/pythonpath.dsv
[0.773s] -- Installing: /home/mehmet/ros/install/bot_controller/local/lib/python3.10/dist-packages/bot_controller-0.0.0-py3.10.egg-info
[0.773s] -- Installing: /home/mehmet/ros/install/bot_controller/local/lib/python3.10/dist-packages/bot_controller-0.0.0-py3.10.egg-info/dependency_links.txt
[0.773s] -- Installing: /home/mehmet/ros/install/bot_controller/local/lib/python3.10/dist-packages/bot_controller-0.0.0-py3.10.egg-info/PKG-INFO
[0.773s] -- Installing: /home/mehmet/ros/install/bot_controller/local/lib/python3.10/dist-packages/bot_controller-0.0.0-py3.10.egg-info/SOURCES.txt
[0.773s] -- Installing: /home/mehmet/ros/install/bot_controller/local/lib/python3.10/dist-packages/bot_controller-0.0.0-py3.10.egg-info/top_level.txt
[0.773s] -- Installing: /home/mehmet/ros/install/bot_controller/local/lib/python3.10/dist-packages/bot_controller
[0.773s] -- Installing: /home/mehmet/ros/install/bot_controller/local/lib/python3.10/dist-packages/bot_controller/simple_controller.py
[0.773s] -- Installing: /home/mehmet/ros/install/bot_controller/local/lib/python3.10/dist-packages/bot_controller/__init__.py
[0.794s] Listing '/home/mehmet/ros/install/bot_controller/local/lib/python3.10/dist-packages/bot_controller'...
[0.794s] Compiling '/home/mehmet/ros/install/bot_controller/local/lib/python3.10/dist-packages/bot_controller/__init__.py'...
[0.794s] Compiling '/home/mehmet/ros/install/bot_controller/local/lib/python3.10/dist-packages/bot_controller/simple_controller.py'...
[0.797s] -- Installing: /home/mehmet/ros/install/bot_controller/share/bot_controller/config
[0.797s] -- Installing: /home/mehmet/ros/install/bot_controller/share/bot_controller/config/bot_controller.yaml
[0.797s] -- Installing: /home/mehmet/ros/install/bot_controller/share/bot_controller/launch
[0.797s] -- Installing: /home/mehmet/ros/install/bot_controller/share/bot_controller/launch/controller.launch.py
[0.797s] -- Installing: /home/mehmet/ros/install/bot_controller/lib/bot_controller/simple_controller.py
[0.797s] -- Installing: /home/mehmet/ros/install/bot_controller/share/ament_index/resource_index/package_run_dependencies/bot_controller
[0.798s] -- Installing: /home/mehmet/ros/install/bot_controller/share/ament_index/resource_index/parent_prefix_path/bot_controller
[0.798s] -- Installing: /home/mehmet/ros/install/bot_controller/share/bot_controller/environment/ament_prefix_path.sh
[0.798s] -- Installing: /home/mehmet/ros/install/bot_controller/share/bot_controller/environment/ament_prefix_path.dsv
[0.798s] -- Installing: /home/mehmet/ros/install/bot_controller/share/bot_controller/environment/path.sh
[0.798s] -- Installing: /home/mehmet/ros/install/bot_controller/share/bot_controller/environment/path.dsv
[0.798s] -- Installing: /home/mehmet/ros/install/bot_controller/share/bot_controller/local_setup.bash
[0.798s] -- Installing: /home/mehmet/ros/install/bot_controller/share/bot_controller/local_setup.sh
[0.798s] -- Installing: /home/mehmet/ros/install/bot_controller/share/bot_controller/local_setup.zsh
[0.798s] -- Installing: /home/mehmet/ros/install/bot_controller/share/bot_controller/local_setup.dsv
[0.798s] -- Installing: /home/mehmet/ros/install/bot_controller/share/bot_controller/package.dsv
[0.799s] -- Installing: /home/mehmet/ros/install/bot_controller/share/ament_index/resource_index/packages/bot_controller
[0.799s] -- Installing: /home/mehmet/ros/install/bot_controller/share/bot_controller/cmake/bot_controllerConfig.cmake
[0.799s] -- Installing: /home/mehmet/ros/install/bot_controller/share/bot_controller/cmake/bot_controllerConfig-version.cmake
[0.799s] -- Installing: /home/mehmet/ros/install/bot_controller/share/bot_controller/package.xml
[0.801s] Invoked command in '/home/mehmet/ros/build/bot_controller' returned '0': CMAKE_PREFIX_PATH=/home/mehmet/Downloads/agriculture/install/virtual_maize_field:/opt/ros/humble /usr/bin/cmake --install /home/mehmet/ros/build/bot_controller
