[0.009s] Invoking command in '/home/mehmet/ros/build/ros_cpp': CMAKE_PREFIX_PATH=/opt/ros/humble /usr/bin/cmake /home/mehmet/ros/src/ros_cpp -DCMAKE_INSTALL_PREFIX=/home/mehmet/ros/install/ros_cpp
[0.015s] -- Found ament_cmake: 1.3.12 (/opt/ros/humble/share/ament_cmake/cmake)
[0.086s] -- Override CMake install command with custom implementation using symlinks instead of copying resources
[0.090s] -- Found rclcpp: 16.0.15 (/opt/ros/humble/share/rclcpp/cmake)
[0.106s] -- Found rosidl_generator_c: 3.1.7 (/opt/ros/humble/share/rosidl_generator_c/cmake)
[0.107s] -- Found rosidl_adapter: 3.1.7 (/opt/ros/humble/share/rosidl_adapter/cmake)
[0.111s] -- Found rosidl_generator_cpp: 3.1.7 (/opt/ros/humble/share/rosidl_generator_cpp/cmake)
[0.117s] -- Using all available rosidl_typesupport_c: rosidl_typesupport_fastrtps_c;rosidl_typesupport_introspection_c
[0.124s] -- Using all available rosidl_typesupport_cpp: rosidl_typesupport_fastrtps_cpp;rosidl_typesupport_introspection_cpp
[0.144s] -- Found rmw_implementation_cmake: 6.1.2 (/opt/ros/humble/share/rmw_implementation_cmake/cmake)
[0.145s] -- Found rmw_fastrtps_cpp: 6.2.9 (/opt/ros/humble/share/rmw_fastrtps_cpp/cmake)
[0.203s] -- Using RMW implementation 'rmw_fastrtps_cpp' as default
[0.232s] -- Found ament_lint_auto: 0.12.14 (/opt/ros/humble/share/ament_lint_auto/cmake)
[0.270s] -- Added test 'copyright' to check source files copyright and LICENSE
[0.270s] -- Added test 'cppcheck' to perform static code analysis on C / C++ code
[0.270s] -- Configured cppcheck include dirs: 
[0.270s] -- Configured cppcheck exclude dirs and/or files: 
[0.270s] -- Added test 'cpplint' to check C / C++ code against the Google style
[0.270s] -- Configured cpplint exclude dirs and/or files: 
[0.271s] -- Added test 'lint_cmake' to check CMake code style
[0.271s] -- Added test 'uncrustify' to check C / C++ code style
[0.271s] -- Configured uncrustify additional arguments: 
[0.271s] -- Added test 'xmllint' to check XML markup files
[0.272s] -- Configuring done
[0.277s] -- Generating done
[0.280s] -- Build files have been written to: /home/mehmet/ros/build/ros_cpp
[0.285s] Invoked command in '/home/mehmet/ros/build/ros_cpp' returned '0': CMAKE_PREFIX_PATH=/opt/ros/humble /usr/bin/cmake /home/mehmet/ros/src/ros_cpp -DCMAKE_INSTALL_PREFIX=/home/mehmet/ros/install/ros_cpp
[0.286s] Invoking command in '/home/mehmet/ros/build/ros_cpp': CMAKE_PREFIX_PATH=/opt/ros/humble /usr/bin/cmake --build /home/mehmet/ros/build/ros_cpp -- -j16 -l16
[0.312s] [35m[1mConsolidate compiler generated dependencies of target subscriber[0m
[0.313s] [35m[1mConsolidate compiler generated dependencies of target publisher[0m
[0.323s] [ 50%] Built target subscriber
[0.324s] [100%] Built target publisher
[0.330s] Invoked command in '/home/mehmet/ros/build/ros_cpp' returned '0': CMAKE_PREFIX_PATH=/opt/ros/humble /usr/bin/cmake --build /home/mehmet/ros/build/ros_cpp -- -j16 -l16
[0.331s] Invoking command in '/home/mehmet/ros/build/ros_cpp': CMAKE_PREFIX_PATH=/opt/ros/humble /usr/bin/cmake --install /home/mehmet/ros/build/ros_cpp
[0.336s] -- Install configuration: ""
[0.336s] -- Execute custom install script
[0.336s] -- Up-to-date symlink: /home/mehmet/ros/install/ros_cpp/lib/ros_cpp/publisher
[0.337s] -- Up-to-date symlink: /home/mehmet/ros/install/ros_cpp/lib/ros_cpp/subscriber
[0.337s] -- Up-to-date symlink: /home/mehmet/ros/install/ros_cpp/share/ament_index/resource_index/package_run_dependencies/ros_cpp
[0.337s] -- Up-to-date symlink: /home/mehmet/ros/install/ros_cpp/share/ament_index/resource_index/parent_prefix_path/ros_cpp
[0.337s] -- Up-to-date symlink: /home/mehmet/ros/install/ros_cpp/share/ros_cpp/environment/ament_prefix_path.sh
[0.337s] -- Up-to-date symlink: /home/mehmet/ros/install/ros_cpp/share/ros_cpp/environment/ament_prefix_path.dsv
[0.337s] -- Up-to-date symlink: /home/mehmet/ros/install/ros_cpp/share/ros_cpp/environment/path.sh
[0.337s] -- Up-to-date symlink: /home/mehmet/ros/install/ros_cpp/share/ros_cpp/environment/path.dsv
[0.337s] -- Up-to-date symlink: /home/mehmet/ros/install/ros_cpp/share/ros_cpp/local_setup.bash
[0.337s] -- Up-to-date symlink: /home/mehmet/ros/install/ros_cpp/share/ros_cpp/local_setup.sh
[0.337s] -- Up-to-date symlink: /home/mehmet/ros/install/ros_cpp/share/ros_cpp/local_setup.zsh
[0.337s] -- Up-to-date symlink: /home/mehmet/ros/install/ros_cpp/share/ros_cpp/local_setup.dsv
[0.337s] -- Symlinking: /home/mehmet/ros/install/ros_cpp/share/ros_cpp/package.dsv
[0.342s] -- Up-to-date symlink: /home/mehmet/ros/install/ros_cpp/share/ament_index/resource_index/packages/ros_cpp
[0.342s] -- Up-to-date symlink: /home/mehmet/ros/install/ros_cpp/share/ros_cpp/cmake/ros_cppConfig.cmake
[0.342s] -- Up-to-date symlink: /home/mehmet/ros/install/ros_cpp/share/ros_cpp/cmake/ros_cppConfig-version.cmake
[0.342s] -- Up-to-date symlink: /home/mehmet/ros/install/ros_cpp/share/ros_cpp/package.xml
[0.344s] Invoked command in '/home/mehmet/ros/build/ros_cpp' returned '0': CMAKE_PREFIX_PATH=/opt/ros/humble /usr/bin/cmake --install /home/mehmet/ros/build/ros_cpp
