[0.032s] Invoking command in '/home/mehmet/ros/build/bot_controller': CMAKE_PREFIX_PATH=/opt/ros/humble /usr/bin/cmake --build /home/mehmet/ros/build/bot_controller -- -j16 -l16
[0.068s] Built target ament_cmake_python_copy_bot_controller
[0.195s] running egg_info
[0.196s] writing bot_controller.egg-info/PKG-INFO
[0.196s] writing dependency_links to bot_controller.egg-info/dependency_links.txt
[0.196s] writing top-level names to bot_controller.egg-info/top_level.txt
[0.197s] reading manifest file 'bot_controller.egg-info/SOURCES.txt'
[0.197s] writing manifest file 'bot_controller.egg-info/SOURCES.txt'
[0.215s] Built target ament_cmake_python_build_bot_controller_egg
[0.223s] Invoked command in '/home/mehmet/ros/build/bot_controller' returned '0': CMAKE_PREFIX_PATH=/opt/ros/humble /usr/bin/cmake --build /home/mehmet/ros/build/bot_controller -- -j16 -l16
[0.224s] Invoking command in '/home/mehmet/ros/build/bot_controller': CMAKE_PREFIX_PATH=/opt/ros/humble /usr/bin/cmake --install /home/mehmet/ros/build/bot_controller
[0.230s] -- Install configuration: ""
[0.230s] -- Up-to-date: /home/mehmet/ros/install/bot_controller/share/bot_controller/environment/pythonpath.sh
[0.230s] -- Up-to-date: /home/mehmet/ros/install/bot_controller/share/bot_controller/environment/pythonpath.dsv
[0.230s] -- Up-to-date: /home/mehmet/ros/install/bot_controller/local/lib/python3.10/dist-packages/bot_controller-0.0.0-py3.10.egg-info
[0.230s] -- Installing: /home/mehmet/ros/install/bot_controller/local/lib/python3.10/dist-packages/bot_controller-0.0.0-py3.10.egg-info/dependency_links.txt
[0.230s] -- Installing: /home/mehmet/ros/install/bot_controller/local/lib/python3.10/dist-packages/bot_controller-0.0.0-py3.10.egg-info/PKG-INFO
[0.230s] -- Installing: /home/mehmet/ros/install/bot_controller/local/lib/python3.10/dist-packages/bot_controller-0.0.0-py3.10.egg-info/SOURCES.txt
[0.230s] -- Installing: /home/mehmet/ros/install/bot_controller/local/lib/python3.10/dist-packages/bot_controller-0.0.0-py3.10.egg-info/top_level.txt
[0.230s] -- Up-to-date: /home/mehmet/ros/install/bot_controller/local/lib/python3.10/dist-packages/bot_controller
[0.231s] -- Up-to-date: /home/mehmet/ros/install/bot_controller/local/lib/python3.10/dist-packages/bot_controller/simple_controller.py
[0.231s] -- Up-to-date: /home/mehmet/ros/install/bot_controller/local/lib/python3.10/dist-packages/bot_controller/__init__.py
[0.249s] Listing '/home/mehmet/ros/install/bot_controller/local/lib/python3.10/dist-packages/bot_controller'...
[0.252s] -- Up-to-date: /home/mehmet/ros/install/bot_controller/share/bot_controller/config
[0.252s] -- Up-to-date: /home/mehmet/ros/install/bot_controller/share/bot_controller/config/bot_controller.yaml
[0.252s] -- Up-to-date: /home/mehmet/ros/install/bot_controller/share/bot_controller/launch
[0.252s] -- Up-to-date: /home/mehmet/ros/install/bot_controller/share/bot_controller/launch/controller.launch.py
[0.252s] -- Up-to-date: /home/mehmet/ros/install/bot_controller/lib/bot_controller/simple_controller.py
[0.252s] -- Up-to-date: /home/mehmet/ros/install/bot_controller/share/ament_index/resource_index/package_run_dependencies/bot_controller
[0.252s] -- Up-to-date: /home/mehmet/ros/install/bot_controller/share/ament_index/resource_index/parent_prefix_path/bot_controller
[0.252s] -- Up-to-date: /home/mehmet/ros/install/bot_controller/share/bot_controller/environment/ament_prefix_path.sh
[0.252s] -- Up-to-date: /home/mehmet/ros/install/bot_controller/share/bot_controller/environment/ament_prefix_path.dsv
[0.252s] -- Up-to-date: /home/mehmet/ros/install/bot_controller/share/bot_controller/environment/path.sh
[0.252s] -- Up-to-date: /home/mehmet/ros/install/bot_controller/share/bot_controller/environment/path.dsv
[0.252s] -- Up-to-date: /home/mehmet/ros/install/bot_controller/share/bot_controller/local_setup.bash
[0.252s] -- Up-to-date: /home/mehmet/ros/install/bot_controller/share/bot_controller/local_setup.sh
[0.253s] -- Up-to-date: /home/mehmet/ros/install/bot_controller/share/bot_controller/local_setup.zsh
[0.253s] -- Up-to-date: /home/mehmet/ros/install/bot_controller/share/bot_controller/local_setup.dsv
[0.253s] -- Up-to-date: /home/mehmet/ros/install/bot_controller/share/bot_controller/package.dsv
[0.253s] -- Up-to-date: /home/mehmet/ros/install/bot_controller/share/ament_index/resource_index/packages/bot_controller
[0.253s] -- Up-to-date: /home/mehmet/ros/install/bot_controller/share/bot_controller/cmake/bot_controllerConfig.cmake
[0.253s] -- Up-to-date: /home/mehmet/ros/install/bot_controller/share/bot_controller/cmake/bot_controllerConfig-version.cmake
[0.253s] -- Up-to-date: /home/mehmet/ros/install/bot_controller/share/bot_controller/package.xml
[0.254s] Invoked command in '/home/mehmet/ros/build/bot_controller' returned '0': CMAKE_PREFIX_PATH=/opt/ros/humble /usr/bin/cmake --install /home/mehmet/ros/build/bot_controller
