[0.010s] Invoking command in '/home/murtazam/ros2_ws/build/bot_description': CMAKE_PREFIX_PATH=${CMAKE_PREFIX_PATH}:/home/murtazam/ros2_ws/install/ros_python:/opt/ros/humble /usr/bin/cmake /home/murtazam/ros2_ws/src/bot_description -DCMAKE_INSTALL_PREFIX=/home/murtazam/ros2_ws/install/bot_description
[0.091s] -- The C compiler identification is GNU 11.4.0
[0.153s] -- The CXX compiler identification is GNU 11.4.0
[0.159s] -- Detecting C compiler ABI info
[0.191s] -- Detecting C compiler ABI info - done
[0.195s] -- Check for working C compiler: /usr/bin/cc - skipped
[0.195s] -- Detecting C compile features
[0.195s] -- Detecting C compile features - done
[0.197s] -- Detecting CXX compiler ABI info
[0.231s] -- Detecting CXX compiler ABI info - done
[0.235s] -- Check for working CXX compiler: /usr/bin/c++ - skipped
[0.236s] -- Detecting CXX compile features
[0.236s] -- Detecting CXX compile features - done
[0.239s] -- Found ament_cmake: 1.3.12 (/opt/ros/humble/share/ament_cmake/cmake)
[0.311s] -- Found Python3: /usr/bin/python3 (found version "3.10.12") found components: Interpreter 
[0.369s] -- Found ament_lint_auto: 0.12.14 (/opt/ros/humble/share/ament_lint_auto/cmake)
[0.407s] -- Added test 'lint_cmake' to check CMake code style
[0.407s] -- Added test 'xmllint' to check XML markup files
[0.408s] -- Configuring done
[0.409s] -- Generating done
[0.410s] -- Build files have been written to: /home/murtazam/ros2_ws/build/bot_description
[0.412s] Invoked command in '/home/murtazam/ros2_ws/build/bot_description' returned '0': CMAKE_PREFIX_PATH=${CMAKE_PREFIX_PATH}:/home/murtazam/ros2_ws/install/ros_python:/opt/ros/humble /usr/bin/cmake /home/murtazam/ros2_ws/src/bot_description -DCMAKE_INSTALL_PREFIX=/home/murtazam/ros2_ws/install/bot_description
[0.413s] Invoking command in '/home/murtazam/ros2_ws/build/bot_description': CMAKE_PREFIX_PATH=${CMAKE_PREFIX_PATH}:/home/murtazam/ros2_ws/install/ros_python:/opt/ros/humble /usr/bin/cmake --build /home/murtazam/ros2_ws/build/bot_description -- -j5 -l5
[0.425s] Invoked command in '/home/murtazam/ros2_ws/build/bot_description' returned '0': CMAKE_PREFIX_PATH=${CMAKE_PREFIX_PATH}:/home/murtazam/ros2_ws/install/ros_python:/opt/ros/humble /usr/bin/cmake --build /home/murtazam/ros2_ws/build/bot_description -- -j5 -l5
[0.426s] Invoking command in '/home/murtazam/ros2_ws/build/bot_description': CMAKE_PREFIX_PATH=${CMAKE_PREFIX_PATH}:/home/murtazam/ros2_ws/install/ros_python:/opt/ros/humble /usr/bin/cmake --install /home/murtazam/ros2_ws/build/bot_description
[0.429s] -- Install configuration: ""
[0.429s] -- Installing: /home/murtazam/ros2_ws/install/bot_description/share/ament_index/resource_index/package_run_dependencies/bot_description
[0.429s] -- Installing: /home/murtazam/ros2_ws/install/bot_description/share/ament_index/resource_index/parent_prefix_path/bot_description
[0.430s] -- Installing: /home/murtazam/ros2_ws/install/bot_description/share/bot_description/environment/ament_prefix_path.sh
[0.431s] -- Installing: /home/murtazam/ros2_ws/install/bot_description/share/bot_description/environment/ament_prefix_path.dsv
[0.431s] -- Installing: /home/murtazam/ros2_ws/install/bot_description/share/bot_description/environment/path.sh
[0.431s] -- Installing: /home/murtazam/ros2_ws/install/bot_description/share/bot_description/environment/path.dsv
[0.431s] -- Installing: /home/murtazam/ros2_ws/install/bot_description/share/bot_description/local_setup.bash
[0.431s] -- Installing: /home/murtazam/ros2_ws/install/bot_description/share/bot_description/local_setup.sh
[0.431s] -- Installing: /home/murtazam/ros2_ws/install/bot_description/share/bot_description/local_setup.zsh
[0.431s] -- Installing: /home/murtazam/ros2_ws/install/bot_description/share/bot_description/local_setup.dsv
[0.431s] -- Installing: /home/murtazam/ros2_ws/install/bot_description/share/bot_description/package.dsv
[0.431s] -- Installing: /home/murtazam/ros2_ws/install/bot_description/share/ament_index/resource_index/packages/bot_description
[0.431s] -- Installing: /home/murtazam/ros2_ws/install/bot_description/share/bot_description/cmake/bot_descriptionConfig.cmake
[0.431s] -- Installing: /home/murtazam/ros2_ws/install/bot_description/share/bot_description/cmake/bot_descriptionConfig-version.cmake
[0.431s] -- Installing: /home/murtazam/ros2_ws/install/bot_description/share/bot_description/package.xml
[0.432s] Invoked command in '/home/murtazam/ros2_ws/build/bot_description' returned '0': CMAKE_PREFIX_PATH=${CMAKE_PREFIX_PATH}:/home/murtazam/ros2_ws/install/ros_python:/opt/ros/humble /usr/bin/cmake --install /home/murtazam/ros2_ws/build/bot_description
