[0.006s] Invoking command in '/home/murtazam/ros2_ws/build/ros_cpp': CMAKE_PREFIX_PATH=${CMAKE_PREFIX_PATH}:/home/murtazam/ros2_ws/install/ros_python:/opt/ros/humble /usr/bin/cmake /home/murtazam/ros2_ws/src/ros_cpp -DCMAKE_INSTALL_PREFIX=/home/murtazam/ros2_ws/install/ros_cpp
[0.033s] -- The C compiler identification is GNU 11.4.0
[0.058s] -- The CXX compiler identification is GNU 11.4.0
[0.060s] -- Detecting C compiler ABI info
[0.086s] -- Detecting C compiler ABI info - done
[0.090s] -- Check for working C compiler: /usr/bin/cc - skipped
[0.090s] -- Detecting C compile features
[0.090s] -- Detecting C compile features - done
[0.091s] -- Detecting CXX compiler ABI info
[0.121s] -- Detecting CXX compiler ABI info - done
[0.125s] -- Check for working CXX compiler: /usr/bin/c++ - skipped
[0.125s] -- Detecting CXX compile features
[0.125s] -- Detecting CXX compile features - done
[0.129s] -- Found ament_cmake: 1.3.12 (/opt/ros/humble/share/ament_cmake/cmake)
[0.190s] -- Found Python3: /usr/bin/python3 (found version "3.10.12") found components: Interpreter 
[0.227s] -- Found rclcpp: 16.0.15 (/opt/ros/humble/share/rclcpp/cmake)
[0.246s] -- Found rosidl_generator_c: 3.1.7 (/opt/ros/humble/share/rosidl_generator_c/cmake)
[0.248s] -- Found rosidl_adapter: 3.1.7 (/opt/ros/humble/share/rosidl_adapter/cmake)
[0.251s] -- Found rosidl_generator_cpp: 3.1.7 (/opt/ros/humble/share/rosidl_generator_cpp/cmake)
[0.257s] -- Using all available rosidl_typesupport_c: rosidl_typesupport_fastrtps_c;rosidl_typesupport_introspection_c
[0.264s] -- Using all available rosidl_typesupport_cpp: rosidl_typesupport_fastrtps_cpp;rosidl_typesupport_introspection_cpp
[0.283s] -- Found rmw_implementation_cmake: 6.1.2 (/opt/ros/humble/share/rmw_implementation_cmake/cmake)
[0.284s] -- Found rmw_fastrtps_cpp: 6.2.8 (/opt/ros/humble/share/rmw_fastrtps_cpp/cmake)
[0.315s] -- Found OpenSSL: /usr/lib/aarch64-linux-gnu/libcrypto.so (found version "3.0.2")  
[0.330s] -- Found FastRTPS: /opt/ros/humble/include  
[0.350s] -- Using RMW implementation 'rmw_fastrtps_cpp' as default
[0.354s] -- Looking for pthread.h
[0.381s] -- Looking for pthread.h - found
[0.382s] -- Performing Test CMAKE_HAVE_LIBC_PTHREAD
[0.409s] -- Performing Test CMAKE_HAVE_LIBC_PTHREAD - Success
[0.410s] -- Found Threads: TRUE  
[0.436s] -- Found ament_lint_auto: 0.12.14 (/opt/ros/humble/share/ament_lint_auto/cmake)
[0.470s] -- Added test 'copyright' to check source files copyright and LICENSE
[0.470s] -- Added test 'cppcheck' to perform static code analysis on C / C++ code
[0.470s] -- Configured cppcheck include dirs: 
[0.470s] -- Configured cppcheck exclude dirs and/or files: 
[0.471s] -- Added test 'cpplint' to check C / C++ code against the Google style
[0.471s] -- Configured cpplint exclude dirs and/or files: 
[0.471s] -- Added test 'lint_cmake' to check CMake code style
[0.471s] -- Added test 'uncrustify' to check C / C++ code style
[0.471s] -- Configured uncrustify additional arguments: 
[0.472s] -- Added test 'xmllint' to check XML markup files
[0.472s] -- Configuring done
[0.477s] -- Generating done
[0.479s] -- Build files have been written to: /home/murtazam/ros2_ws/build/ros_cpp
[0.484s] Invoked command in '/home/murtazam/ros2_ws/build/ros_cpp' returned '0': CMAKE_PREFIX_PATH=${CMAKE_PREFIX_PATH}:/home/murtazam/ros2_ws/install/ros_python:/opt/ros/humble /usr/bin/cmake /home/murtazam/ros2_ws/src/ros_cpp -DCMAKE_INSTALL_PREFIX=/home/murtazam/ros2_ws/install/ros_cpp
[0.487s] Invoking command in '/home/murtazam/ros2_ws/build/ros_cpp': CMAKE_PREFIX_PATH=${CMAKE_PREFIX_PATH}:/home/murtazam/ros2_ws/install/ros_python:/opt/ros/humble /usr/bin/cmake --build /home/murtazam/ros2_ws/build/ros_cpp -- -j5 -l5
[0.505s] [ 50%] [32mBuilding CXX object CMakeFiles/publisher.dir/src/publisher.cpp.o[0m
[0.505s] [ 50%] [32mBuilding CXX object CMakeFiles/subscriber.dir/src/subscriber.cpp.o[0m
[2.320s] [ 75%] [32m[1mLinking CXX executable publisher[0m
[2.407s] [ 75%] Built target publisher
[3.697s] [100%] [32m[1mLinking CXX executable subscriber[0m
[3.869s] [100%] Built target subscriber
[3.873s] Invoked command in '/home/murtazam/ros2_ws/build/ros_cpp' returned '0': CMAKE_PREFIX_PATH=${CMAKE_PREFIX_PATH}:/home/murtazam/ros2_ws/install/ros_python:/opt/ros/humble /usr/bin/cmake --build /home/murtazam/ros2_ws/build/ros_cpp -- -j5 -l5
[3.877s] Invoking command in '/home/murtazam/ros2_ws/build/ros_cpp': CMAKE_PREFIX_PATH=${CMAKE_PREFIX_PATH}:/home/murtazam/ros2_ws/install/ros_python:/opt/ros/humble /usr/bin/cmake --install /home/murtazam/ros2_ws/build/ros_cpp
[3.881s] -- Install configuration: ""
[3.881s] -- Installing: /home/murtazam/ros2_ws/install/ros_cpp/lib/ros_cpp/publisher
[3.882s] -- Set runtime path of "/home/murtazam/ros2_ws/install/ros_cpp/lib/ros_cpp/publisher" to ""
[3.882s] -- Installing: /home/murtazam/ros2_ws/install/ros_cpp/lib/ros_cpp/subscriber
[3.883s] -- Set runtime path of "/home/murtazam/ros2_ws/install/ros_cpp/lib/ros_cpp/subscriber" to ""
[3.883s] -- Installing: /home/murtazam/ros2_ws/install/ros_cpp/share/ament_index/resource_index/package_run_dependencies/ros_cpp
[3.883s] -- Installing: /home/murtazam/ros2_ws/install/ros_cpp/share/ament_index/resource_index/parent_prefix_path/ros_cpp
[3.884s] -- Installing: /home/murtazam/ros2_ws/install/ros_cpp/share/ros_cpp/environment/ament_prefix_path.sh
[3.884s] -- Installing: /home/murtazam/ros2_ws/install/ros_cpp/share/ros_cpp/environment/ament_prefix_path.dsv
[3.884s] -- Installing: /home/murtazam/ros2_ws/install/ros_cpp/share/ros_cpp/environment/path.sh
[3.884s] -- Installing: /home/murtazam/ros2_ws/install/ros_cpp/share/ros_cpp/environment/path.dsv
[3.884s] -- Installing: /home/murtazam/ros2_ws/install/ros_cpp/share/ros_cpp/local_setup.bash
[3.884s] -- Installing: /home/murtazam/ros2_ws/install/ros_cpp/share/ros_cpp/local_setup.sh
[3.884s] -- Installing: /home/murtazam/ros2_ws/install/ros_cpp/share/ros_cpp/local_setup.zsh
[3.884s] -- Installing: /home/murtazam/ros2_ws/install/ros_cpp/share/ros_cpp/local_setup.dsv
[3.884s] -- Installing: /home/murtazam/ros2_ws/install/ros_cpp/share/ros_cpp/package.dsv
[3.884s] -- Installing: /home/murtazam/ros2_ws/install/ros_cpp/share/ament_index/resource_index/packages/ros_cpp
[3.884s] -- Installing: /home/murtazam/ros2_ws/install/ros_cpp/share/ros_cpp/cmake/ros_cppConfig.cmake
[3.884s] -- Installing: /home/murtazam/ros2_ws/install/ros_cpp/share/ros_cpp/cmake/ros_cppConfig-version.cmake
[3.884s] -- Installing: /home/murtazam/ros2_ws/install/ros_cpp/share/ros_cpp/package.xml
[3.886s] Invoked command in '/home/murtazam/ros2_ws/build/ros_cpp' returned '0': CMAKE_PREFIX_PATH=${CMAKE_PREFIX_PATH}:/home/murtazam/ros2_ws/install/ros_python:/opt/ros/humble /usr/bin/cmake --install /home/murtazam/ros2_ws/build/ros_cpp
